2024-10-31 16:21:29.821 [info] Uninstalling extension from the profile: metaphore.kanagawa-vscode-color-theme@0.4.0 vscode-userdata:/home/jvp/.vscode-oss/extensions/extensions.json
2024-10-31 16:21:29.853 [info] Marked extension as uninstalled metaphore.kanagawa-vscode-color-theme-0.4.0-universal
2024-10-31 16:21:29.927 [error] [uncaught exception in sharedProcess]: Error: ENOENT: no such file or directory, stat '/home/jvp/.vscode-oss/extensions/extensions.json.vsctmp': EntryNotFound (FileSystemError): Error: ENOENT: no such file or directory, stat '/home/jvp/.vscode-oss/extensions/extensions.json.vsctmp'
    at hm.create (file:///usr/lib/code/out/vs/code/electron-utility/sharedProcess/sharedProcessMain.js:35:39254)
    at Es (file:///usr/lib/code/out/vs/code/electron-utility/sharedProcess/sharedProcessMain.js:35:39361)
    at Fr.ib (file:///usr/lib/code/out/vs/code/electron-utility/sharedProcess/sharedProcessMain.js:71:22677)
    at Fr.stat (file:///usr/lib/code/out/vs/code/electron-utility/sharedProcess/sharedProcessMain.js:71:16010)
    at async Zl.stat (file:///usr/lib/code/out/vs/code/electron-utility/sharedProcess/sharedProcessMain.js:70:84491)
    at async Jl.yb (file:///usr/lib/code/out/vs/code/electron-utility/sharedProcess/sharedProcessMain.js:70:66605)
2024-10-31 16:21:30.339 [info] Successfully uninstalled extension from the profile metaphore.kanagawa-vscode-color-theme@0.4.0 vscode-userdata:/home/jvp/.vscode-oss/extensions/extensions.json
2024-10-31 16:21:48.288 [info] Getting Manifest... juanblanco.solidity
2024-10-31 16:21:49.593 [info] Installing extension: juanblanco.solidity {"isMachineScoped":false,"installPreReleaseVersion":false,"pinned":false,"profileLocation":{"$mid":1,"external":"vscode-userdata:/home/jvp/.vscode-oss/extensions/extensions.json","path":"/home/jvp/.vscode-oss/extensions/extensions.json","scheme":"vscode-userdata"},"installOnlyNewlyAddedFromExtensionPack":true,"isApplicationScoped":false,"productVersion":{"version":"1.95.0","date":"2024-10-30T10:28:58.606Z"}}
2024-10-31 16:22:25.705 [error] Could not load vsce-sign module Cannot find package '@vscode/vsce-sign' imported from /usr/lib/code/out/vs/code/electron-utility/sharedProcess/sharedProcessMain.js
2024-10-31 16:22:25.705 [info] Extension signature verification is not done: juanblanco.solidity
2024-10-31 16:22:29.104 [info] Extracted extension to file:///home/jvp/.vscode-oss/extensions/juanblanco.solidity-0.0.177-universal: juanblanco.solidity
2024-10-31 16:22:29.121 [info] Renamed to /home/jvp/.vscode-oss/extensions/juanblanco.solidity-0.0.177-universal
2024-10-31 16:22:29.146 [info] Extension installed successfully: juanblanco.solidity vscode-userdata:/home/jvp/.vscode-oss/extensions/extensions.json
2024-10-31 16:22:29.203 [error] [uncaught exception in sharedProcess]: Error: ENOENT: no such file or directory, stat '/home/jvp/.vscode-oss/extensions/extensions.json.vsctmp': EntryNotFound (FileSystemError): Error: ENOENT: no such file or directory, stat '/home/jvp/.vscode-oss/extensions/extensions.json.vsctmp'
    at hm.create (file:///usr/lib/code/out/vs/code/electron-utility/sharedProcess/sharedProcessMain.js:35:39254)
    at Es (file:///usr/lib/code/out/vs/code/electron-utility/sharedProcess/sharedProcessMain.js:35:39361)
    at Fr.ib (file:///usr/lib/code/out/vs/code/electron-utility/sharedProcess/sharedProcessMain.js:71:22677)
    at Fr.stat (file:///usr/lib/code/out/vs/code/electron-utility/sharedProcess/sharedProcessMain.js:71:16010)
    at async Zl.stat (file:///usr/lib/code/out/vs/code/electron-utility/sharedProcess/sharedProcessMain.js:70:84491)
    at async Jl.yb (file:///usr/lib/code/out/vs/code/electron-utility/sharedProcess/sharedProcessMain.js:70:66605)
