2024-11-04 18:49:45.578 [info] Reading sessions from keychain...
2024-11-04 18:49:45.578 [info] Getting sessions for all scopes...
2024-11-04 18:49:45.578 [info] Getting sessions for all scopes...
2024-11-04 18:49:45.578 [info] Getting sessions for all scopes...
2024-11-04 18:49:45.578 [info] Got 0 sessions for ...
2024-11-04 18:49:45.578 [info] Got 0 sessions for ...
2024-11-04 18:49:45.578 [info] Got 0 sessions for ...
2024-11-04 18:49:45.579 [info] Getting sessions for read:user,repo,user:email,workflow...
2024-11-04 18:49:45.579 [info] Got 0 sessions for read:user,repo,user:email,workflow...
2024-11-04 18:52:48.502 [info] Getting sessions for all scopes...
2024-11-04 18:52:48.502 [info] Got 0 sessions for ...
2024-11-04 18:52:48.502 [info] Getting sessions for all scopes...
2024-11-04 18:52:48.502 [info] Got 0 sessions for ...
2024-11-04 18:52:48.502 [info] Getting sessions for read:user,repo,user:email,workflow...
2024-11-04 18:52:48.502 [info] Got 0 sessions for read:user,repo,user:email,workflow...
2024-11-04 18:52:48.511 [info] Getting sessions for user:email...
2024-11-04 18:52:48.511 [info] Got 0 sessions for user:email...
2024-11-04 18:52:48.511 [info] Getting sessions for read:user,repo,user:email,workflow...
2024-11-04 18:52:48.511 [info] Got 0 sessions for read:user,repo,user:email,workflow...
2024-11-04 18:52:48.511 [info] Getting sessions for read:user...
2024-11-04 18:52:48.511 [info] Got 0 sessions for read:user...
2024-11-04 18:52:48.514 [info] Getting sessions for all scopes...
2024-11-04 18:52:48.514 [info] Got 0 sessions for ...
2024-11-04 18:52:48.514 [info] Getting sessions for user:email...
2024-11-04 18:52:48.514 [info] Got 0 sessions for user:email...
2024-11-04 18:52:49.424 [info] Getting sessions for user:email...
2024-11-04 18:52:49.424 [info] Got 0 sessions for user:email...
2024-11-04 18:52:49.426 [info] Getting sessions for all scopes...
2024-11-04 18:52:49.426 [info] Got 0 sessions for ...
2024-11-04 18:52:49.426 [info] Getting sessions for user:email...
2024-11-04 18:52:49.426 [info] Got 0 sessions for user:email...
2024-11-04 18:52:49.666 [info] Getting sessions for all scopes...
2024-11-04 18:52:49.666 [info] Got 0 sessions for ...
2024-11-04 18:52:49.667 [info] Getting sessions for user:email...
2024-11-04 18:52:49.667 [info] Got 0 sessions for user:email...
2024-11-04 18:52:49.668 [info] Getting sessions for all scopes...
2024-11-04 18:52:49.668 [info] Got 0 sessions for ...
2024-11-04 18:52:49.668 [info] Getting sessions for user:email...
2024-11-04 18:52:49.668 [info] Got 0 sessions for user:email...
2024-11-04 18:54:37.227 [info] Reading sessions from keychain...
2024-11-04 18:54:37.227 [info] Getting sessions for all scopes...
2024-11-04 18:54:37.227 [info] Got 0 sessions for ...
2024-11-04 18:54:37.227 [info] Getting sessions for all scopes...
2024-11-04 18:54:37.227 [info] Got 0 sessions for ...
2024-11-04 18:54:37.227 [info] Getting sessions for all scopes...
2024-11-04 18:54:37.227 [info] Got 0 sessions for ...
2024-11-04 18:54:38.770 [info] Getting sessions for read:user,repo,user:email,workflow...
2024-11-04 18:54:38.770 [info] Got 0 sessions for read:user,repo,user:email,workflow...
2024-11-04 18:54:38.847 [info] Getting sessions for read:user,repo,user:email,workflow...
2024-11-04 18:54:38.847 [info] Got 0 sessions for read:user,repo,user:email,workflow...
