2024-10-31 15:16:24.489 [info] Reading sessions from keychain...
2024-10-31 15:16:24.489 [info] Getting sessions for all scopes...
2024-10-31 15:16:24.489 [info] Getting sessions for all scopes...
2024-10-31 15:16:24.489 [info] Got stored sessions!
2024-10-31 15:16:24.489 [info] Got 1 verified sessions.
2024-10-31 15:16:24.489 [info] Got 1 sessions for ...
2024-10-31 15:16:24.489 [info] Got 1 sessions for ...
2024-10-31 15:16:24.489 [info] Getting sessions for read:user,repo,user:email...
2024-10-31 15:16:24.489 [info] Got 0 sessions for read:user,repo,user:email...
2024-10-31 15:16:24.561 [info] Getting sessions for read:user,repo,user:email,workflow...
2024-10-31 15:16:24.561 [info] Got 1 sessions for read:user,repo,user:email,workflow...
2024-10-31 15:16:24.917 [info] Getting sessions for read:user,repo,user:email,workflow...
2024-10-31 15:16:24.917 [info] Got 1 sessions for read:user,repo,user:email,workflow...
2024-10-31 15:31:37.741 [info] Reading sessions from keychain...
2024-10-31 15:31:37.741 [info] Getting sessions for all scopes...
2024-10-31 15:31:37.741 [info] Getting sessions for all scopes...
2024-10-31 15:31:37.741 [info] Got stored sessions!
2024-10-31 15:31:37.741 [info] Got 1 verified sessions.
2024-10-31 15:31:37.741 [info] Got 1 sessions for ...
2024-10-31 15:31:37.741 [info] Got 1 sessions for ...
2024-10-31 15:31:37.741 [info] Getting sessions for read:user,repo,user:email...
2024-10-31 15:31:37.741 [info] Got 0 sessions for read:user,repo,user:email...
2024-10-31 15:31:37.867 [info] Getting sessions for read:user,repo,user:email,workflow...
2024-10-31 15:31:37.867 [info] Got 1 sessions for read:user,repo,user:email,workflow...
2024-10-31 15:31:38.048 [info] Getting sessions for all scopes...
2024-10-31 15:31:38.049 [info] Got 1 sessions for ...
2024-10-31 15:31:38.224 [info] Getting sessions for read:user,repo,user:email,workflow...
2024-10-31 15:31:38.224 [info] Got 1 sessions for read:user,repo,user:email,workflow...
