[Info  - 7:43:42 PM] ESLint server is starting.
[Info  - 7:43:42 PM] ESLint server running in node v20.18.0
[Info  - 7:43:42 PM] ESLint server is running.
[Warn  - 7:48:16 PM] Detected package manager() differs from the one in the deprecated packageManager setting(npm). We will honor this setting until it is removed.
[object Object]
[Info  - 7:48:16 PM] 
Failed to load the ESLint library for the document /home/jvp/Desktop/projects/foundry-setup/foundry-simple-storage-f23/foundry.toml

To use ESLint please install eslint by running npm install eslint in the workspace folder foundry-simple-storage-f23
or globally using 'npm install -g eslint'. You need to reopen the workspace after installing eslint.

Alternatively you can disable ESLint for the workspace folder foundry-simple-storage-f23 by executing the 'Disable ESLint' command.
[Warn  - 7:48:49 PM] Detected package manager() differs from the one in the deprecated packageManager setting(npm). We will honor this setting until it is removed.
[object Object]
[Info  - 7:48:49 PM] 
Failed to load the ESLint library for the document /home/jvp/Desktop/projects/foundry-setup/foundry-simple-storage-f23/foundry.toml

To use ESLint please install eslint by running npm install eslint in the workspace folder foundry-simple-storage-f23
or globally using 'npm install -g eslint'. You need to reopen the workspace after installing eslint.

Alternatively you can disable ESLint for the workspace folder foundry-simple-storage-f23 by executing the 'Disable ESLint' command.
[Warn  - 7:49:07 PM] Detected package manager() differs from the one in the deprecated packageManager setting(npm). We will honor this setting until it is removed.
[object Object]
[Info  - 7:49:07 PM] 
Failed to load the ESLint library for the document /home/jvp/Desktop/projects/foundry-setup/foundry-simple-storage-f23/.github/workflows/test.yml

To use ESLint please install eslint by running npm install eslint in the workspace folder foundry-simple-storage-f23
or globally using 'npm install -g eslint'. You need to reopen the workspace after installing eslint.

Alternatively you can disable ESLint for the workspace folder foundry-simple-storage-f23 by executing the 'Disable ESLint' command.
[Warn  - 7:49:31 PM] Detected package manager() differs from the one in the deprecated packageManager setting(npm). We will honor this setting until it is removed.
[object Object]
[Info  - 7:49:31 PM] 
Failed to load the ESLint library for the document /home/jvp/Desktop/projects/foundry-setup/foundry-simple-storage-f23/.github/workflows/test.yml

To use ESLint please install eslint by running npm install eslint in the workspace folder foundry-simple-storage-f23
or globally using 'npm install -g eslint'. You need to reopen the workspace after installing eslint.

Alternatively you can disable ESLint for the workspace folder foundry-simple-storage-f23 by executing the 'Disable ESLint' command.
[Warn  - 7:50:43 PM] Detected package manager() differs from the one in the deprecated packageManager setting(npm). We will honor this setting until it is removed.
[object Object]
[Info  - 7:50:43 PM] 
Failed to load the ESLint library for the document /home/jvp/Desktop/projects/foundry-setup/foundry-simple-storage-f23/out/SimpleStorage.sol/SimpleStorage.json

To use ESLint please install eslint by running npm install eslint in the workspace folder foundry-simple-storage-f23
or globally using 'npm install -g eslint'. You need to reopen the workspace after installing eslint.

Alternatively you can disable ESLint for the workspace folder foundry-simple-storage-f23 by executing the 'Disable ESLint' command.
[Warn  - 7:50:58 PM] Detected package manager() differs from the one in the deprecated packageManager setting(npm). We will honor this setting until it is removed.
[object Object]
[Info  - 7:50:58 PM] 
Failed to load the ESLint library for the document /home/jvp/Desktop/projects/foundry-setup/foundry-simple-storage-f23/out/build-info/65a1668bc0277c4b9697d037b9ce9a8f.json

To use ESLint please install eslint by running npm install eslint in the workspace folder foundry-simple-storage-f23
or globally using 'npm install -g eslint'. You need to reopen the workspace after installing eslint.

Alternatively you can disable ESLint for the workspace folder foundry-simple-storage-f23 by executing the 'Disable ESLint' command.
[Warn  - 7:51:00 PM] Detected package manager() differs from the one in the deprecated packageManager setting(npm). We will honor this setting until it is removed.
[object Object]
[Info  - 7:51:00 PM] 
Failed to load the ESLint library for the document /home/jvp/Desktop/projects/foundry-setup/foundry-simple-storage-f23/out/SimpleStorage.sol/SimpleStorage.json

To use ESLint please install eslint by running npm install eslint in the workspace folder foundry-simple-storage-f23
or globally using 'npm install -g eslint'. You need to reopen the workspace after installing eslint.

Alternatively you can disable ESLint for the workspace folder foundry-simple-storage-f23 by executing the 'Disable ESLint' command.
[Info  - 10:00:45 PM] ESLint server stopped.
