2024-11-04 18:48:35.834 [info] [main] Log level: Info
2024-11-04 18:48:35.834 [info] [main] Validating found git in: "git"
2024-11-04 18:48:35.834 [info] [main] Using git "2.47.0" from "git"
2024-11-04 18:48:35.834 [info] [Model][doInitialScan] Initial repository scan started
2024-11-04 18:48:35.834 [info] [Model][doInitialScan] Initial repository scan completed - repositories (0), closed repositories (0), parent repositories (0), unsafe repositories (0)
2024-11-04 18:49:44.549 [info] [main] Log level: Info
2024-11-04 18:49:44.549 [info] [main] Validating found git in: "git"
2024-11-04 18:49:44.549 [info] [main] Using git "2.47.0" from "git"
2024-11-04 18:49:44.549 [info] [Model][doInitialScan] Initial repository scan started
2024-11-04 18:49:44.549 [info] > git rev-parse --show-toplevel [4ms]
2024-11-04 18:49:44.556 [info] > git rev-parse --git-dir --git-common-dir [2ms]
2024-11-04 18:49:44.563 [info] [Model][openRepository] Opened repository: /home/jvp/Desktop/projects/foundry-project
2024-11-04 18:49:44.575 [info] > git rev-parse --show-toplevel [1ms]
2024-11-04 18:49:44.576 [info] > git config --get commit.template [6ms]
2024-11-04 18:49:44.609 [info] [Git][getRemotes] No remotes found in the git config file
2024-11-04 18:49:44.609 [info] > git rev-parse --show-toplevel [14ms]
2024-11-04 18:49:44.617 [info] > git for-each-ref --format=%(refname)%00%(upstream:short)%00%(objectname)%00%(upstream:track)%00%(upstream:remotename)%00%(upstream:remoteref) refs/heads/master refs/remotes/master [8ms]
2024-11-04 18:49:44.629 [info] > git rev-parse --show-toplevel [12ms]
2024-11-04 18:49:44.634 [info] > git for-each-ref --sort -committerdate --format %(refname) %(objectname) %(*objectname) [6ms]
2024-11-04 18:49:44.635 [info] > git rev-parse --show-toplevel [1ms]
2024-11-04 18:49:44.641 [info] > git rev-parse --show-toplevel [1ms]
2024-11-04 18:49:44.647 [info] > git rev-parse --show-toplevel [1ms]
2024-11-04 18:49:44.653 [info] > git rev-parse --show-toplevel [1ms]
2024-11-04 18:49:44.655 [info] [Model][doInitialScan] Initial repository scan completed - repositories (1), closed repositories (0), parent repositories (0), unsafe repositories (0)
2024-11-04 18:49:44.693 [info] > git status -z -uall [71ms]
2024-11-04 18:49:44.711 [info] > git for-each-ref --format=%(refname)%00%(upstream:short)%00%(objectname)%00%(upstream:track)%00%(upstream:remotename)%00%(upstream:remoteref) refs/heads/master refs/remotes/master [8ms]
2024-11-04 18:49:44.719 [info] > git config --local branch.master.vscode-merge-base [1ms]
2024-11-04 18:49:44.719 [warning] [Git][config] git config failed: Failed to execute git
2024-11-04 18:49:44.724 [info] > git config --get commit.template [13ms]
2024-11-04 18:49:44.727 [info] > git reflog master --grep-reflog=branch: Created from *. [3ms]
2024-11-04 18:49:44.738 [info] [Git][getRemotes] No remotes found in the git config file
2024-11-04 18:49:44.739 [info] > git symbolic-ref --short refs/remotes/origin/HEAD [7ms]
2024-11-04 18:49:44.739 [info] fatal: ref refs/remotes/origin/HEAD is not a symbolic ref
2024-11-04 18:49:44.739 [warning] [Repository][getDefaultBranch] Failed to get default branch details: Failed to execute git.
2024-11-04 18:49:44.740 [info] > git for-each-ref --format=%(refname)%00%(upstream:short)%00%(objectname)%00%(upstream:track)%00%(upstream:remotename)%00%(upstream:remoteref) refs/heads/master refs/remotes/master [2ms]
2024-11-04 18:49:44.752 [info] > git for-each-ref --sort -committerdate --format %(refname) %(objectname) %(*objectname) [2ms]
2024-11-04 18:49:44.816 [info] > git status -z -uall [71ms]
2024-11-04 18:49:45.087 [info] > git check-ignore -v -z --stdin [1ms]
2024-11-04 18:49:45.327 [info] > git rev-parse --show-toplevel [2ms]
2024-11-04 18:49:45.332 [info] > git rev-parse --git-dir --git-common-dir [1ms]
2024-11-04 18:49:45.335 [info] [Model][openRepository] Opened repository: /home/jvp/Desktop/projects/foundry-project/lib/forge-std
2024-11-04 18:49:45.348 [info] > git config --get commit.template [6ms]
2024-11-04 18:49:45.350 [info] > git rev-parse --show-toplevel [3ms]
2024-11-04 18:49:45.360 [info] > git for-each-ref --format %(refname) %(objectname) %(*objectname) refs/tags [5ms]
2024-11-04 18:49:45.371 [info] > git status -z -uall [5ms]
2024-11-04 18:49:45.371 [info] > git rev-parse --git-dir --git-common-dir [11ms]
2024-11-04 18:49:45.374 [info] [Model][openRepository] Opened repository: /home/jvp/Desktop/projects/foundry-project/lib/chainlink-brownie-contracts
2024-11-04 18:49:45.382 [info] > git for-each-ref --sort -committerdate --format %(refname) %(objectname) %(*objectname) [11ms]
2024-11-04 18:49:45.391 [info] > git config --get commit.template [11ms]
2024-11-04 18:49:45.397 [info] > git config --get commit.template [7ms]
2024-11-04 18:49:45.408 [info] > git log --format=%H%n%aN%n%aE%n%at%n%ct%n%P%n%D%n%B -z --shortstat --diff-merges=first-parent -n50 --skip=0 --topo-order --decorate=full --stdin [11ms]
2024-11-04 18:49:45.410 [info] > git for-each-ref --format %(refname) %(objectname) %(*objectname) refs/tags [2ms]
2024-11-04 18:49:45.421 [info] > git for-each-ref --format %(refname) %(objectname) %(*objectname) refs/tags [19ms]
2024-11-04 18:49:45.436 [info] > git status -z -uall [21ms]
2024-11-04 18:49:45.436 [info] > git for-each-ref --sort -committerdate --format %(refname) %(objectname) %(*objectname) [4ms]
2024-11-04 18:49:45.436 [info] > git for-each-ref --sort -committerdate --format %(refname) %(objectname) %(*objectname) [15ms]
2024-11-04 18:49:45.492 [info] > git status -z -uall [66ms]
2024-11-04 18:49:45.508 [info] > git config --get commit.template [8ms]
2024-11-04 18:49:45.510 [info] > git for-each-ref --format %(refname) %(objectname) %(*objectname) refs/tags [3ms]
2024-11-04 18:49:45.524 [info] > git for-each-ref --sort -committerdate --format %(refname) %(objectname) %(*objectname) [2ms]
2024-11-04 18:49:45.581 [info] > git status -z -uall [65ms]
2024-11-04 18:49:46.008 [info] > git check-ignore -v -z --stdin [9ms]
2024-11-04 18:49:46.009 [info] > git check-ignore -v -z --stdin [2ms]
2024-11-04 18:54:37.816 [info] [main] Log level: Info
2024-11-04 18:54:37.816 [info] [main] Validating found git in: "git"
2024-11-04 18:54:37.816 [info] [main] Using git "2.47.0" from "git"
2024-11-04 18:54:37.816 [info] [Model][doInitialScan] Initial repository scan started
2024-11-04 18:54:37.816 [info] > git rev-parse --show-toplevel [412ms]
2024-11-04 18:54:37.832 [info] > git rev-parse --git-dir --git-common-dir [5ms]
2024-11-04 18:54:37.840 [info] [Model][openRepository] Opened repository: /home/jvp/Desktop/projects/foundry-project
2024-11-04 18:54:37.855 [info] > git config --get commit.template [2ms]
2024-11-04 18:54:37.856 [info] [Git][getRemotes] No remotes found in the git config file
2024-11-04 18:54:37.873 [info] > git for-each-ref --format=%(refname)%00%(upstream:short)%00%(objectname)%00%(upstream:track)%00%(upstream:remotename)%00%(upstream:remoteref) refs/heads/master refs/remotes/master [9ms]
2024-11-04 18:54:37.918 [info] > git for-each-ref --sort -committerdate --format %(refname) %(objectname) %(*objectname) [29ms]
2024-11-04 18:54:37.918 [info] > git rev-parse --show-toplevel [46ms]
2024-11-04 18:54:37.927 [info] > git rev-parse --show-toplevel [2ms]
2024-11-04 18:54:37.935 [info] > git rev-parse --show-toplevel [1ms]
2024-11-04 18:54:37.944 [info] > git rev-parse --show-toplevel [1ms]
2024-11-04 18:54:37.954 [info] > git rev-parse --show-toplevel [1ms]
2024-11-04 18:54:37.964 [info] > git rev-parse --show-toplevel [1ms]
2024-11-04 18:54:37.972 [info] > git rev-parse --show-toplevel [1ms]
2024-11-04 18:54:37.975 [info] [Model][doInitialScan] Initial repository scan completed - repositories (1), closed repositories (0), parent repositories (0), unsafe repositories (0)
2024-11-04 18:54:37.976 [info] > git status -z -uall [95ms]
2024-11-04 18:54:38.001 [info] > git for-each-ref --format=%(refname)%00%(upstream:short)%00%(objectname)%00%(upstream:track)%00%(upstream:remotename)%00%(upstream:remoteref) refs/heads/master refs/remotes/master [12ms]
2024-11-04 18:54:38.011 [info] > git config --local branch.master.vscode-merge-base [2ms]
2024-11-04 18:54:38.011 [warning] [Git][config] git config failed: Failed to execute git
2024-11-04 18:54:38.019 [info] > git config --get commit.template [18ms]
2024-11-04 18:54:38.027 [info] [Git][getRemotes] No remotes found in the git config file
2024-11-04 18:54:38.027 [info] > git reflog master --grep-reflog=branch: Created from *. [8ms]
2024-11-04 18:54:38.035 [info] > git for-each-ref --format=%(refname)%00%(upstream:short)%00%(objectname)%00%(upstream:track)%00%(upstream:remotename)%00%(upstream:remoteref) refs/heads/master refs/remotes/master [7ms]
2024-11-04 18:54:38.050 [info] > git symbolic-ref --short refs/remotes/origin/HEAD [16ms]
2024-11-04 18:54:38.050 [info] fatal: ref refs/remotes/origin/HEAD is not a symbolic ref
2024-11-04 18:54:38.050 [warning] [Repository][getDefaultBranch] Failed to get default branch details: Failed to execute git.
2024-11-04 18:54:38.051 [info] > git for-each-ref --sort -committerdate --format %(refname) %(objectname) %(*objectname) [2ms]
2024-11-04 18:54:38.115 [info] > git status -z -uall [74ms]
2024-11-04 18:54:38.625 [info] > git rev-parse --show-toplevel [2ms]
2024-11-04 18:54:38.635 [info] > git rev-parse --git-dir --git-common-dir [1ms]
2024-11-04 18:54:38.639 [info] [Model][openRepository] Opened repository: /home/jvp/Desktop/projects/foundry-project/lib/forge-std
2024-11-04 18:54:38.656 [info] > git rev-parse --show-toplevel [1ms]
2024-11-04 18:54:38.656 [info] > git config --get commit.template [9ms]
2024-11-04 18:54:38.671 [info] > git rev-parse --git-dir --git-common-dir [7ms]
2024-11-04 18:54:38.703 [info] [Model][openRepository] Opened repository: /home/jvp/Desktop/projects/foundry-project/lib/chainlink-brownie-contracts
2024-11-04 18:54:38.713 [info] > git for-each-ref --format %(refname) %(objectname) %(*objectname) refs/tags [42ms]
2024-11-04 18:54:38.730 [info] > git status -z -uall [9ms]
2024-11-04 18:54:38.730 [info] > git config --get commit.template [19ms]
2024-11-04 18:54:38.732 [info] > git for-each-ref --sort -committerdate --format %(refname) %(objectname) %(*objectname) [3ms]
2024-11-04 18:54:38.753 [info] > git config --get commit.template [2ms]
2024-11-04 18:54:38.753 [info] > git for-each-ref --format %(refname) %(objectname) %(*objectname) refs/tags [10ms]
2024-11-04 18:54:38.779 [info] > git for-each-ref --sort -committerdate --format %(refname) %(objectname) %(*objectname) [10ms]
2024-11-04 18:54:38.780 [info] > git for-each-ref --format %(refname) %(objectname) %(*objectname) refs/tags [2ms]
2024-11-04 18:54:38.798 [info] > git status -z -uall [9ms]
2024-11-04 18:54:38.800 [info] > git for-each-ref --sort -committerdate --format %(refname) %(objectname) %(*objectname) [2ms]
2024-11-04 18:54:38.831 [info] > git status -z -uall [71ms]
2024-11-04 18:54:38.848 [info] > git config --get commit.template [8ms]
2024-11-04 18:54:38.849 [info] > git for-each-ref --format %(refname) %(objectname) %(*objectname) refs/tags [2ms]
2024-11-04 18:54:38.864 [info] > git for-each-ref --sort -committerdate --format %(refname) %(objectname) %(*objectname) [2ms]
2024-11-04 18:54:38.925 [info] > git status -z -uall [70ms]
2024-11-04 18:57:39.005 [info] > git log --format=%H%n%aN%n%aE%n%at%n%ct%n%P%n%D%n%B -z --shortstat --diff-merges=first-parent -n50 --skip=0 --topo-order --decorate=full --stdin [3ms]
2024-11-04 18:57:39.611 [info] > git check-ignore -v -z --stdin [12ms]
2024-11-04 18:57:39.611 [info] > git check-ignore -v -z --stdin [2ms]
2024-11-04 18:57:55.885 [info] [Git][getRemotes] No remotes found in the git config file
2024-11-04 18:57:55.886 [info] > git config --get commit.template [11ms]
2024-11-04 18:57:55.886 [info] > git for-each-ref --format=%(refname)%00%(upstream:short)%00%(objectname)%00%(upstream:track)%00%(upstream:remotename)%00%(upstream:remoteref) refs/heads/master refs/remotes/master [1ms]
2024-11-04 18:57:55.907 [info] > git for-each-ref --sort -committerdate --format %(refname) %(objectname) %(*objectname) [1ms]
2024-11-04 18:57:55.973 [info] > git status -z -uall [78ms]
2024-11-04 18:58:00.989 [info] [Git][getRemotes] No remotes found in the git config file
2024-11-04 18:58:01.001 [info] > git config --get commit.template [13ms]
2024-11-04 18:58:01.002 [info] > git for-each-ref --format=%(refname)%00%(upstream:short)%00%(objectname)%00%(upstream:track)%00%(upstream:remotename)%00%(upstream:remoteref) refs/heads/master refs/remotes/master [1ms]
2024-11-04 18:58:01.024 [info] > git for-each-ref --sort -committerdate --format %(refname) %(objectname) %(*objectname) [1ms]
2024-11-04 18:58:01.083 [info] > git status -z -uall [71ms]
2024-11-04 18:58:39.624 [info] > git check-ignore -v -z --stdin [1ms]
2024-11-04 19:07:08.872 [info] > git show --textconv :src/FundMe.sol [14ms]
2024-11-04 19:07:08.874 [info] > git ls-files --stage -- /home/jvp/Desktop/projects/foundry-project/src/FundMe.sol [3ms]
2024-11-04 19:07:32.148 [info] > git show --textconv :src/PriceConverter.sol [10ms]
2024-11-04 19:07:32.149 [info] > git ls-files --stage -- /home/jvp/Desktop/projects/foundry-project/src/PriceConverter.sol [1ms]
2024-11-04 19:07:34.230 [info] > git show --textconv :foundry.toml [12ms]
2024-11-04 19:07:34.231 [info] > git ls-files --stage -- /home/jvp/Desktop/projects/foundry-project/foundry.toml [2ms]
2024-11-04 19:07:34.246 [info] > git cat-file -s 25b918f9c9a96afb107fd052f6aa5cbacc3d5111 [2ms]
2024-11-04 19:07:35.625 [info] > git show --textconv :README.md [12ms]
2024-11-04 19:07:35.626 [info] > git ls-files --stage -- /home/jvp/Desktop/projects/foundry-project/README.md [1ms]
2024-11-04 19:07:35.642 [info] > git cat-file -s 9265b4558406aee6c1a1554f2379ffa4d897be46 [2ms]
2024-11-04 19:07:38.674 [info] > git show --textconv :.gitmodules [16ms]
2024-11-04 19:07:38.676 [info] > git ls-files --stage -- /home/jvp/Desktop/projects/foundry-project/.gitmodules [2ms]
2024-11-04 19:07:38.694 [info] > git cat-file -s 9252f905506f050f374fc88d4610bf8ceda9310c [3ms]
2024-11-04 19:07:39.647 [info] > git show --textconv :.gitignore [10ms]
2024-11-04 19:07:39.648 [info] > git ls-files --stage -- /home/jvp/Desktop/projects/foundry-project/.gitignore [2ms]
2024-11-04 19:07:39.661 [info] > git cat-file -s 85198aaa55b84c0390b360ea2ba730087a9fcf49 [2ms]
2024-11-04 19:07:40.534 [info] > git show --textconv :foundry.toml [12ms]
2024-11-04 19:07:40.535 [info] > git ls-files --stage -- /home/jvp/Desktop/projects/foundry-project/foundry.toml [1ms]
2024-11-04 19:07:40.548 [info] > git cat-file -s 25b918f9c9a96afb107fd052f6aa5cbacc3d5111 [1ms]
2024-11-04 19:07:42.778 [info] > git show --textconv :script/DeployFundMe.s.sol [15ms]
2024-11-04 19:07:42.779 [info] > git ls-files --stage -- /home/jvp/Desktop/projects/foundry-project/script/DeployFundMe.s.sol [1ms]
2024-11-04 19:07:44.494 [info] > git check-ignore -v -z --stdin [2ms]
2024-11-04 19:07:45.350 [info] > git check-ignore -v -z --stdin [2ms]
2024-11-04 19:07:46.809 [info] > git show --textconv :yarn.lock [12ms]
2024-11-04 19:07:46.810 [info] > git ls-files --stage -- /home/jvp/Desktop/projects/foundry-project/lib/chainlink-brownie-contracts/yarn.lock [3ms]
2024-11-04 19:07:46.825 [info] > git cat-file -s f5b7841a8abfae7bae853153666e1b5ac36f0088 [5ms]
2024-11-04 19:07:48.148 [info] > git show --textconv :README.md [10ms]
2024-11-04 19:07:48.150 [info] > git ls-files --stage -- /home/jvp/Desktop/projects/foundry-project/lib/chainlink-brownie-contracts/README.md [2ms]
2024-11-04 19:07:48.162 [info] > git cat-file -s d9594bb4f1602b32e7111a91f7cd46a4cc5f8846 [1ms]
2024-11-04 19:07:49.328 [info] > git show --textconv :package.json [11ms]
2024-11-04 19:07:49.329 [info] > git ls-files --stage -- /home/jvp/Desktop/projects/foundry-project/lib/chainlink-brownie-contracts/package.json [2ms]
2024-11-04 19:07:49.341 [info] > git cat-file -s 48c83cc2e6dafcd54c931313f6bb0d47762ffe11 [1ms]
2024-11-04 19:08:11.894 [info] > git show --textconv :foundry.toml [12ms]
2024-11-04 19:08:11.895 [info] > git ls-files --stage -- /home/jvp/Desktop/projects/foundry-project/foundry.toml [1ms]
2024-11-04 19:08:11.905 [info] > git cat-file -s 25b918f9c9a96afb107fd052f6aa5cbacc3d5111 [1ms]
2024-11-04 19:08:12.799 [info] > git show --textconv :.gitmodules [16ms]
2024-11-04 19:08:12.800 [info] > git ls-files --stage -- /home/jvp/Desktop/projects/foundry-project/.gitmodules [2ms]
2024-11-04 19:08:12.814 [info] > git cat-file -s 9252f905506f050f374fc88d4610bf8ceda9310c [1ms]
2024-11-04 19:11:11.391 [info] > git show --textconv :foundry.toml [11ms]
2024-11-04 19:11:11.392 [info] > git ls-files --stage -- /home/jvp/Desktop/projects/foundry-project/foundry.toml [1ms]
2024-11-04 19:11:11.402 [info] > git cat-file -s 25b918f9c9a96afb107fd052f6aa5cbacc3d5111 [2ms]
2024-11-04 19:11:12.940 [info] > git show --textconv :test/FundMeTest.t.sol [10ms]
2024-11-04 19:11:12.940 [info] > git ls-files --stage -- /home/jvp/Desktop/projects/foundry-project/test/FundMeTest.t.sol [1ms]
2024-11-04 19:11:22.386 [info] > git show --textconv :test/FundMeTest.t.sol [14ms]
2024-11-04 19:11:22.387 [info] > git ls-files --stage -- /home/jvp/Desktop/projects/foundry-project/test/FundMeTest.t.sol [1ms]
2024-11-04 19:11:25.110 [info] [Git][getRemotes] No remotes found in the git config file
2024-11-04 19:11:25.112 [info] > git config --get commit.template [17ms]
2024-11-04 19:11:25.112 [info] > git for-each-ref --format=%(refname)%00%(upstream:short)%00%(objectname)%00%(upstream:track)%00%(upstream:remotename)%00%(upstream:remoteref) refs/heads/master refs/remotes/master [2ms]
2024-11-04 19:11:25.144 [info] > git for-each-ref --sort -committerdate --format %(refname) %(objectname) %(*objectname) [2ms]
2024-11-04 19:11:25.200 [info] > git status -z -uall [73ms]
2024-11-04 19:11:25.542 [info] > git show --textconv :test/FundMeTest.t.sol [10ms]
2024-11-04 19:11:25.543 [info] > git ls-files --stage -- /home/jvp/Desktop/projects/foundry-project/test/FundMeTest.t.sol [2ms]
2024-11-04 19:11:33.598 [info] > git show --textconv :test/FundMeTest.t.sol [15ms]
2024-11-04 19:11:33.599 [info] > git ls-files --stage -- /home/jvp/Desktop/projects/foundry-project/test/FundMeTest.t.sol [1ms]
