2024-11-05 20:16:58.338 [info] Added views:workbench.view.search in workbench.view.search
2024-11-05 20:16:58.338 [info] Added views:workbench.scm in workbench.view.scm
2024-11-05 20:16:58.338 [info] Added views:workbench.panel.markers.view in workbench.panel.markers
2024-11-05 20:16:58.338 [info] Added views:workbench.panel.output in workbench.panel.output
2024-11-05 20:16:58.338 [info] Added views:terminal in terminal
2024-11-05 20:16:58.338 [info] Added views:workbench.explorer.fileView in workbench.view.explorer
2024-11-05 20:16:58.732 [info] Added views:codeium.chatPanelView in workbench.view.extension.codeium
2024-11-05 20:16:58.733 [info] Added views:gitlens.views.home,gitlens.views.workspaces in workbench.view.extension.gitlens
2024-11-05 20:16:58.733 [info] Added views:gitlens.views.commitDetails,gitlens.views.lineHistory,gitlens.views.fileHistory,gitlens.views.searchAndCompare in workbench.view.extension.gitlensInspect
2024-11-05 20:16:58.734 [info] Added views:gitlens.views.repositories,gitlens.views.commits,gitlens.views.branches,gitlens.views.remotes,gitlens.views.stashes,gitlens.views.tags,gitlens.views.contributors in workbench.view.scm
2024-11-05 20:16:58.855 [info] Added views:workbench.debug.welcome in workbench.view.debug
2024-11-05 20:16:58.913 [info] Added views:workbench.panel.repl.view in workbench.panel.repl
2024-11-05 20:16:59.170 [info] Added views:~remote.forwardedPorts in ~remote.forwardedPortsContainer
2024-11-05 20:16:59.285 [info] Added views:workbench.scm.history in workbench.view.scm
2024-11-05 20:17:00.119 [info] Removed views:gitlens.views.searchAndCompare,gitlens.views.fileHistory,gitlens.views.lineHistory,gitlens.views.commitDetails from workbench.view.extension.gitlensInspect
2024-11-05 20:17:00.119 [info] Removed views:gitlens.views.contributors,gitlens.views.tags,gitlens.views.stashes,gitlens.views.remotes,gitlens.views.branches,gitlens.views.commits,gitlens.views.repositories from workbench.view.scm
2024-11-05 20:17:00.179 [info] Added views:gitlens.views.drafts in workbench.view.extension.gitlens
2024-11-05 20:17:00.351 [info] Added views:gitlens.views.commitDetails,gitlens.views.lineHistory,gitlens.views.fileHistory,gitlens.views.searchAndCompare in workbench.view.extension.gitlensInspect
2024-11-05 20:17:00.351 [info] Added views:gitlens.views.repositories,gitlens.views.commits,gitlens.views.branches,gitlens.views.remotes,gitlens.views.stashes,gitlens.views.tags,gitlens.views.contributors in workbench.view.scm
2024-11-05 20:17:01.209 [info] Added views:gitlens.views.graph,gitlens.views.graphDetails in workbench.view.extension.gitlensPanel
2024-11-05 20:17:01.210 [info] Added views:gitlens.views.timeline in workbench.view.extension.gitlensInspect
2024-11-05 20:17:01.211 [info] Added views:gitlens.views.worktrees in workbench.view.scm
2024-11-05 20:17:07.672 [info] Added views:workbench.panel.comments in workbench.panel.comments
2024-11-05 20:20:24.832 [info] Added views:workbench.views.extensions.installed,workbench.views.extensions.popular,extensions.recommendedList in workbench.view.extensions
2024-11-05 20:20:24.872 [info] Removed views:workbench.views.extensions.popular from workbench.view.extensions
2024-11-05 20:31:04.504 [info] Removed views:workbench.scm.history from workbench.view.scm
