2024-11-04 19:11:41.048 [info] [main] Log level: Info
2024-11-04 19:11:41.048 [info] [main] Validating found git in: "git"
2024-11-04 19:11:41.048 [info] [main] Using git "2.47.0" from "git"
2024-11-04 19:11:41.048 [info] [Model][doInitialScan] Initial repository scan started
2024-11-04 19:11:41.048 [info] > git rev-parse --show-toplevel [9ms]
2024-11-04 19:11:41.048 [info] > git rev-parse --git-dir --git-common-dir [445ms]
2024-11-04 19:11:41.048 [info] [Model][openRepository] Opened repository: /home/jvp/Desktop/projects/foundry-project
2024-11-04 19:11:41.073 [info] > git rev-parse --show-toplevel [10ms]
2024-11-04 19:11:41.073 [info] > git config --get commit.template [17ms]
2024-11-04 19:11:41.082 [info] [Git][getRemotes] No remotes found in the git config file
2024-11-04 19:11:41.094 [info] > git rev-parse --show-toplevel [3ms]
2024-11-04 19:11:41.094 [info] > git for-each-ref --format=%(refname)%00%(upstream:short)%00%(objectname)%00%(upstream:track)%00%(upstream:remotename)%00%(upstream:remoteref) refs/heads/master refs/remotes/master [13ms]
2024-11-04 19:11:41.142 [info] > git for-each-ref --sort -committerdate --format %(refname) %(objectname) %(*objectname) [32ms]
2024-11-04 19:11:41.144 [info] > git rev-parse --show-toplevel [3ms]
2024-11-04 19:11:41.152 [info] > git rev-parse --show-toplevel [1ms]
2024-11-04 19:11:41.160 [info] > git rev-parse --show-toplevel [1ms]
2024-11-04 19:11:41.167 [info] > git rev-parse --show-toplevel [1ms]
2024-11-04 19:11:41.175 [info] > git status -z -uall [73ms]
2024-11-04 19:11:41.176 [info] > git rev-parse --show-toplevel [2ms]
2024-11-04 19:11:41.207 [info] > git for-each-ref --format=%(refname)%00%(upstream:short)%00%(objectname)%00%(upstream:track)%00%(upstream:remotename)%00%(upstream:remoteref) refs/heads/master refs/remotes/master [21ms]
2024-11-04 19:11:41.217 [info] > git config --local branch.master.vscode-merge-base [2ms]
2024-11-04 19:11:41.217 [warning] [Git][config] git config failed: Failed to execute git
2024-11-04 19:11:41.225 [info] > git config --get commit.template [19ms]
2024-11-04 19:11:41.225 [info] > git rev-parse --show-toplevel [27ms]
2024-11-04 19:11:41.228 [info] [Model][doInitialScan] Initial repository scan completed - repositories (1), closed repositories (0), parent repositories (0), unsafe repositories (0)
2024-11-04 19:11:41.229 [info] > git reflog master --grep-reflog=branch: Created from *. [4ms]
2024-11-04 19:11:41.246 [info] [Git][getRemotes] No remotes found in the git config file
2024-11-04 19:11:41.246 [info] > git symbolic-ref --short refs/remotes/origin/HEAD [9ms]
2024-11-04 19:11:41.247 [info] fatal: ref refs/remotes/origin/HEAD is not a symbolic ref
2024-11-04 19:11:41.247 [warning] [Repository][getDefaultBranch] Failed to get default branch details: Failed to execute git.
2024-11-04 19:11:41.247 [info] > git for-each-ref --format=%(refname)%00%(upstream:short)%00%(objectname)%00%(upstream:track)%00%(upstream:remotename)%00%(upstream:remoteref) refs/heads/master refs/remotes/master [1ms]
2024-11-04 19:11:41.264 [info] > git for-each-ref --sort -committerdate --format %(refname) %(objectname) %(*objectname) [1ms]
2024-11-04 19:11:41.292 [info] > git show --textconv :test/FundMeTest.t.sol [11ms]
2024-11-04 19:11:41.292 [info] > git ls-files --stage -- /home/jvp/Desktop/projects/foundry-project/test/FundMeTest.t.sol [1ms]
2024-11-04 19:11:41.327 [info] > git status -z -uall [72ms]
2024-11-04 19:11:41.582 [info] > git check-ignore -v -z --stdin [1ms]
2024-11-04 19:11:41.840 [info] > git rev-parse --show-toplevel [1ms]
2024-11-04 19:11:41.851 [info] > git rev-parse --git-dir --git-common-dir [1ms]
2024-11-04 19:11:41.857 [info] [Model][openRepository] Opened repository: /home/jvp/Desktop/projects/foundry-project/lib/forge-std
2024-11-04 19:11:41.881 [info] > git rev-parse --show-toplevel [2ms]
2024-11-04 19:11:41.881 [info] > git config --get commit.template [12ms]
2024-11-04 19:11:41.908 [info] > git rev-parse --git-dir --git-common-dir [14ms]
2024-11-04 19:11:41.912 [info] [Model][openRepository] Opened repository: /home/jvp/Desktop/projects/foundry-project/lib/chainlink-brownie-contracts
2024-11-04 19:11:41.926 [info] > git for-each-ref --format %(refname) %(objectname) %(*objectname) refs/tags [19ms]
2024-11-04 19:11:41.943 [info] > git status -z -uall [9ms]
2024-11-04 19:11:41.943 [info] > git config --get commit.template [18ms]
2024-11-04 19:11:41.945 [info] > git for-each-ref --sort -committerdate --format %(refname) %(objectname) %(*objectname) [3ms]
2024-11-04 19:11:41.963 [info] > git for-each-ref --format %(refname) %(objectname) %(*objectname) refs/tags [8ms]
2024-11-04 19:11:41.981 [info] > git config --get commit.template [19ms]
2024-11-04 19:11:42.012 [info] > git for-each-ref --sort -committerdate --format %(refname) %(objectname) %(*objectname) [32ms]
2024-11-04 19:11:42.026 [info] > git for-each-ref --format %(refname) %(objectname) %(*objectname) refs/tags [14ms]
2024-11-04 19:11:42.043 [info] > git status -z -uall [70ms]
2024-11-04 19:11:42.043 [info] > git status -z -uall [9ms]
2024-11-04 19:11:42.053 [info] > git for-each-ref --sort -committerdate --format %(refname) %(objectname) %(*objectname) [11ms]
2024-11-04 19:11:42.055 [info] > git config --get commit.template [2ms]
2024-11-04 19:11:42.067 [info] > git for-each-ref --format %(refname) %(objectname) %(*objectname) refs/tags [1ms]
2024-11-04 19:11:42.084 [info] > git for-each-ref --sort -committerdate --format %(refname) %(objectname) %(*objectname) [1ms]
2024-11-04 19:11:42.138 [info] > git status -z -uall [63ms]
2024-11-04 19:11:42.472 [info] > git check-ignore -v -z --stdin [18ms]
2024-11-04 19:11:42.472 [info] > git check-ignore -v -z --stdin [10ms]
2024-11-04 19:11:42.473 [info] > git check-ignore -v -z --stdin [2ms]
2024-11-04 19:12:08.595 [info] > git show --textconv :test/FundMeTest.t.sol [9ms]
2024-11-04 19:12:08.595 [info] > git ls-files --stage -- /home/jvp/Desktop/projects/foundry-project/test/FundMeTest.t.sol [0ms]
2024-11-04 19:12:13.555 [info] > git check-ignore -v -z --stdin [1ms]
2024-11-04 19:12:52.220 [info] > git show --textconv :test/FundMeTest.t.sol [9ms]
2024-11-04 19:12:52.221 [info] > git ls-files --stage -- /home/jvp/Desktop/projects/foundry-project/test/FundMeTest.t.sol [1ms]
2024-11-04 19:13:59.898 [info] > git show --textconv :test/FundMeTest.t.sol [13ms]
2024-11-04 19:13:59.899 [info] > git ls-files --stage -- /home/jvp/Desktop/projects/foundry-project/test/FundMeTest.t.sol [1ms]
2024-11-04 19:14:07.443 [info] [main] Log level: Info
2024-11-04 19:14:07.443 [info] [main] Validating found git in: "git"
2024-11-04 19:14:07.443 [info] [main] Using git "2.47.0" from "git"
2024-11-04 19:14:07.443 [info] [Model][doInitialScan] Initial repository scan started
2024-11-04 19:14:07.443 [info] > git rev-parse --show-toplevel [16ms]
2024-11-04 19:14:07.453 [info] > git rev-parse --git-dir --git-common-dir [3ms]
2024-11-04 19:14:07.459 [info] [Model][openRepository] Opened repository: /home/jvp/Desktop/projects/foundry-project
2024-11-04 19:14:07.468 [info] > git config --get commit.template [2ms]
2024-11-04 19:14:07.483 [info] [Git][getRemotes] No remotes found in the git config file
2024-11-04 19:14:07.484 [info] > git rev-parse --show-toplevel [8ms]
2024-11-04 19:14:07.484 [info] > git for-each-ref --format=%(refname)%00%(upstream:short)%00%(objectname)%00%(upstream:track)%00%(upstream:remotename)%00%(upstream:remoteref) refs/heads/master refs/remotes/master [1ms]
2024-11-04 19:14:07.504 [info] > git for-each-ref --sort -committerdate --format %(refname) %(objectname) %(*objectname) [6ms]
2024-11-04 19:14:07.504 [info] > git rev-parse --show-toplevel [1ms]
2024-11-04 19:14:07.510 [info] > git rev-parse --show-toplevel [1ms]
2024-11-04 19:14:07.520 [info] > git rev-parse --show-toplevel [5ms]
2024-11-04 19:14:07.526 [info] > git rev-parse --show-toplevel [1ms]
2024-11-04 19:14:07.532 [info] > git rev-parse --show-toplevel [1ms]
2024-11-04 19:14:07.539 [info] > git rev-parse --show-toplevel [1ms]
2024-11-04 19:14:07.541 [info] [Model][doInitialScan] Initial repository scan completed - repositories (1), closed repositories (0), parent repositories (0), unsafe repositories (0)
2024-11-04 19:14:07.568 [info] > git status -z -uall [77ms]
2024-11-04 19:14:07.601 [info] > git for-each-ref --format=%(refname)%00%(upstream:short)%00%(objectname)%00%(upstream:track)%00%(upstream:remotename)%00%(upstream:remoteref) refs/heads/master refs/remotes/master [24ms]
2024-11-04 19:14:07.629 [info] > git config --local branch.master.vscode-merge-base [22ms]
2024-11-04 19:14:07.629 [warning] [Git][config] git config failed: Failed to execute git
2024-11-04 19:14:07.636 [info] > git config --get commit.template [7ms]
2024-11-04 19:14:08.057 [info] > git reflog master --grep-reflog=branch: Created from *. [423ms]
2024-11-04 19:14:08.130 [info] [Git][getRemotes] No remotes found in the git config file
2024-11-04 19:14:08.130 [info] > git check-ignore -v -z --stdin [52ms]
2024-11-04 19:14:08.131 [info] > git symbolic-ref --short refs/remotes/origin/HEAD [65ms]
2024-11-04 19:14:08.131 [info] fatal: ref refs/remotes/origin/HEAD is not a symbolic ref
2024-11-04 19:14:08.131 [warning] [Repository][getDefaultBranch] Failed to get default branch details: Failed to execute git.
2024-11-04 19:14:08.145 [info] > git for-each-ref --format=%(refname)%00%(upstream:short)%00%(objectname)%00%(upstream:track)%00%(upstream:remotename)%00%(upstream:remoteref) refs/heads/master refs/remotes/master [15ms]
2024-11-04 19:14:08.165 [info] > git rev-parse --show-toplevel [20ms]
2024-11-04 19:14:08.195 [info] > git for-each-ref --sort -committerdate --format %(refname) %(objectname) %(*objectname) [31ms]
2024-11-04 19:14:08.196 [info] > git rev-parse --git-dir --git-common-dir [2ms]
2024-11-04 19:14:08.199 [info] [Model][openRepository] Opened repository: /home/jvp/Desktop/projects/foundry-project/lib/forge-std
2024-11-04 19:14:08.220 [info] > git rev-parse --show-toplevel [2ms]
2024-11-04 19:14:08.220 [info] > git config --get commit.template [10ms]
2024-11-04 19:14:08.239 [info] > git status -z -uall [85ms]
2024-11-04 19:14:08.242 [info] > git for-each-ref --format %(refname) %(objectname) %(*objectname) refs/tags [3ms]
2024-11-04 19:14:08.260 [info] > git rev-parse --git-dir --git-common-dir [29ms]
2024-11-04 19:14:08.263 [info] [Model][openRepository] Opened repository: /home/jvp/Desktop/projects/foundry-project/lib/chainlink-brownie-contracts
2024-11-04 19:14:08.275 [info] > git status -z -uall [25ms]
2024-11-04 19:14:08.276 [info] > git for-each-ref --sort -committerdate --format %(refname) %(objectname) %(*objectname) [17ms]
2024-11-04 19:14:08.289 [info] > git config --get commit.template [16ms]
2024-11-04 19:14:08.292 [info] > git config --get commit.template [3ms]
2024-11-04 19:14:08.309 [info] > git for-each-ref --format %(refname) %(objectname) %(*objectname) refs/tags [9ms]
2024-11-04 19:14:08.325 [info] > git for-each-ref --format %(refname) %(objectname) %(*objectname) refs/tags [16ms]
2024-11-04 19:14:08.347 [info] > git status -z -uall [13ms]
2024-11-04 19:14:08.348 [info] > git for-each-ref --sort -committerdate --format %(refname) %(objectname) %(*objectname) [3ms]
2024-11-04 19:14:08.349 [info] > git for-each-ref --sort -committerdate --format %(refname) %(objectname) %(*objectname) [24ms]
2024-11-04 19:14:08.389 [info] > git status -z -uall [72ms]
2024-11-04 19:14:08.411 [info] > git config --get commit.template [11ms]
2024-11-04 19:14:08.412 [info] > git for-each-ref --format %(refname) %(objectname) %(*objectname) refs/tags [1ms]
2024-11-04 19:14:08.433 [info] > git for-each-ref --sort -committerdate --format %(refname) %(objectname) %(*objectname) [2ms]
2024-11-04 19:14:08.486 [info] > git status -z -uall [64ms]
2024-11-04 19:14:08.731 [info] > git check-ignore -v -z --stdin [1ms]
2024-11-04 19:14:13.316 [info] > git show --textconv :test/FundMeTest.t.sol [9ms]
2024-11-04 19:14:13.317 [info] > git ls-files --stage -- /home/jvp/Desktop/projects/foundry-project/test/FundMeTest.t.sol [1ms]
2024-11-04 19:14:13.633 [info] > git check-ignore -v -z --stdin [1ms]
2024-11-04 19:14:20.409 [info] [Git][getRemotes] No remotes found in the git config file
2024-11-04 19:14:20.409 [info] > git config --get commit.template [12ms]
2024-11-04 19:14:20.410 [info] > git for-each-ref --format=%(refname)%00%(upstream:short)%00%(objectname)%00%(upstream:track)%00%(upstream:remotename)%00%(upstream:remoteref) refs/heads/master refs/remotes/master [2ms]
2024-11-04 19:14:20.433 [info] > git for-each-ref --sort -committerdate --format %(refname) %(objectname) %(*objectname) [2ms]
2024-11-04 19:14:20.491 [info] > git status -z -uall [72ms]
2024-11-04 19:21:44.137 [info] > git check-ignore -v -z --stdin [24ms]
2024-11-04 19:21:44.138 [info] > git check-ignore -v -z --stdin [11ms]
2024-11-04 19:21:44.138 [info] > git check-ignore -v -z --stdin [2ms]
2024-11-04 19:21:44.798 [info] > git show --textconv :test/FundMeTest.t.sol [13ms]
2024-11-04 19:21:44.799 [info] > git ls-files --stage -- /home/jvp/Desktop/projects/foundry-project/test/FundMeTest.t.sol [1ms]
2024-11-04 19:27:39.401 [info] > git show --textconv :.gitignore [11ms]
2024-11-04 19:27:39.402 [info] > git ls-files --stage -- /home/jvp/Desktop/projects/foundry-project/.gitignore [1ms]
2024-11-04 19:27:39.414 [info] > git cat-file -s 85198aaa55b84c0390b360ea2ba730087a9fcf49 [1ms]
2024-11-04 19:27:39.761 [info] > git show --textconv :test/FundMeTest.t.sol [11ms]
2024-11-04 19:27:39.762 [info] > git ls-files --stage -- /home/jvp/Desktop/projects/foundry-project/test/FundMeTest.t.sol [2ms]
2024-11-04 19:31:44.924 [info] > git show --textconv :test/FundMeTest.t.sol [11ms]
2024-11-04 19:31:44.925 [info] > git ls-files --stage -- /home/jvp/Desktop/projects/foundry-project/test/FundMeTest.t.sol [2ms]
