(VSCode) 2024-11-05 20:14:58.696 [INFO]: No proxy settings found
(VSCode) 2024-11-05 20:14:59.596 [INFO]: Checking network connection...
(VSCode) 2024-11-05 20:15:00.113 [INFO]: No Network Issue connecting to https://server.codeium.com
(VSCode) 2024-11-05 20:15:00.842 [INFO]: Creating manager directory: /tmp/acbc9b05-8e21-4f7c-b54f-7057da2db619/codeium/manager
(VSCode) 2024-11-05 20:15:01.081 [INFO]: Using cached LS with valid crc32: /home/jvp/.vscode/extensions/codeium.codeium-1.22.5/dist/1347d6f7fffdaec404d99b3f0ca3d8854448c787/language_server_linux_x64
(VSCode) 2024-11-05 20:15:01.090 [INFO]: Language server started
2024/11/05 20:15:01 maxprocs: Leaving GOMAXPROCS=12: CPU quota undefined
I1105 20:15:01.157819 67169 main.go:553] [Language Server Manager] Setting GOMAXPROCS to 12
I1105 20:15:01.157867 67169 main.go:667] [Language Server Manager] Release 1.22.5 (1347d6f7fffdaec404d99b3f0ca3d8854448c787)
I1105 20:15:01.157885 67169 main.go:746] [Language Server Manager] Starting language server manager with pid 67169
I1105 20:15:01.157962 67169 main.go:120] [Language Server Manager] Manager acquired its lock file /tmp/acbc9b05-8e21-4f7c-b54f-7057da2db619/codeium/manager/locks/manager.lock
I1105 20:15:01.158318 67169 main.go:259] [Language Server Manager] Waiting for random port file in /tmp/acbc9b05-8e21-4f7c-b54f-7057da2db619/codeium/manager/child_random_port_1730848501158028831_4557186236771677199 to be created
2024/11/05 20:15:01 maxprocs: Leaving GOMAXPROCS=12: CPU quota undefined
I1105 20:15:01.224443 67185 main.go:553] Setting GOMAXPROCS to 4
I1105 20:15:01.224522 67185 main.go:740] Starting language server process with pid 67185
I1105 20:15:01.224542 67185 server.go:183] Language server will attempt to listen on host 127.0.0.1
I1105 20:15:01.224650 67185 server.go:190] Language server listening on random port at 34063
I1105 20:15:02.742981 67185 unleash.go:93] Initializing Unleash
I1105 20:15:03.253015 67185 unleash.go:113] Successfully initialized Unleash
E1105 20:15:03.271377 67185 client_manager.go:275] Metadata is nil when trying to refresh user JWT
I1105 20:15:03.272009 67185 server.go:441] Successfully created API server client
I1105 20:15:03.318980 67185 server.go:456] Successfully initialized tokenizer
I1105 20:15:03.398461 67185 server.go:613] Local search is enabled, will index local files.
I1105 20:15:03.398483 67185 server.go:617] Using 3 indexer workers
I1105 20:15:03.414218 67185 sqlite_faiss_db_client.go:64] Successfully created embedding search database in 15ms
I1105 20:15:03.414447 67185 indexer.go:213] Using 4 embed workers
I1105 20:15:03.414475 67185 search_provider.go:274] Successfully created and started indexer
I1105 20:15:03.414496 67185 search_provider.go:304] Successfully created embedding search provider
I1105 20:15:03.426529 67185 server.go:703] Successfully created completion provider
I1105 20:15:03.426571 67185 server.go:752] Child process attempting to acquire lock file /tmp/acbc9b05-8e21-4f7c-b54f-7057da2db619/codeium/manager/locks/child_lock_1730848501158051995_3183714751258038425
I1105 20:15:03.426644 67185 server.go:760] Child process acquired lock file /tmp/acbc9b05-8e21-4f7c-b54f-7057da2db619/codeium/manager/locks/child_lock_1730848501158051995_3183714751258038425
I1105 20:15:03.433832 67185 server.go:265] LSP listening on random port at 45185
I1105 20:15:03.444586 67185 web_server.go:259] Chat Web Server listening at ws://127.0.0.1:35477
45185
I1105 20:15:03.464786 67169 main.go:295] [Language Server Manager] Found random server port 34063
I1105 20:15:03.464804 67169 main.go:296] [Language Server Manager] Found random lsp port 45185
I1105 20:15:03.464817 67169 main.go:303] [Language Server Manager] Attempting to connect to language server at 127.0.0.1:34063
I1105 20:15:03.475937 67169 main.go:174] [Language Server Manager] Fixing language server port at 34063
I1105 20:15:03.475949 67169 main.go:355] [Language Server Manager] Successfully connected to new language server at 127.0.0.1:34063
(VSCode) 2024-11-05 20:15:03.505 [INFO]: Found language server running on port 34063
I1105 20:15:03.516042 67185 utils.go:227] Analyzing workspace files for /home/jvp/Desktop/projects/foundry-project
I1105 20:15:03.607717 67185 utils.go:281] Done analyzing workspace files for /home/jvp/Desktop/projects/foundry-project
(VSCode) 2024-11-05 20:15:03.646 [INFO]: openAllTextDocuments took 2.6798029999999926ms
I1105 20:15:04.025179 67185 lazy_model.go:31] Successfully created embedding store
