2024-11-01 09:26:56.023 [info] [main] Log level: Info
2024-11-01 09:26:56.023 [info] [main] Validating found git in: "git"
2024-11-01 09:26:56.023 [info] [main] Using git "2.47.0" from "git"
2024-11-01 09:26:56.023 [info] [Model][doInitialScan] Initial repository scan started
2024-11-01 09:26:56.023 [info] > git rev-parse --show-toplevel [5ms]
2024-11-01 09:26:56.023 [info] > git rev-parse --git-dir --git-common-dir [866ms]
2024-11-01 09:26:56.023 [info] [Model][openRepository] Opened repository: /home/jvp/Desktop/projects/foundry-setup/foundry-simple-storage-f23
2024-11-01 09:26:56.023 [info] > git fetch [171ms]
2024-11-01 09:26:56.023 [info] > git rev-parse --show-toplevel [68ms]
2024-11-01 09:26:56.023 [info] > git config --get commit.template [75ms]
2024-11-01 09:26:56.031 [info] > git config --get commit.template [13ms]
2024-11-01 09:26:56.068 [info] [Git][getRemotes] No remotes found in the git config file
2024-11-01 09:26:56.069 [info] > git rev-parse --show-toplevel [39ms]
2024-11-01 09:26:56.079 [info] [Git][getRemotes] No remotes found in the git config file
2024-11-01 09:26:56.086 [info] > git for-each-ref --format=%(refname)%00%(upstream:short)%00%(objectname)%00%(upstream:track)%00%(upstream:remotename)%00%(upstream:remoteref) refs/heads/master refs/remotes/master [18ms]
2024-11-01 09:26:56.102 [info] > git for-each-ref --format=%(refname)%00%(upstream:short)%00%(objectname)%00%(upstream:track)%00%(upstream:remotename)%00%(upstream:remoteref) refs/heads/master refs/remotes/master [8ms]
2024-11-01 09:26:56.109 [info] > git rev-parse --show-toplevel [24ms]
2024-11-01 09:26:56.109 [info] > git for-each-ref --format=%(refname)%00%(upstream:short)%00%(objectname)%00%(upstream:track)%00%(upstream:remotename)%00%(upstream:remoteref) refs/heads/master refs/remotes/master [30ms]
2024-11-01 09:26:56.126 [info] > git for-each-ref --format=%(refname)%00%(upstream:short)%00%(objectname)%00%(upstream:track)%00%(upstream:remotename)%00%(upstream:remoteref) refs/heads/master refs/remotes/master [9ms]
2024-11-01 09:26:56.132 [info] > git config --local branch.master.vscode-merge-base [23ms]
2024-11-01 09:26:56.132 [warning] [Git][config] git config failed: Failed to execute git
2024-11-01 09:26:56.139 [info] > git config --get commit.template [37ms]
2024-11-01 09:26:56.149 [info] > git config --local branch.master.vscode-merge-base [17ms]
2024-11-01 09:26:56.149 [warning] [Git][config] git config failed: Failed to execute git
2024-11-01 09:26:56.156 [info] > git rev-parse --show-toplevel [31ms]
2024-11-01 09:26:56.166 [info] [Git][getRemotes] No remotes found in the git config file
2024-11-01 09:26:56.175 [info] > git reflog master --grep-reflog=branch: Created from *. [36ms]
2024-11-01 09:26:56.184 [info] > git rev-parse --show-toplevel [9ms]
2024-11-01 09:26:56.184 [info] > git for-each-ref --format=%(refname)%00%(upstream:short)%00%(objectname)%00%(upstream:track)%00%(upstream:remotename)%00%(upstream:remoteref) refs/heads/master refs/remotes/master [18ms]
2024-11-01 09:26:56.197 [info] > git reflog master --grep-reflog=branch: Created from *. [41ms]
2024-11-01 09:26:56.211 [info] > git symbolic-ref --short refs/remotes/origin/HEAD [8ms]
2024-11-01 09:26:56.211 [info] fatal: ref refs/remotes/origin/HEAD is not a symbolic ref
2024-11-01 09:26:56.211 [warning] [Repository][getDefaultBranch] Failed to get default branch details: Failed to execute git.
2024-11-01 09:26:56.211 [info] > git for-each-ref --sort -committerdate --format %(refname) %(objectname) %(*objectname) [14ms]
2024-11-01 09:26:56.212 [info] > git symbolic-ref --short refs/remotes/origin/HEAD [30ms]
2024-11-01 09:26:56.212 [info] fatal: ref refs/remotes/origin/HEAD is not a symbolic ref
2024-11-01 09:26:56.212 [warning] [Repository][getDefaultBranch] Failed to get default branch details: Failed to execute git.
2024-11-01 09:26:56.213 [info] > git rev-parse --show-toplevel [3ms]
2024-11-01 09:26:56.242 [info] > git status -z -uall [52ms]
2024-11-01 09:26:56.242 [info] > git rev-parse --show-toplevel [23ms]
2024-11-01 09:26:56.253 [info] > git rev-parse --show-toplevel [5ms]
2024-11-01 09:26:56.253 [info] [Model][doInitialScan] Initial repository scan completed - repositories (1), closed repositories (0), parent repositories (0), unsafe repositories (0)
2024-11-01 09:26:56.283 [info] > git show --textconv :src/SimpleStorage.sol [23ms]
2024-11-01 09:26:56.283 [info] > git ls-files --stage -- /home/jvp/Desktop/projects/foundry-setup/foundry-simple-storage-f23/src/SimpleStorage.sol [17ms]
2024-11-01 09:26:56.484 [info] > git check-ignore -v -z --stdin [3ms]
2024-11-01 09:26:56.763 [info] > git rev-parse --show-toplevel [1ms]
2024-11-01 09:26:56.775 [info] > git rev-parse --git-dir --git-common-dir [2ms]
2024-11-01 09:26:56.790 [info] [Model][openRepository] Opened repository: /home/jvp/Desktop/projects/foundry-setup/foundry-simple-storage-f23/lib/forge-std
2024-11-01 09:26:56.801 [info] > git config --get commit.template [3ms]
2024-11-01 09:26:56.812 [info] > git for-each-ref --format %(refname) %(objectname) %(*objectname) refs/tags [1ms]
2024-11-01 09:26:56.830 [info] > git status -z -uall [9ms]
2024-11-01 09:26:56.832 [info] > git for-each-ref --sort -committerdate --format %(refname) %(objectname) %(*objectname) [3ms]
2024-11-01 09:26:56.846 [info] > git config --get commit.template [2ms]
2024-11-01 09:26:56.853 [info] > git for-each-ref --format %(refname) %(objectname) %(*objectname) refs/tags [1ms]
2024-11-01 09:26:56.867 [info] > git status -z -uall [7ms]
2024-11-01 09:26:56.884 [info] > git for-each-ref --sort -committerdate --format %(refname) %(objectname) %(*objectname) [17ms]
2024-11-01 09:26:57.164 [info] > git fetch [374ms]
2024-11-01 09:26:57.182 [info] > git config --get commit.template [9ms]
2024-11-01 09:26:57.183 [info] > git for-each-ref --format %(refname) %(objectname) %(*objectname) refs/tags [1ms]
2024-11-01 09:26:57.201 [info] > git status -z -uall [9ms]
2024-11-01 09:26:57.204 [info] > git for-each-ref --sort -committerdate --format %(refname) %(objectname) %(*objectname) [2ms]
2024-11-01 09:26:57.311 [info] > git check-ignore -v -z --stdin [1ms]
2024-11-01 09:26:58.313 [info] > git config --get commit.template [8ms]
2024-11-01 09:26:58.314 [info] > git for-each-ref --format %(refname) %(objectname) %(*objectname) refs/tags [1ms]
2024-11-01 09:26:58.331 [info] > git status -z -uall [10ms]
2024-11-01 09:26:58.332 [info] > git for-each-ref --sort -committerdate --format %(refname) %(objectname) %(*objectname) [2ms]
2024-11-01 09:26:58.407 [info] > git ls-files --stage -- /home/jvp/Desktop/projects/foundry-setup/foundry-simple-storage-f23/src/SimpleStorage.sol [2ms]
2024-11-01 09:26:58.421 [info] > git show --textconv :src/SimpleStorage.sol [2ms]
2024-11-01 09:27:19.291 [info] [main] Log level: Info
2024-11-01 09:27:19.291 [info] [main] Validating found git in: "git"
2024-11-01 09:27:19.291 [info] [main] Using git "2.47.0" from "git"
2024-11-01 09:27:19.291 [info] [Model][doInitialScan] Initial repository scan started
2024-11-01 09:27:19.291 [info] > git rev-parse --show-toplevel [30ms]
2024-11-01 09:27:20.212 [info] > git rev-parse --git-dir --git-common-dir [169ms]
2024-11-01 09:27:20.228 [info] [Model][openRepository] Opened repository: /home/jvp/Desktop/projects/foundry-setup/foundry-simple-storage-f23
2024-11-01 09:27:20.288 [info] > git fetch [60ms]
2024-11-01 09:27:20.301 [info] > git rev-parse --show-toplevel [14ms]
2024-11-01 09:27:20.301 [info] > git config --get commit.template [20ms]
2024-11-01 09:27:20.303 [info] > git config --get commit.template [2ms]
2024-11-01 09:27:20.317 [info] [Git][getRemotes] No remotes found in the git config file
2024-11-01 09:27:20.326 [info] [Git][getRemotes] No remotes found in the git config file
2024-11-01 09:27:20.327 [info] > git for-each-ref --format=%(refname)%00%(upstream:short)%00%(objectname)%00%(upstream:track)%00%(upstream:remotename)%00%(upstream:remoteref) refs/heads/master refs/remotes/master [11ms]
2024-11-01 09:27:20.337 [info] > git rev-parse --show-toplevel [28ms]
2024-11-01 09:27:20.352 [info] > git for-each-ref --format=%(refname)%00%(upstream:short)%00%(objectname)%00%(upstream:track)%00%(upstream:remotename)%00%(upstream:remoteref) refs/heads/master refs/remotes/master [16ms]
2024-11-01 09:27:20.360 [info] > git for-each-ref --format=%(refname)%00%(upstream:short)%00%(objectname)%00%(upstream:track)%00%(upstream:remotename)%00%(upstream:remoteref) refs/heads/master refs/remotes/master [34ms]
2024-11-01 09:27:20.378 [info] > git for-each-ref --format=%(refname)%00%(upstream:short)%00%(objectname)%00%(upstream:track)%00%(upstream:remotename)%00%(upstream:remoteref) refs/heads/master refs/remotes/master [11ms]
2024-11-01 09:27:20.385 [info] > git config --local branch.master.vscode-merge-base [25ms]
2024-11-01 09:27:20.385 [warning] [Git][config] git config failed: Failed to execute git
2024-11-01 09:27:20.392 [info] > git rev-parse --show-toplevel [40ms]
2024-11-01 09:27:20.393 [info] > git config --get commit.template [47ms]
2024-11-01 09:27:20.402 [info] > git config --local branch.master.vscode-merge-base [17ms]
2024-11-01 09:27:20.402 [warning] [Git][config] git config failed: Failed to execute git
2024-11-01 09:27:20.419 [info] [Git][getRemotes] No remotes found in the git config file
2024-11-01 09:27:20.419 [info] > git rev-parse --show-toplevel [17ms]
2024-11-01 09:27:20.419 [info] > git reflog master --grep-reflog=branch: Created from *. [27ms]
2024-11-01 09:27:20.436 [info] > git for-each-ref --format=%(refname)%00%(upstream:short)%00%(objectname)%00%(upstream:track)%00%(upstream:remotename)%00%(upstream:remoteref) refs/heads/master refs/remotes/master [17ms]
2024-11-01 09:27:20.454 [info] > git reflog master --grep-reflog=branch: Created from *. [44ms]
2024-11-01 09:27:20.466 [info] > git status -z -uall [21ms]
2024-11-01 09:27:20.466 [info] > git symbolic-ref --short refs/remotes/origin/HEAD [3ms]
2024-11-01 09:27:20.466 [info] fatal: ref refs/remotes/origin/HEAD is not a symbolic ref
2024-11-01 09:27:20.466 [warning] [Repository][getDefaultBranch] Failed to get default branch details: Failed to execute git.
2024-11-01 09:27:20.467 [info] > git for-each-ref --sort -committerdate --format %(refname) %(objectname) %(*objectname) [13ms]
2024-11-01 09:27:20.470 [info] > git rev-parse --show-toplevel [35ms]
2024-11-01 09:27:20.470 [info] > git symbolic-ref --short refs/remotes/origin/HEAD [44ms]
2024-11-01 09:27:20.470 [info] fatal: ref refs/remotes/origin/HEAD is not a symbolic ref
2024-11-01 09:27:20.470 [warning] [Repository][getDefaultBranch] Failed to get default branch details: Failed to execute git.
2024-11-01 09:27:20.481 [info] > git rev-parse --show-toplevel [2ms]
2024-11-01 09:27:20.516 [info] > git rev-parse --show-toplevel [28ms]
2024-11-01 09:27:20.550 [info] > git rev-parse --show-toplevel [26ms]
2024-11-01 09:27:20.551 [info] [Model][doInitialScan] Initial repository scan completed - repositories (1), closed repositories (0), parent repositories (0), unsafe repositories (0)
2024-11-01 09:27:20.568 [info] > git ls-files --stage -- /home/jvp/Desktop/projects/foundry-setup/foundry-simple-storage-f23/src/SimpleStorage.sol [10ms]
2024-11-01 09:27:20.580 [info] > git show --textconv :src/SimpleStorage.sol [3ms]
2024-11-01 09:27:20.804 [info] > git check-ignore -v -z --stdin [1ms]
2024-11-01 09:27:20.982 [info] > git rev-parse --show-toplevel [2ms]
2024-11-01 09:27:20.995 [info] > git rev-parse --git-dir --git-common-dir [3ms]
2024-11-01 09:27:21.011 [info] [Model][openRepository] Opened repository: /home/jvp/Desktop/projects/foundry-setup/foundry-simple-storage-f23/lib/forge-std
2024-11-01 09:27:21.024 [info] > git config --get commit.template [2ms]
2024-11-01 09:27:21.034 [info] > git for-each-ref --format %(refname) %(objectname) %(*objectname) refs/tags [2ms]
2024-11-01 09:27:21.053 [info] > git status -z -uall [9ms]
2024-11-01 09:27:21.054 [info] > git for-each-ref --sort -committerdate --format %(refname) %(objectname) %(*objectname) [2ms]
2024-11-01 09:27:21.076 [info] > git config --get commit.template [8ms]
2024-11-01 09:27:21.094 [info] > git for-each-ref --format %(refname) %(objectname) %(*objectname) refs/tags [18ms]
2024-11-01 09:27:21.112 [info] > git status -z -uall [10ms]
2024-11-01 09:27:21.112 [info] > git for-each-ref --sort -committerdate --format %(refname) %(objectname) %(*objectname) [2ms]
2024-11-01 09:27:21.414 [info] > git fetch [403ms]
2024-11-01 09:27:21.430 [info] > git config --get commit.template [7ms]
2024-11-01 09:27:21.432 [info] > git for-each-ref --format %(refname) %(objectname) %(*objectname) refs/tags [2ms]
2024-11-01 09:27:21.447 [info] > git status -z -uall [8ms]
2024-11-01 09:27:21.448 [info] > git for-each-ref --sort -committerdate --format %(refname) %(objectname) %(*objectname) [1ms]
2024-11-01 09:27:21.542 [info] > git check-ignore -v -z --stdin [1ms]
2024-11-01 09:27:22.566 [info] > git config --get commit.template [12ms]
2024-11-01 09:27:22.567 [info] > git for-each-ref --format %(refname) %(objectname) %(*objectname) refs/tags [2ms]
2024-11-01 09:27:22.589 [info] > git status -z -uall [11ms]
2024-11-01 09:27:22.591 [info] > git for-each-ref --sort -committerdate --format %(refname) %(objectname) %(*objectname) [1ms]
2024-11-01 09:27:22.655 [info] > git ls-files --stage -- /home/jvp/Desktop/projects/foundry-setup/foundry-simple-storage-f23/src/SimpleStorage.sol [1ms]
2024-11-01 09:27:22.668 [info] > git show --textconv :src/SimpleStorage.sol [1ms]
2024-11-01 09:27:30.796 [info] > git show --textconv :src/SimpleStorage.sol [9ms]
2024-11-01 09:27:30.797 [info] > git ls-files --stage -- /home/jvp/Desktop/projects/foundry-setup/foundry-simple-storage-f23/src/SimpleStorage.sol [1ms]
2024-11-01 09:27:34.839 [info] > git check-ignore -v -z --stdin [1ms]
2024-11-01 09:27:35.792 [info] > git show --textconv :script/DeploySimpleStorage.s.sol [9ms]
2024-11-01 09:27:35.792 [info] > git ls-files --stage -- /home/jvp/Desktop/projects/foundry-setup/foundry-simple-storage-f23/script/DeploySimpleStorage.s.sol [1ms]
2024-11-01 09:28:14.137 [info] > git show --textconv :script/DeploySimpleStorage.s.sol [14ms]
2024-11-01 09:28:14.138 [info] > git ls-files --stage -- /home/jvp/Desktop/projects/foundry-setup/foundry-simple-storage-f23/script/DeploySimpleStorage.s.sol [2ms]
2024-11-01 09:28:24.559 [info] > git log --format=%H%n%aN%n%aE%n%at%n%ct%n%P%n%D%n%B -z --shortstat --diff-merges=first-parent -n50 --skip=0 --topo-order --decorate=full --stdin [4ms]
2024-11-01 09:28:25.184 [info] > git check-ignore -v -z --stdin [1ms]
2024-11-01 09:30:41.435 [info] > git fetch [10ms]
2024-11-01 09:30:41.444 [info] [Git][getRemotes] No remotes found in the git config file
2024-11-01 09:30:41.453 [info] > git config --get commit.template [9ms]
2024-11-01 09:30:41.453 [info] > git for-each-ref --format=%(refname)%00%(upstream:short)%00%(objectname)%00%(upstream:track)%00%(upstream:remotename)%00%(upstream:remoteref) refs/heads/master refs/remotes/master [1ms]
2024-11-01 09:30:41.471 [info] > git status -z -uall [9ms]
2024-11-01 09:30:41.472 [info] > git for-each-ref --sort -committerdate --format %(refname) %(objectname) %(*objectname) [1ms]
2024-11-01 09:30:41.802 [info] > git fetch [368ms]
2024-11-01 09:30:41.822 [info] > git config --get commit.template [11ms]
2024-11-01 09:30:41.823 [info] > git for-each-ref --format %(refname) %(objectname) %(*objectname) refs/tags [2ms]
2024-11-01 09:30:41.841 [info] > git status -z -uall [10ms]
2024-11-01 09:30:41.842 [info] > git for-each-ref --sort -committerdate --format %(refname) %(objectname) %(*objectname) [2ms]
2024-11-01 09:30:43.131 [info] > git config --get commit.template [10ms]
2024-11-01 09:30:43.140 [info] > git config --get commit.template [10ms]
2024-11-01 09:30:43.148 [info] [Git][getRemotes] No remotes found in the git config file
2024-11-01 09:30:43.158 [info] > git ls-files --stage -- /home/jvp/Desktop/projects/foundry-setup/foundry-simple-storage-f23/script/DeploySimpleStorage.s.sol [18ms]
2024-11-01 09:30:43.158 [info] > git for-each-ref --format=%(refname)%00%(upstream:short)%00%(objectname)%00%(upstream:track)%00%(upstream:remotename)%00%(upstream:remoteref) refs/heads/master refs/remotes/master [10ms]
2024-11-01 09:30:43.176 [info] > git status -z -uall [8ms]
2024-11-01 09:30:43.177 [info] > git for-each-ref --format %(refname) %(objectname) %(*objectname) refs/tags [20ms]
2024-11-01 09:30:43.202 [info] > git status -z -uall [17ms]
2024-11-01 09:30:43.202 [info] > git for-each-ref --sort -committerdate --format %(refname) %(objectname) %(*objectname) [9ms]
2024-11-01 09:30:43.203 [info] > git for-each-ref --sort -committerdate --format %(refname) %(objectname) %(*objectname) [27ms]
2024-11-01 09:30:43.205 [info] > git show --textconv :script/DeploySimpleStorage.s.sol [4ms]
2024-11-01 09:33:41.490 [info] > git fetch [3ms]
2024-11-01 09:33:41.507 [info] [Git][getRemotes] No remotes found in the git config file
2024-11-01 09:33:41.507 [info] > git config --get commit.template [8ms]
2024-11-01 09:33:41.508 [info] > git for-each-ref --format=%(refname)%00%(upstream:short)%00%(objectname)%00%(upstream:track)%00%(upstream:remotename)%00%(upstream:remoteref) refs/heads/master refs/remotes/master [1ms]
2024-11-01 09:33:41.524 [info] > git status -z -uall [9ms]
2024-11-01 09:33:41.524 [info] > git for-each-ref --sort -committerdate --format %(refname) %(objectname) %(*objectname) [1ms]
2024-11-01 09:33:51.112 [info] > git config --get commit.template [11ms]
2024-11-01 09:33:51.112 [info] > git ls-files --stage -- /home/jvp/Desktop/projects/foundry-setup/foundry-simple-storage-f23/script/DeploySimpleStorage.s.sol [1ms]
2024-11-01 09:33:51.122 [info] [Git][getRemotes] No remotes found in the git config file
2024-11-01 09:33:51.133 [info] > git for-each-ref --format=%(refname)%00%(upstream:short)%00%(objectname)%00%(upstream:track)%00%(upstream:remotename)%00%(upstream:remoteref) refs/heads/master refs/remotes/master [11ms]
2024-11-01 09:33:51.151 [info] > git show --textconv :script/DeploySimpleStorage.s.sol [19ms]
2024-11-01 09:33:51.151 [info] > git status -z -uall [9ms]
2024-11-01 09:33:51.152 [info] > git for-each-ref --sort -committerdate --format %(refname) %(objectname) %(*objectname) [2ms]
2024-11-01 09:33:51.515 [info] > git fetch [427ms]
2024-11-01 09:33:51.533 [info] > git config --get commit.template [9ms]
2024-11-01 09:33:51.534 [info] > git for-each-ref --format %(refname) %(objectname) %(*objectname) refs/tags [2ms]
2024-11-01 09:33:51.552 [info] > git status -z -uall [9ms]
2024-11-01 09:33:51.554 [info] > git for-each-ref --sort -committerdate --format %(refname) %(objectname) %(*objectname) [2ms]
2024-11-01 09:34:13.827 [info] > git config --get commit.template [9ms]
2024-11-01 09:34:13.828 [info] > git for-each-ref --format %(refname) %(objectname) %(*objectname) refs/tags [2ms]
2024-11-01 09:34:13.845 [info] > git status -z -uall [9ms]
2024-11-01 09:34:13.846 [info] > git for-each-ref --sort -committerdate --format %(refname) %(objectname) %(*objectname) [2ms]
2024-11-01 09:38:56.574 [info] > git fetch [18ms]
2024-11-01 09:38:56.590 [info] > git config --get commit.template [1ms]
2024-11-01 09:38:56.602 [info] [Git][getRemotes] No remotes found in the git config file
2024-11-01 09:38:56.603 [info] > git for-each-ref --format=%(refname)%00%(upstream:short)%00%(objectname)%00%(upstream:track)%00%(upstream:remotename)%00%(upstream:remoteref) refs/heads/master refs/remotes/master [1ms]
2024-11-01 09:38:56.624 [info] > git status -z -uall [11ms]
2024-11-01 09:38:56.625 [info] > git for-each-ref --sort -committerdate --format %(refname) %(objectname) %(*objectname) [2ms]
2024-11-01 09:38:56.946 [info] > git fetch [373ms]
2024-11-01 09:38:56.966 [info] > git config --get commit.template [11ms]
2024-11-01 09:38:56.967 [info] > git for-each-ref --format %(refname) %(objectname) %(*objectname) refs/tags [2ms]
2024-11-01 09:38:56.986 [info] > git status -z -uall [10ms]
2024-11-01 09:38:56.987 [info] > git for-each-ref --sort -committerdate --format %(refname) %(objectname) %(*objectname) [2ms]
2024-11-01 09:38:57.664 [info] [Git][getRemotes] No remotes found in the git config file
2024-11-01 09:38:57.664 [info] > git config --get commit.template [13ms]
2024-11-01 09:38:57.665 [info] > git for-each-ref --format=%(refname)%00%(upstream:short)%00%(objectname)%00%(upstream:track)%00%(upstream:remotename)%00%(upstream:remoteref) refs/heads/master refs/remotes/master [1ms]
2024-11-01 09:38:57.683 [info] > git status -z -uall [10ms]
2024-11-01 09:38:57.684 [info] > git for-each-ref --sort -committerdate --format %(refname) %(objectname) %(*objectname) [2ms]
2024-11-01 09:38:58.093 [info] > git config --get commit.template [11ms]
2024-11-01 09:38:58.095 [info] > git for-each-ref --format %(refname) %(objectname) %(*objectname) refs/tags [2ms]
2024-11-01 09:38:58.113 [info] > git status -z -uall [9ms]
2024-11-01 09:38:58.114 [info] > git for-each-ref --sort -committerdate --format %(refname) %(objectname) %(*objectname) [2ms]
2024-11-01 09:38:58.184 [info] > git ls-files --stage -- /home/jvp/Desktop/projects/foundry-setup/foundry-simple-storage-f23/script/DeploySimpleStorage.s.sol [1ms]
2024-11-01 09:38:58.194 [info] > git show --textconv :script/DeploySimpleStorage.s.sol [1ms]
2024-11-01 09:48:22.459 [info] > git fetch [17ms]
2024-11-01 09:48:22.482 [info] [Git][getRemotes] No remotes found in the git config file
2024-11-01 09:48:22.483 [info] > git config --get commit.template [11ms]
2024-11-01 09:48:22.483 [info] > git for-each-ref --format=%(refname)%00%(upstream:short)%00%(objectname)%00%(upstream:track)%00%(upstream:remotename)%00%(upstream:remoteref) refs/heads/master refs/remotes/master [1ms]
2024-11-01 09:48:22.505 [info] > git status -z -uall [10ms]
2024-11-01 09:48:22.506 [info] > git for-each-ref --sort -committerdate --format %(refname) %(objectname) %(*objectname) [2ms]
2024-11-01 09:48:22.893 [info] > git fetch [435ms]
2024-11-01 09:48:22.911 [info] > git config --get commit.template [9ms]
2024-11-01 09:48:22.912 [info] > git for-each-ref --format %(refname) %(objectname) %(*objectname) refs/tags [2ms]
2024-11-01 09:48:22.928 [info] > git status -z -uall [8ms]
2024-11-01 09:48:22.930 [info] > git for-each-ref --sort -committerdate --format %(refname) %(objectname) %(*objectname) [2ms]
2024-11-01 09:48:25.130 [info] > git config --get commit.template [12ms]
2024-11-01 09:48:25.139 [info] > git config --get commit.template [10ms]
2024-11-01 09:48:25.148 [info] [Git][getRemotes] No remotes found in the git config file
2024-11-01 09:48:25.157 [info] > git for-each-ref --format=%(refname)%00%(upstream:short)%00%(objectname)%00%(upstream:track)%00%(upstream:remotename)%00%(upstream:remoteref) refs/heads/master refs/remotes/master [9ms]
2024-11-01 09:48:25.175 [info] > git ls-files --stage -- /home/jvp/Desktop/projects/foundry-setup/foundry-simple-storage-f23/script/DeploySimpleStorage.s.sol [36ms]
2024-11-01 09:48:25.176 [info] > git status -z -uall [10ms]
2024-11-01 09:48:25.176 [info] > git for-each-ref --format %(refname) %(objectname) %(*objectname) refs/tags [19ms]
2024-11-01 09:48:25.194 [info] > git status -z -uall [9ms]
2024-11-01 09:48:25.194 [info] > git for-each-ref --sort -committerdate --format %(refname) %(objectname) %(*objectname) [19ms]
2024-11-01 09:48:25.205 [info] > git for-each-ref --sort -committerdate --format %(refname) %(objectname) %(*objectname) [11ms]
2024-11-01 09:48:25.207 [info] > git show --textconv :script/DeploySimpleStorage.s.sol [3ms]
2024-11-01 09:48:57.015 [info] > git check-ignore -v -z --stdin [1ms]
2024-11-01 09:48:58.088 [info] > git check-ignore -v -z --stdin [2ms]
2024-11-01 09:48:59.575 [info] > git check-ignore -v -z --stdin [1ms]
2024-11-01 09:49:01.277 [info] > git check-ignore -v -z --stdin [1ms]
2024-11-01 09:49:01.739 [info] > git show --textconv :scripts/vm.py [42ms]
2024-11-01 09:49:01.770 [info] > git ls-files --stage -- /home/jvp/Desktop/projects/foundry-setup/foundry-simple-storage-f23/lib/forge-std/scripts/vm.py [64ms]
2024-11-01 09:49:01.850 [info] > git cat-file -s 3cd047d36dc854c95cb0b20286221e61376a4166 [71ms]
2024-11-01 09:51:18.876 [info] > git show --textconv :scripts/vm.py [12ms]
2024-11-01 09:51:18.879 [info] > git ls-files --stage -- /home/jvp/Desktop/projects/foundry-setup/foundry-simple-storage-f23/lib/forge-std/scripts/vm.py [3ms]
2024-11-01 09:51:18.898 [info] > git cat-file -s 3cd047d36dc854c95cb0b20286221e61376a4166 [7ms]
2024-11-01 10:08:47.740 [info] > git fetch [15ms]
2024-11-01 10:08:47.758 [info] [Git][getRemotes] No remotes found in the git config file
2024-11-01 10:08:47.759 [info] > git config --get commit.template [10ms]
2024-11-01 10:08:47.759 [info] > git for-each-ref --format=%(refname)%00%(upstream:short)%00%(objectname)%00%(upstream:track)%00%(upstream:remotename)%00%(upstream:remoteref) refs/heads/master refs/remotes/master [1ms]
2024-11-01 10:08:47.778 [info] > git status -z -uall [10ms]
2024-11-01 10:08:47.779 [info] > git for-each-ref --sort -committerdate --format %(refname) %(objectname) %(*objectname) [2ms]
2024-11-01 10:08:48.125 [info] > git fetch [386ms]
2024-11-01 10:08:48.142 [info] > git config --get commit.template [7ms]
2024-11-01 10:08:48.144 [info] > git for-each-ref --format %(refname) %(objectname) %(*objectname) refs/tags [1ms]
2024-11-01 10:08:48.160 [info] > git status -z -uall [8ms]
2024-11-01 10:08:48.162 [info] > git for-each-ref --sort -committerdate --format %(refname) %(objectname) %(*objectname) [1ms]
2024-11-01 10:09:06.807 [info] > git config --get commit.template [9ms]
2024-11-01 10:09:06.814 [info] [Git][getRemotes] No remotes found in the git config file
2024-11-01 10:09:06.821 [info] > git for-each-ref --format=%(refname)%00%(upstream:short)%00%(objectname)%00%(upstream:track)%00%(upstream:remotename)%00%(upstream:remoteref) refs/heads/master refs/remotes/master [7ms]
2024-11-01 10:09:06.836 [info] > git config --get commit.template [30ms]
2024-11-01 10:09:06.837 [info] > git status -z -uall [9ms]
2024-11-01 10:09:06.838 [info] > git for-each-ref --format %(refname) %(objectname) %(*objectname) refs/tags [16ms]
2024-11-01 10:09:06.854 [info] > git status -z -uall [9ms]
2024-11-01 10:09:06.854 [info] > git for-each-ref --sort -committerdate --format %(refname) %(objectname) %(*objectname) [18ms]
2024-11-01 10:09:06.856 [info] > git for-each-ref --sort -committerdate --format %(refname) %(objectname) %(*objectname) [2ms]
2024-11-01 10:09:06.866 [info] > git ls-files --stage -- /home/jvp/Desktop/projects/foundry-setup/foundry-simple-storage-f23/lib/forge-std/scripts/vm.py [1ms]
2024-11-01 10:09:06.875 [info] > git cat-file -s 3cd047d36dc854c95cb0b20286221e61376a4166 [1ms]
2024-11-01 10:09:06.886 [info] > git show --textconv :scripts/vm.py [1ms]
2024-11-01 10:13:56.726 [info] > git fetch [12ms]
2024-11-01 10:13:56.746 [info] [Git][getRemotes] No remotes found in the git config file
2024-11-01 10:13:56.746 [info] > git config --get commit.template [8ms]
2024-11-01 10:13:56.747 [info] > git for-each-ref --format=%(refname)%00%(upstream:short)%00%(objectname)%00%(upstream:track)%00%(upstream:remotename)%00%(upstream:remoteref) refs/heads/master refs/remotes/master [1ms]
2024-11-01 10:13:56.766 [info] > git status -z -uall [9ms]
2024-11-01 10:13:56.766 [info] > git for-each-ref --sort -committerdate --format %(refname) %(objectname) %(*objectname) [2ms]
2024-11-01 10:13:57.113 [info] > git fetch [387ms]
2024-11-01 10:13:57.136 [info] > git config --get commit.template [10ms]
2024-11-01 10:13:57.137 [info] > git for-each-ref --format %(refname) %(objectname) %(*objectname) refs/tags [1ms]
2024-11-01 10:13:57.160 [info] > git status -z -uall [13ms]
2024-11-01 10:13:57.161 [info] > git for-each-ref --sort -committerdate --format %(refname) %(objectname) %(*objectname) [2ms]
2024-11-01 10:16:03.616 [info] > git config --get commit.template [1ms]
2024-11-01 10:16:03.616 [info] > git config --get commit.template [12ms]
2024-11-01 10:16:03.635 [info] [Git][getRemotes] No remotes found in the git config file
2024-11-01 10:16:03.644 [info] > git for-each-ref --format=%(refname)%00%(upstream:short)%00%(objectname)%00%(upstream:track)%00%(upstream:remotename)%00%(upstream:remoteref) refs/heads/master refs/remotes/master [9ms]
2024-11-01 10:16:03.661 [info] > git ls-files --stage -- /home/jvp/Desktop/projects/foundry-setup/foundry-simple-storage-f23/lib/forge-std/scripts/vm.py [35ms]
2024-11-01 10:16:03.671 [info] > git status -z -uall [18ms]
2024-11-01 10:16:03.671 [info] > git for-each-ref --sort -committerdate --format %(refname) %(objectname) %(*objectname) [10ms]
2024-11-01 10:16:03.672 [info] > git for-each-ref --format %(refname) %(objectname) %(*objectname) refs/tags [28ms]
2024-11-01 10:16:03.691 [info] > git status -z -uall [10ms]
2024-11-01 10:16:03.691 [info] > git cat-file -s 3cd047d36dc854c95cb0b20286221e61376a4166 [21ms]
2024-11-01 10:16:03.692 [info] > git for-each-ref --sort -committerdate --format %(refname) %(objectname) %(*objectname) [2ms]
2024-11-01 10:16:03.704 [info] > git show --textconv :scripts/vm.py [1ms]
2024-11-01 10:16:08.404 [info] > git show --textconv :src/SimpleStorage.sol [8ms]
2024-11-01 10:16:08.405 [info] > git ls-files --stage -- /home/jvp/Desktop/projects/foundry-setup/foundry-simple-storage-f23/src/SimpleStorage.sol [1ms]
2024-11-01 10:17:12.147 [info] > git fetch [10ms]
2024-11-01 10:17:12.164 [info] [Git][getRemotes] No remotes found in the git config file
2024-11-01 10:17:12.165 [info] > git config --get commit.template [9ms]
2024-11-01 10:17:12.166 [info] > git for-each-ref --format=%(refname)%00%(upstream:short)%00%(objectname)%00%(upstream:track)%00%(upstream:remotename)%00%(upstream:remoteref) refs/heads/master refs/remotes/master [2ms]
2024-11-01 10:17:12.184 [info] > git status -z -uall [10ms]
2024-11-01 10:17:12.184 [info] > git for-each-ref --sort -committerdate --format %(refname) %(objectname) %(*objectname) [1ms]
2024-11-01 10:17:12.520 [info] > git fetch [373ms]
2024-11-01 10:17:12.536 [info] > git config --get commit.template [8ms]
2024-11-01 10:17:12.537 [info] > git for-each-ref --format %(refname) %(objectname) %(*objectname) refs/tags [2ms]
2024-11-01 10:17:12.556 [info] > git status -z -uall [10ms]
2024-11-01 10:17:12.558 [info] > git for-each-ref --sort -committerdate --format %(refname) %(objectname) %(*objectname) [3ms]
2024-11-01 10:17:37.165 [info] > git config --get commit.template [11ms]
2024-11-01 10:17:37.175 [info] > git config --get commit.template [11ms]
2024-11-01 10:17:37.183 [info] [Git][getRemotes] No remotes found in the git config file
2024-11-01 10:17:37.192 [info] > git for-each-ref --format=%(refname)%00%(upstream:short)%00%(objectname)%00%(upstream:track)%00%(upstream:remotename)%00%(upstream:remoteref) refs/heads/master refs/remotes/master [9ms]
2024-11-01 10:17:37.210 [info] > git ls-files --stage -- /home/jvp/Desktop/projects/foundry-setup/foundry-simple-storage-f23/src/SimpleStorage.sol [36ms]
2024-11-01 10:17:37.211 [info] > git status -z -uall [11ms]
2024-11-01 10:17:37.211 [info] > git for-each-ref --format %(refname) %(objectname) %(*objectname) refs/tags [20ms]
2024-11-01 10:17:37.231 [info] > git status -z -uall [11ms]
2024-11-01 10:17:37.231 [info] > git for-each-ref --sort -committerdate --format %(refname) %(objectname) %(*objectname) [21ms]
2024-11-01 10:17:37.242 [info] > git for-each-ref --sort -committerdate --format %(refname) %(objectname) %(*objectname) [12ms]
2024-11-01 10:17:37.244 [info] > git show --textconv :src/SimpleStorage.sol [2ms]
2024-11-01 10:26:08.655 [info] > git fetch [10ms]
2024-11-01 10:26:08.666 [info] > git config --get commit.template [1ms]
2024-11-01 10:26:08.673 [info] [Git][getRemotes] No remotes found in the git config file
2024-11-01 10:26:08.674 [info] > git for-each-ref --format=%(refname)%00%(upstream:short)%00%(objectname)%00%(upstream:track)%00%(upstream:remotename)%00%(upstream:remoteref) refs/heads/master refs/remotes/master [1ms]
2024-11-01 10:26:08.690 [info] > git status -z -uall [9ms]
2024-11-01 10:26:08.691 [info] > git for-each-ref --sort -committerdate --format %(refname) %(objectname) %(*objectname) [1ms]
2024-11-01 10:26:09.023 [info] > git fetch [369ms]
2024-11-01 10:26:09.041 [info] > git config --get commit.template [9ms]
2024-11-01 10:26:09.041 [info] > git for-each-ref --format %(refname) %(objectname) %(*objectname) refs/tags [1ms]
2024-11-01 10:26:09.058 [info] > git status -z -uall [9ms]
2024-11-01 10:26:09.059 [info] > git for-each-ref --sort -committerdate --format %(refname) %(objectname) %(*objectname) [2ms]
2024-11-01 10:26:09.742 [info] [Git][getRemotes] No remotes found in the git config file
2024-11-01 10:26:09.743 [info] > git config --get commit.template [9ms]
2024-11-01 10:26:09.743 [info] > git for-each-ref --format=%(refname)%00%(upstream:short)%00%(objectname)%00%(upstream:track)%00%(upstream:remotename)%00%(upstream:remoteref) refs/heads/master refs/remotes/master [1ms]
2024-11-01 10:26:09.762 [info] > git status -z -uall [8ms]
2024-11-01 10:26:09.763 [info] > git for-each-ref --sort -committerdate --format %(refname) %(objectname) %(*objectname) [1ms]
2024-11-01 10:26:10.175 [info] > git config --get commit.template [11ms]
2024-11-01 10:26:10.176 [info] > git for-each-ref --format %(refname) %(objectname) %(*objectname) refs/tags [1ms]
2024-11-01 10:26:10.196 [info] > git status -z -uall [9ms]
2024-11-01 10:26:10.197 [info] > git for-each-ref --sort -committerdate --format %(refname) %(objectname) %(*objectname) [1ms]
2024-11-01 10:26:10.263 [info] > git ls-files --stage -- /home/jvp/Desktop/projects/foundry-setup/foundry-simple-storage-f23/src/SimpleStorage.sol [1ms]
2024-11-01 10:26:10.275 [info] > git show --textconv :src/SimpleStorage.sol [1ms]
2024-11-01 11:57:31.892 [info] > git fetch [9ms]
2024-11-01 11:57:31.910 [info] [Git][getRemotes] No remotes found in the git config file
2024-11-01 11:57:31.911 [info] > git config --get commit.template [8ms]
2024-11-01 11:57:31.911 [info] > git for-each-ref --format=%(refname)%00%(upstream:short)%00%(objectname)%00%(upstream:track)%00%(upstream:remotename)%00%(upstream:remoteref) refs/heads/master refs/remotes/master [1ms]
2024-11-01 11:57:31.929 [info] > git status -z -uall [10ms]
2024-11-01 11:57:31.929 [info] > git for-each-ref --sort -committerdate --format %(refname) %(objectname) %(*objectname) [1ms]
2024-11-01 11:57:32.311 [info] > git fetch [419ms]
2024-11-01 11:57:32.331 [info] > git config --get commit.template [9ms]
2024-11-01 11:57:32.332 [info] > git for-each-ref --format %(refname) %(objectname) %(*objectname) refs/tags [2ms]
2024-11-01 11:57:32.347 [info] > git status -z -uall [8ms]
2024-11-01 11:57:32.349 [info] > git for-each-ref --sort -committerdate --format %(refname) %(objectname) %(*objectname) [2ms]
2024-11-01 11:57:32.980 [info] [Git][getRemotes] No remotes found in the git config file
2024-11-01 11:57:32.980 [info] > git config --get commit.template [9ms]
2024-11-01 11:57:32.981 [info] > git for-each-ref --format=%(refname)%00%(upstream:short)%00%(objectname)%00%(upstream:track)%00%(upstream:remotename)%00%(upstream:remoteref) refs/heads/master refs/remotes/master [1ms]
2024-11-01 11:57:33.000 [info] > git status -z -uall [10ms]
2024-11-01 11:57:33.001 [info] > git for-each-ref --sort -committerdate --format %(refname) %(objectname) %(*objectname) [1ms]
2024-11-01 11:57:33.459 [info] > git config --get commit.template [10ms]
2024-11-01 11:57:33.460 [info] > git for-each-ref --format %(refname) %(objectname) %(*objectname) refs/tags [2ms]
2024-11-01 11:57:33.478 [info] > git status -z -uall [10ms]
2024-11-01 11:57:33.479 [info] > git for-each-ref --sort -committerdate --format %(refname) %(objectname) %(*objectname) [2ms]
2024-11-01 12:07:49.031 [info] > git fetch [8ms]
2024-11-01 12:07:49.045 [info] [Git][getRemotes] No remotes found in the git config file
2024-11-01 12:07:49.045 [info] > git config --get commit.template [7ms]
2024-11-01 12:07:49.046 [info] > git for-each-ref --format=%(refname)%00%(upstream:short)%00%(objectname)%00%(upstream:track)%00%(upstream:remotename)%00%(upstream:remoteref) refs/heads/master refs/remotes/master [1ms]
2024-11-01 12:07:49.059 [info] > git status -z -uall [7ms]
2024-11-01 12:07:49.060 [info] > git for-each-ref --sort -committerdate --format %(refname) %(objectname) %(*objectname) [1ms]
2024-11-01 12:07:49.082 [info] > git ls-files --stage -- /home/jvp/Desktop/projects/foundry-setup/foundry-simple-storage-f23/src/SimpleStorage.sol [1ms]
2024-11-01 12:07:49.095 [info] > git show --textconv :src/SimpleStorage.sol [1ms]
2024-11-01 12:07:49.446 [info] > git fetch [416ms]
2024-11-01 12:07:49.455 [info] > git config --get commit.template [1ms]
2024-11-01 12:07:49.464 [info] > git for-each-ref --format %(refname) %(objectname) %(*objectname) refs/tags [1ms]
2024-11-01 12:07:49.480 [info] > git status -z -uall [8ms]
2024-11-01 12:07:49.481 [info] > git for-each-ref --sort -committerdate --format %(refname) %(objectname) %(*objectname) [2ms]
2024-11-01 12:28:38.480 [info] > git fetch [33ms]
2024-11-01 12:28:38.498 [info] > git config --get commit.template [18ms]
2024-11-01 12:28:38.498 [info] > git config --get commit.template [27ms]
2024-11-01 12:28:38.499 [info] > git ls-files --stage -- /home/jvp/Desktop/projects/foundry-setup/foundry-simple-storage-f23/src/SimpleStorage.sol [10ms]
2024-11-01 12:28:38.508 [info] [Git][getRemotes] No remotes found in the git config file
2024-11-01 12:28:38.515 [info] > git config --get commit.template [18ms]
2024-11-01 12:28:38.523 [info] [Git][getRemotes] No remotes found in the git config file
2024-11-01 12:28:38.524 [info] > git for-each-ref --format=%(refname)%00%(upstream:short)%00%(objectname)%00%(upstream:track)%00%(upstream:remotename)%00%(upstream:remoteref) refs/heads/master refs/remotes/master [17ms]
2024-11-01 12:28:38.533 [info] > git for-each-ref --format=%(refname)%00%(upstream:short)%00%(objectname)%00%(upstream:track)%00%(upstream:remotename)%00%(upstream:remoteref) refs/heads/master refs/remotes/master [10ms]
2024-11-01 12:28:38.550 [info] > git for-each-ref --format %(refname) %(objectname) %(*objectname) refs/tags [36ms]
2024-11-01 12:28:38.568 [info] > git show --textconv :src/SimpleStorage.sol [35ms]
2024-11-01 12:28:38.568 [info] > git status -z -uall [26ms]
2024-11-01 12:28:38.568 [info] > git status -z -uall [10ms]
2024-11-01 12:28:38.568 [info] > git for-each-ref --sort -committerdate --format %(refname) %(objectname) %(*objectname) [18ms]
2024-11-01 12:28:38.570 [info] > git for-each-ref --sort -committerdate --format %(refname) %(objectname) %(*objectname) [3ms]
2024-11-01 12:28:38.857 [info] > git fetch [398ms]
2024-11-01 12:28:38.876 [info] > git config --get commit.template [9ms]
2024-11-01 12:28:38.876 [info] > git for-each-ref --format %(refname) %(objectname) %(*objectname) refs/tags [1ms]
2024-11-01 12:28:38.893 [info] > git status -z -uall [9ms]
2024-11-01 12:28:38.894 [info] > git for-each-ref --sort -committerdate --format %(refname) %(objectname) %(*objectname) [2ms]
2024-11-01 12:28:40.096 [info] > git ls-files --stage -- /home/jvp/Desktop/projects/foundry-setup/foundry-simple-storage-f23/src/SimpleStorage.sol [1ms]
2024-11-01 12:28:40.108 [info] > git show --textconv :src/SimpleStorage.sol [1ms]
2024-11-01 12:28:43.592 [info] > git config --get commit.template [8ms]
2024-11-01 12:28:43.593 [info] > git for-each-ref --format %(refname) %(objectname) %(*objectname) refs/tags [2ms]
2024-11-01 12:28:43.611 [info] > git status -z -uall [9ms]
2024-11-01 12:28:43.613 [info] > git for-each-ref --sort -committerdate --format %(refname) %(objectname) %(*objectname) [2ms]
2024-11-01 12:58:16.380 [info] > git fetch [10ms]
2024-11-01 12:58:16.395 [info] [Git][getRemotes] No remotes found in the git config file
2024-11-01 12:58:16.396 [info] > git config --get commit.template [8ms]
2024-11-01 12:58:16.396 [info] > git for-each-ref --format=%(refname)%00%(upstream:short)%00%(objectname)%00%(upstream:track)%00%(upstream:remotename)%00%(upstream:remoteref) refs/heads/master refs/remotes/master [1ms]
2024-11-01 12:58:16.412 [info] > git status -z -uall [7ms]
2024-11-01 12:58:16.412 [info] > git for-each-ref --sort -committerdate --format %(refname) %(objectname) %(*objectname) [1ms]
2024-11-01 12:58:16.811 [info] > git fetch [432ms]
2024-11-01 12:58:16.829 [info] > git config --get commit.template [8ms]
2024-11-01 12:58:16.830 [info] > git for-each-ref --format %(refname) %(objectname) %(*objectname) refs/tags [1ms]
2024-11-01 12:58:16.847 [info] > git status -z -uall [10ms]
2024-11-01 12:58:16.848 [info] > git for-each-ref --sort -committerdate --format %(refname) %(objectname) %(*objectname) [1ms]
2024-11-01 12:58:17.464 [info] [Git][getRemotes] No remotes found in the git config file
2024-11-01 12:58:17.464 [info] > git config --get commit.template [9ms]
2024-11-01 12:58:17.465 [info] > git for-each-ref --format=%(refname)%00%(upstream:short)%00%(objectname)%00%(upstream:track)%00%(upstream:remotename)%00%(upstream:remoteref) refs/heads/master refs/remotes/master [1ms]
2024-11-01 12:58:17.481 [info] > git status -z -uall [7ms]
2024-11-01 12:58:17.482 [info] > git for-each-ref --sort -committerdate --format %(refname) %(objectname) %(*objectname) [1ms]
2024-11-01 13:06:55.678 [info] > git fetch [17ms]
2024-11-01 13:06:55.696 [info] > git config --get commit.template [19ms]
2024-11-01 13:06:55.697 [info] > git config --get commit.template [1ms]
2024-11-01 13:06:55.697 [info] > git ls-files --stage -- /home/jvp/Desktop/projects/foundry-setup/foundry-simple-storage-f23/src/SimpleStorage.sol [11ms]
2024-11-01 13:06:55.717 [info] [Git][getRemotes] No remotes found in the git config file
2024-11-01 13:06:55.728 [info] > git for-each-ref --format=%(refname)%00%(upstream:short)%00%(objectname)%00%(upstream:track)%00%(upstream:remotename)%00%(upstream:remoteref) refs/heads/master refs/remotes/master [11ms]
2024-11-01 13:06:55.751 [info] > git for-each-ref --format %(refname) %(objectname) %(*objectname) refs/tags [46ms]
2024-11-01 13:06:55.769 [info] > git show --textconv :src/SimpleStorage.sol [42ms]
2024-11-01 13:06:55.769 [info] > git status -z -uall [30ms]
2024-11-01 13:06:55.769 [info] > git status -z -uall [10ms]
2024-11-01 13:06:55.770 [info] > git for-each-ref --sort -committerdate --format %(refname) %(objectname) %(*objectname) [19ms]
2024-11-01 13:06:55.771 [info] > git for-each-ref --sort -committerdate --format %(refname) %(objectname) %(*objectname) [3ms]
2024-11-01 13:06:56.096 [info] > git fetch [428ms]
2024-11-01 13:06:56.115 [info] > git config --get commit.template [8ms]
2024-11-01 13:06:56.116 [info] > git for-each-ref --format %(refname) %(objectname) %(*objectname) refs/tags [1ms]
2024-11-01 13:06:56.131 [info] > git status -z -uall [8ms]
2024-11-01 13:06:56.132 [info] > git for-each-ref --sort -committerdate --format %(refname) %(objectname) %(*objectname) [2ms]
2024-11-01 13:36:38.440 [info] > git fetch [28ms]
2024-11-01 13:36:38.458 [info] > git config --get commit.template [19ms]
2024-11-01 13:36:38.459 [info] > git config --get commit.template [28ms]
2024-11-01 13:36:38.459 [info] > git ls-files --stage -- /home/jvp/Desktop/projects/foundry-setup/foundry-simple-storage-f23/src/SimpleStorage.sol [10ms]
2024-11-01 13:36:38.468 [info] [Git][getRemotes] No remotes found in the git config file
2024-11-01 13:36:38.478 [info] > git config --get commit.template [20ms]
2024-11-01 13:36:38.486 [info] [Git][getRemotes] No remotes found in the git config file
2024-11-01 13:36:38.486 [info] > git for-each-ref --format=%(refname)%00%(upstream:short)%00%(objectname)%00%(upstream:track)%00%(upstream:remotename)%00%(upstream:remoteref) refs/heads/master refs/remotes/master [19ms]
2024-11-01 13:36:38.496 [info] > git for-each-ref --format=%(refname)%00%(upstream:short)%00%(objectname)%00%(upstream:track)%00%(upstream:remotename)%00%(upstream:remoteref) refs/heads/master refs/remotes/master [10ms]
2024-11-01 13:36:38.517 [info] > git for-each-ref --format %(refname) %(objectname) %(*objectname) refs/tags [39ms]
2024-11-01 13:36:38.539 [info] > git show --textconv :src/SimpleStorage.sol [43ms]
2024-11-01 13:36:38.539 [info] > git status -z -uall [34ms]
2024-11-01 13:36:38.539 [info] > git status -z -uall [13ms]
2024-11-01 13:36:38.539 [info] > git for-each-ref --sort -committerdate --format %(refname) %(objectname) %(*objectname) [23ms]
2024-11-01 13:36:38.541 [info] > git for-each-ref --sort -committerdate --format %(refname) %(objectname) %(*objectname) [4ms]
2024-11-01 13:36:38.804 [info] > git fetch [384ms]
2024-11-01 13:36:38.823 [info] > git config --get commit.template [9ms]
2024-11-01 13:36:38.824 [info] > git for-each-ref --format %(refname) %(objectname) %(*objectname) refs/tags [2ms]
2024-11-01 13:36:38.840 [info] > git status -z -uall [8ms]
2024-11-01 13:36:38.841 [info] > git for-each-ref --sort -committerdate --format %(refname) %(objectname) %(*objectname) [1ms]
2024-11-01 13:36:40.043 [info] > git ls-files --stage -- /home/jvp/Desktop/projects/foundry-setup/foundry-simple-storage-f23/src/SimpleStorage.sol [1ms]
2024-11-01 13:36:40.053 [info] > git show --textconv :src/SimpleStorage.sol [2ms]
2024-11-01 13:44:26.093 [info] > git fetch [33ms]
2024-11-01 13:44:26.108 [info] > git config --get commit.template [16ms]
2024-11-01 13:44:26.123 [info] [Git][getRemotes] No remotes found in the git config file
2024-11-01 13:44:26.135 [info] > git config --get commit.template [27ms]
2024-11-01 13:44:26.135 [info] > git for-each-ref --format %(refname) %(objectname) %(*objectname) refs/tags [12ms]
2024-11-01 13:44:26.156 [info] > git status -z -uall [12ms]
2024-11-01 13:44:26.156 [info] > git for-each-ref --format=%(refname)%00%(upstream:short)%00%(objectname)%00%(upstream:track)%00%(upstream:remotename)%00%(upstream:remoteref) refs/heads/master refs/remotes/master [22ms]
2024-11-01 13:44:26.177 [info] > git status -z -uall [11ms]
2024-11-01 13:44:26.177 [info] > git for-each-ref --sort -committerdate --format %(refname) %(objectname) %(*objectname) [23ms]
2024-11-01 13:44:26.178 [info] > git for-each-ref --sort -committerdate --format %(refname) %(objectname) %(*objectname) [2ms]
2024-11-01 13:44:26.533 [info] > git fetch [457ms]
2024-11-01 13:44:26.550 [info] > git config --get commit.template [8ms]
2024-11-01 13:44:26.552 [info] > git for-each-ref --format %(refname) %(objectname) %(*objectname) refs/tags [2ms]
2024-11-01 13:44:26.570 [info] > git status -z -uall [10ms]
2024-11-01 13:44:26.571 [info] > git for-each-ref --sort -committerdate --format %(refname) %(objectname) %(*objectname) [2ms]
2024-11-01 13:44:27.773 [info] > git ls-files --stage -- /home/jvp/Desktop/projects/foundry-setup/foundry-simple-storage-f23/src/SimpleStorage.sol [1ms]
2024-11-01 13:44:27.784 [info] > git show --textconv :src/SimpleStorage.sol [1ms]
2024-11-01 13:44:28.582 [info] > git show --textconv :.gitignore [12ms]
2024-11-01 13:44:28.583 [info] > git ls-files --stage -- /home/jvp/Desktop/projects/foundry-setup/foundry-simple-storage-f23/.gitignore [1ms]
2024-11-01 13:44:28.594 [info] > git cat-file -s 85198aaa55b84c0390b360ea2ba730087a9fcf49 [1ms]
2024-11-01 13:44:29.876 [info] > git show --textconv :foundry.toml [14ms]
2024-11-01 13:44:29.877 [info] > git ls-files --stage -- /home/jvp/Desktop/projects/foundry-setup/foundry-simple-storage-f23/foundry.toml [2ms]
2024-11-01 13:44:29.886 [info] > git cat-file -s 25b918f9c9a96afb107fd052f6aa5cbacc3d5111 [1ms]
2024-11-01 13:44:31.199 [info] > git config --get commit.template [11ms]
2024-11-01 13:44:31.201 [info] > git for-each-ref --format %(refname) %(objectname) %(*objectname) refs/tags [2ms]
2024-11-01 13:44:31.221 [info] > git status -z -uall [11ms]
2024-11-01 13:44:31.222 [info] > git for-each-ref --sort -committerdate --format %(refname) %(objectname) %(*objectname) [2ms]
2024-11-01 13:44:40.893 [info] > git show --textconv :foundry.toml [10ms]
2024-11-01 13:44:40.894 [info] > git ls-files --stage -- /home/jvp/Desktop/projects/foundry-setup/foundry-simple-storage-f23/foundry.toml [1ms]
2024-11-01 13:44:40.904 [info] > git cat-file -s 25b918f9c9a96afb107fd052f6aa5cbacc3d5111 [1ms]
2024-11-01 13:47:26.195 [info] > git fetch [3ms]
2024-11-01 13:47:26.215 [info] [Git][getRemotes] No remotes found in the git config file
2024-11-01 13:47:26.215 [info] > git config --get commit.template [9ms]
2024-11-01 13:47:26.216 [info] > git for-each-ref --format=%(refname)%00%(upstream:short)%00%(objectname)%00%(upstream:track)%00%(upstream:remotename)%00%(upstream:remoteref) refs/heads/master refs/remotes/master [2ms]
2024-11-01 13:47:26.234 [info] > git status -z -uall [10ms]
2024-11-01 13:47:26.234 [info] > git for-each-ref --sort -committerdate --format %(refname) %(objectname) %(*objectname) [1ms]
2024-11-01 13:47:27.007 [info] > git fetch [423ms]
2024-11-01 13:47:27.028 [info] > git config --get commit.template [12ms]
2024-11-01 13:47:27.029 [info] > git for-each-ref --format %(refname) %(objectname) %(*objectname) refs/tags [1ms]
2024-11-01 13:47:27.050 [info] > git status -z -uall [11ms]
2024-11-01 13:47:27.051 [info] > git for-each-ref --sort -committerdate --format %(refname) %(objectname) %(*objectname) [2ms]
2024-11-01 13:47:27.287 [info] [Git][getRemotes] No remotes found in the git config file
2024-11-01 13:47:27.288 [info] > git config --get commit.template [9ms]
2024-11-01 13:47:27.288 [info] > git for-each-ref --format=%(refname)%00%(upstream:short)%00%(objectname)%00%(upstream:track)%00%(upstream:remotename)%00%(upstream:remoteref) refs/heads/master refs/remotes/master [1ms]
2024-11-01 13:47:27.310 [info] > git status -z -uall [13ms]
2024-11-01 13:47:27.311 [info] > git for-each-ref --sort -committerdate --format %(refname) %(objectname) %(*objectname) [2ms]
2024-11-01 13:47:28.154 [info] > git config --get commit.template [9ms]
2024-11-01 13:47:28.155 [info] > git for-each-ref --format %(refname) %(objectname) %(*objectname) refs/tags [1ms]
2024-11-01 13:47:28.176 [info] > git status -z -uall [11ms]
2024-11-01 13:47:28.177 [info] > git for-each-ref --sort -committerdate --format %(refname) %(objectname) %(*objectname) [2ms]
