2024-11-04 18:57:54.917 [info] (Client) Pylance async client (2024.11.1) started with python extension (2024.18.0)
2024-11-04 18:57:55.382 [info] [Info  - 6:57:55 PM] (83860) Server root directory: file:///home/jvp/.vscode/extensions/ms-python.vscode-pylance-2024.11.1/dist
2024-11-04 18:57:55.382 [info] [Info  - 6:57:55 PM] (83860) Pylance language server 2024.11.1 (pyright version 1.1.386, commit 4180fa21) starting
2024-11-04 18:57:55.387 [info] [Info  - 6:57:55 PM] (83860) Starting service instance "foundry-project"
2024-11-04 18:57:55.446 [info] [Info  - 6:57:55 PM] (83860) Setting environmentName for service "foundry-project": "3.12.7 (global)"
2024-11-04 18:57:55.446 [info] [Info  - 6:57:55 PM] (83860) Setting pythonPath for service "foundry-project": "/bin/python"
2024-11-04 18:57:55.446 [info] [Info  - 6:57:55 PM] (83860) No include entries specified; assuming /home/jvp/Desktop/projects/foundry-project
2024-11-04 18:57:55.447 [info] [Info  - 6:57:55 PM] (83860) Auto-excluding **/node_modules
2024-11-04 18:57:55.447 [info] [Info  - 6:57:55 PM] (83860) Auto-excluding **/__pycache__
2024-11-04 18:57:55.447 [info] [Info  - 6:57:55 PM] (83860) Auto-excluding **/.*
2024-11-04 18:57:55.472 [info] [Info  - 6:57:55 PM] (83860) Assuming Python version 3.12.7.final.0
2024-11-04 18:57:55.612 [info] [Info  - 6:57:55 PM] (83860) Found 1 source file
2024-11-04 18:57:55.931 [info] [Info  - 6:57:55 PM] (83860) Background analysis(1) root directory: file:///home/jvp/.vscode/extensions/ms-python.vscode-pylance-2024.11.1/dist
2024-11-04 18:57:55.933 [info] [Info  - 6:57:55 PM] (83860) Background analysis(1) started
2024-11-04 18:58:01.216 [info] [Info  - 6:58:01 PM] Server process exited successfully
2024-11-04 18:58:01.747 [info] (Client) Pylance async client (2024.11.1) started with python extension (2024.18.0)
2024-11-04 18:58:02.231 [info] [Info  - 6:58:02 PM] (83941) Server root directory: file:///home/jvp/.vscode/extensions/ms-python.vscode-pylance-2024.11.1/dist
2024-11-04 18:58:02.231 [info] [Info  - 6:58:02 PM] (83941) Pylance language server 2024.11.1 (pyright version 1.1.386, commit 4180fa21) starting
2024-11-04 18:58:02.236 [info] [Info  - 6:58:02 PM] (83941) Starting service instance "foundry-project"
2024-11-04 18:58:02.258 [info] [Info  - 6:58:02 PM] (83941) Setting environmentName for service "foundry-project": "3.12.7 (global)"
2024-11-04 18:58:02.258 [info] [Info  - 6:58:02 PM] (83941) Setting pythonPath for service "foundry-project": "/bin/python"
2024-11-04 18:58:02.259 [info] [Info  - 6:58:02 PM] (83941) No include entries specified; assuming /home/jvp/Desktop/projects/foundry-project
2024-11-04 18:58:02.260 [info] [Info  - 6:58:02 PM] (83941) Auto-excluding **/node_modules
2024-11-04 18:58:02.260 [info] [Info  - 6:58:02 PM] (83941) Auto-excluding **/__pycache__
2024-11-04 18:58:02.260 [info] [Info  - 6:58:02 PM] (83941) Auto-excluding **/.*
2024-11-04 18:58:02.284 [info] [Info  - 6:58:02 PM] (83941) Assuming Python version 3.12.7.final.0
2024-11-04 18:58:02.414 [info] [Info  - 6:58:02 PM] (83941) Found 1 source file
2024-11-04 18:58:02.725 [info] [Info  - 6:58:02 PM] (83941) Background analysis(1) root directory: file:///home/jvp/.vscode/extensions/ms-python.vscode-pylance-2024.11.1/dist
2024-11-04 18:58:02.726 [info] [Info  - 6:58:02 PM] (83941) Background analysis(1) started
2024-11-04 18:58:03.667 [info] [Info  - 6:58:03 PM] Server process exited successfully
2024-11-04 18:58:04.181 [info] (Client) Pylance async client (2024.11.1) started with python extension (2024.18.0)
2024-11-04 18:58:04.629 [info] [Info  - 6:58:04 PM] (83971) Server root directory: file:///home/jvp/.vscode/extensions/ms-python.vscode-pylance-2024.11.1/dist
2024-11-04 18:58:04.629 [info] [Info  - 6:58:04 PM] (83971) Pylance language server 2024.11.1 (pyright version 1.1.386, commit 4180fa21) starting
2024-11-04 18:58:04.633 [info] [Info  - 6:58:04 PM] (83971) Starting service instance "foundry-project"
2024-11-04 18:58:04.671 [info] [Info  - 6:58:04 PM] (83971) Setting environmentName for service "foundry-project": "3.12.7 (global)"
2024-11-04 18:58:04.672 [info] [Info  - 6:58:04 PM] (83971) Setting pythonPath for service "foundry-project": "/bin/python"
2024-11-04 18:58:04.672 [info] [Info  - 6:58:04 PM] (83971) No include entries specified; assuming /home/jvp/Desktop/projects/foundry-project
2024-11-04 18:58:04.672 [info] [Info  - 6:58:04 PM] (83971) Auto-excluding **/node_modules
2024-11-04 18:58:04.672 [info] [Info  - 6:58:04 PM] (83971) Auto-excluding **/__pycache__
2024-11-04 18:58:04.673 [info] [Info  - 6:58:04 PM] (83971) Auto-excluding **/.*
2024-11-04 18:58:04.713 [info] [Info  - 6:58:04 PM] (83971) Assuming Python version 3.12.7.final.0
2024-11-04 18:58:04.822 [info] [Info  - 6:58:04 PM] (83971) Found 1 source file
2024-11-04 18:58:05.124 [info] [Info  - 6:58:05 PM] (83971) Background analysis(1) root directory: file:///home/jvp/.vscode/extensions/ms-python.vscode-pylance-2024.11.1/dist
2024-11-04 18:58:05.126 [info] [Info  - 6:58:05 PM] (83971) Background analysis(1) started
2024-11-04 19:03:59.491 [info] [Info  - 7:03:59 PM] Server process exited successfully
2024-11-04 19:04:00.025 [info] (Client) Pylance async client (2024.11.1) started with python extension (2024.18.0)
2024-11-04 19:04:00.486 [info] [Info  - 7:04:00 PM] (84263) Server root directory: file:///home/jvp/.vscode/extensions/ms-python.vscode-pylance-2024.11.1/dist
2024-11-04 19:04:00.486 [info] [Info  - 7:04:00 PM] (84263) Pylance language server 2024.11.1 (pyright version 1.1.386, commit 4180fa21) starting
2024-11-04 19:04:00.491 [info] [Info  - 7:04:00 PM] (84263) Starting service instance "foundry-project"
2024-11-04 19:04:00.518 [info] [Info  - 7:04:00 PM] (84263) Setting environmentName for service "foundry-project": "3.12.7 (global)"
2024-11-04 19:04:00.518 [info] [Info  - 7:04:00 PM] (84263) Setting pythonPath for service "foundry-project": "/bin/python"
2024-11-04 19:04:00.518 [info] [Info  - 7:04:00 PM] (84263) No include entries specified; assuming /home/jvp/Desktop/projects/foundry-project
2024-11-04 19:04:00.519 [info] [Info  - 7:04:00 PM] (84263) Auto-excluding **/node_modules
2024-11-04 19:04:00.519 [info] [Info  - 7:04:00 PM] (84263) Auto-excluding **/__pycache__
2024-11-04 19:04:00.519 [info] [Info  - 7:04:00 PM] (84263) Auto-excluding **/.*
2024-11-04 19:04:00.541 [info] [Info  - 7:04:00 PM] (84263) Assuming Python version 3.12.7.final.0
2024-11-04 19:04:00.661 [info] [Info  - 7:04:00 PM] (84263) Found 1 source file
2024-11-04 19:04:00.962 [info] [Info  - 7:04:00 PM] (84263) Background analysis(1) root directory: file:///home/jvp/.vscode/extensions/ms-python.vscode-pylance-2024.11.1/dist
2024-11-04 19:04:00.965 [info] [Info  - 7:04:00 PM] (84263) Background analysis(1) started
2024-11-04 19:07:02.321 [info] [Info  - 7:07:02 PM] Server process exited successfully
2024-11-04 19:07:02.854 [info] (Client) Pylance async client (2024.11.1) started with python extension (2024.18.0)
2024-11-04 19:07:03.315 [info] [Info  - 7:07:03 PM] (84595) Server root directory: file:///home/jvp/.vscode/extensions/ms-python.vscode-pylance-2024.11.1/dist
2024-11-04 19:07:03.316 [info] [Info  - 7:07:03 PM] (84595) Pylance language server 2024.11.1 (pyright version 1.1.386, commit 4180fa21) starting
2024-11-04 19:07:03.320 [info] [Info  - 7:07:03 PM] (84595) Starting service instance "foundry-project"
2024-11-04 19:07:03.342 [info] [Info  - 7:07:03 PM] (84595) Setting environmentName for service "foundry-project": "3.12.7 (global)"
2024-11-04 19:07:03.342 [info] [Info  - 7:07:03 PM] (84595) Setting pythonPath for service "foundry-project": "/bin/python"
2024-11-04 19:07:03.343 [info] [Info  - 7:07:03 PM] (84595) No include entries specified; assuming /home/jvp/Desktop/projects/foundry-project
2024-11-04 19:07:03.343 [info] [Info  - 7:07:03 PM] (84595) Auto-excluding **/node_modules
2024-11-04 19:07:03.343 [info] [Info  - 7:07:03 PM] (84595) Auto-excluding **/__pycache__
2024-11-04 19:07:03.343 [info] [Info  - 7:07:03 PM] (84595) Auto-excluding **/.*
2024-11-04 19:07:03.365 [info] [Info  - 7:07:03 PM] (84595) Assuming Python version 3.12.7.final.0
2024-11-04 19:07:03.495 [info] [Info  - 7:07:03 PM] (84595) Found 1 source file
2024-11-04 19:07:03.811 [info] [Info  - 7:07:03 PM] (84595) Background analysis(1) root directory: file:///home/jvp/.vscode/extensions/ms-python.vscode-pylance-2024.11.1/dist
2024-11-04 19:07:03.813 [info] [Info  - 7:07:03 PM] (84595) Background analysis(1) started
2024-11-04 19:07:16.924 [info] [Info  - 7:07:16 PM] Server process exited successfully
2024-11-04 19:07:17.431 [info] (Client) Pylance async client (2024.11.1) started with python extension (2024.18.0)
2024-11-04 19:07:17.879 [info] [Info  - 7:07:17 PM] (84628) Server root directory: file:///home/jvp/.vscode/extensions/ms-python.vscode-pylance-2024.11.1/dist
2024-11-04 19:07:17.880 [info] [Info  - 7:07:17 PM] (84628) Pylance language server 2024.11.1 (pyright version 1.1.386, commit 4180fa21) starting
2024-11-04 19:07:17.884 [info] [Info  - 7:07:17 PM] (84628) Starting service instance "foundry-project"
2024-11-04 19:07:17.913 [info] [Info  - 7:07:17 PM] (84628) Setting environmentName for service "foundry-project": "3.12.7 (global)"
2024-11-04 19:07:17.913 [info] [Info  - 7:07:17 PM] (84628) Setting pythonPath for service "foundry-project": "/bin/python"
2024-11-04 19:07:17.913 [info] [Info  - 7:07:17 PM] (84628) No include entries specified; assuming /home/jvp/Desktop/projects/foundry-project
2024-11-04 19:07:17.913 [info] [Info  - 7:07:17 PM] (84628) Auto-excluding **/node_modules
2024-11-04 19:07:17.913 [info] [Info  - 7:07:17 PM] (84628) Auto-excluding **/__pycache__
2024-11-04 19:07:17.913 [info] [Info  - 7:07:17 PM] (84628) Auto-excluding **/.*
2024-11-04 19:07:17.936 [info] [Info  - 7:07:17 PM] (84628) Assuming Python version 3.12.7.final.0
2024-11-04 19:07:18.061 [info] [Info  - 7:07:18 PM] (84628) Found 1 source file
2024-11-04 19:07:18.373 [info] [Info  - 7:07:18 PM] (84628) Background analysis(1) root directory: file:///home/jvp/.vscode/extensions/ms-python.vscode-pylance-2024.11.1/dist
2024-11-04 19:07:18.375 [info] [Info  - 7:07:18 PM] (84628) Background analysis(1) started
2024-11-04 19:07:28.395 [info] [Info  - 7:07:28 PM] Server process exited successfully
2024-11-04 19:07:28.917 [info] (Client) Pylance async client (2024.11.1) started with python extension (2024.18.0)
2024-11-04 19:07:29.373 [info] [Info  - 7:07:29 PM] (84698) Server root directory: file:///home/jvp/.vscode/extensions/ms-python.vscode-pylance-2024.11.1/dist
2024-11-04 19:07:29.374 [info] [Info  - 7:07:29 PM] (84698) Pylance language server 2024.11.1 (pyright version 1.1.386, commit 4180fa21) starting
2024-11-04 19:07:29.378 [info] [Info  - 7:07:29 PM] (84698) Starting service instance "foundry-project"
2024-11-04 19:07:29.397 [info] [Info  - 7:07:29 PM] (84698) Setting environmentName for service "foundry-project": "3.12.7 (global)"
2024-11-04 19:07:29.397 [info] [Info  - 7:07:29 PM] (84698) Setting pythonPath for service "foundry-project": "/bin/python"
2024-11-04 19:07:29.397 [info] [Info  - 7:07:29 PM] (84698) No include entries specified; assuming /home/jvp/Desktop/projects/foundry-project
2024-11-04 19:07:29.398 [info] [Info  - 7:07:29 PM] (84698) Auto-excluding **/node_modules
2024-11-04 19:07:29.398 [info] [Info  - 7:07:29 PM] (84698) Auto-excluding **/__pycache__
2024-11-04 19:07:29.398 [info] [Info  - 7:07:29 PM] (84698) Auto-excluding **/.*
2024-11-04 19:07:29.419 [info] [Info  - 7:07:29 PM] (84698) Assuming Python version 3.12.7.final.0
2024-11-04 19:07:29.544 [info] [Info  - 7:07:29 PM] (84698) Found 1 source file
2024-11-04 19:07:29.842 [info] [Info  - 7:07:29 PM] (84698) Background analysis(1) root directory: file:///home/jvp/.vscode/extensions/ms-python.vscode-pylance-2024.11.1/dist
2024-11-04 19:07:29.844 [info] [Info  - 7:07:29 PM] (84698) Background analysis(1) started
2024-11-04 19:07:54.333 [info] [Info  - 7:07:54 PM] Server process exited successfully
2024-11-04 19:07:54.844 [info] (Client) Pylance async client (2024.11.1) started with python extension (2024.18.0)
2024-11-04 19:07:55.299 [info] [Info  - 7:07:55 PM] (84854) Server root directory: file:///home/jvp/.vscode/extensions/ms-python.vscode-pylance-2024.11.1/dist
2024-11-04 19:07:55.299 [info] [Info  - 7:07:55 PM] (84854) Pylance language server 2024.11.1 (pyright version 1.1.386, commit 4180fa21) starting
2024-11-04 19:07:55.303 [info] [Info  - 7:07:55 PM] (84854) Starting service instance "foundry-project"
2024-11-04 19:07:55.327 [info] [Info  - 7:07:55 PM] (84854) Setting environmentName for service "foundry-project": "3.12.7 (global)"
2024-11-04 19:07:55.327 [info] [Info  - 7:07:55 PM] (84854) Setting pythonPath for service "foundry-project": "/bin/python"
2024-11-04 19:07:55.328 [info] [Info  - 7:07:55 PM] (84854) No include entries specified; assuming /home/jvp/Desktop/projects/foundry-project
2024-11-04 19:07:55.328 [info] [Info  - 7:07:55 PM] (84854) Auto-excluding **/node_modules
2024-11-04 19:07:55.328 [info] [Info  - 7:07:55 PM] (84854) Auto-excluding **/__pycache__
2024-11-04 19:07:55.328 [info] [Info  - 7:07:55 PM] (84854) Auto-excluding **/.*
2024-11-04 19:07:55.351 [info] [Info  - 7:07:55 PM] (84854) Assuming Python version 3.12.7.final.0
2024-11-04 19:07:55.473 [info] [Info  - 7:07:55 PM] (84854) Found 1 source file
2024-11-04 19:07:55.770 [info] [Info  - 7:07:55 PM] (84854) Background analysis(1) root directory: file:///home/jvp/.vscode/extensions/ms-python.vscode-pylance-2024.11.1/dist
2024-11-04 19:07:55.772 [info] [Info  - 7:07:55 PM] (84854) Background analysis(1) started
2024-11-04 19:08:06.108 [info] [Info  - 7:08:06 PM] Server process exited successfully
2024-11-04 19:08:06.627 [info] (Client) Pylance async client (2024.11.1) started with python extension (2024.18.0)
2024-11-04 19:08:07.079 [info] [Info  - 7:08:07 PM] (84913) Server root directory: file:///home/jvp/.vscode/extensions/ms-python.vscode-pylance-2024.11.1/dist
2024-11-04 19:08:07.080 [info] [Info  - 7:08:07 PM] (84913) Pylance language server 2024.11.1 (pyright version 1.1.386, commit 4180fa21) starting
2024-11-04 19:08:07.084 [info] [Info  - 7:08:07 PM] (84913) Starting service instance "foundry-project"
2024-11-04 19:08:07.108 [info] [Info  - 7:08:07 PM] (84913) Setting environmentName for service "foundry-project": "3.12.7 (global)"
2024-11-04 19:08:07.109 [info] [Info  - 7:08:07 PM] (84913) Setting pythonPath for service "foundry-project": "/bin/python"
2024-11-04 19:08:07.109 [info] [Info  - 7:08:07 PM] (84913) No include entries specified; assuming /home/jvp/Desktop/projects/foundry-project
2024-11-04 19:08:07.109 [info] [Info  - 7:08:07 PM] (84913) Auto-excluding **/node_modules
2024-11-04 19:08:07.109 [info] [Info  - 7:08:07 PM] (84913) Auto-excluding **/__pycache__
2024-11-04 19:08:07.109 [info] [Info  - 7:08:07 PM] (84913) Auto-excluding **/.*
2024-11-04 19:08:07.131 [info] [Info  - 7:08:07 PM] (84913) Assuming Python version 3.12.7.final.0
2024-11-04 19:08:07.251 [info] [Info  - 7:08:07 PM] (84913) Found 1 source file
2024-11-04 19:08:07.553 [info] [Info  - 7:08:07 PM] (84913) Background analysis(1) root directory: file:///home/jvp/.vscode/extensions/ms-python.vscode-pylance-2024.11.1/dist
2024-11-04 19:08:07.554 [info] [Info  - 7:08:07 PM] (84913) Background analysis(1) started
2024-11-04 19:09:19.601 [info] [Info  - 7:09:19 PM] Server process exited successfully
2024-11-04 19:09:20.134 [info] (Client) Pylance async client (2024.11.1) started with python extension (2024.18.0)
2024-11-04 19:09:20.590 [info] [Info  - 7:09:20 PM] (85107) Server root directory: file:///home/jvp/.vscode/extensions/ms-python.vscode-pylance-2024.11.1/dist
2024-11-04 19:09:20.590 [info] [Info  - 7:09:20 PM] (85107) Pylance language server 2024.11.1 (pyright version 1.1.386, commit 4180fa21) starting
2024-11-04 19:09:20.594 [info] [Info  - 7:09:20 PM] (85107) Starting service instance "foundry-project"
2024-11-04 19:09:20.622 [info] [Info  - 7:09:20 PM] (85107) Setting environmentName for service "foundry-project": "3.12.7 (global)"
2024-11-04 19:09:20.622 [info] [Info  - 7:09:20 PM] (85107) Setting pythonPath for service "foundry-project": "/bin/python"
2024-11-04 19:09:20.623 [info] [Info  - 7:09:20 PM] (85107) No include entries specified; assuming /home/jvp/Desktop/projects/foundry-project
2024-11-04 19:09:20.623 [info] [Info  - 7:09:20 PM] (85107) Auto-excluding **/node_modules
2024-11-04 19:09:20.623 [info] [Info  - 7:09:20 PM] (85107) Auto-excluding **/__pycache__
2024-11-04 19:09:20.624 [info] [Info  - 7:09:20 PM] (85107) Auto-excluding **/.*
2024-11-04 19:09:20.645 [info] [Info  - 7:09:20 PM] (85107) Assuming Python version 3.12.7.final.0
2024-11-04 19:09:20.770 [info] [Info  - 7:09:20 PM] (85107) Found 1 source file
2024-11-04 19:09:21.077 [info] [Info  - 7:09:21 PM] (85107) Background analysis(1) root directory: file:///home/jvp/.vscode/extensions/ms-python.vscode-pylance-2024.11.1/dist
2024-11-04 19:09:21.079 [info] [Info  - 7:09:21 PM] (85107) Background analysis(1) started
2024-11-04 19:09:35.328 [info] [Info  - 7:09:35 PM] Server process exited successfully
2024-11-04 19:09:35.854 [info] (Client) Pylance async client (2024.11.1) started with python extension (2024.18.0)
2024-11-04 19:09:36.308 [info] [Info  - 7:09:36 PM] (85168) Server root directory: file:///home/jvp/.vscode/extensions/ms-python.vscode-pylance-2024.11.1/dist
2024-11-04 19:09:36.309 [info] [Info  - 7:09:36 PM] (85168) Pylance language server 2024.11.1 (pyright version 1.1.386, commit 4180fa21) starting
2024-11-04 19:09:36.314 [info] [Info  - 7:09:36 PM] (85168) Starting service instance "foundry-project"
2024-11-04 19:09:36.345 [info] [Info  - 7:09:36 PM] (85168) Setting environmentName for service "foundry-project": "3.12.7 (global)"
2024-11-04 19:09:36.345 [info] [Info  - 7:09:36 PM] (85168) Setting pythonPath for service "foundry-project": "/bin/python"
2024-11-04 19:09:36.345 [info] [Info  - 7:09:36 PM] (85168) No include entries specified; assuming /home/jvp/Desktop/projects/foundry-project
2024-11-04 19:09:36.346 [info] [Info  - 7:09:36 PM] (85168) Auto-excluding **/node_modules
2024-11-04 19:09:36.346 [info] [Info  - 7:09:36 PM] (85168) Auto-excluding **/__pycache__
2024-11-04 19:09:36.346 [info] [Info  - 7:09:36 PM] (85168) Auto-excluding **/.*
2024-11-04 19:09:36.372 [info] [Info  - 7:09:36 PM] (85168) Assuming Python version 3.12.7.final.0
2024-11-04 19:09:36.497 [info] [Info  - 7:09:36 PM] (85168) Found 1 source file
2024-11-04 19:09:36.795 [info] [Info  - 7:09:36 PM] (85168) Background analysis(1) root directory: file:///home/jvp/.vscode/extensions/ms-python.vscode-pylance-2024.11.1/dist
2024-11-04 19:09:36.796 [info] [Info  - 7:09:36 PM] (85168) Background analysis(1) started
2024-11-04 19:10:27.688 [info] [Info  - 7:10:27 PM] Server process exited successfully
2024-11-04 19:10:28.199 [info] (Client) Pylance async client (2024.11.1) started with python extension (2024.18.0)
2024-11-04 19:10:28.664 [info] [Info  - 7:10:28 PM] (85295) Server root directory: file:///home/jvp/.vscode/extensions/ms-python.vscode-pylance-2024.11.1/dist
2024-11-04 19:10:28.665 [info] [Info  - 7:10:28 PM] (85295) Pylance language server 2024.11.1 (pyright version 1.1.386, commit 4180fa21) starting
2024-11-04 19:10:28.669 [info] [Info  - 7:10:28 PM] (85295) Starting service instance "foundry-project"
2024-11-04 19:10:28.703 [info] [Info  - 7:10:28 PM] (85295) Setting environmentName for service "foundry-project": "3.12.7 (global)"
2024-11-04 19:10:28.703 [info] [Info  - 7:10:28 PM] (85295) Setting pythonPath for service "foundry-project": "/bin/python"
2024-11-04 19:10:28.703 [info] [Info  - 7:10:28 PM] (85295) No include entries specified; assuming /home/jvp/Desktop/projects/foundry-project
2024-11-04 19:10:28.704 [info] [Info  - 7:10:28 PM] (85295) Auto-excluding **/node_modules
2024-11-04 19:10:28.704 [info] [Info  - 7:10:28 PM] (85295) Auto-excluding **/__pycache__
2024-11-04 19:10:28.704 [info] [Info  - 7:10:28 PM] (85295) Auto-excluding **/.*
2024-11-04 19:10:28.728 [info] [Info  - 7:10:28 PM] (85295) Assuming Python version 3.12.7.final.0
2024-11-04 19:10:28.848 [info] [Info  - 7:10:28 PM] (85295) Found 1 source file
2024-11-04 19:10:29.142 [info] [Info  - 7:10:29 PM] (85295) Background analysis(1) root directory: file:///home/jvp/.vscode/extensions/ms-python.vscode-pylance-2024.11.1/dist
2024-11-04 19:10:29.144 [info] [Info  - 7:10:29 PM] (85295) Background analysis(1) started
2024-11-04 19:10:39.471 [info] [Info  - 7:10:39 PM] (85295) Setting environmentName for service "foundry-project": "3.12.7 (global)"
2024-11-04 19:10:39.471 [info] [Info  - 7:10:39 PM] (85295) Setting pythonPath for service "foundry-project": "/bin/python"
2024-11-04 19:10:39.471 [info] [Info  - 7:10:39 PM] (85295) No include entries specified; assuming /home/jvp/Desktop/projects/foundry-project
2024-11-04 19:10:39.471 [info] [Info  - 7:10:39 PM] (85295) Auto-excluding **/node_modules
2024-11-04 19:10:39.471 [info] [Info  - 7:10:39 PM] (85295) Auto-excluding **/__pycache__
2024-11-04 19:10:39.471 [info] [Info  - 7:10:39 PM] (85295) Auto-excluding **/.*
2024-11-04 19:10:39.498 [info] [Info  - 7:10:39 PM] (85295) Assuming Python version 3.12.7.final.0
2024-11-04 19:10:39.598 [info] [Info  - 7:10:39 PM] (85295) Found 1 source file
2024-11-04 19:10:45.464 [info] [Info  - 7:10:45 PM] (85295) Setting environmentName for service "foundry-project": "3.12.7 (global)"
2024-11-04 19:10:45.464 [info] [Info  - 7:10:45 PM] (85295) Setting pythonPath for service "foundry-project": "/bin/python"
2024-11-04 19:10:45.464 [info] [Info  - 7:10:45 PM] (85295) No include entries specified; assuming /home/jvp/Desktop/projects/foundry-project
2024-11-04 19:10:45.464 [info] [Info  - 7:10:45 PM] (85295) Auto-excluding **/node_modules
2024-11-04 19:10:45.464 [info] [Info  - 7:10:45 PM] (85295) Auto-excluding **/__pycache__
2024-11-04 19:10:45.464 [info] [Info  - 7:10:45 PM] (85295) Auto-excluding **/.*
2024-11-04 19:10:45.486 [info] [Info  - 7:10:45 PM] (85295) Assuming Python version 3.12.7.final.0
2024-11-04 19:10:45.571 [info] [Info  - 7:10:45 PM] (85295) Found 1 source file
2024-11-04 19:10:53.522 [info] [Info  - 7:10:53 PM] (85295) Setting environmentName for service "foundry-project": "3.12.7 (global)"
2024-11-04 19:10:53.522 [info] [Info  - 7:10:53 PM] (85295) Setting pythonPath for service "foundry-project": "/bin/python"
2024-11-04 19:10:53.522 [info] [Info  - 7:10:53 PM] (85295) No include entries specified; assuming /home/jvp/Desktop/projects/foundry-project
2024-11-04 19:10:53.522 [info] [Info  - 7:10:53 PM] (85295) Auto-excluding **/node_modules
2024-11-04 19:10:53.522 [info] [Info  - 7:10:53 PM] (85295) Auto-excluding **/__pycache__
2024-11-04 19:10:53.522 [info] [Info  - 7:10:53 PM] (85295) Auto-excluding **/.*
2024-11-04 19:10:53.549 [info] [Info  - 7:10:53 PM] (85295) Assuming Python version 3.12.7.final.0
2024-11-04 19:10:53.634 [info] [Info  - 7:10:53 PM] (85295) Found 1 source file
2024-11-04 19:10:54.682 [info] [Info  - 7:10:54 PM] (85295) Setting environmentName for service "foundry-project": "3.12.7 (global)"
2024-11-04 19:10:54.683 [info] [Info  - 7:10:54 PM] (85295) Setting pythonPath for service "foundry-project": "/bin/python"
2024-11-04 19:10:54.683 [info] [Info  - 7:10:54 PM] (85295) No include entries specified; assuming /home/jvp/Desktop/projects/foundry-project
2024-11-04 19:10:54.683 [info] [Info  - 7:10:54 PM] (85295) Auto-excluding **/node_modules
2024-11-04 19:10:54.683 [info] [Info  - 7:10:54 PM] (85295) Auto-excluding **/__pycache__
2024-11-04 19:10:54.683 [info] [Info  - 7:10:54 PM] (85295) Auto-excluding **/.*
2024-11-04 19:10:54.708 [info] [Info  - 7:10:54 PM] (85295) Assuming Python version 3.12.7.final.0
2024-11-04 19:10:54.798 [info] [Info  - 7:10:54 PM] (85295) Found 1 source file
2024-11-04 19:10:56.339 [info] [Info  - 7:10:56 PM] (85295) Setting environmentName for service "foundry-project": "3.12.7 (global)"
2024-11-04 19:10:56.339 [info] [Info  - 7:10:56 PM] (85295) Setting pythonPath for service "foundry-project": "/bin/python"
2024-11-04 19:10:56.339 [info] [Info  - 7:10:56 PM] (85295) No include entries specified; assuming /home/jvp/Desktop/projects/foundry-project
2024-11-04 19:10:56.339 [info] [Info  - 7:10:56 PM] (85295) Auto-excluding **/node_modules
2024-11-04 19:10:56.340 [info] [Info  - 7:10:56 PM] (85295) Auto-excluding **/__pycache__
2024-11-04 19:10:56.340 [info] [Info  - 7:10:56 PM] (85295) Auto-excluding **/.*
2024-11-04 19:10:56.363 [info] [Info  - 7:10:56 PM] (85295) Assuming Python version 3.12.7.final.0
2024-11-04 19:10:56.446 [info] [Info  - 7:10:56 PM] (85295) Found 1 source file
2024-11-04 19:10:59.849 [info] [Info  - 7:10:59 PM] (85295) Setting environmentName for service "foundry-project": "3.12.7 (global)"
2024-11-04 19:10:59.849 [info] [Info  - 7:10:59 PM] (85295) Setting pythonPath for service "foundry-project": "/bin/python"
2024-11-04 19:10:59.849 [info] [Info  - 7:10:59 PM] (85295) No include entries specified; assuming /home/jvp/Desktop/projects/foundry-project
2024-11-04 19:10:59.849 [info] [Info  - 7:10:59 PM] (85295) Auto-excluding **/node_modules
2024-11-04 19:10:59.849 [info] [Info  - 7:10:59 PM] (85295) Auto-excluding **/__pycache__
2024-11-04 19:10:59.849 [info] [Info  - 7:10:59 PM] (85295) Auto-excluding **/.*
2024-11-04 19:10:59.878 [info] [Info  - 7:10:59 PM] (85295) Assuming Python version 3.12.7.final.0
2024-11-04 19:10:59.962 [info] [Info  - 7:10:59 PM] (85295) Found 1 source file
2024-11-04 19:11:04.826 [info] [Info  - 7:11:04 PM] (85295) Setting environmentName for service "foundry-project": "3.12.7 (global)"
2024-11-04 19:11:04.826 [info] [Info  - 7:11:04 PM] (85295) Setting pythonPath for service "foundry-project": "/bin/python"
2024-11-04 19:11:04.826 [info] [Info  - 7:11:04 PM] (85295) No include entries specified; assuming /home/jvp/Desktop/projects/foundry-project
2024-11-04 19:11:04.826 [info] [Info  - 7:11:04 PM] (85295) Auto-excluding **/node_modules
2024-11-04 19:11:04.826 [info] [Info  - 7:11:04 PM] (85295) Auto-excluding **/__pycache__
2024-11-04 19:11:04.826 [info] [Info  - 7:11:04 PM] (85295) Auto-excluding **/.*
2024-11-04 19:11:04.851 [info] [Info  - 7:11:04 PM] (85295) Assuming Python version 3.12.7.final.0
2024-11-04 19:11:04.929 [info] [Info  - 7:11:04 PM] (85295) Found 1 source file
2024-11-04 19:11:19.695 [info] [Info  - 7:11:19 PM] (85295) Setting environmentName for service "foundry-project": "3.12.7 (global)"
2024-11-04 19:11:19.696 [info] [Info  - 7:11:19 PM] (85295) Setting pythonPath for service "foundry-project": "/bin/python"
2024-11-04 19:11:19.696 [info] [Info  - 7:11:19 PM] (85295) No include entries specified; assuming /home/jvp/Desktop/projects/foundry-project
2024-11-04 19:11:19.696 [info] [Info  - 7:11:19 PM] (85295) Auto-excluding **/node_modules
2024-11-04 19:11:19.696 [info] [Info  - 7:11:19 PM] (85295) Auto-excluding **/__pycache__
2024-11-04 19:11:19.696 [info] [Info  - 7:11:19 PM] (85295) Auto-excluding **/.*
2024-11-04 19:11:19.720 [info] [Info  - 7:11:19 PM] (85295) Assuming Python version 3.12.7.final.0
2024-11-04 19:11:19.808 [info] [Info  - 7:11:19 PM] (85295) Found 1 source file
2024-11-04 19:11:32.481 [info] [Info  - 7:11:32 PM] (85295) Setting environmentName for service "foundry-project": "3.12.7 (global)"
2024-11-04 19:11:32.481 [info] [Info  - 7:11:32 PM] (85295) Setting pythonPath for service "foundry-project": "/bin/python"
2024-11-04 19:11:32.481 [info] [Info  - 7:11:32 PM] (85295) No include entries specified; assuming /home/jvp/Desktop/projects/foundry-project
2024-11-04 19:11:32.481 [info] [Info  - 7:11:32 PM] (85295) Auto-excluding **/node_modules
2024-11-04 19:11:32.481 [info] [Info  - 7:11:32 PM] (85295) Auto-excluding **/__pycache__
2024-11-04 19:11:32.481 [info] [Info  - 7:11:32 PM] (85295) Auto-excluding **/.*
2024-11-04 19:11:32.505 [info] [Info  - 7:11:32 PM] (85295) Assuming Python version 3.12.7.final.0
2024-11-04 19:11:32.592 [info] [Info  - 7:11:32 PM] (85295) Found 1 source file
