2024-11-04 18:57:53.611 [info] Experiment 'pythonaacf' is active
2024-11-04 18:57:53.611 [info] Experiment 'pythonRecommendTensorboardExt' is active
2024-11-04 18:57:53.611 [info] Experiment 'pythonSurveyNotificationcf' is active
2024-11-04 18:57:53.611 [info] Experiment 'pythonTerminalEnvVarActivation' is active
2024-11-04 18:57:53.611 [info] Experiment 'pythonTestAdapter' is active
2024-11-04 18:57:53.632 [warning] Dir "/home/jvp/Desktop/projects/foundry-project/.pixi/envs" is not watchable (directory does not exist)
2024-11-04 18:57:53.686 [info] Starting Environment refresh
2024-11-04 18:57:53.686 [info] Searching for interpreters in posix paths locator
2024-11-04 18:57:53.691 [info] Searching for pyenv environments
2024-11-04 18:57:53.691 [info] Searching for conda environments
2024-11-04 18:57:53.692 [info] Searching for global virtual environments
2024-11-04 18:57:53.692 [info] Searching for custom virtual environments
2024-11-04 18:57:53.699 [info] pyenv is not installed
2024-11-04 18:57:53.699 [info] Finished searching for pyenv environments: 12 milliseconds
2024-11-04 18:57:53.700 [info] Finished searching for custom virtual envs: 12 milliseconds
2024-11-04 18:57:53.714 [info] > conda info --json
2024-11-04 18:57:53.728 [info] > hatch env show --json
2024-11-04 18:57:53.728 [info] cwd: .
2024-11-04 18:57:53.743 [info] > pyenv which python
2024-11-04 18:57:53.743 [info] cwd: .
2024-11-04 18:57:53.743 [info] Finished searching for global virtual envs: 55 milliseconds
2024-11-04 18:57:54.087 [info] Found: /bin/python --> /bin/python3.12
2024-11-04 18:57:54.089 [info] Found: /bin/python3 --> /bin/python3.12
2024-11-04 18:57:54.089 [info] Found: /bin/python3.12 --> /bin/python3.12
2024-11-04 18:57:54.116 [info] Found: /sbin/python --> /sbin/python3.12
2024-11-04 18:57:54.116 [info] Found: /sbin/python3 --> /sbin/python3.12
2024-11-04 18:57:54.116 [info] Found: /sbin/python3.12 --> /sbin/python3.12
2024-11-04 18:57:54.120 [info] Found: /usr/bin/python --> /usr/bin/python3.12
2024-11-04 18:57:54.120 [info] Found: /usr/bin/python3 --> /usr/bin/python3.12
2024-11-04 18:57:54.120 [info] Found: /usr/bin/python3.12 --> /usr/bin/python3.12
2024-11-04 18:57:54.137 [info] Found: /usr/sbin/python --> /usr/sbin/python3.12
2024-11-04 18:57:54.137 [info] Found: /usr/sbin/python3 --> /usr/sbin/python3.12
2024-11-04 18:57:54.137 [info] Found: /usr/sbin/python3.12 --> /usr/sbin/python3.12
2024-11-04 18:57:54.154 [info] > /bin/python -I ~/.vscode/extensions/ms-python.python-2024.18.0-linux-x64/python_files/get_output_via_markers.py ~/.vscode/extensions/ms-python.python-2024.18.0-linux-x64/python_files/interpreterInfo.py
2024-11-04 18:57:54.177 [info] > /sbin/python -I ~/.vscode/extensions/ms-python.python-2024.18.0-linux-x64/python_files/get_output_via_markers.py ~/.vscode/extensions/ms-python.python-2024.18.0-linux-x64/python_files/interpreterInfo.py
2024-11-04 18:57:54.183 [info] Finished searching for interpreters in posix paths locator: 498 milliseconds
2024-11-04 18:57:54.188 [info] Environments refresh paths discovered (event): 504 milliseconds
2024-11-04 18:57:54.188 [info] Environments refresh paths discovered: 504 milliseconds
2024-11-04 18:57:54.202 [info] > /usr/bin/python -I ~/.vscode/extensions/ms-python.python-2024.18.0-linux-x64/python_files/get_output_via_markers.py ~/.vscode/extensions/ms-python.python-2024.18.0-linux-x64/python_files/interpreterInfo.py
2024-11-04 18:57:54.215 [info] > /usr/sbin/python -I ~/.vscode/extensions/ms-python.python-2024.18.0-linux-x64/python_files/get_output_via_markers.py ~/.vscode/extensions/ms-python.python-2024.18.0-linux-x64/python_files/interpreterInfo.py
2024-11-04 18:57:54.243 [info] Environments refresh finished (event): 559 milliseconds
2024-11-04 18:57:54.248 [info] Environment refresh took 563 milliseconds
2024-11-04 18:57:54.254 [info] Python interpreter path: /bin/python
2024-11-04 18:57:54.280 [info] > /usr/sbin/python3.12 -I ~/.vscode/extensions/ms-python.python-2024.18.0-linux-x64/python_files/get_output_via_markers.py ~/.vscode/extensions/ms-python.python-2024.18.0-linux-x64/python_files/interpreterInfo.py
2024-11-04 18:57:54.291 [info] > /sbin/python3.12 -I ~/.vscode/extensions/ms-python.python-2024.18.0-linux-x64/python_files/get_output_via_markers.py ~/.vscode/extensions/ms-python.python-2024.18.0-linux-x64/python_files/interpreterInfo.py
2024-11-04 18:57:54.319 [info] > /sbin/python3 -I ~/.vscode/extensions/ms-python.python-2024.18.0-linux-x64/python_files/get_output_via_markers.py ~/.vscode/extensions/ms-python.python-2024.18.0-linux-x64/python_files/interpreterInfo.py
2024-11-04 18:57:54.328 [info] > /usr/sbin/python3 -I ~/.vscode/extensions/ms-python.python-2024.18.0-linux-x64/python_files/get_output_via_markers.py ~/.vscode/extensions/ms-python.python-2024.18.0-linux-x64/python_files/interpreterInfo.py
2024-11-04 18:57:54.820 [info] Shell integration status changed, can confirm it's working.
2024-11-04 18:57:55.411 [info] Starting Pylance language server.
2024-11-04 19:04:04.232 [info] Discover tests for workspace name: undefined - uri: /home/jvp/.config/Code/User/settings.json
2024-11-04 19:04:05.477 [info] Discover tests for workspace name: undefined - uri: /home/jvp/.config/Code/User/settings.json
2024-11-04 19:04:06.680 [info] Discover tests for workspace name: undefined - uri: /home/jvp/.config/Code/User/settings.json
2024-11-04 19:07:05.590 [info] Discover tests for workspace name: undefined - uri: /home/jvp/.config/Code/User/settings.json
2024-11-04 19:07:17.255 [info] Discover tests for workspace name: undefined - uri: /home/jvp/.config/Code/User/settings.json
2024-11-04 19:07:30.638 [info] Discover tests for workspace name: undefined - uri: /home/jvp/.config/Code/User/settings.json
2024-11-04 19:07:54.699 [info] Discover tests for workspace name: undefined - uri: /home/jvp/.config/Code/User/settings.json
2024-11-04 19:08:08.414 [info] Discover tests for workspace name: undefined - uri: /home/jvp/.config/Code/User/settings.json
2024-11-04 19:08:17.496 [info] Discover tests for workspace name: foundry-project - uri: /home/jvp/Desktop/projects/foundry-project
2024-11-04 19:09:22.067 [info] Discover tests for workspace name: undefined - uri: /home/jvp/.config/Code/User/settings.json
2024-11-04 19:09:36.594 [info] Discover tests for workspace name: undefined - uri: /home/jvp/.config/Code/User/settings.json
2024-11-04 19:10:36.605 [info] Discover tests for workspace name: undefined - uri: /home/jvp/.config/Code/User/settings.json
2024-11-04 19:10:39.684 [info] Discover tests for workspace name: undefined - uri: /home/jvp/.config/Code/User/settings.json
2024-11-04 19:10:45.659 [info] Discover tests for workspace name: undefined - uri: /home/jvp/.config/Code/User/settings.json
2024-11-04 19:10:53.722 [info] Discover tests for workspace name: undefined - uri: /home/jvp/.config/Code/User/settings.json
2024-11-04 19:10:54.883 [info] Discover tests for workspace name: undefined - uri: /home/jvp/.config/Code/User/settings.json
2024-11-04 19:10:56.547 [info] Discover tests for workspace name: undefined - uri: /home/jvp/.config/Code/User/settings.json
2024-11-04 19:11:00.056 [info] Discover tests for workspace name: undefined - uri: /home/jvp/.config/Code/User/settings.json
2024-11-04 19:11:05.019 [info] Discover tests for workspace name: undefined - uri: /home/jvp/.config/Code/User/settings.json
2024-11-04 19:11:19.896 [info] Discover tests for workspace name: undefined - uri: /home/jvp/.config/Code/User/settings.json
2024-11-04 19:11:32.690 [info] Discover tests for workspace name: undefined - uri: /home/jvp/.config/Code/User/settings.json
