2024-11-04 16:52:38.362 [info] [main] Log level: Info
2024-11-04 16:52:38.362 [info] [main] Validating found git in: "git"
2024-11-04 16:52:38.362 [info] [main] Using git "2.47.0" from "git"
2024-11-04 16:52:38.362 [info] [Model][doInitialScan] Initial repository scan started
2024-11-04 16:52:38.362 [info] > git rev-parse --show-toplevel [5ms]
2024-11-04 16:52:38.362 [info] > git rev-parse --git-dir --git-common-dir [152ms]
2024-11-04 16:52:38.362 [info] [Model][openRepository] Opened repository: /home/jvp/Desktop/projects/foundry-project
2024-11-04 16:52:38.362 [info] > git fetch [39ms]
2024-11-04 16:52:38.374 [info] > git rev-parse --show-toplevel [50ms]
2024-11-04 16:52:38.375 [info] > git config --get commit.template [58ms]
2024-11-04 16:52:38.380 [info] > git config --get commit.template [9ms]
2024-11-04 16:52:38.399 [info] [Git][getRemotes] No remotes found in the git config file
2024-11-04 16:52:38.408 [info] [Git][getRemotes] No remotes found in the git config file
2024-11-04 16:52:38.409 [info] > git for-each-ref --format=%(refname)%00%(upstream:short)%00%(objectname)%00%(upstream:track)%00%(upstream:remotename)%00%(upstream:remoteref) refs/heads/master refs/remotes/master [11ms]
2024-11-04 16:52:38.419 [info] > git rev-parse --show-toplevel [30ms]
2024-11-04 16:52:38.448 [info] > git for-each-ref --format=%(refname)%00%(upstream:short)%00%(objectname)%00%(upstream:track)%00%(upstream:remotename)%00%(upstream:remoteref) refs/heads/master refs/remotes/master [30ms]
2024-11-04 16:52:38.457 [info] > git for-each-ref --format=%(refname)%00%(upstream:short)%00%(objectname)%00%(upstream:track)%00%(upstream:remotename)%00%(upstream:remoteref) refs/heads/master refs/remotes/master [49ms]
2024-11-04 16:52:38.474 [info] > git for-each-ref --format=%(refname)%00%(upstream:short)%00%(objectname)%00%(upstream:track)%00%(upstream:remotename)%00%(upstream:remoteref) refs/heads/master refs/remotes/master [8ms]
2024-11-04 16:52:38.483 [info] > git config --local branch.master.vscode-merge-base [26ms]
2024-11-04 16:52:38.483 [warning] [Git][config] git config failed: Failed to execute git
2024-11-04 16:52:38.492 [info] > git rev-parse --show-toplevel [44ms]
2024-11-04 16:52:38.492 [info] > git config --get commit.template [53ms]
2024-11-04 16:52:38.502 [info] > git config --local branch.master.vscode-merge-base [19ms]
2024-11-04 16:52:38.502 [warning] [Git][config] git config failed: Failed to execute git
2024-11-04 16:52:38.519 [info] [Git][getRemotes] No remotes found in the git config file
2024-11-04 16:52:38.520 [info] > git rev-parse --show-toplevel [19ms]
2024-11-04 16:52:38.520 [info] > git reflog master --grep-reflog=branch: Created from *. [29ms]
2024-11-04 16:52:38.537 [info] > git symbolic-ref --short refs/remotes/origin/HEAD [10ms]
2024-11-04 16:52:38.537 [info] fatal: ref refs/remotes/origin/HEAD is not a symbolic ref
2024-11-04 16:52:38.537 [warning] [Repository][getDefaultBranch] Failed to get default branch details: Failed to execute git.
2024-11-04 16:52:38.538 [info] > git for-each-ref --format=%(refname)%00%(upstream:short)%00%(objectname)%00%(upstream:track)%00%(upstream:remotename)%00%(upstream:remoteref) refs/heads/master refs/remotes/master [20ms]
2024-11-04 16:52:38.553 [info] > git reflog master --grep-reflog=branch: Created from *. [44ms]
2024-11-04 16:52:38.562 [info] > git for-each-ref --sort -committerdate --format %(refname) %(objectname) %(*objectname) [9ms]
2024-11-04 16:52:38.562 [info] > git rev-parse --show-toplevel [26ms]
2024-11-04 16:52:38.570 [info] > git symbolic-ref --short refs/remotes/origin/HEAD [10ms]
2024-11-04 16:52:38.570 [info] fatal: ref refs/remotes/origin/HEAD is not a symbolic ref
2024-11-04 16:52:38.570 [warning] [Repository][getDefaultBranch] Failed to get default branch details: Failed to execute git.
2024-11-04 16:52:38.571 [info] > git rev-parse --show-toplevel [1ms]
2024-11-04 16:52:38.618 [info] > git rev-parse --show-toplevel [12ms]
2024-11-04 16:52:38.644 [info] > git rev-parse --show-toplevel [10ms]
2024-11-04 16:52:38.645 [info] [Model][doInitialScan] Initial repository scan completed - repositories (1), closed repositories (0), parent repositories (0), unsafe repositories (0)
2024-11-04 16:52:38.662 [info] > git show --textconv :test/FundMeTest.t.sol [9ms]
2024-11-04 16:52:38.664 [info] > git ls-files --stage -- /home/jvp/Desktop/projects/foundry-project/test/FundMeTest.t.sol [3ms]
2024-11-04 16:52:38.838 [info] > git check-ignore -v -z --stdin [1ms]
2024-11-04 16:52:38.870 [info] > git status -z -uall [324ms]
2024-11-04 16:52:39.384 [info] > git rev-parse --show-toplevel [2ms]
2024-11-04 16:52:39.393 [info] > git rev-parse --git-dir --git-common-dir [1ms]
2024-11-04 16:52:39.406 [info] [Model][openRepository] Opened repository: /home/jvp/Desktop/projects/foundry-project/lib/forge-std
2024-11-04 16:52:39.425 [info] > git rev-parse --show-toplevel [3ms]
2024-11-04 16:52:39.425 [info] > git config --get commit.template [11ms]
2024-11-04 16:52:39.442 [info] > git rev-parse --git-dir --git-common-dir [9ms]
2024-11-04 16:52:39.453 [info] [Model][openRepository] Opened repository: /home/jvp/Desktop/projects/foundry-project/lib/chainlink-brownie-contracts
2024-11-04 16:52:39.463 [info] > git for-each-ref --format %(refname) %(objectname) %(*objectname) refs/tags [21ms]
2024-11-04 16:52:39.481 [info] > git status -z -uall [9ms]
2024-11-04 16:52:39.482 [info] > git config --get commit.template [20ms]
2024-11-04 16:52:39.483 [info] > git for-each-ref --sort -committerdate --format %(refname) %(objectname) %(*objectname) [3ms]
2024-11-04 16:52:39.504 [info] > git for-each-ref --format %(refname) %(objectname) %(*objectname) refs/tags [10ms]
2024-11-04 16:52:39.524 [info] > git config --get commit.template [20ms]
2024-11-04 16:52:39.534 [info] > git for-each-ref --sort -committerdate --format %(refname) %(objectname) %(*objectname) [12ms]
2024-11-04 16:52:39.535 [info] > git for-each-ref --format %(refname) %(objectname) %(*objectname) refs/tags [1ms]
2024-11-04 16:52:39.555 [info] > git status -z -uall [10ms]
2024-11-04 16:52:39.556 [info] > git for-each-ref --sort -committerdate --format %(refname) %(objectname) %(*objectname) [1ms]
2024-11-04 16:52:39.578 [info] > git status -z -uall [65ms]
2024-11-04 16:52:39.596 [info] > git config --get commit.template [9ms]
2024-11-04 16:52:39.597 [info] > git for-each-ref --format %(refname) %(objectname) %(*objectname) refs/tags [2ms]
2024-11-04 16:52:39.615 [info] > git for-each-ref --sort -committerdate --format %(refname) %(objectname) %(*objectname) [2ms]
2024-11-04 16:52:39.672 [info] > git status -z -uall [67ms]
2024-11-04 16:52:39.850 [info] > git fetch [397ms]
2024-11-04 16:52:39.870 [info] > git config --get commit.template [10ms]
2024-11-04 16:52:39.872 [info] > git for-each-ref --format %(refname) %(objectname) %(*objectname) refs/tags [3ms]
2024-11-04 16:52:39.892 [info] > git for-each-ref --sort -committerdate --format %(refname) %(objectname) %(*objectname) [1ms]
2024-11-04 16:52:39.947 [info] > git status -z -uall [66ms]
2024-11-04 16:52:39.979 [info] > git fetch [573ms]
2024-11-04 16:52:39.979 [info] From https://github.com/foundry-rs/forge-std
   1eea5ba..da591f5  master     -> origin/master
2024-11-04 16:52:39.989 [info] > git config --get commit.template [1ms]
2024-11-04 16:52:40.001 [info] > git for-each-ref --format %(refname) %(objectname) %(*objectname) refs/tags [3ms]
2024-11-04 16:52:40.020 [info] > git status -z -uall [10ms]
2024-11-04 16:52:40.032 [info] > git ls-files --stage -- /home/jvp/Desktop/projects/foundry-project/test/FundMeTest.t.sol [3ms]
2024-11-04 16:52:40.032 [info] > git for-each-ref --sort -committerdate --format %(refname) %(objectname) %(*objectname) [14ms]
2024-11-04 16:52:40.061 [info] > git show --textconv :test/FundMeTest.t.sol [1ms]
2024-11-04 16:52:40.540 [info] > git check-ignore -v -z --stdin [1ms]
2024-11-04 16:52:41.045 [info] > git config --get commit.template [2ms]
2024-11-04 16:52:41.061 [info] > git for-each-ref --format %(refname) %(objectname) %(*objectname) refs/tags [3ms]
2024-11-04 16:52:41.081 [info] > git for-each-ref --sort -committerdate --format %(refname) %(objectname) %(*objectname) [1ms]
2024-11-04 16:52:41.121 [info] > git config --get commit.template [8ms]
2024-11-04 16:52:41.122 [info] > git for-each-ref --format %(refname) %(objectname) %(*objectname) refs/tags [1ms]
2024-11-04 16:52:41.139 [info] > git status -z -uall [68ms]
2024-11-04 16:52:41.139 [info] > git status -z -uall [9ms]
2024-11-04 16:52:41.141 [info] > git for-each-ref --sort -committerdate --format %(refname) %(objectname) %(*objectname) [2ms]
2024-11-04 17:04:04.946 [info] > git fetch [20ms]
2024-11-04 17:04:04.956 [info] [Git][getRemotes] No remotes found in the git config file
2024-11-04 17:04:04.967 [info] > git config --get commit.template [12ms]
2024-11-04 17:04:04.968 [info] > git for-each-ref --format=%(refname)%00%(upstream:short)%00%(objectname)%00%(upstream:track)%00%(upstream:remotename)%00%(upstream:remoteref) refs/heads/master refs/remotes/master [1ms]
2024-11-04 17:04:04.987 [info] > git for-each-ref --sort -committerdate --format %(refname) %(objectname) %(*objectname) [1ms]
2024-11-04 17:04:05.059 [info] > git status -z -uall [82ms]
2024-11-04 17:04:05.374 [info] > git fetch [429ms]
2024-11-04 17:04:05.391 [info] > git config --get commit.template [1ms]
2024-11-04 17:04:05.406 [info] > git fetch [470ms]
2024-11-04 17:04:05.418 [info] > git for-each-ref --format %(refname) %(objectname) %(*objectname) refs/tags [13ms]
2024-11-04 17:04:05.438 [info] > git status -z -uall [9ms]
2024-11-04 17:04:05.438 [info] > git config --get commit.template [20ms]
2024-11-04 17:04:05.448 [info] > git for-each-ref --sort -committerdate --format %(refname) %(objectname) %(*objectname) [10ms]
2024-11-04 17:04:05.449 [info] > git for-each-ref --format %(refname) %(objectname) %(*objectname) refs/tags [2ms]
2024-11-04 17:04:05.468 [info] > git for-each-ref --sort -committerdate --format %(refname) %(objectname) %(*objectname) [2ms]
2024-11-04 17:04:05.523 [info] > git status -z -uall [65ms]
2024-11-04 17:04:36.309 [info] > git config --get commit.template [11ms]
2024-11-04 17:04:36.320 [info] > git config --get commit.template [12ms]
2024-11-04 17:04:36.338 [info] > git ls-files --stage -- /home/jvp/Desktop/projects/foundry-project/test/FundMeTest.t.sol [19ms]
2024-11-04 17:04:36.339 [info] > git for-each-ref --format %(refname) %(objectname) %(*objectname) refs/tags [10ms]
2024-11-04 17:04:36.358 [info] > git status -z -uall [11ms]
2024-11-04 17:04:36.358 [info] > git for-each-ref --format %(refname) %(objectname) %(*objectname) refs/tags [20ms]
2024-11-04 17:04:36.387 [info] > git for-each-ref --sort -committerdate --format %(refname) %(objectname) %(*objectname) [10ms]
2024-11-04 17:04:36.387 [info] > git for-each-ref --sort -committerdate --format %(refname) %(objectname) %(*objectname) [30ms]
2024-11-04 17:04:36.389 [info] > git show --textconv :test/FundMeTest.t.sol [3ms]
2024-11-04 17:04:36.433 [info] > git status -z -uall [66ms]
2024-11-04 17:07:22.959 [info] > git fetch [20ms]
2024-11-04 17:07:22.978 [info] [Git][getRemotes] No remotes found in the git config file
2024-11-04 17:07:22.978 [info] > git config --get commit.template [10ms]
2024-11-04 17:07:22.979 [info] > git for-each-ref --format=%(refname)%00%(upstream:short)%00%(objectname)%00%(upstream:track)%00%(upstream:remotename)%00%(upstream:remoteref) refs/heads/master refs/remotes/master [1ms]
2024-11-04 17:07:22.999 [info] > git for-each-ref --sort -committerdate --format %(refname) %(objectname) %(*objectname) [1ms]
2024-11-04 17:07:23.064 [info] > git status -z -uall [75ms]
2024-11-04 17:07:23.377 [info] > git fetch [428ms]
2024-11-04 17:07:23.397 [info] > git fetch [439ms]
2024-11-04 17:07:23.398 [info] > git config --get commit.template [11ms]
2024-11-04 17:07:23.408 [info] > git for-each-ref --format %(refname) %(objectname) %(*objectname) refs/tags [11ms]
2024-11-04 17:07:23.426 [info] > git status -z -uall [9ms]
2024-11-04 17:07:23.427 [info] > git config --get commit.template [20ms]
2024-11-04 17:07:23.435 [info] > git for-each-ref --sort -committerdate --format %(refname) %(objectname) %(*objectname) [8ms]
2024-11-04 17:07:23.436 [info] > git for-each-ref --format %(refname) %(objectname) %(*objectname) refs/tags [2ms]
2024-11-04 17:07:23.455 [info] > git for-each-ref --sort -committerdate --format %(refname) %(objectname) %(*objectname) [2ms]
2024-11-04 17:07:23.511 [info] > git status -z -uall [65ms]
2024-11-04 17:08:07.833 [info] > git config --get commit.template [10ms]
2024-11-04 17:08:07.833 [info] > git config --get commit.template [22ms]
2024-11-04 17:08:07.850 [info] > git ls-files --stage -- /home/jvp/Desktop/projects/foundry-project/test/FundMeTest.t.sol [18ms]
2024-11-04 17:08:07.850 [info] > git for-each-ref --format %(refname) %(objectname) %(*objectname) refs/tags [9ms]
2024-11-04 17:08:07.868 [info] > git status -z -uall [9ms]
2024-11-04 17:08:07.868 [info] > git for-each-ref --format %(refname) %(objectname) %(*objectname) refs/tags [19ms]
2024-11-04 17:08:07.894 [info] > git for-each-ref --sort -committerdate --format %(refname) %(objectname) %(*objectname) [9ms]
2024-11-04 17:08:07.895 [info] > git for-each-ref --sort -committerdate --format %(refname) %(objectname) %(*objectname) [28ms]
2024-11-04 17:08:07.896 [info] > git show --textconv :test/FundMeTest.t.sol [2ms]
2024-11-04 17:08:07.946 [info] > git status -z -uall [70ms]
2024-11-04 17:09:58.303 [info] > git config --get commit.template [2ms]
2024-11-04 17:09:58.318 [info] [Git][getRemotes] No remotes found in the git config file
2024-11-04 17:09:58.320 [info] > git for-each-ref --format=%(refname)%00%(upstream:short)%00%(objectname)%00%(upstream:track)%00%(upstream:remotename)%00%(upstream:remoteref) refs/heads/master refs/remotes/master [2ms]
2024-11-04 17:09:58.346 [info] > git for-each-ref --sort -committerdate --format %(refname) %(objectname) %(*objectname) [1ms]
2024-11-04 17:09:58.404 [info] > git status -z -uall [73ms]
2024-11-04 17:10:23.082 [info] > git fetch [3ms]
2024-11-04 17:10:23.103 [info] [Git][getRemotes] No remotes found in the git config file
2024-11-04 17:10:23.103 [info] > git config --get commit.template [10ms]
2024-11-04 17:10:23.104 [info] > git for-each-ref --format=%(refname)%00%(upstream:short)%00%(objectname)%00%(upstream:track)%00%(upstream:remotename)%00%(upstream:remoteref) refs/heads/master refs/remotes/master [2ms]
2024-11-04 17:10:23.126 [info] > git for-each-ref --sort -committerdate --format %(refname) %(objectname) %(*objectname) [2ms]
2024-11-04 17:10:23.186 [info] > git status -z -uall [71ms]
2024-11-04 17:10:23.830 [info] > git fetch [382ms]
2024-11-04 17:10:23.857 [info] > git config --get commit.template [12ms]
2024-11-04 17:10:23.858 [info] > git for-each-ref --format %(refname) %(objectname) %(*objectname) refs/tags [2ms]
2024-11-04 17:10:23.882 [info] > git status -z -uall [13ms]
2024-11-04 17:10:23.883 [info] > git for-each-ref --sort -committerdate --format %(refname) %(objectname) %(*objectname) [2ms]
2024-11-04 17:10:23.919 [info] > git fetch [396ms]
2024-11-04 17:10:23.936 [info] > git config --get commit.template [8ms]
2024-11-04 17:10:23.938 [info] > git for-each-ref --format %(refname) %(objectname) %(*objectname) refs/tags [2ms]
2024-11-04 17:10:23.957 [info] > git for-each-ref --sort -committerdate --format %(refname) %(objectname) %(*objectname) [1ms]
2024-11-04 17:10:24.015 [info] > git status -z -uall [68ms]
2024-11-04 17:10:24.982 [info] > git config --get commit.template [12ms]
2024-11-04 17:10:24.983 [info] > git for-each-ref --format %(refname) %(objectname) %(*objectname) refs/tags [2ms]
2024-11-04 17:10:25.007 [info] > git status -z -uall [12ms]
2024-11-04 17:10:25.008 [info] > git for-each-ref --sort -committerdate --format %(refname) %(objectname) %(*objectname) [2ms]
2024-11-04 17:10:25.067 [info] > git config --get commit.template [11ms]
2024-11-04 17:10:25.068 [info] > git for-each-ref --format %(refname) %(objectname) %(*objectname) refs/tags [1ms]
2024-11-04 17:10:25.094 [info] > git for-each-ref --sort -committerdate --format %(refname) %(objectname) %(*objectname) [2ms]
2024-11-04 17:10:25.143 [info] > git status -z -uall [64ms]
2024-11-04 17:10:25.159 [info] > git ls-files --stage -- /home/jvp/Desktop/projects/foundry-project/test/FundMeTest.t.sol [1ms]
2024-11-04 17:10:25.172 [info] > git show --textconv :test/FundMeTest.t.sol [1ms]
2024-11-04 17:10:42.349 [info] [Git][getRemotes] No remotes found in the git config file
2024-11-04 17:10:42.350 [info] > git config --get commit.template [14ms]
2024-11-04 17:10:42.350 [info] > git for-each-ref --format=%(refname)%00%(upstream:short)%00%(objectname)%00%(upstream:track)%00%(upstream:remotename)%00%(upstream:remoteref) refs/heads/master refs/remotes/master [1ms]
2024-11-04 17:10:42.376 [info] > git for-each-ref --sort -committerdate --format %(refname) %(objectname) %(*objectname) [2ms]
2024-11-04 17:10:42.436 [info] > git status -z -uall [75ms]
2024-11-04 17:11:30.202 [info] [Git][getRemotes] No remotes found in the git config file
2024-11-04 17:11:30.203 [info] > git config --get commit.template [11ms]
2024-11-04 17:11:30.203 [info] > git for-each-ref --format=%(refname)%00%(upstream:short)%00%(objectname)%00%(upstream:track)%00%(upstream:remotename)%00%(upstream:remoteref) refs/heads/master refs/remotes/master [1ms]
2024-11-04 17:11:30.228 [info] > git for-each-ref --sort -committerdate --format %(refname) %(objectname) %(*objectname) [1ms]
2024-11-04 17:11:30.292 [info] > git status -z -uall [77ms]
2024-11-04 17:11:49.777 [info] [Git][getRemotes] No remotes found in the git config file
2024-11-04 17:11:49.777 [info] > git config --get commit.template [12ms]
2024-11-04 17:11:49.778 [info] > git for-each-ref --format=%(refname)%00%(upstream:short)%00%(objectname)%00%(upstream:track)%00%(upstream:remotename)%00%(upstream:remoteref) refs/heads/master refs/remotes/master [2ms]
2024-11-04 17:11:49.801 [info] > git for-each-ref --sort -committerdate --format %(refname) %(objectname) %(*objectname) [2ms]
2024-11-04 17:11:49.860 [info] > git status -z -uall [71ms]
2024-11-04 17:12:17.255 [info] [Git][getRemotes] No remotes found in the git config file
2024-11-04 17:12:17.256 [info] > git config --get commit.template [14ms]
2024-11-04 17:12:17.256 [info] > git for-each-ref --format=%(refname)%00%(upstream:short)%00%(objectname)%00%(upstream:track)%00%(upstream:remotename)%00%(upstream:remoteref) refs/heads/master refs/remotes/master [1ms]
2024-11-04 17:12:17.282 [info] > git for-each-ref --sort -committerdate --format %(refname) %(objectname) %(*objectname) [2ms]
2024-11-04 17:12:17.341 [info] > git status -z -uall [72ms]
2024-11-04 17:12:25.306 [info] > git config --get commit.template [2ms]
2024-11-04 17:12:25.320 [info] [Git][getRemotes] No remotes found in the git config file
2024-11-04 17:12:25.322 [info] > git for-each-ref --format=%(refname)%00%(upstream:short)%00%(objectname)%00%(upstream:track)%00%(upstream:remotename)%00%(upstream:remoteref) refs/heads/master refs/remotes/master [2ms]
2024-11-04 17:12:25.348 [info] > git for-each-ref --sort -committerdate --format %(refname) %(objectname) %(*objectname) [1ms]
2024-11-04 17:12:25.418 [info] > git status -z -uall [82ms]
2024-11-04 17:12:35.209 [info] [Git][getRemotes] No remotes found in the git config file
2024-11-04 17:12:35.209 [info] > git config --get commit.template [13ms]
2024-11-04 17:12:35.210 [info] > git for-each-ref --format=%(refname)%00%(upstream:short)%00%(objectname)%00%(upstream:track)%00%(upstream:remotename)%00%(upstream:remoteref) refs/heads/master refs/remotes/master [1ms]
2024-11-04 17:12:35.236 [info] > git for-each-ref --sort -committerdate --format %(refname) %(objectname) %(*objectname) [2ms]
2024-11-04 17:12:35.298 [info] > git status -z -uall [76ms]
2024-11-04 17:13:27.781 [info] > git fetch [19ms]
2024-11-04 17:13:27.800 [info] [Git][getRemotes] No remotes found in the git config file
2024-11-04 17:13:27.800 [info] > git config --get commit.template [10ms]
2024-11-04 17:13:27.801 [info] > git for-each-ref --format=%(refname)%00%(upstream:short)%00%(objectname)%00%(upstream:track)%00%(upstream:remotename)%00%(upstream:remoteref) refs/heads/master refs/remotes/master [1ms]
2024-11-04 17:13:27.824 [info] > git for-each-ref --sort -committerdate --format %(refname) %(objectname) %(*objectname) [2ms]
2024-11-04 17:13:27.885 [info] > git status -z -uall [74ms]
2024-11-04 17:13:28.185 [info] > git fetch [414ms]
2024-11-04 17:13:28.194 [info] > git fetch [414ms]
2024-11-04 17:13:28.203 [info] > git config --get commit.template [9ms]
2024-11-04 17:13:28.211 [info] > git config --get commit.template [8ms]
2024-11-04 17:13:28.220 [info] > git for-each-ref --format %(refname) %(objectname) %(*objectname) refs/tags [9ms]
2024-11-04 17:13:28.239 [info] > git status -z -uall [10ms]
2024-11-04 17:13:28.239 [info] > git for-each-ref --format %(refname) %(objectname) %(*objectname) refs/tags [19ms]
2024-11-04 17:13:28.257 [info] > git for-each-ref --sort -committerdate --format %(refname) %(objectname) %(*objectname) [19ms]
2024-11-04 17:13:28.258 [info] > git for-each-ref --sort -committerdate --format %(refname) %(objectname) %(*objectname) [2ms]
2024-11-04 17:13:28.311 [info] > git status -z -uall [62ms]
2024-11-04 17:13:29.033 [info] > git show --textconv :src/FundMe.sol [12ms]
2024-11-04 17:13:29.035 [info] > git ls-files --stage -- /home/jvp/Desktop/projects/foundry-project/src/FundMe.sol [2ms]
2024-11-04 17:13:29.276 [info] > git check-ignore -v -z --stdin [2ms]
2024-11-04 17:13:29.336 [info] > git config --get commit.template [12ms]
2024-11-04 17:13:29.357 [info] > git for-each-ref --format %(refname) %(objectname) %(*objectname) refs/tags [11ms]
2024-11-04 17:13:29.376 [info] > git config --get commit.template [41ms]
2024-11-04 17:13:29.377 [info] > git status -z -uall [11ms]
2024-11-04 17:13:29.377 [info] > git for-each-ref --format %(refname) %(objectname) %(*objectname) refs/tags [21ms]
2024-11-04 17:13:29.396 [info] > git for-each-ref --sort -committerdate --format %(refname) %(objectname) %(*objectname) [20ms]
2024-11-04 17:13:29.399 [info] > git for-each-ref --sort -committerdate --format %(refname) %(objectname) %(*objectname) [2ms]
2024-11-04 17:13:29.427 [info] > git ls-files --stage -- /home/jvp/Desktop/projects/foundry-project/src/FundMe.sol [1ms]
2024-11-04 17:13:29.437 [info] > git show --textconv :src/FundMe.sol [1ms]
2024-11-04 17:13:29.452 [info] > git status -z -uall [66ms]
2024-11-04 17:17:33.555 [info] > git fetch [19ms]
2024-11-04 17:17:33.572 [info] [Git][getRemotes] No remotes found in the git config file
2024-11-04 17:17:33.572 [info] > git config --get commit.template [8ms]
2024-11-04 17:17:33.573 [info] > git for-each-ref --format=%(refname)%00%(upstream:short)%00%(objectname)%00%(upstream:track)%00%(upstream:remotename)%00%(upstream:remoteref) refs/heads/master refs/remotes/master [2ms]
2024-11-04 17:17:33.591 [info] > git for-each-ref --sort -committerdate --format %(refname) %(objectname) %(*objectname) [1ms]
2024-11-04 17:17:33.650 [info] > git status -z -uall [70ms]
2024-11-04 17:17:33.949 [info] > git fetch [395ms]
2024-11-04 17:17:33.961 [info] > git fetch [416ms]
2024-11-04 17:17:33.972 [info] > git config --get commit.template [12ms]
2024-11-04 17:17:33.984 [info] > git config --get commit.template [11ms]
2024-11-04 17:17:33.996 [info] > git for-each-ref --format %(refname) %(objectname) %(*objectname) refs/tags [12ms]
2024-11-04 17:17:34.012 [info] > git for-each-ref --format %(refname) %(objectname) %(*objectname) refs/tags [17ms]
2024-11-04 17:17:34.027 [info] > git status -z -uall [8ms]
2024-11-04 17:17:34.028 [info] > git for-each-ref --sort -committerdate --format %(refname) %(objectname) %(*objectname) [16ms]
2024-11-04 17:17:34.029 [info] > git for-each-ref --sort -committerdate --format %(refname) %(objectname) %(*objectname) [2ms]
2024-11-04 17:17:34.064 [info] > git status -z -uall [61ms]
2024-11-04 17:17:35.112 [info] > git config --get commit.template [3ms]
2024-11-04 17:17:35.112 [info] > git config --get commit.template [17ms]
2024-11-04 17:17:35.129 [info] > git for-each-ref --format %(refname) %(objectname) %(*objectname) refs/tags [8ms]
2024-11-04 17:17:35.146 [info] > git status -z -uall [9ms]
2024-11-04 17:17:35.146 [info] > git for-each-ref --format %(refname) %(objectname) %(*objectname) refs/tags [17ms]
2024-11-04 17:17:35.162 [info] > git for-each-ref --sort -committerdate --format %(refname) %(objectname) %(*objectname) [17ms]
2024-11-04 17:17:35.164 [info] > git for-each-ref --sort -committerdate --format %(refname) %(objectname) %(*objectname) [3ms]
2024-11-04 17:17:35.185 [info] > git ls-files --stage -- /home/jvp/Desktop/projects/foundry-project/src/FundMe.sol [1ms]
2024-11-04 17:17:35.194 [info] > git show --textconv :src/FundMe.sol [1ms]
2024-11-04 17:17:35.217 [info] > git status -z -uall [63ms]
2024-11-04 17:19:02.054 [info] [Git][getRemotes] No remotes found in the git config file
2024-11-04 17:19:02.064 [info] > git config --get commit.template [10ms]
2024-11-04 17:19:02.065 [info] > git for-each-ref --format=%(refname)%00%(upstream:short)%00%(objectname)%00%(upstream:track)%00%(upstream:remotename)%00%(upstream:remoteref) refs/heads/master refs/remotes/master [2ms]
2024-11-04 17:19:02.084 [info] > git for-each-ref --sort -committerdate --format %(refname) %(objectname) %(*objectname) [1ms]
2024-11-04 17:19:02.141 [info] > git status -z -uall [68ms]
2024-11-04 17:19:04.521 [info] > git check-ignore -v -z --stdin [2ms]
2024-11-04 17:19:05.885 [info] > git show --textconv :test/FundMeTest.t.sol [12ms]
2024-11-04 17:19:05.886 [info] > git ls-files --stage -- /home/jvp/Desktop/projects/foundry-project/test/FundMeTest.t.sol [2ms]
2024-11-04 17:19:17.339 [info] [Git][getRemotes] No remotes found in the git config file
2024-11-04 17:19:17.340 [info] > git for-each-ref --format=%(refname)%00%(upstream:short)%00%(objectname)%00%(upstream:track)%00%(upstream:remotename)%00%(upstream:remoteref) refs/heads/master refs/remotes/master [1ms]
2024-11-04 17:19:17.341 [info] > git config --get commit.template [13ms]
2024-11-04 17:19:17.366 [info] > git for-each-ref --sort -committerdate --format %(refname) %(objectname) %(*objectname) [1ms]
2024-11-04 17:19:17.425 [info] > git status -z -uall [71ms]
2024-11-04 17:19:17.427 [info] > git ls-files --stage -- /home/jvp/Desktop/projects/foundry-project/test/FundMeTest.t.sol [2ms]
2024-11-04 17:19:17.441 [info] > git show --textconv :test/FundMeTest.t.sol [1ms]
2024-11-04 17:19:29.756 [info] > git show --textconv :src/FundMe.sol [13ms]
2024-11-04 17:19:29.757 [info] > git ls-files --stage -- /home/jvp/Desktop/projects/foundry-project/src/FundMe.sol [2ms]
2024-11-04 17:19:48.834 [info] [Git][getRemotes] No remotes found in the git config file
2024-11-04 17:19:48.835 [info] > git config --get commit.template [12ms]
2024-11-04 17:19:48.835 [info] > git for-each-ref --format=%(refname)%00%(upstream:short)%00%(objectname)%00%(upstream:track)%00%(upstream:remotename)%00%(upstream:remoteref) refs/heads/master refs/remotes/master [1ms]
2024-11-04 17:19:48.859 [info] > git for-each-ref --sort -committerdate --format %(refname) %(objectname) %(*objectname) [2ms]
2024-11-04 17:19:48.916 [info] > git status -z -uall [71ms]
2024-11-04 17:20:22.455 [info] > git check-ignore -v -z --stdin [12ms]
2024-11-04 17:20:22.456 [info] > git check-ignore -v -z --stdin [2ms]
2024-11-04 17:20:23.021 [info] > git config --get commit.template [1ms]
2024-11-04 17:20:23.031 [info] [Git][getRemotes] No remotes found in the git config file
2024-11-04 17:20:23.032 [info] > git for-each-ref --format=%(refname)%00%(upstream:short)%00%(objectname)%00%(upstream:track)%00%(upstream:remotename)%00%(upstream:remoteref) refs/heads/master refs/remotes/master [1ms]
2024-11-04 17:20:23.059 [info] > git for-each-ref --sort -committerdate --format %(refname) %(objectname) %(*objectname) [2ms]
2024-11-04 17:20:23.114 [info] > git status -z -uall [70ms]
2024-11-04 17:20:23.263 [info] > git check-ignore -v -z --stdin [2ms]
2024-11-04 17:20:25.770 [info] > git check-ignore -v -z --stdin [2ms]
2024-11-04 17:20:27.834 [info] > git check-ignore -v -z --stdin [3ms]
2024-11-04 17:20:29.701 [info] > git check-ignore -v -z --stdin [2ms]
2024-11-04 17:20:33.668 [info] > git fetch [4ms]
2024-11-04 17:20:33.680 [info] [Git][getRemotes] No remotes found in the git config file
2024-11-04 17:20:33.691 [info] > git config --get commit.template [12ms]
2024-11-04 17:20:33.691 [info] > git for-each-ref --format=%(refname)%00%(upstream:short)%00%(objectname)%00%(upstream:track)%00%(upstream:remotename)%00%(upstream:remoteref) refs/heads/master refs/remotes/master [1ms]
2024-11-04 17:20:33.714 [info] > git for-each-ref --sort -committerdate --format %(refname) %(objectname) %(*objectname) [2ms]
2024-11-04 17:20:33.773 [info] > git status -z -uall [72ms]
2024-11-04 17:20:34.479 [info] > git fetch [436ms]
2024-11-04 17:20:34.500 [info] > git fetch [426ms]
2024-11-04 17:20:34.501 [info] > git config --get commit.template [12ms]
2024-11-04 17:20:34.511 [info] > git for-each-ref --format %(refname) %(objectname) %(*objectname) refs/tags [10ms]
2024-11-04 17:20:34.530 [info] > git status -z -uall [10ms]
2024-11-04 17:20:34.531 [info] > git config --get commit.template [21ms]
2024-11-04 17:20:34.541 [info] > git for-each-ref --sort -committerdate --format %(refname) %(objectname) %(*objectname) [10ms]
2024-11-04 17:20:34.543 [info] > git for-each-ref --format %(refname) %(objectname) %(*objectname) refs/tags [3ms]
2024-11-04 17:20:34.567 [info] > git for-each-ref --sort -committerdate --format %(refname) %(objectname) %(*objectname) [2ms]
2024-11-04 17:20:34.616 [info] > git status -z -uall [62ms]
2024-11-04 17:20:35.654 [info] > git config --get commit.template [13ms]
2024-11-04 17:20:35.655 [info] > git config --get commit.template [2ms]
2024-11-04 17:20:35.679 [info] > git for-each-ref --format %(refname) %(objectname) %(*objectname) refs/tags [13ms]
2024-11-04 17:20:35.702 [info] > git status -z -uall [12ms]
2024-11-04 17:20:35.702 [info] > git for-each-ref --format %(refname) %(objectname) %(*objectname) refs/tags [25ms]
2024-11-04 17:20:35.729 [info] > git for-each-ref --sort -committerdate --format %(refname) %(objectname) %(*objectname) [28ms]
2024-11-04 17:20:35.732 [info] > git for-each-ref --sort -committerdate --format %(refname) %(objectname) %(*objectname) [5ms]
2024-11-04 17:20:35.744 [info] > git ls-files --stage -- /home/jvp/Desktop/projects/foundry-project/src/FundMe.sol [1ms]
2024-11-04 17:20:35.755 [info] > git show --textconv :src/FundMe.sol [1ms]
2024-11-04 17:20:35.778 [info] > git status -z -uall [63ms]
2024-11-04 17:20:57.936 [info] [Git][getRemotes] No remotes found in the git config file
2024-11-04 17:20:57.936 [info] > git config --get commit.template [9ms]
2024-11-04 17:20:57.937 [info] > git for-each-ref --format=%(refname)%00%(upstream:short)%00%(objectname)%00%(upstream:track)%00%(upstream:remotename)%00%(upstream:remoteref) refs/heads/master refs/remotes/master [1ms]
2024-11-04 17:20:57.962 [info] > git for-each-ref --sort -committerdate --format %(refname) %(objectname) %(*objectname) [1ms]
2024-11-04 17:20:58.019 [info] > git status -z -uall [70ms]
2024-11-04 17:21:02.966 [info] > git check-ignore -v -z --stdin [2ms]
2024-11-04 17:21:05.129 [info] > git check-ignore -v -z --stdin [2ms]
2024-11-04 17:21:11.542 [info] [Git][getRemotes] No remotes found in the git config file
2024-11-04 17:21:11.542 [info] > git config --get commit.template [12ms]
2024-11-04 17:21:11.543 [info] > git for-each-ref --format=%(refname)%00%(upstream:short)%00%(objectname)%00%(upstream:track)%00%(upstream:remotename)%00%(upstream:remoteref) refs/heads/master refs/remotes/master [1ms]
2024-11-04 17:21:11.560 [info] > git for-each-ref --sort -committerdate --format %(refname) %(objectname) %(*objectname) [1ms]
2024-11-04 17:21:11.623 [info] > git status -z -uall [72ms]
2024-11-04 17:21:41.365 [info] > git check-ignore -v -z --stdin [2ms]
2024-11-04 17:22:10.369 [info] > git check-ignore -v -z --stdin [2ms]
2024-11-04 17:22:13.807 [info] > git check-ignore -v -z --stdin [2ms]
2024-11-04 17:22:15.337 [info] > git check-ignore -v -z --stdin [3ms]
2024-11-04 17:22:21.018 [info] [Git][getRemotes] No remotes found in the git config file
2024-11-04 17:22:21.018 [info] > git config --get commit.template [9ms]
2024-11-04 17:22:21.019 [info] > git for-each-ref --format=%(refname)%00%(upstream:short)%00%(objectname)%00%(upstream:track)%00%(upstream:remotename)%00%(upstream:remoteref) refs/heads/master refs/remotes/master [1ms]
2024-11-04 17:22:21.039 [info] > git for-each-ref --sort -committerdate --format %(refname) %(objectname) %(*objectname) [2ms]
2024-11-04 17:22:21.098 [info] > git status -z -uall [71ms]
2024-11-04 17:22:53.564 [info] [Git][getRemotes] No remotes found in the git config file
2024-11-04 17:22:53.565 [info] > git config --get commit.template [11ms]
2024-11-04 17:22:53.565 [info] > git for-each-ref --format=%(refname)%00%(upstream:short)%00%(objectname)%00%(upstream:track)%00%(upstream:remotename)%00%(upstream:remoteref) refs/heads/master refs/remotes/master [1ms]
2024-11-04 17:22:53.590 [info] > git for-each-ref --sort -committerdate --format %(refname) %(objectname) %(*objectname) [1ms]
2024-11-04 17:22:53.649 [info] > git status -z -uall [73ms]
2024-11-04 17:23:19.043 [info] [Git][getRemotes] No remotes found in the git config file
2024-11-04 17:23:19.055 [info] > git config --get commit.template [13ms]
2024-11-04 17:23:19.056 [info] > git for-each-ref --format=%(refname)%00%(upstream:short)%00%(objectname)%00%(upstream:track)%00%(upstream:remotename)%00%(upstream:remoteref) refs/heads/master refs/remotes/master [2ms]
2024-11-04 17:23:19.077 [info] > git for-each-ref --sort -committerdate --format %(refname) %(objectname) %(*objectname) [1ms]
2024-11-04 17:23:19.134 [info] > git status -z -uall [69ms]
2024-11-04 17:23:32.822 [info] > git check-ignore -v -z --stdin [2ms]
2024-11-04 17:23:33.792 [info] > git fetch [4ms]
2024-11-04 17:23:33.804 [info] > git config --get commit.template [1ms]
2024-11-04 17:23:33.815 [info] [Git][getRemotes] No remotes found in the git config file
2024-11-04 17:23:33.816 [info] > git for-each-ref --format=%(refname)%00%(upstream:short)%00%(objectname)%00%(upstream:track)%00%(upstream:remotename)%00%(upstream:remoteref) refs/heads/master refs/remotes/master [1ms]
2024-11-04 17:23:33.840 [info] > git for-each-ref --sort -committerdate --format %(refname) %(objectname) %(*objectname) [1ms]
2024-11-04 17:23:33.896 [info] > git status -z -uall [70ms]
2024-11-04 17:23:34.971 [info] > git fetch [415ms]
2024-11-04 17:23:34.995 [info] > git config --get commit.template [11ms]
2024-11-04 17:23:34.996 [info] > git for-each-ref --format %(refname) %(objectname) %(*objectname) refs/tags [1ms]
2024-11-04 17:23:35.015 [info] > git status -z -uall [10ms]
2024-11-04 17:23:35.017 [info] > git for-each-ref --sort -committerdate --format %(refname) %(objectname) %(*objectname) [2ms]
2024-11-04 17:23:35.047 [info] > git fetch [418ms]
2024-11-04 17:23:35.070 [info] > git config --get commit.template [10ms]
2024-11-04 17:23:35.071 [info] > git for-each-ref --format %(refname) %(objectname) %(*objectname) refs/tags [2ms]
2024-11-04 17:23:35.092 [info] > git for-each-ref --sort -committerdate --format %(refname) %(objectname) %(*objectname) [1ms]
2024-11-04 17:23:35.144 [info] > git status -z -uall [64ms]
2024-11-04 17:23:36.132 [info] > git config --get commit.template [15ms]
2024-11-04 17:23:36.133 [info] > git for-each-ref --format %(refname) %(objectname) %(*objectname) refs/tags [1ms]
2024-11-04 17:23:36.154 [info] > git status -z -uall [11ms]
2024-11-04 17:23:36.156 [info] > git for-each-ref --sort -committerdate --format %(refname) %(objectname) %(*objectname) [2ms]
2024-11-04 17:23:36.186 [info] > git config --get commit.template [1ms]
2024-11-04 17:23:36.198 [info] > git for-each-ref --format %(refname) %(objectname) %(*objectname) refs/tags [1ms]
2024-11-04 17:23:36.221 [info] > git for-each-ref --sort -committerdate --format %(refname) %(objectname) %(*objectname) [2ms]
2024-11-04 17:23:36.276 [info] > git status -z -uall [66ms]
2024-11-04 17:23:36.314 [info] > git ls-files --stage -- /home/jvp/Desktop/projects/foundry-project/src/FundMe.sol [1ms]
2024-11-04 17:23:36.324 [info] > git show --textconv :src/FundMe.sol [2ms]
2024-11-04 17:23:38.234 [info] > git show --textconv :test/FundMeTest.t.sol [12ms]
2024-11-04 17:23:38.235 [info] > git ls-files --stage -- /home/jvp/Desktop/projects/foundry-project/test/FundMeTest.t.sol [1ms]
2024-11-04 17:23:52.093 [info] [Git][getRemotes] No remotes found in the git config file
2024-11-04 17:23:52.094 [info] > git config --get commit.template [11ms]
2024-11-04 17:23:52.094 [info] > git for-each-ref --format=%(refname)%00%(upstream:short)%00%(objectname)%00%(upstream:track)%00%(upstream:remotename)%00%(upstream:remoteref) refs/heads/master refs/remotes/master [1ms]
2024-11-04 17:23:52.111 [info] > git for-each-ref --sort -committerdate --format %(refname) %(objectname) %(*objectname) [1ms]
2024-11-04 17:23:52.172 [info] > git status -z -uall [69ms]
2024-11-04 17:24:09.564 [info] > git show --textconv :src/FundMe.sol [10ms]
2024-11-04 17:24:09.566 [info] > git ls-files --stage -- /home/jvp/Desktop/projects/foundry-project/src/FundMe.sol [2ms]
2024-11-04 17:24:10.543 [info] [Git][getRemotes] No remotes found in the git config file
2024-11-04 17:24:10.544 [info] > git config --get commit.template [12ms]
2024-11-04 17:24:10.545 [info] > git for-each-ref --format=%(refname)%00%(upstream:short)%00%(objectname)%00%(upstream:track)%00%(upstream:remotename)%00%(upstream:remoteref) refs/heads/master refs/remotes/master [2ms]
2024-11-04 17:24:10.569 [info] > git for-each-ref --sort -committerdate --format %(refname) %(objectname) %(*objectname) [1ms]
2024-11-04 17:24:10.627 [info] > git status -z -uall [71ms]
2024-11-04 17:24:15.654 [info] [Git][getRemotes] No remotes found in the git config file
2024-11-04 17:24:15.655 [info] > git config --get commit.template [14ms]
2024-11-04 17:24:15.656 [info] > git for-each-ref --format=%(refname)%00%(upstream:short)%00%(objectname)%00%(upstream:track)%00%(upstream:remotename)%00%(upstream:remoteref) refs/heads/master refs/remotes/master [2ms]
2024-11-04 17:24:15.679 [info] > git for-each-ref --sort -committerdate --format %(refname) %(objectname) %(*objectname) [1ms]
2024-11-04 17:24:15.738 [info] > git status -z -uall [72ms]
2024-11-04 17:25:17.079 [info] > git show --textconv :test/FundMeTest.t.sol [13ms]
2024-11-04 17:25:17.080 [info] > git ls-files --stage -- /home/jvp/Desktop/projects/foundry-project/test/FundMeTest.t.sol [1ms]
2024-11-04 17:25:35.300 [info] [Git][getRemotes] No remotes found in the git config file
2024-11-04 17:25:35.301 [info] > git config --get commit.template [14ms]
2024-11-04 17:25:35.302 [info] > git for-each-ref --format=%(refname)%00%(upstream:short)%00%(objectname)%00%(upstream:track)%00%(upstream:remotename)%00%(upstream:remoteref) refs/heads/master refs/remotes/master [2ms]
2024-11-04 17:25:35.321 [info] > git for-each-ref --sort -committerdate --format %(refname) %(objectname) %(*objectname) [1ms]
2024-11-04 17:25:35.384 [info] > git status -z -uall [73ms]
2024-11-04 17:25:51.494 [info] > git config --get commit.template [2ms]
2024-11-04 17:25:51.494 [info] [Git][getRemotes] No remotes found in the git config file
2024-11-04 17:25:51.508 [info] > git for-each-ref --format=%(refname)%00%(upstream:short)%00%(objectname)%00%(upstream:track)%00%(upstream:remotename)%00%(upstream:remoteref) refs/heads/master refs/remotes/master [2ms]
2024-11-04 17:25:51.531 [info] > git for-each-ref --sort -committerdate --format %(refname) %(objectname) %(*objectname) [1ms]
2024-11-04 17:25:51.592 [info] > git status -z -uall [73ms]
2024-11-04 17:26:17.093 [info] [Git][getRemotes] No remotes found in the git config file
2024-11-04 17:26:17.093 [info] > git config --get commit.template [10ms]
2024-11-04 17:26:17.094 [info] > git for-each-ref --format=%(refname)%00%(upstream:short)%00%(objectname)%00%(upstream:track)%00%(upstream:remotename)%00%(upstream:remoteref) refs/heads/master refs/remotes/master [1ms]
2024-11-04 17:26:17.114 [info] > git for-each-ref --sort -committerdate --format %(refname) %(objectname) %(*objectname) [1ms]
2024-11-04 17:26:17.178 [info] > git status -z -uall [74ms]
2024-11-04 17:26:33.915 [info] > git fetch [4ms]
2024-11-04 17:26:33.928 [info] > git config --get commit.template [1ms]
2024-11-04 17:26:33.941 [info] [Git][getRemotes] No remotes found in the git config file
2024-11-04 17:26:33.942 [info] > git for-each-ref --format=%(refname)%00%(upstream:short)%00%(objectname)%00%(upstream:track)%00%(upstream:remotename)%00%(upstream:remoteref) refs/heads/master refs/remotes/master [1ms]
2024-11-04 17:26:33.958 [info] > git for-each-ref --sort -committerdate --format %(refname) %(objectname) %(*objectname) [1ms]
2024-11-04 17:26:34.021 [info] > git status -z -uall [72ms]
2024-11-04 17:26:35.102 [info] > git ls-files --stage -- /home/jvp/Desktop/projects/foundry-project/test/FundMeTest.t.sol [1ms]
2024-11-04 17:26:35.115 [info] > git show --textconv :test/FundMeTest.t.sol [1ms]
2024-11-04 17:26:35.453 [info] > git fetch [422ms]
2024-11-04 17:26:35.476 [info] > git config --get commit.template [12ms]
2024-11-04 17:26:35.477 [info] > git for-each-ref --format %(refname) %(objectname) %(*objectname) refs/tags [1ms]
2024-11-04 17:26:35.503 [info] > git status -z -uall [15ms]
2024-11-04 17:26:35.505 [info] > git for-each-ref --sort -committerdate --format %(refname) %(objectname) %(*objectname) [3ms]
2024-11-04 17:26:35.572 [info] > git fetch [412ms]
2024-11-04 17:26:35.583 [info] > git config --get commit.template [1ms]
2024-11-04 17:26:35.594 [info] > git for-each-ref --format %(refname) %(objectname) %(*objectname) refs/tags [1ms]
2024-11-04 17:26:35.613 [info] > git for-each-ref --sort -committerdate --format %(refname) %(objectname) %(*objectname) [1ms]
2024-11-04 17:26:35.669 [info] > git status -z -uall [66ms]
2024-11-04 17:26:36.598 [info] > git config --get commit.template [2ms]
2024-11-04 17:26:36.612 [info] > git for-each-ref --format %(refname) %(objectname) %(*objectname) refs/tags [2ms]
2024-11-04 17:26:36.638 [info] > git status -z -uall [13ms]
2024-11-04 17:26:36.638 [info] > git for-each-ref --sort -committerdate --format %(refname) %(objectname) %(*objectname) [1ms]
2024-11-04 17:26:36.723 [info] > git config --get commit.template [10ms]
2024-11-04 17:26:36.723 [info] > git for-each-ref --format %(refname) %(objectname) %(*objectname) refs/tags [1ms]
2024-11-04 17:26:36.746 [info] > git for-each-ref --sort -committerdate --format %(refname) %(objectname) %(*objectname) [2ms]
2024-11-04 17:26:36.798 [info] > git status -z -uall [64ms]
2024-11-04 17:26:38.731 [info] [Git][getRemotes] No remotes found in the git config file
2024-11-04 17:26:38.742 [info] > git config --get commit.template [12ms]
2024-11-04 17:26:38.742 [info] > git for-each-ref --format=%(refname)%00%(upstream:short)%00%(objectname)%00%(upstream:track)%00%(upstream:remotename)%00%(upstream:remoteref) refs/heads/master refs/remotes/master [1ms]
2024-11-04 17:26:38.764 [info] > git for-each-ref --sort -committerdate --format %(refname) %(objectname) %(*objectname) [1ms]
2024-11-04 17:26:38.822 [info] > git status -z -uall [70ms]
2024-11-04 17:26:48.657 [info] [Git][getRemotes] No remotes found in the git config file
2024-11-04 17:26:48.657 [info] > git config --get commit.template [8ms]
2024-11-04 17:26:48.657 [info] > git for-each-ref --format=%(refname)%00%(upstream:short)%00%(objectname)%00%(upstream:track)%00%(upstream:remotename)%00%(upstream:remoteref) refs/heads/master refs/remotes/master [1ms]
2024-11-04 17:26:48.677 [info] > git for-each-ref --sort -committerdate --format %(refname) %(objectname) %(*objectname) [1ms]
2024-11-04 17:26:48.748 [info] > git status -z -uall [81ms]
2024-11-04 17:26:56.365 [info] [Git][getRemotes] No remotes found in the git config file
2024-11-04 17:26:56.366 [info] > git config --get commit.template [10ms]
2024-11-04 17:26:56.366 [info] > git for-each-ref --format=%(refname)%00%(upstream:short)%00%(objectname)%00%(upstream:track)%00%(upstream:remotename)%00%(upstream:remoteref) refs/heads/master refs/remotes/master [1ms]
2024-11-04 17:26:56.385 [info] > git for-each-ref --sort -committerdate --format %(refname) %(objectname) %(*objectname) [1ms]
2024-11-04 17:26:56.450 [info] > git status -z -uall [75ms]
2024-11-04 17:28:32.764 [info] > git config --get commit.template [1ms]
2024-11-04 17:28:32.775 [info] [Git][getRemotes] No remotes found in the git config file
2024-11-04 17:28:32.776 [info] > git for-each-ref --format=%(refname)%00%(upstream:short)%00%(objectname)%00%(upstream:track)%00%(upstream:remotename)%00%(upstream:remoteref) refs/heads/master refs/remotes/master [1ms]
2024-11-04 17:28:32.798 [info] > git for-each-ref --sort -committerdate --format %(refname) %(objectname) %(*objectname) [1ms]
2024-11-04 17:28:32.863 [info] > git status -z -uall [76ms]
2024-11-04 17:28:48.657 [info] [Git][getRemotes] No remotes found in the git config file
2024-11-04 17:28:48.658 [info] > git config --get commit.template [14ms]
2024-11-04 17:28:48.659 [info] > git for-each-ref --format=%(refname)%00%(upstream:short)%00%(objectname)%00%(upstream:track)%00%(upstream:remotename)%00%(upstream:remoteref) refs/heads/master refs/remotes/master [2ms]
2024-11-04 17:28:48.684 [info] > git for-each-ref --sort -committerdate --format %(refname) %(objectname) %(*objectname) [1ms]
2024-11-04 17:28:48.751 [info] > git status -z -uall [79ms]
2024-11-04 17:29:24.214 [info] [Git][getRemotes] No remotes found in the git config file
2024-11-04 17:29:24.214 [info] > git config --get commit.template [13ms]
2024-11-04 17:29:24.215 [info] > git for-each-ref --format=%(refname)%00%(upstream:short)%00%(objectname)%00%(upstream:track)%00%(upstream:remotename)%00%(upstream:remoteref) refs/heads/master refs/remotes/master [2ms]
2024-11-04 17:29:24.244 [info] > git for-each-ref --sort -committerdate --format %(refname) %(objectname) %(*objectname) [2ms]
2024-11-04 17:29:24.301 [info] > git status -z -uall [72ms]
2024-11-04 17:29:24.303 [info] > git ls-files --stage -- /home/jvp/Desktop/projects/foundry-project/test/FundMeTest.t.sol [3ms]
2024-11-04 17:29:24.316 [info] > git show --textconv :test/FundMeTest.t.sol [1ms]
2024-11-04 17:29:34.042 [info] > git fetch [5ms]
2024-11-04 17:29:34.064 [info] [Git][getRemotes] No remotes found in the git config file
2024-11-04 17:29:34.064 [info] > git config --get commit.template [11ms]
2024-11-04 17:29:34.065 [info] > git for-each-ref --format=%(refname)%00%(upstream:short)%00%(objectname)%00%(upstream:track)%00%(upstream:remotename)%00%(upstream:remoteref) refs/heads/master refs/remotes/master [1ms]
2024-11-04 17:29:34.088 [info] > git for-each-ref --sort -committerdate --format %(refname) %(objectname) %(*objectname) [1ms]
2024-11-04 17:29:34.144 [info] > git status -z -uall [69ms]
2024-11-04 17:29:35.230 [info] > git ls-files --stage -- /home/jvp/Desktop/projects/foundry-project/test/FundMeTest.t.sol [1ms]
2024-11-04 17:29:35.246 [info] > git show --textconv :test/FundMeTest.t.sol [2ms]
2024-11-04 17:29:35.931 [info] > git fetch [412ms]
2024-11-04 17:29:35.957 [info] > git config --get commit.template [13ms]
2024-11-04 17:29:35.959 [info] > git for-each-ref --format %(refname) %(objectname) %(*objectname) refs/tags [3ms]
2024-11-04 17:29:35.979 [info] > git status -z -uall [10ms]
2024-11-04 17:29:35.980 [info] > git for-each-ref --sort -committerdate --format %(refname) %(objectname) %(*objectname) [1ms]
2024-11-04 17:29:36.175 [info] > git fetch [495ms]
2024-11-04 17:29:36.198 [info] > git config --get commit.template [11ms]
2024-11-04 17:29:36.199 [info] > git for-each-ref --format %(refname) %(objectname) %(*objectname) refs/tags [1ms]
2024-11-04 17:29:36.221 [info] > git for-each-ref --sort -committerdate --format %(refname) %(objectname) %(*objectname) [2ms]
2024-11-04 17:29:36.271 [info] > git status -z -uall [63ms]
2024-11-04 17:29:37.083 [info] > git config --get commit.template [13ms]
2024-11-04 17:29:37.084 [info] > git for-each-ref --format %(refname) %(objectname) %(*objectname) refs/tags [2ms]
2024-11-04 17:29:37.108 [info] > git status -z -uall [14ms]
2024-11-04 17:29:37.109 [info] > git for-each-ref --sort -committerdate --format %(refname) %(objectname) %(*objectname) [2ms]
2024-11-04 17:29:37.312 [info] > git config --get commit.template [1ms]
2024-11-04 17:29:37.324 [info] > git for-each-ref --format %(refname) %(objectname) %(*objectname) refs/tags [1ms]
2024-11-04 17:29:37.350 [info] > git for-each-ref --sort -committerdate --format %(refname) %(objectname) %(*objectname) [2ms]
2024-11-04 17:29:37.398 [info] > git status -z -uall [62ms]
2024-11-04 17:29:48.616 [info] [Git][getRemotes] No remotes found in the git config file
2024-11-04 17:29:48.616 [info] > git config --get commit.template [13ms]
2024-11-04 17:29:48.617 [info] > git for-each-ref --format=%(refname)%00%(upstream:short)%00%(objectname)%00%(upstream:track)%00%(upstream:remotename)%00%(upstream:remoteref) refs/heads/master refs/remotes/master [1ms]
2024-11-04 17:29:48.641 [info] > git for-each-ref --sort -committerdate --format %(refname) %(objectname) %(*objectname) [2ms]
2024-11-04 17:29:48.697 [info] > git status -z -uall [68ms]
2024-11-04 17:30:09.299 [info] [Git][getRemotes] No remotes found in the git config file
2024-11-04 17:30:09.299 [info] > git config --get commit.template [8ms]
2024-11-04 17:30:09.300 [info] > git for-each-ref --format=%(refname)%00%(upstream:short)%00%(objectname)%00%(upstream:track)%00%(upstream:remotename)%00%(upstream:remoteref) refs/heads/master refs/remotes/master [2ms]
2024-11-04 17:30:09.316 [info] > git for-each-ref --sort -committerdate --format %(refname) %(objectname) %(*objectname) [1ms]
2024-11-04 17:30:09.379 [info] > git status -z -uall [72ms]
2024-11-04 17:30:32.754 [info] > git show --textconv :src/FundMe.sol [14ms]
2024-11-04 17:30:32.755 [info] > git ls-files --stage -- /home/jvp/Desktop/projects/foundry-project/src/FundMe.sol [2ms]
2024-11-04 17:30:48.936 [info] > git show --textconv :test/FundMeTest.t.sol [14ms]
2024-11-04 17:30:48.937 [info] > git ls-files --stage -- /home/jvp/Desktop/projects/foundry-project/test/FundMeTest.t.sol [2ms]
2024-11-04 17:30:57.636 [info] [Git][getRemotes] No remotes found in the git config file
2024-11-04 17:30:57.637 [info] > git config --get commit.template [10ms]
2024-11-04 17:30:57.637 [info] > git for-each-ref --format=%(refname)%00%(upstream:short)%00%(objectname)%00%(upstream:track)%00%(upstream:remotename)%00%(upstream:remoteref) refs/heads/master refs/remotes/master [1ms]
2024-11-04 17:30:57.655 [info] > git for-each-ref --sort -committerdate --format %(refname) %(objectname) %(*objectname) [1ms]
2024-11-04 17:30:57.718 [info] > git status -z -uall [73ms]
2024-11-04 17:31:29.302 [info] > git show --textconv :src/FundMe.sol [12ms]
2024-11-04 17:31:29.303 [info] > git ls-files --stage -- /home/jvp/Desktop/projects/foundry-project/src/FundMe.sol [2ms]
2024-11-04 17:34:00.625 [info] > git fetch [25ms]
2024-11-04 17:34:00.646 [info] [Git][getRemotes] No remotes found in the git config file
2024-11-04 17:34:00.647 [info] > git config --get commit.template [12ms]
2024-11-04 17:34:00.647 [info] > git for-each-ref --format=%(refname)%00%(upstream:short)%00%(objectname)%00%(upstream:track)%00%(upstream:remotename)%00%(upstream:remoteref) refs/heads/master refs/remotes/master [1ms]
2024-11-04 17:34:00.669 [info] > git for-each-ref --sort -committerdate --format %(refname) %(objectname) %(*objectname) [2ms]
2024-11-04 17:34:00.731 [info] > git status -z -uall [74ms]
2024-11-04 17:34:00.986 [info] > git fetch [372ms]
2024-11-04 17:34:01.007 [info] > git config --get commit.template [11ms]
2024-11-04 17:34:01.009 [info] > git for-each-ref --format %(refname) %(objectname) %(*objectname) refs/tags [2ms]
2024-11-04 17:34:01.026 [info] > git status -z -uall [8ms]
2024-11-04 17:34:01.028 [info] > git for-each-ref --sort -committerdate --format %(refname) %(objectname) %(*objectname) [2ms]
2024-11-04 17:34:01.118 [info] > git fetch [494ms]
2024-11-04 17:34:01.139 [info] > git config --get commit.template [11ms]
2024-11-04 17:34:01.141 [info] > git for-each-ref --format %(refname) %(objectname) %(*objectname) refs/tags [2ms]
2024-11-04 17:34:01.160 [info] > git for-each-ref --sort -committerdate --format %(refname) %(objectname) %(*objectname) [1ms]
2024-11-04 17:34:01.214 [info] > git status -z -uall [64ms]
2024-11-04 17:34:02.137 [info] > git config --get commit.template [13ms]
2024-11-04 17:34:02.139 [info] > git for-each-ref --format %(refname) %(objectname) %(*objectname) refs/tags [3ms]
2024-11-04 17:34:02.156 [info] > git status -z -uall [9ms]
2024-11-04 17:34:02.157 [info] > git for-each-ref --sort -committerdate --format %(refname) %(objectname) %(*objectname) [2ms]
2024-11-04 17:34:02.268 [info] > git config --get commit.template [14ms]
2024-11-04 17:34:02.269 [info] > git for-each-ref --format %(refname) %(objectname) %(*objectname) refs/tags [2ms]
2024-11-04 17:34:02.294 [info] > git for-each-ref --sort -committerdate --format %(refname) %(objectname) %(*objectname) [2ms]
2024-11-04 17:34:02.356 [info] > git status -z -uall [76ms]
2024-11-04 17:34:02.357 [info] > git ls-files --stage -- /home/jvp/Desktop/projects/foundry-project/src/FundMe.sol [1ms]
2024-11-04 17:34:02.367 [info] > git show --textconv :src/FundMe.sol [1ms]
2024-11-04 17:34:10.276 [info] > git show --textconv :test/FundMeTest.t.sol [10ms]
2024-11-04 17:34:10.277 [info] > git ls-files --stage -- /home/jvp/Desktop/projects/foundry-project/test/FundMeTest.t.sol [1ms]
2024-11-04 17:34:38.943 [info] > git show --textconv :src/FundMe.sol [13ms]
2024-11-04 17:34:38.944 [info] > git ls-files --stage -- /home/jvp/Desktop/projects/foundry-project/src/FundMe.sol [2ms]
2024-11-04 17:34:39.873 [info] [Git][getRemotes] No remotes found in the git config file
2024-11-04 17:34:39.874 [info] > git config --get commit.template [14ms]
2024-11-04 17:34:39.874 [info] > git for-each-ref --format=%(refname)%00%(upstream:short)%00%(objectname)%00%(upstream:track)%00%(upstream:remotename)%00%(upstream:remoteref) refs/heads/master refs/remotes/master [1ms]
2024-11-04 17:34:39.899 [info] > git for-each-ref --sort -committerdate --format %(refname) %(objectname) %(*objectname) [1ms]
2024-11-04 17:34:39.960 [info] > git status -z -uall [74ms]
2024-11-04 17:36:04.197 [info] > git show --textconv :src/PriceConverter.sol [12ms]
2024-11-04 17:36:04.198 [info] > git ls-files --stage -- /home/jvp/Desktop/projects/foundry-project/src/PriceConverter.sol [2ms]
2024-11-04 17:36:11.456 [info] [Git][getRemotes] No remotes found in the git config file
2024-11-04 17:36:11.457 [info] > git config --get commit.template [12ms]
2024-11-04 17:36:11.457 [info] > git for-each-ref --format=%(refname)%00%(upstream:short)%00%(objectname)%00%(upstream:track)%00%(upstream:remotename)%00%(upstream:remoteref) refs/heads/master refs/remotes/master [1ms]
2024-11-04 17:36:11.482 [info] > git for-each-ref --sort -committerdate --format %(refname) %(objectname) %(*objectname) [2ms]
2024-11-04 17:36:11.540 [info] > git status -z -uall [72ms]
2024-11-04 17:36:13.766 [info] > git show --textconv :src/FundMe.sol [12ms]
2024-11-04 17:36:13.767 [info] > git ls-files --stage -- /home/jvp/Desktop/projects/foundry-project/src/FundMe.sol [1ms]
2024-11-04 17:36:21.725 [info] [Git][getRemotes] No remotes found in the git config file
2024-11-04 17:36:21.726 [info] > git config --get commit.template [13ms]
2024-11-04 17:36:21.726 [info] > git for-each-ref --format=%(refname)%00%(upstream:short)%00%(objectname)%00%(upstream:track)%00%(upstream:remotename)%00%(upstream:remoteref) refs/heads/master refs/remotes/master [1ms]
2024-11-04 17:36:21.750 [info] > git for-each-ref --sort -committerdate --format %(refname) %(objectname) %(*objectname) [1ms]
2024-11-04 17:36:21.810 [info] > git status -z -uall [73ms]
2024-11-04 17:36:28.909 [info] > git show --textconv :test/FundMeTest.t.sol [14ms]
2024-11-04 17:36:28.910 [info] > git ls-files --stage -- /home/jvp/Desktop/projects/foundry-project/test/FundMeTest.t.sol [2ms]
2024-11-04 17:37:00.744 [info] > git fetch [3ms]
2024-11-04 17:37:00.763 [info] [Git][getRemotes] No remotes found in the git config file
2024-11-04 17:37:00.763 [info] > git config --get commit.template [10ms]
2024-11-04 17:37:00.764 [info] > git for-each-ref --format=%(refname)%00%(upstream:short)%00%(objectname)%00%(upstream:track)%00%(upstream:remotename)%00%(upstream:remoteref) refs/heads/master refs/remotes/master [1ms]
2024-11-04 17:37:00.781 [info] > git for-each-ref --sort -committerdate --format %(refname) %(objectname) %(*objectname) [1ms]
2024-11-04 17:37:00.844 [info] > git status -z -uall [72ms]
2024-11-04 17:37:01.415 [info] > git fetch [375ms]
2024-11-04 17:37:01.436 [info] > git config --get commit.template [9ms]
2024-11-04 17:37:01.437 [info] > git for-each-ref --format %(refname) %(objectname) %(*objectname) refs/tags [1ms]
2024-11-04 17:37:01.455 [info] > git status -z -uall [9ms]
2024-11-04 17:37:01.457 [info] > git for-each-ref --sort -committerdate --format %(refname) %(objectname) %(*objectname) [2ms]
2024-11-04 17:37:01.630 [info] > git fetch [402ms]
2024-11-04 17:37:01.647 [info] > git config --get commit.template [8ms]
2024-11-04 17:37:01.648 [info] > git for-each-ref --format %(refname) %(objectname) %(*objectname) refs/tags [1ms]
2024-11-04 17:37:01.665 [info] > git for-each-ref --sort -committerdate --format %(refname) %(objectname) %(*objectname) [2ms]
2024-11-04 17:37:01.718 [info] > git status -z -uall [62ms]
2024-11-04 17:37:02.566 [info] > git config --get commit.template [11ms]
2024-11-04 17:37:02.567 [info] > git for-each-ref --format %(refname) %(objectname) %(*objectname) refs/tags [2ms]
2024-11-04 17:37:02.586 [info] > git status -z -uall [8ms]
2024-11-04 17:37:02.587 [info] > git for-each-ref --sort -committerdate --format %(refname) %(objectname) %(*objectname) [2ms]
2024-11-04 17:37:02.781 [info] > git config --get commit.template [12ms]
2024-11-04 17:37:02.782 [info] > git for-each-ref --format %(refname) %(objectname) %(*objectname) refs/tags [1ms]
2024-11-04 17:37:02.808 [info] > git for-each-ref --sort -committerdate --format %(refname) %(objectname) %(*objectname) [2ms]
2024-11-04 17:37:02.867 [info] > git status -z -uall [73ms]
2024-11-04 17:37:02.868 [info] > git ls-files --stage -- /home/jvp/Desktop/projects/foundry-project/test/FundMeTest.t.sol [2ms]
2024-11-04 17:37:02.883 [info] > git show --textconv :test/FundMeTest.t.sol [1ms]
2024-11-04 17:37:17.356 [info] [Git][getRemotes] No remotes found in the git config file
2024-11-04 17:37:17.367 [info] > git config --get commit.template [12ms]
2024-11-04 17:37:17.368 [info] > git for-each-ref --format=%(refname)%00%(upstream:short)%00%(objectname)%00%(upstream:track)%00%(upstream:remotename)%00%(upstream:remoteref) refs/heads/master refs/remotes/master [2ms]
2024-11-04 17:37:17.390 [info] > git for-each-ref --sort -committerdate --format %(refname) %(objectname) %(*objectname) [1ms]
2024-11-04 17:37:17.454 [info] > git status -z -uall [76ms]
2024-11-04 17:37:56.147 [info] [Git][getRemotes] No remotes found in the git config file
2024-11-04 17:37:56.147 [info] > git config --get commit.template [9ms]
2024-11-04 17:37:56.148 [info] > git for-each-ref --format=%(refname)%00%(upstream:short)%00%(objectname)%00%(upstream:track)%00%(upstream:remotename)%00%(upstream:remoteref) refs/heads/master refs/remotes/master [1ms]
2024-11-04 17:37:56.171 [info] > git for-each-ref --sort -committerdate --format %(refname) %(objectname) %(*objectname) [2ms]
2024-11-04 17:37:56.235 [info] > git status -z -uall [77ms]
2024-11-04 17:38:03.228 [info] [Git][getRemotes] No remotes found in the git config file
2024-11-04 17:38:03.229 [info] > git config --get commit.template [14ms]
2024-11-04 17:38:03.229 [info] > git for-each-ref --format=%(refname)%00%(upstream:short)%00%(objectname)%00%(upstream:track)%00%(upstream:remotename)%00%(upstream:remoteref) refs/heads/master refs/remotes/master [1ms]
2024-11-04 17:38:03.254 [info] > git for-each-ref --sort -committerdate --format %(refname) %(objectname) %(*objectname) [2ms]
2024-11-04 17:38:03.316 [info] > git status -z -uall [75ms]
2024-11-04 17:38:11.583 [info] [Git][getRemotes] No remotes found in the git config file
2024-11-04 17:38:11.584 [info] > git config --get commit.template [13ms]
2024-11-04 17:38:11.585 [info] > git for-each-ref --format=%(refname)%00%(upstream:short)%00%(objectname)%00%(upstream:track)%00%(upstream:remotename)%00%(upstream:remoteref) refs/heads/master refs/remotes/master [2ms]
2024-11-04 17:38:11.609 [info] > git for-each-ref --sort -committerdate --format %(refname) %(objectname) %(*objectname) [2ms]
2024-11-04 17:38:11.665 [info] > git status -z -uall [70ms]
2024-11-04 17:38:36.619 [info] > git show --textconv :src/FundMe.sol [12ms]
2024-11-04 17:38:36.620 [info] > git ls-files --stage -- /home/jvp/Desktop/projects/foundry-project/src/FundMe.sol [2ms]
2024-11-04 17:40:00.862 [info] > git fetch [3ms]
2024-11-04 17:40:00.883 [info] [Git][getRemotes] No remotes found in the git config file
2024-11-04 17:40:00.884 [info] > git config --get commit.template [11ms]
2024-11-04 17:40:00.884 [info] > git for-each-ref --format=%(refname)%00%(upstream:short)%00%(objectname)%00%(upstream:track)%00%(upstream:remotename)%00%(upstream:remoteref) refs/heads/master refs/remotes/master [1ms]
2024-11-04 17:40:00.908 [info] > git for-each-ref --sort -committerdate --format %(refname) %(objectname) %(*objectname) [2ms]
2024-11-04 17:40:00.968 [info] > git status -z -uall [73ms]
2024-11-04 17:40:01.872 [info] > git fetch [402ms]
2024-11-04 17:40:01.893 [info] > git config --get commit.template [9ms]
2024-11-04 17:40:01.894 [info] > git for-each-ref --format %(refname) %(objectname) %(*objectname) refs/tags [2ms]
2024-11-04 17:40:01.912 [info] > git status -z -uall [10ms]
2024-11-04 17:40:01.913 [info] > git for-each-ref --sort -committerdate --format %(refname) %(objectname) %(*objectname) [1ms]
2024-11-04 17:40:02.132 [info] > git fetch [399ms]
2024-11-04 17:40:02.155 [info] > git config --get commit.template [12ms]
2024-11-04 17:40:02.158 [info] > git for-each-ref --format %(refname) %(objectname) %(*objectname) refs/tags [2ms]
2024-11-04 17:40:02.178 [info] > git for-each-ref --sort -committerdate --format %(refname) %(objectname) %(*objectname) [2ms]
2024-11-04 17:40:02.231 [info] > git status -z -uall [64ms]
2024-11-04 17:40:03.036 [info] > git config --get commit.template [9ms]
2024-11-04 17:40:03.038 [info] > git for-each-ref --format %(refname) %(objectname) %(*objectname) refs/tags [3ms]
2024-11-04 17:40:03.057 [info] > git status -z -uall [10ms]
2024-11-04 17:40:03.060 [info] > git for-each-ref --sort -committerdate --format %(refname) %(objectname) %(*objectname) [3ms]
2024-11-04 17:40:03.282 [info] > git config --get commit.template [11ms]
2024-11-04 17:40:03.283 [info] > git for-each-ref --format %(refname) %(objectname) %(*objectname) refs/tags [1ms]
2024-11-04 17:40:03.305 [info] > git for-each-ref --sort -committerdate --format %(refname) %(objectname) %(*objectname) [2ms]
2024-11-04 17:40:03.355 [info] > git status -z -uall [64ms]
2024-11-04 17:40:03.370 [info] > git ls-files --stage -- /home/jvp/Desktop/projects/foundry-project/src/FundMe.sol [1ms]
2024-11-04 17:40:03.380 [info] > git show --textconv :src/FundMe.sol [1ms]
2024-11-04 17:43:00.986 [info] > git fetch [4ms]
2024-11-04 17:43:01.014 [info] [Git][getRemotes] No remotes found in the git config file
2024-11-04 17:43:01.014 [info] > git config --get commit.template [14ms]
2024-11-04 17:43:01.015 [info] > git for-each-ref --format=%(refname)%00%(upstream:short)%00%(objectname)%00%(upstream:track)%00%(upstream:remotename)%00%(upstream:remoteref) refs/heads/master refs/remotes/master [1ms]
2024-11-04 17:43:01.038 [info] > git for-each-ref --sort -committerdate --format %(refname) %(objectname) %(*objectname) [1ms]
2024-11-04 17:43:01.097 [info] > git status -z -uall [70ms]
2024-11-04 17:43:02.307 [info] > git fetch [381ms]
2024-11-04 17:43:02.324 [info] > git config --get commit.template [8ms]
2024-11-04 17:43:02.325 [info] > git for-each-ref --format %(refname) %(objectname) %(*objectname) refs/tags [2ms]
2024-11-04 17:43:02.341 [info] > git status -z -uall [9ms]
2024-11-04 17:43:02.343 [info] > git for-each-ref --sort -committerdate --format %(refname) %(objectname) %(*objectname) [2ms]
2024-11-04 17:43:02.664 [info] > git fetch [418ms]
2024-11-04 17:43:02.688 [info] > git config --get commit.template [12ms]
2024-11-04 17:43:02.689 [info] > git for-each-ref --format %(refname) %(objectname) %(*objectname) refs/tags [1ms]
2024-11-04 17:43:02.716 [info] > git for-each-ref --sort -committerdate --format %(refname) %(objectname) %(*objectname) [2ms]
2024-11-04 17:43:02.763 [info] > git status -z -uall [61ms]
2024-11-04 17:43:03.400 [info] > git config --get commit.template [11ms]
2024-11-04 17:43:03.401 [info] > git for-each-ref --format %(refname) %(objectname) %(*objectname) refs/tags [2ms]
2024-11-04 17:43:03.422 [info] > git status -z -uall [11ms]
2024-11-04 17:43:03.424 [info] > git for-each-ref --sort -committerdate --format %(refname) %(objectname) %(*objectname) [1ms]
2024-11-04 17:43:03.803 [info] > git config --get commit.template [1ms]
2024-11-04 17:43:03.815 [info] > git for-each-ref --format %(refname) %(objectname) %(*objectname) refs/tags [1ms]
2024-11-04 17:43:03.837 [info] > git for-each-ref --sort -committerdate --format %(refname) %(objectname) %(*objectname) [2ms]
2024-11-04 17:43:03.888 [info] > git status -z -uall [62ms]
2024-11-04 17:43:03.902 [info] > git ls-files --stage -- /home/jvp/Desktop/projects/foundry-project/src/FundMe.sol [1ms]
2024-11-04 17:43:03.912 [info] > git show --textconv :src/FundMe.sol [1ms]
2024-11-04 17:43:10.492 [info] > git show --textconv :script/DeployFundMe.s [12ms]
2024-11-04 17:43:10.493 [info] > git ls-files --stage -- /home/jvp/Desktop/projects/foundry-project/script/DeployFundMe.s [1ms]
2024-11-04 17:43:10.763 [info] > git check-ignore -v -z --stdin [2ms]
2024-11-04 17:43:11.304 [info] > git config --get commit.template [2ms]
2024-11-04 17:43:11.317 [info] [Git][getRemotes] No remotes found in the git config file
2024-11-04 17:43:11.318 [info] > git for-each-ref --format=%(refname)%00%(upstream:short)%00%(objectname)%00%(upstream:track)%00%(upstream:remotename)%00%(upstream:remoteref) refs/heads/master refs/remotes/master [1ms]
2024-11-04 17:43:11.344 [info] > git for-each-ref --sort -committerdate --format %(refname) %(objectname) %(*objectname) [2ms]
2024-11-04 17:43:11.401 [info] > git status -z -uall [70ms]
2024-11-04 17:43:12.944 [info] > git show --textconv :src/FundMe.sol [10ms]
2024-11-04 17:43:12.944 [info] > git ls-files --stage -- /home/jvp/Desktop/projects/foundry-project/src/FundMe.sol [1ms]
2024-11-04 17:43:19.522 [info] [Git][getRemotes] No remotes found in the git config file
2024-11-04 17:43:19.522 [info] > git config --get commit.template [13ms]
2024-11-04 17:43:19.523 [info] > git for-each-ref --format=%(refname)%00%(upstream:short)%00%(objectname)%00%(upstream:track)%00%(upstream:remotename)%00%(upstream:remoteref) refs/heads/master refs/remotes/master [1ms]
2024-11-04 17:43:19.551 [info] > git for-each-ref --sort -committerdate --format %(refname) %(objectname) %(*objectname) [2ms]
2024-11-04 17:43:19.612 [info] > git status -z -uall [76ms]
2024-11-04 17:43:30.722 [info] > git show --textconv :script/DeployFundMe.s.sol [10ms]
2024-11-04 17:43:30.722 [info] > git ls-files --stage -- /home/jvp/Desktop/projects/foundry-project/script/DeployFundMe.s.sol [1ms]
2024-11-04 17:43:30.991 [info] > git check-ignore -v -z --stdin [2ms]
2024-11-04 17:43:50.301 [info] [Git][getRemotes] No remotes found in the git config file
2024-11-04 17:43:50.301 [info] > git config --get commit.template [13ms]
2024-11-04 17:43:50.302 [info] > git for-each-ref --format=%(refname)%00%(upstream:short)%00%(objectname)%00%(upstream:track)%00%(upstream:remotename)%00%(upstream:remoteref) refs/heads/master refs/remotes/master [2ms]
2024-11-04 17:43:50.328 [info] > git for-each-ref --sort -committerdate --format %(refname) %(objectname) %(*objectname) [1ms]
2024-11-04 17:43:50.391 [info] > git status -z -uall [75ms]
2024-11-04 17:44:42.151 [info] [Git][getRemotes] No remotes found in the git config file
2024-11-04 17:44:42.152 [info] > git config --get commit.template [12ms]
2024-11-04 17:44:42.152 [info] > git for-each-ref --format=%(refname)%00%(upstream:short)%00%(objectname)%00%(upstream:track)%00%(upstream:remotename)%00%(upstream:remoteref) refs/heads/master refs/remotes/master [1ms]
2024-11-04 17:44:42.173 [info] > git for-each-ref --sort -committerdate --format %(refname) %(objectname) %(*objectname) [1ms]
2024-11-04 17:44:42.231 [info] > git status -z -uall [68ms]
2024-11-04 17:45:14.120 [info] > git config --get commit.template [1ms]
2024-11-04 17:45:14.131 [info] [Git][getRemotes] No remotes found in the git config file
2024-11-04 17:45:14.133 [info] > git for-each-ref --format=%(refname)%00%(upstream:short)%00%(objectname)%00%(upstream:track)%00%(upstream:remotename)%00%(upstream:remoteref) refs/heads/master refs/remotes/master [2ms]
2024-11-04 17:45:14.158 [info] > git for-each-ref --sort -committerdate --format %(refname) %(objectname) %(*objectname) [1ms]
2024-11-04 17:45:14.221 [info] > git status -z -uall [76ms]
2024-11-04 17:45:48.147 [info] [Git][getRemotes] No remotes found in the git config file
2024-11-04 17:45:48.147 [info] > git config --get commit.template [15ms]
2024-11-04 17:45:48.148 [info] > git for-each-ref --format=%(refname)%00%(upstream:short)%00%(objectname)%00%(upstream:track)%00%(upstream:remotename)%00%(upstream:remoteref) refs/heads/master refs/remotes/master [1ms]
2024-11-04 17:45:48.175 [info] > git for-each-ref --sort -committerdate --format %(refname) %(objectname) %(*objectname) [1ms]
2024-11-04 17:45:48.239 [info] > git status -z -uall [78ms]
2024-11-04 17:46:01.115 [info] > git fetch [4ms]
2024-11-04 17:46:01.139 [info] [Git][getRemotes] No remotes found in the git config file
2024-11-04 17:46:01.139 [info] > git config --get commit.template [12ms]
2024-11-04 17:46:01.140 [info] > git for-each-ref --format=%(refname)%00%(upstream:short)%00%(objectname)%00%(upstream:track)%00%(upstream:remotename)%00%(upstream:remoteref) refs/heads/master refs/remotes/master [1ms]
2024-11-04 17:46:01.166 [info] > git for-each-ref --sort -committerdate --format %(refname) %(objectname) %(*objectname) [1ms]
2024-11-04 17:46:01.219 [info] > git status -z -uall [68ms]
2024-11-04 17:46:02.303 [info] > git ls-files --stage -- /home/jvp/Desktop/projects/foundry-project/script/DeployFundMe.s.sol [1ms]
2024-11-04 17:46:02.316 [info] > git show --textconv :script/DeployFundMe.s.sol [2ms]
2024-11-04 17:46:02.748 [info] > git fetch [396ms]
2024-11-04 17:46:02.761 [info] > git config --get commit.template [1ms]
2024-11-04 17:46:02.784 [info] > git for-each-ref --format %(refname) %(objectname) %(*objectname) refs/tags [11ms]
2024-11-04 17:46:02.802 [info] > git status -z -uall [8ms]
2024-11-04 17:46:02.804 [info] > git for-each-ref --sort -committerdate --format %(refname) %(objectname) %(*objectname) [2ms]
2024-11-04 17:46:03.192 [info] > git fetch [408ms]
2024-11-04 17:46:03.218 [info] > git config --get commit.template [12ms]
2024-11-04 17:46:03.219 [info] > git for-each-ref --format %(refname) %(objectname) %(*objectname) refs/tags [1ms]
2024-11-04 17:46:03.242 [info] > git for-each-ref --sort -committerdate --format %(refname) %(objectname) %(*objectname) [2ms]
2024-11-04 17:46:03.299 [info] > git status -z -uall [66ms]
2024-11-04 17:46:03.948 [info] > git config --get commit.template [17ms]
2024-11-04 17:46:03.949 [info] > git for-each-ref --format %(refname) %(objectname) %(*objectname) refs/tags [2ms]
2024-11-04 17:46:03.965 [info] > git status -z -uall [8ms]
2024-11-04 17:46:03.967 [info] > git for-each-ref --sort -committerdate --format %(refname) %(objectname) %(*objectname) [2ms]
2024-11-04 17:46:04.330 [info] > git config --get commit.template [2ms]
2024-11-04 17:46:04.342 [info] > git for-each-ref --format %(refname) %(objectname) %(*objectname) refs/tags [1ms]
2024-11-04 17:46:04.367 [info] > git for-each-ref --sort -committerdate --format %(refname) %(objectname) %(*objectname) [2ms]
2024-11-04 17:46:04.416 [info] > git status -z -uall [63ms]
2024-11-04 17:46:57.107 [info] [Git][getRemotes] No remotes found in the git config file
2024-11-04 17:46:57.107 [info] > git config --get commit.template [13ms]
2024-11-04 17:46:57.108 [info] > git for-each-ref --format=%(refname)%00%(upstream:short)%00%(objectname)%00%(upstream:track)%00%(upstream:remotename)%00%(upstream:remoteref) refs/heads/master refs/remotes/master [2ms]
2024-11-04 17:46:57.128 [info] > git for-each-ref --sort -committerdate --format %(refname) %(objectname) %(*objectname) [1ms]
2024-11-04 17:46:57.190 [info] > git status -z -uall [73ms]
2024-11-04 17:47:12.751 [info] [Git][getRemotes] No remotes found in the git config file
2024-11-04 17:47:12.752 [info] > git config --get commit.template [14ms]
2024-11-04 17:47:12.752 [info] > git for-each-ref --format=%(refname)%00%(upstream:short)%00%(objectname)%00%(upstream:track)%00%(upstream:remotename)%00%(upstream:remoteref) refs/heads/master refs/remotes/master [1ms]
2024-11-04 17:47:12.776 [info] > git for-each-ref --sort -committerdate --format %(refname) %(objectname) %(*objectname) [1ms]
2024-11-04 17:47:12.842 [info] > git status -z -uall [78ms]
2024-11-04 17:47:18.583 [info] [Git][getRemotes] No remotes found in the git config file
2024-11-04 17:47:18.584 [info] > git config --get commit.template [15ms]
2024-11-04 17:47:18.584 [info] > git for-each-ref --format=%(refname)%00%(upstream:short)%00%(objectname)%00%(upstream:track)%00%(upstream:remotename)%00%(upstream:remoteref) refs/heads/master refs/remotes/master [1ms]
2024-11-04 17:47:18.610 [info] > git for-each-ref --sort -committerdate --format %(refname) %(objectname) %(*objectname) [1ms]
2024-11-04 17:47:18.678 [info] > git status -z -uall [81ms]
2024-11-04 17:47:24.596 [info] [Git][getRemotes] No remotes found in the git config file
2024-11-04 17:47:24.597 [info] > git config --get commit.template [12ms]
2024-11-04 17:47:24.598 [info] > git for-each-ref --format=%(refname)%00%(upstream:short)%00%(objectname)%00%(upstream:track)%00%(upstream:remotename)%00%(upstream:remoteref) refs/heads/master refs/remotes/master [3ms]
2024-11-04 17:47:24.620 [info] > git for-each-ref --sort -committerdate --format %(refname) %(objectname) %(*objectname) [1ms]
2024-11-04 17:47:24.685 [info] > git status -z -uall [76ms]
2024-11-04 17:47:43.575 [info] > git config --get commit.template [3ms]
2024-11-04 17:47:43.587 [info] [Git][getRemotes] No remotes found in the git config file
2024-11-04 17:47:43.588 [info] > git for-each-ref --format=%(refname)%00%(upstream:short)%00%(objectname)%00%(upstream:track)%00%(upstream:remotename)%00%(upstream:remoteref) refs/heads/master refs/remotes/master [2ms]
2024-11-04 17:47:43.609 [info] > git for-each-ref --sort -committerdate --format %(refname) %(objectname) %(*objectname) [2ms]
2024-11-04 17:47:43.675 [info] > git status -z -uall [78ms]
2024-11-04 18:31:11.371 [info] > git fetch [26ms]
2024-11-04 18:31:11.396 [info] [Git][getRemotes] No remotes found in the git config file
2024-11-04 18:31:11.397 [info] > git config --get commit.template [13ms]
2024-11-04 18:31:11.398 [info] > git for-each-ref --format=%(refname)%00%(upstream:short)%00%(objectname)%00%(upstream:track)%00%(upstream:remotename)%00%(upstream:remoteref) refs/heads/master refs/remotes/master [2ms]
2024-11-04 18:31:11.420 [info] > git for-each-ref --sort -committerdate --format %(refname) %(objectname) %(*objectname) [2ms]
2024-11-04 18:31:11.485 [info] > git status -z -uall [77ms]
2024-11-04 18:31:12.615 [info] > git ls-files --stage -- /home/jvp/Desktop/projects/foundry-project/script/DeployFundMe.s.sol [2ms]
2024-11-04 18:31:12.625 [info] > git show --textconv :script/DeployFundMe.s.sol [1ms]
2024-11-04 18:31:12.829 [info] > git fetch [1471ms]
2024-11-04 18:31:12.853 [info] > git config --get commit.template [13ms]
2024-11-04 18:31:12.854 [info] > git for-each-ref --format %(refname) %(objectname) %(*objectname) refs/tags [1ms]
2024-11-04 18:31:12.875 [info] > git status -z -uall [10ms]
2024-11-04 18:31:12.876 [info] > git for-each-ref --sort -committerdate --format %(refname) %(objectname) %(*objectname) [1ms]
2024-11-04 18:31:13.143 [info] > git fetch [1772ms]
2024-11-04 18:31:13.165 [info] > git config --get commit.template [11ms]
2024-11-04 18:31:13.166 [info] > git for-each-ref --format %(refname) %(objectname) %(*objectname) refs/tags [2ms]
2024-11-04 18:31:13.188 [info] > git for-each-ref --sort -committerdate --format %(refname) %(objectname) %(*objectname) [2ms]
2024-11-04 18:31:13.241 [info] > git status -z -uall [64ms]
2024-11-04 18:31:13.927 [info] > git config --get commit.template [12ms]
2024-11-04 18:31:13.929 [info] > git for-each-ref --format %(refname) %(objectname) %(*objectname) refs/tags [1ms]
2024-11-04 18:31:13.948 [info] > git status -z -uall [10ms]
2024-11-04 18:31:13.949 [info] > git for-each-ref --sort -committerdate --format %(refname) %(objectname) %(*objectname) [2ms]
2024-11-04 18:31:14.295 [info] > git config --get commit.template [12ms]
2024-11-04 18:31:14.296 [info] > git for-each-ref --format %(refname) %(objectname) %(*objectname) refs/tags [2ms]
2024-11-04 18:31:14.319 [info] > git for-each-ref --sort -committerdate --format %(refname) %(objectname) %(*objectname) [2ms]
2024-11-04 18:31:14.371 [info] > git status -z -uall [64ms]
2024-11-04 18:31:14.741 [info] > git show --textconv :test/FundMeTest.t.sol [10ms]
2024-11-04 18:31:14.742 [info] > git ls-files --stage -- /home/jvp/Desktop/projects/foundry-project/test/FundMeTest.t.sol [2ms]
