2024-11-04 18:34:35.459 [info] Uninstalling extension from the profile: golang.go@0.42.1 vscode-userdata:/home/jvp/.vscode-oss/extensions/extensions.json
2024-11-04 18:34:35.502 [info] Marked extension as uninstalled golang.go-0.42.1-universal
2024-11-04 18:34:35.568 [error] [uncaught exception in sharedProcess]: Error: ENOENT: no such file or directory, stat '/home/jvp/.vscode-oss/extensions/extensions.json.vsctmp': EntryNotFound (FileSystemError): Error: ENOENT: no such file or directory, stat '/home/jvp/.vscode-oss/extensions/extensions.json.vsctmp'
    at hm.create (file:///usr/lib/code/out/vs/code/electron-utility/sharedProcess/sharedProcessMain.js:35:39254)
    at Es (file:///usr/lib/code/out/vs/code/electron-utility/sharedProcess/sharedProcessMain.js:35:39361)
    at Fr.ib (file:///usr/lib/code/out/vs/code/electron-utility/sharedProcess/sharedProcessMain.js:71:22677)
    at Fr.stat (file:///usr/lib/code/out/vs/code/electron-utility/sharedProcess/sharedProcessMain.js:71:16010)
    at async Zl.stat (file:///usr/lib/code/out/vs/code/electron-utility/sharedProcess/sharedProcessMain.js:70:84491)
    at async Jl.yb (file:///usr/lib/code/out/vs/code/electron-utility/sharedProcess/sharedProcessMain.js:70:66605)
2024-11-04 18:34:35.994 [info] Successfully uninstalled extension from the profile golang.go@0.42.1 vscode-userdata:/home/jvp/.vscode-oss/extensions/extensions.json
2024-11-04 18:34:39.925 [info] Uninstalling extension from the profile: sainnhe.gruvbox-material@6.5.2 vscode-userdata:/home/jvp/.vscode-oss/extensions/extensions.json
2024-11-04 18:34:39.946 [info] Marked extension as uninstalled sainnhe.gruvbox-material-6.5.2-universal
2024-11-04 18:34:40.017 [error] [uncaught exception in sharedProcess]: Error: ENOENT: no such file or directory, stat '/home/jvp/.vscode-oss/extensions/extensions.json.vsctmp': EntryNotFound (FileSystemError): Error: ENOENT: no such file or directory, stat '/home/jvp/.vscode-oss/extensions/extensions.json.vsctmp'
    at hm.create (file:///usr/lib/code/out/vs/code/electron-utility/sharedProcess/sharedProcessMain.js:35:39254)
    at Es (file:///usr/lib/code/out/vs/code/electron-utility/sharedProcess/sharedProcessMain.js:35:39361)
    at Fr.ib (file:///usr/lib/code/out/vs/code/electron-utility/sharedProcess/sharedProcessMain.js:71:22677)
    at Fr.stat (file:///usr/lib/code/out/vs/code/electron-utility/sharedProcess/sharedProcessMain.js:71:16010)
    at async Zl.stat (file:///usr/lib/code/out/vs/code/electron-utility/sharedProcess/sharedProcessMain.js:70:84491)
    at async Jl.yb (file:///usr/lib/code/out/vs/code/electron-utility/sharedProcess/sharedProcessMain.js:70:66605)
2024-11-04 18:34:40.106 [info] Successfully uninstalled extension from the profile sainnhe.gruvbox-material@6.5.2 vscode-userdata:/home/jvp/.vscode-oss/extensions/extensions.json
2024-11-04 18:34:53.581 [info] Uninstalling extension from the profile: antfu.unocss@0.63.6 vscode-userdata:/home/jvp/.vscode-oss/extensions/extensions.json
2024-11-04 18:34:53.601 [info] Marked extension as uninstalled antfu.unocss-0.63.6-universal
2024-11-04 18:34:53.674 [error] [uncaught exception in sharedProcess]: Error: ENOENT: no such file or directory, stat '/home/jvp/.vscode-oss/extensions/extensions.json.vsctmp': EntryNotFound (FileSystemError): Error: ENOENT: no such file or directory, stat '/home/jvp/.vscode-oss/extensions/extensions.json.vsctmp'
    at hm.create (file:///usr/lib/code/out/vs/code/electron-utility/sharedProcess/sharedProcessMain.js:35:39254)
    at Es (file:///usr/lib/code/out/vs/code/electron-utility/sharedProcess/sharedProcessMain.js:35:39361)
    at Fr.ib (file:///usr/lib/code/out/vs/code/electron-utility/sharedProcess/sharedProcessMain.js:71:22677)
    at Fr.stat (file:///usr/lib/code/out/vs/code/electron-utility/sharedProcess/sharedProcessMain.js:71:16010)
    at async Zl.stat (file:///usr/lib/code/out/vs/code/electron-utility/sharedProcess/sharedProcessMain.js:70:84491)
    at async Jl.yb (file:///usr/lib/code/out/vs/code/electron-utility/sharedProcess/sharedProcessMain.js:70:66605)
2024-11-04 18:34:53.772 [info] Successfully uninstalled extension from the profile antfu.unocss@0.63.6 vscode-userdata:/home/jvp/.vscode-oss/extensions/extensions.json
2024-11-04 18:36:21.126 [info] Uninstalling extension from the profile: antfu.browse-lite@0.3.9 vscode-userdata:/home/jvp/.vscode-oss/extensions/extensions.json
2024-11-04 18:36:21.154 [info] Marked extension as uninstalled antfu.browse-lite-0.3.9-universal
2024-11-04 18:36:21.225 [error] [uncaught exception in sharedProcess]: Error: ENOENT: no such file or directory, stat '/home/jvp/.vscode-oss/extensions/extensions.json.vsctmp': EntryNotFound (FileSystemError): Error: ENOENT: no such file or directory, stat '/home/jvp/.vscode-oss/extensions/extensions.json.vsctmp'
    at hm.create (file:///usr/lib/code/out/vs/code/electron-utility/sharedProcess/sharedProcessMain.js:35:39254)
    at Es (file:///usr/lib/code/out/vs/code/electron-utility/sharedProcess/sharedProcessMain.js:35:39361)
    at Fr.ib (file:///usr/lib/code/out/vs/code/electron-utility/sharedProcess/sharedProcessMain.js:71:22677)
    at Fr.stat (file:///usr/lib/code/out/vs/code/electron-utility/sharedProcess/sharedProcessMain.js:71:16010)
    at async Zl.stat (file:///usr/lib/code/out/vs/code/electron-utility/sharedProcess/sharedProcessMain.js:70:84491)
    at async Jl.yb (file:///usr/lib/code/out/vs/code/electron-utility/sharedProcess/sharedProcessMain.js:70:66605)
2024-11-04 18:36:21.875 [info] Successfully uninstalled extension from the profile antfu.browse-lite@0.3.9 vscode-userdata:/home/jvp/.vscode-oss/extensions/extensions.json
