2024-11-04 18:33:01.489 [info] Added views:workbench.view.search in workbench.view.search
2024-11-04 18:33:01.489 [info] Added views:workbench.scm in workbench.view.scm
2024-11-04 18:33:01.489 [info] Added views:workbench.panel.markers.view in workbench.panel.markers
2024-11-04 18:33:01.489 [info] Added views:workbench.panel.output in workbench.panel.output
2024-11-04 18:33:01.489 [info] Added views:terminal in terminal
2024-11-04 18:33:01.489 [info] Added views:workbench.explorer.fileView in workbench.view.explorer
2024-11-04 18:33:01.654 [info] Added views:workbench.debug.welcome in workbench.view.debug
2024-11-04 18:33:02.320 [info] Added views:gitlens.views.home,gitlens.views.workspaces in workbench.view.extension.gitlens
2024-11-04 18:33:02.320 [info] Added views:gitlens.views.commitDetails,gitlens.views.lineHistory,gitlens.views.fileHistory,gitlens.views.searchAndCompare in workbench.view.extension.gitlensInspect
2024-11-04 18:33:02.321 [info] Added views:gitlens.views.commits,gitlens.views.branches,gitlens.views.remotes,gitlens.views.stashes,gitlens.views.tags,gitlens.views.contributors in workbench.view.scm
2024-11-04 18:33:02.575 [info] Added views:workbench.panel.repl.view in workbench.panel.repl
2024-11-04 18:33:03.032 [info] Added views:workbench.scm.history in workbench.view.scm
2024-11-04 18:33:03.130 [info] Added views:~remote.forwardedPorts in ~remote.forwardedPortsContainer
2024-11-04 18:33:03.474 [info] Added views:workbench.views.extensions.installed,workbench.views.extensions.popular,extensions.recommendedList in workbench.view.extensions
2024-11-04 18:33:03.475 [info] Removed views:workbench.views.extensions.popular from workbench.view.extensions
2024-11-04 18:33:04.041 [info] Added views:gitlens.views.drafts in workbench.view.extension.gitlens
2024-11-04 18:33:05.599 [info] Added views:gitlens.views.graph,gitlens.views.graphDetails in workbench.view.extension.gitlensPanel
2024-11-04 18:33:05.599 [info] Added views:gitlens.views.timeline in workbench.view.extension.gitlensInspect
2024-11-04 18:33:05.601 [info] Added views:gitlens.views.worktrees in workbench.view.scm
2024-11-04 18:33:05.995 [info] Removed views:extensions.recommendedList,workbench.views.extensions.installed from workbench.view.extensions
2024-11-04 18:33:06.006 [info] Added views:workbench.views.extensions.marketplace in workbench.view.extensions
2024-11-04 18:34:27.521 [info] Removed views:workbench.views.extensions.marketplace from workbench.view.extensions
2024-11-04 18:34:27.538 [info] Added views:workbench.views.extensions.installed,extensions.recommendedList in workbench.view.extensions
2024-11-04 18:34:42.182 [info] Removed views:workbench.scm.history from workbench.view.scm
2024-11-04 18:34:42.506 [info] Removed views:workbench.panel.repl.view from workbench.panel.repl
2024-11-04 18:34:42.658 [info] Added views:workbench.panel.repl.view in workbench.panel.repl
2024-11-04 18:34:43.787 [info] Added views:workbench.scm.history in workbench.view.scm
2024-11-04 18:34:55.585 [info] Removed views:workbench.scm.history from workbench.view.scm
2024-11-04 18:34:55.893 [info] Removed views:workbench.panel.repl.view from workbench.panel.repl
2024-11-04 18:34:56.076 [info] Added views:workbench.panel.repl.view in workbench.panel.repl
2024-11-04 18:34:56.401 [info] Added views:workbench.scm.history in workbench.view.scm
2024-11-04 18:34:59.991 [info] Removed views:extensions.recommendedList,workbench.views.extensions.installed from workbench.view.extensions
2024-11-04 18:34:59.998 [info] Added views:workbench.views.extensions.marketplace in workbench.view.extensions
2024-11-04 18:35:40.891 [info] Removed views:workbench.views.extensions.marketplace from workbench.view.extensions
2024-11-04 18:35:40.899 [info] Added views:workbench.views.extensions.installed,extensions.recommendedList in workbench.view.extensions
2024-11-04 18:36:28.221 [info] Removed views:workbench.scm.history from workbench.view.scm
