(VSCode) 2024-11-04 19:14:08.100 [INFO]: No proxy settings found
(VSCode) 2024-11-04 19:14:08.846 [INFO]: Checking network connection...
(VSCode) 2024-11-04 19:14:14.396 [ERROR]: 
      Network Test Response Summary:
      Code: ECONNRESET,
      Message: Request timed out,
      Error Message: socket hang up
      Proxy Headers: undefined,
      Certificate Info:
        Valid From: ,
        Valid To: ,
      Expired: false,
      
(VSCode) 2024-11-04 19:14:15.119 [INFO]: Creating manager directory: /tmp/10ee76ca-7223-4937-ac29-383e9486f1d1/codeium/manager
(VSCode) 2024-11-04 19:14:15.448 [INFO]: Using cached LS with valid crc32: /home/jvp/.vscode/extensions/codeium.codeium-1.22.5/dist/1347d6f7fffdaec404d99b3f0ca3d8854448c787/language_server_linux_x64
(VSCode) 2024-11-04 19:14:15.459 [INFO]: Language server started
2024/11/04 19:14:15 maxprocs: Leaving GOMAXPROCS=12: CPU quota undefined
I1104 19:14:15.527351 86188 main.go:553] [Language Server Manager] Setting GOMAXPROCS to 12
I1104 19:14:15.527406 86188 main.go:667] [Language Server Manager] Release 1.22.5 (1347d6f7fffdaec404d99b3f0ca3d8854448c787)
I1104 19:14:15.527426 86188 main.go:746] [Language Server Manager] Starting language server manager with pid 86188
I1104 19:14:15.527497 86188 main.go:120] [Language Server Manager] Manager acquired its lock file /tmp/10ee76ca-7223-4937-ac29-383e9486f1d1/codeium/manager/locks/manager.lock
I1104 19:14:15.527958 86188 main.go:259] [Language Server Manager] Waiting for random port file in /tmp/10ee76ca-7223-4937-ac29-383e9486f1d1/codeium/manager/child_random_port_1730758455527563132_1040063995773764446 to be created
2024/11/04 19:14:15 maxprocs: Leaving GOMAXPROCS=12: CPU quota undefined
I1104 19:14:15.599325 86203 main.go:553] Setting GOMAXPROCS to 4
I1104 19:14:15.599416 86203 main.go:740] Starting language server process with pid 86203
I1104 19:14:15.599435 86203 server.go:183] Language server will attempt to listen on host 127.0.0.1
I1104 19:14:15.599581 86203 server.go:190] Language server listening on random port at 40805
I1104 19:14:16.114552 86203 unleash.go:93] Initializing Unleash
I1104 19:14:16.915793 86203 unleash.go:113] Successfully initialized Unleash
E1104 19:14:16.929640 86203 client_manager.go:275] Metadata is nil when trying to refresh user JWT
I1104 19:14:16.930223 86203 server.go:441] Successfully created API server client
I1104 19:14:16.965995 86203 server.go:456] Successfully initialized tokenizer
I1104 19:14:17.057259 86203 server.go:613] Local search is enabled, will index local files.
I1104 19:14:17.057281 86203 server.go:617] Using 3 indexer workers
I1104 19:14:17.058580 86203 sqlite_faiss_db_client.go:64] Successfully created embedding search database in 1ms
I1104 19:14:17.058773 86203 indexer.go:213] Using 4 embed workers
I1104 19:14:17.058797 86203 search_provider.go:274] Successfully created and started indexer
I1104 19:14:17.058813 86203 search_provider.go:304] Successfully created embedding search provider
I1104 19:14:17.063987 86203 server.go:703] Successfully created completion provider
I1104 19:14:17.064008 86203 server.go:752] Child process attempting to acquire lock file /tmp/10ee76ca-7223-4937-ac29-383e9486f1d1/codeium/manager/locks/child_lock_1730758455527598909_5672150986836604035
I1104 19:14:17.064044 86203 server.go:760] Child process acquired lock file /tmp/10ee76ca-7223-4937-ac29-383e9486f1d1/codeium/manager/locks/child_lock_1730758455527598909_5672150986836604035
I1104 19:14:17.067807 86203 server.go:265] LSP listening on random port at 38839
I1104 19:14:17.073420 86203 web_server.go:259] Chat Web Server listening at ws://127.0.0.1:44889
38839
I1104 19:14:17.132624 86188 main.go:295] [Language Server Manager] Found random server port 40805
I1104 19:14:17.132649 86188 main.go:296] [Language Server Manager] Found random lsp port 38839
I1104 19:14:17.132661 86188 main.go:303] [Language Server Manager] Attempting to connect to language server at 127.0.0.1:40805
I1104 19:14:17.144953 86188 main.go:174] [Language Server Manager] Fixing language server port at 40805
I1104 19:14:17.144972 86188 main.go:355] [Language Server Manager] Successfully connected to new language server at 127.0.0.1:40805
(VSCode) 2024-11-04 19:14:17.163 [INFO]: Found language server running on port 40805
I1104 19:14:17.180151 86203 utils.go:227] Analyzing workspace files for /home/jvp/Desktop/projects/foundry-project
I1104 19:14:17.282372 86203 utils.go:281] Done analyzing workspace files for /home/jvp/Desktop/projects/foundry-project
(VSCode) 2024-11-04 19:14:17.358 [INFO]: openAllTextDocuments took 6.796065000000453ms
I1104 19:14:17.706978 86203 lazy_model.go:31] Successfully created embedding store
(VSCode) 2024-11-04 19:14:19.304 [INFO]: Completion request was cancelled by token (453.94ms)
(VSCode) 2024-11-04 19:22:47.144 [INFO]: Completion request was cancelled by token (162.55ms)
(VSCode) 2024-11-04 19:22:47.924 [INFO]: Completion request succeeded (728.94ms)
(VSCode) 2024-11-04 19:22:47.925 [INFO]: Generated 7 completions
(VSCode) 2024-11-04 19:22:47.928 [INFO]: provideInlineCompletionItems request succeeded (733.38ms)
(VSCode) 2024-11-04 19:22:48.604 [INFO]: Completion request succeeded (404.96ms)
(VSCode) 2024-11-04 19:22:48.605 [INFO]: No completions were generated
(VSCode) 2024-11-04 19:22:48.605 [INFO]: provideInlineCompletionItems request succeeded (406.65ms)
(VSCode) 2024-11-04 19:22:51.225 [INFO]: Completion request succeeded (391.7ms)
(VSCode) 2024-11-04 19:22:51.225 [INFO]: No completions were generated
(VSCode) 2024-11-04 19:22:51.225 [INFO]: provideInlineCompletionItems request succeeded (392.66ms)
(VSCode) 2024-11-04 19:24:24.670 [INFO]: Completion request was cancelled by token (172.82ms)
(VSCode) 2024-11-04 19:24:25.383 [INFO]: Completion request was cancelled by token (661.59ms)
(VSCode) 2024-11-04 19:24:26.026 [INFO]: Completion request succeeded (585.61ms)
(VSCode) 2024-11-04 19:24:26.027 [INFO]: Generated 1 completion
(VSCode) 2024-11-04 19:24:26.028 [INFO]: provideInlineCompletionItems request succeeded (588.15ms)
(VSCode) 2024-11-04 19:24:29.860 [INFO]: Completion request was cancelled by token (296.68ms)
(VSCode) 2024-11-04 19:24:30.447 [INFO]: Completion request succeeded (536.12ms)
(VSCode) 2024-11-04 19:24:30.448 [INFO]: Generated 1 completion
(VSCode) 2024-11-04 19:24:30.448 [INFO]: provideInlineCompletionItems request succeeded (537.8ms)
(VSCode) 2024-11-04 19:24:31.728 [INFO]: Completion request succeeded (667.96ms)
(VSCode) 2024-11-04 19:24:31.729 [INFO]: No completions were generated
(VSCode) 2024-11-04 19:24:31.729 [INFO]: provideInlineCompletionItems request succeeded (669.15ms)
(VSCode) 2024-11-04 19:24:33.027 [INFO]: Completion request succeeded (401.38ms)
(VSCode) 2024-11-04 19:24:33.028 [INFO]: No completions were generated
(VSCode) 2024-11-04 19:24:33.028 [INFO]: provideInlineCompletionItems request succeeded (402.52ms)
(VSCode) 2024-11-04 19:24:49.408 [INFO]: Completion request was cancelled by token (228.82ms)
(VSCode) 2024-11-04 19:27:15.132 [INFO]: Completion request succeeded (776.75ms)
(VSCode) 2024-11-04 19:27:15.132 [INFO]: Generated 1 completion
(VSCode) 2024-11-04 19:27:15.132 [INFO]: provideInlineCompletionItems request succeeded (778.1ms)
(VSCode) 2024-11-04 19:27:15.800 [INFO]: Completion request was cancelled by token (372.58ms)
(VSCode) 2024-11-04 19:27:16.427 [INFO]: Completion request succeeded (574.96ms)
(VSCode) 2024-11-04 19:27:16.428 [INFO]: No completions were generated
(VSCode) 2024-11-04 19:27:16.428 [INFO]: provideInlineCompletionItems request succeeded (576.36ms)
(VSCode) 2024-11-04 19:27:17.696 [INFO]: Completion request succeeded (594.93ms)
(VSCode) 2024-11-04 19:27:17.697 [INFO]: Generated 7 completions
(VSCode) 2024-11-04 19:27:17.698 [INFO]: provideInlineCompletionItems request succeeded (596.82ms)
(VSCode) 2024-11-04 19:27:19.345 [INFO]: Completion request succeeded (365.63ms)
(VSCode) 2024-11-04 19:27:19.345 [INFO]: No completions were generated
(VSCode) 2024-11-04 19:27:19.346 [INFO]: provideInlineCompletionItems request succeeded (366.54ms)
(VSCode) 2024-11-04 19:27:24.932 [INFO]: Completion request was cancelled by token (50.32ms)
(VSCode) 2024-11-04 19:27:25.048 [INFO]: Completion request was cancelled by token (39.68ms)
(VSCode) 2024-11-04 19:27:25.377 [INFO]: Completion request was cancelled by token (278.02ms)
(VSCode) 2024-11-04 19:27:25.450 [INFO]: Completion request was cancelled by token (20.8ms)
(VSCode) 2024-11-04 19:27:26.062 [INFO]: Completion request succeeded (559.99ms)
(VSCode) 2024-11-04 19:27:26.062 [INFO]: No completions were generated
(VSCode) 2024-11-04 19:27:26.062 [INFO]: provideInlineCompletionItems request succeeded (561.13ms)
(VSCode) 2024-11-04 19:27:31.026 [INFO]: Completion request was cancelled by token (85.71ms)
(VSCode) 2024-11-04 19:27:31.558 [INFO]: Completion request succeeded (479.85ms)
(VSCode) 2024-11-04 19:27:31.558 [INFO]: No completions were generated
(VSCode) 2024-11-04 19:27:31.558 [INFO]: provideInlineCompletionItems request succeeded (480.76ms)
(VSCode) 2024-11-04 19:27:33.854 [INFO]: Completion request was cancelled by token (53.82ms)
(VSCode) 2024-11-04 19:27:34.288 [INFO]: Completion request succeeded (384.04ms)
(VSCode) 2024-11-04 19:27:34.289 [INFO]: Generated 1 completion
(VSCode) 2024-11-04 19:27:34.290 [INFO]: provideInlineCompletionItems request succeeded (386.03ms)
(VSCode) 2024-11-04 19:31:37.933 [INFO]: Completion request was cancelled by token (69.24ms)
(VSCode) 2024-11-04 19:31:38.298 [INFO]: Completion request was cancelled by token (315.15ms)
(VSCode) 2024-11-04 19:31:38.705 [INFO]: Completion request succeeded (355.05ms)
(VSCode) 2024-11-04 19:31:38.706 [INFO]: Generated 2 completions
(VSCode) 2024-11-04 19:31:38.707 [INFO]: provideInlineCompletionItems request succeeded (357.07ms)
(VSCode) 2024-11-04 19:31:39.498 [INFO]: Completion request succeeded (441.96ms)
(VSCode) 2024-11-04 19:31:39.499 [INFO]: Generated 1 completion
(VSCode) 2024-11-04 19:31:39.499 [INFO]: provideInlineCompletionItems request succeeded (443.56ms)
(VSCode) 2024-11-04 19:31:42.121 [INFO]: Completion request succeeded (5.38ms)
(VSCode) 2024-11-04 19:31:42.121 [INFO]: Generated 1 completion
(VSCode) 2024-11-04 19:31:42.121 [INFO]: provideInlineCompletionItems request succeeded (6.17ms)
(VSCode) 2024-11-04 20:25:00.743 [INFO]: Disposing language server process
(VSCode) 2024-11-04 20:25:00.743 [INFO]: Deleting manager directory: /tmp/10ee76ca-7223-4937-ac29-383e9486f1d1/codeium/manager
(VSCode) 2024-11-04 20:25:00.744 [INFO]: Successfully disposed language server
W1104 20:25:00.743445 86188 main.go:124] [Language Server Manager] Got signal terminated, shutting down
