[Info  - 4:52:36 PM] Solidity by Nomic Foundation Starting ...
[Info  - 4:52:36 PM] env: production
[Info  - 4:52:36 PM] Client starting
[Info  - 4:52:38 PM] Language server starting
[Info  - 4:52:38 PM]   Release: hardhat-solidity@0.8.6
[Info  - 4:52:38 PM]   Environment: production
[Info  - 4:52:38 PM]   Telemetry Enabled: false
[Info  - 4:52:38 PM]   Telemetry Tracking Id: someValue....
[Info  - 4:52:38 PM]   Workspace Folders:
[Info  - 4:52:38 PM]     foundry-project (file:///home/jvp/Desktop/projects/foundry-project)
[Info  - 4:52:38 PM] Fetching latest solidity versions
[Info  - 4:52:38 PM] Language server ready
[Info  - 4:52:38 PM] [indexing] Found projects:
[Info  - 4:52:38 PM] [indexing] -  Type: Hardhat
[Info  - 4:52:38 PM] [indexing]    Base path: /home/jvp/Desktop/projects/foundry-project/lib/chainlink-brownie-contracts/contracts
[Info  - 4:52:38 PM] [indexing]    Config file: /home/jvp/Desktop/projects/foundry-project/lib/chainlink-brownie-contracts/contracts/hardhat.config.ts
[Info  - 4:52:38 PM] [indexing] -  Type: Foundry
[Info  - 4:52:38 PM] [indexing]    Base path: /home/jvp/Desktop/projects/foundry-project
[Info  - 4:52:38 PM] [indexing]    Config file: /home/jvp/Desktop/projects/foundry-project/foundry.toml
[Info  - 4:52:38 PM] [indexing] Initializing /home/jvp/Desktop/projects/foundry-project/lib/chainlink-brownie-contracts/contracts/hardhat.config.ts
[Info  - 4:52:38 PM] [contracts] Error loading HRE: Error: Cannot find module 'hardhat'
Require stack:
- /home/jvp/.vscode-oss/extensions/nomicfoundation.hardhat-solidity-0.8.6-universal/server/out/worker/WorkerProcess.js
[Info  - 4:52:38 PM] [contracts] Child process exited: 1
[Info  - 4:52:38 PM] [indexing] Done /home/jvp/Desktop/projects/foundry-project/lib/chainlink-brownie-contracts/contracts/hardhat.config.ts
[Info  - 4:52:38 PM] [indexing] Initializing /home/jvp/Desktop/projects/foundry-project/foundry.toml
[Info  - 4:52:38 PM] [indexing] Done /home/jvp/Desktop/projects/foundry-project/foundry.toml
[Info  - 4:52:38 PM] [indexing] Scanning workspace folders for sol files
[Info  - 4:52:38 PM] [indexing] Scan complete, 1268 sol files found
[Info  - 4:52:38 PM] [indexing] Analyzing 2 solidity files
[Error - 5:08:38 PM] Cannot read properties of undefined (reading 'split')
[Info  - 5:10:41 PM] Error formatting document file:///home/jvp/Desktop/projects/foundry-project/test/FundMeTest.t.sol with prettier: Error: missing ';' at '}' (64:4)
    at Object.parse4 (/home/jvp/.vscode-oss/extensions/nomicfoundation.hardhat-solidity-0.8.6-universal/server/out/index.js:2049:1808)
    at Object.parse4 [as parse] (/home/jvp/.vscode-oss/extensions/nomicfoundation.hardhat-solidity-0.8.6-universal/server/out/index.js:2049:3162)
    at Object.parse$d [as parse] (/home/jvp/.vscode-oss/extensions/nomicfoundation.hardhat-solidity-0.8.6-universal/server/out/index.js:1682:1897)
    at coreFormat (/home/jvp/.vscode-oss/extensions/nomicfoundation.hardhat-solidity-0.8.6-universal/server/out/index.js:1683:26195)
    at formatWithCursor$1 (/home/jvp/.vscode-oss/extensions/nomicfoundation.hardhat-solidity-0.8.6-universal/server/out/index.js:1687:1082)
    at /home/jvp/.vscode-oss/extensions/nomicfoundation.hardhat-solidity-0.8.6-universal/server/out/index.js:1795:12877
    at Object.format (/home/jvp/.vscode-oss/extensions/nomicfoundation.hardhat-solidity-0.8.6-universal/server/out/index.js:1795:13154)
    at PrettyPrinter.format (/home/jvp/.vscode-oss/extensions/nomicfoundation.hardhat-solidity-0.8.6-universal/server/out/index.js:2975:1865)
    at prettierFormat (/home/jvp/.vscode-oss/extensions/nomicfoundation.hardhat-solidity-0.8.6-universal/server/out/index.js:2979:5851)
    at /home/jvp/.vscode-oss/extensions/nomicfoundation.hardhat-solidity-0.8.6-universal/server/out/index.js:2979:7295
Downloading compiler 0.6.12
[Info  - 5:19:38 PM] No Slang-supported version (latest: 0.8.26) for Solidity found that satisfies the pragma directives: '0.'.
[Info  - 5:19:38 PM] No Slang-supported version (latest: 0.8.26) for Solidity found that satisfies the pragma directives: '0.'.
[Info  - 5:19:38 PM] No Slang-supported version (latest: 0.8.26) for Solidity found that satisfies the pragma directives: '0.'.
[Info  - 5:19:39 PM] No Slang-supported version (latest: 0.8.26) for Solidity found that satisfies the pragma directives: '0.8.'.
[Info  - 5:19:40 PM] No Slang-supported version (latest: 0.8.26) for Solidity found that satisfies the pragma directives: '0.8.'.
[Info  - 5:19:40 PM] No Slang-supported version (latest: 0.8.26) for Solidity found that satisfies the pragma directives: '0.8.'.
[Info  - 5:22:46 PM] No Slang-supported version (latest: 0.8.26) for Solidity found that satisfies the pragma directives: '>=0.6.2 <'.
[Info  - 5:22:46 PM] No Slang-supported version (latest: 0.8.26) for Solidity found that satisfies the pragma directives: '>=0.6.2 <'.
[Info  - 5:22:46 PM] No Slang-supported version (latest: 0.8.26) for Solidity found that satisfies the pragma directives: '>=0.6.2 <'.
[Info  - 5:22:47 PM] No Slang-supported version (latest: 0.8.26) for Solidity found that satisfies the pragma directives: '>=0.6.2 <0'.
[Info  - 5:22:47 PM] No Slang-supported version (latest: 0.8.26) for Solidity found that satisfies the pragma directives: '>=0.6.2 <0.'.
[Info  - 5:22:48 PM] No Slang-supported version (latest: 0.8.26) for Solidity found that satisfies the pragma directives: '>=0.6.2 <0.'.
[Info  - 5:22:48 PM] No Slang-supported version (latest: 0.8.26) for Solidity found that satisfies the pragma directives: '>=0.6.2 <0.'.
[Info  - 5:22:48 PM] No Slang-supported version (latest: 0.8.26) for Solidity found that satisfies the pragma directives: '>=0.6.2 <0.'.
[Info  - 5:23:45 PM] No Slang-supported version (latest: 0.8.26) for Solidity found that satisfies the pragma directives: '>=0.6.2 <'.
[Info  - 5:23:46 PM] No Slang-supported version (latest: 0.8.26) for Solidity found that satisfies the pragma directives: '>=0.6.2 <'.
[Info  - 5:23:46 PM] No Slang-supported version (latest: 0.8.26) for Solidity found that satisfies the pragma directives: '>=0.6.2 <'.
[Info  - 5:23:46 PM] No Slang-supported version (latest: 0.8.26) for Solidity found that satisfies the pragma directives: '>=0.6.2 <0.'.
[Info  - 5:23:47 PM] No Slang-supported version (latest: 0.8.26) for Solidity found that satisfies the pragma directives: '>=0.6.2 <0.'.
[Info  - 5:23:47 PM] No Slang-supported version (latest: 0.8.26) for Solidity found that satisfies the pragma directives: '>=0.6.2 <0.'.
[Info  - 5:25:42 PM] No Slang-supported version (latest: 0.8.26) for Solidity found that satisfies the pragma directives: '>_'.
[Info  - 5:25:42 PM] No Slang-supported version (latest: 0.8.26) for Solidity found that satisfies the pragma directives: '>_'.
[Info  - 5:25:42 PM] No Slang-supported version (latest: 0.8.26) for Solidity found that satisfies the pragma directives: '>_'.
[Info  - 5:25:42 PM] No Slang-supported version (latest: 0.8.26) for Solidity found that satisfies the pragma directives: '>-'.
[Info  - 5:25:42 PM] No Slang-supported version (latest: 0.8.26) for Solidity found that satisfies the pragma directives: '>-'.
[Info  - 5:25:42 PM] No Slang-supported version (latest: 0.8.26) for Solidity found that satisfies the pragma directives: '>-'.
[Info  - 5:25:43 PM] No Slang-supported version (latest: 0.8.26) for Solidity found that satisfies the pragma directives: '>-='.
[Info  - 5:25:43 PM] No Slang-supported version (latest: 0.8.26) for Solidity found that satisfies the pragma directives: '>-'.
[Info  - 5:25:43 PM] No Slang-supported version (latest: 0.8.26) for Solidity found that satisfies the pragma directives: '>='.
[Info  - 5:25:44 PM] No Slang-supported version (latest: 0.8.26) for Solidity found that satisfies the pragma directives: '>='.
[Info  - 5:25:44 PM] No Slang-supported version (latest: 0.8.26) for Solidity found that satisfies the pragma directives: '>='.
[Info  - 5:25:44 PM] No Slang-supported version (latest: 0.8.26) for Solidity found that satisfies the pragma directives: '>=0.'.
[Info  - 5:25:44 PM] No Slang-supported version (latest: 0.8.26) for Solidity found that satisfies the pragma directives: '>=0.'.
[Info  - 5:25:45 PM] No Slang-supported version (latest: 0.8.26) for Solidity found that satisfies the pragma directives: '>=0.'.
[Info  - 5:25:45 PM] No Slang-supported version (latest: 0.8.26) for Solidity found that satisfies the pragma directives: '>=0.'.
[Info  - 5:25:46 PM] No Slang-supported version (latest: 0.8.26) for Solidity found that satisfies the pragma directives: '>=0.8.'.
[Info  - 5:25:46 PM] No Slang-supported version (latest: 0.8.26) for Solidity found that satisfies the pragma directives: '>=0.8.'.
[Info  - 5:25:46 PM] No Slang-supported version (latest: 0.8.26) for Solidity found that satisfies the pragma directives: '>=0.8.'.
[Info  - 5:25:49 PM] Error formatting document file:///home/jvp/Desktop/projects/foundry-project/test/FundMeTest.t.sol with prettier: Error: mismatched input '<EOF>' expecting {'from', 'error', 'address', 'calldata', 'revert', 'callback', 'leave', 'payable', 'constructor', 'receive', Identifier} (3:8)
    at Object.parse4 (/home/jvp/.vscode-oss/extensions/nomicfoundation.hardhat-solidity-0.8.6-universal/server/out/index.js:2049:1808)
    at Object.parse4 [as parse] (/home/jvp/.vscode-oss/extensions/nomicfoundation.hardhat-solidity-0.8.6-universal/server/out/index.js:2049:3162)
    at Object.parse$d [as parse] (/home/jvp/.vscode-oss/extensions/nomicfoundation.hardhat-solidity-0.8.6-universal/server/out/index.js:1682:1897)
    at coreFormat (/home/jvp/.vscode-oss/extensions/nomicfoundation.hardhat-solidity-0.8.6-universal/server/out/index.js:1683:26195)
    at formatWithCursor$1 (/home/jvp/.vscode-oss/extensions/nomicfoundation.hardhat-solidity-0.8.6-universal/server/out/index.js:1687:1082)
    at /home/jvp/.vscode-oss/extensions/nomicfoundation.hardhat-solidity-0.8.6-universal/server/out/index.js:1795:12877
    at Object.format (/home/jvp/.vscode-oss/extensions/nomicfoundation.hardhat-solidity-0.8.6-universal/server/out/index.js:1795:13154)
    at PrettyPrinter.format (/home/jvp/.vscode-oss/extensions/nomicfoundation.hardhat-solidity-0.8.6-universal/server/out/index.js:2975:1865)
    at prettierFormat (/home/jvp/.vscode-oss/extensions/nomicfoundation.hardhat-solidity-0.8.6-universal/server/out/index.js:2979:5851)
    at /home/jvp/.vscode-oss/extensions/nomicfoundation.hardhat-solidity-0.8.6-universal/server/out/index.js:2979:7295
[Info  - 5:26:15 PM] Error formatting document file:///home/jvp/Desktop/projects/foundry-project/test/FundMeTest.t.sol with prettier: Error: The specified node does not exist
    at ImportDirectiveContext.getChild (/home/jvp/.vscode-oss/extensions/nomicfoundation.hardhat-solidity-0.8.6-universal/server/out/index.js:1811:58844)
    at ImportDirectiveContext.getRuleContext (/home/jvp/.vscode-oss/extensions/nomicfoundation.hardhat-solidity-0.8.6-universal/server/out/index.js:1811:59664)
    at ImportDirectiveContext.importPath (/home/jvp/.vscode-oss/extensions/nomicfoundation.hardhat-solidity-0.8.6-universal/server/out/index.js:2048:13700)
    at ASTBuilder.visitImportDirective (/home/jvp/.vscode-oss/extensions/nomicfoundation.hardhat-solidity-0.8.6-universal/server/out/index.js:2048:105556)
    at ImportDirectiveContext.accept (/home/jvp/.vscode-oss/extensions/nomicfoundation.hardhat-solidity-0.8.6-universal/server/out/index.js:2048:14335)
    at ASTBuilder.visit (/home/jvp/.vscode-oss/extensions/nomicfoundation.hardhat-solidity-0.8.6-universal/server/out/index.js:1823:25827)
    at /home/jvp/.vscode-oss/extensions/nomicfoundation.hardhat-solidity-0.8.6-universal/server/out/index.js:2048:81412
    at Array.map (<anonymous>)
    at ASTBuilder.visitSourceUnit (/home/jvp/.vscode-oss/extensions/nomicfoundation.hardhat-solidity-0.8.6-universal/server/out/index.js:2048:81396)
    at SourceUnitContext.accept (/home/jvp/.vscode-oss/extensions/nomicfoundation.hardhat-solidity-0.8.6-universal/server/out/index.js:2048:9450)
[Info  - 5:26:37 PM] Error formatting document file:///home/jvp/Desktop/projects/foundry-project/test/FundMeTest.t.sol with prettier: Error: mismatched input '<EOF>' expecting {'from', 'error', 'address', 'calldata', 'revert', 'callback', 'leave', 'payable', 'constructor', 'receive', Identifier} (7:0)
    at Object.parse4 (/home/jvp/.vscode-oss/extensions/nomicfoundation.hardhat-solidity-0.8.6-universal/server/out/index.js:2049:1808)
    at Object.parse4 [as parse] (/home/jvp/.vscode-oss/extensions/nomicfoundation.hardhat-solidity-0.8.6-universal/server/out/index.js:2049:3162)
    at Object.parse$d [as parse] (/home/jvp/.vscode-oss/extensions/nomicfoundation.hardhat-solidity-0.8.6-universal/server/out/index.js:1682:1897)
    at coreFormat (/home/jvp/.vscode-oss/extensions/nomicfoundation.hardhat-solidity-0.8.6-universal/server/out/index.js:1683:26195)
    at formatWithCursor$1 (/home/jvp/.vscode-oss/extensions/nomicfoundation.hardhat-solidity-0.8.6-universal/server/out/index.js:1687:1082)
    at /home/jvp/.vscode-oss/extensions/nomicfoundation.hardhat-solidity-0.8.6-universal/server/out/index.js:1795:12877
    at Object.format (/home/jvp/.vscode-oss/extensions/nomicfoundation.hardhat-solidity-0.8.6-universal/server/out/index.js:1795:13154)
    at PrettyPrinter.format (/home/jvp/.vscode-oss/extensions/nomicfoundation.hardhat-solidity-0.8.6-universal/server/out/index.js:2975:1865)
    at prettierFormat (/home/jvp/.vscode-oss/extensions/nomicfoundation.hardhat-solidity-0.8.6-universal/server/out/index.js:2979:5851)
    at /home/jvp/.vscode-oss/extensions/nomicfoundation.hardhat-solidity-0.8.6-universal/server/out/index.js:2979:7295
[Error - 5:27:14 PM] Cannot read properties of undefined (reading 'split')
[Error - 5:27:15 PM] Cannot read properties of undefined (reading 'split')
[Error - 5:27:49 PM] Cannot read properties of undefined (reading 'split')
[Info  - 5:28:29 PM] Error formatting document file:///home/jvp/Desktop/projects/foundry-project/test/FundMeTest.t.sol with prettier: Error: mismatched input ',' expecting {'~', 'from', '{', '(', ')', 'error', 'function', '[', 'address', 'mapping', 'calldata', 'revert', 'var', 'bool', 'string', 'byte', '++', '--', 'new', '+', '-', 'delete', '!', 'callback', Int, Uint, Byte, Fixed, Ufixed, BooleanLiteral, DecimalNumber, HexNumber, HexLiteralFragment, 'leave', 'payable', 'type', 'constructor', 'receive', Identifier, StringLiteralFragment} (14:28)
    at Object.parse4 (/home/jvp/.vscode-oss/extensions/nomicfoundation.hardhat-solidity-0.8.6-universal/server/out/index.js:2049:1808)
    at Object.parse4 [as parse] (/home/jvp/.vscode-oss/extensions/nomicfoundation.hardhat-solidity-0.8.6-universal/server/out/index.js:2049:3162)
    at Object.parse$d [as parse] (/home/jvp/.vscode-oss/extensions/nomicfoundation.hardhat-solidity-0.8.6-universal/server/out/index.js:1682:1897)
    at coreFormat (/home/jvp/.vscode-oss/extensions/nomicfoundation.hardhat-solidity-0.8.6-universal/server/out/index.js:1683:26195)
    at formatWithCursor$1 (/home/jvp/.vscode-oss/extensions/nomicfoundation.hardhat-solidity-0.8.6-universal/server/out/index.js:1687:1082)
    at /home/jvp/.vscode-oss/extensions/nomicfoundation.hardhat-solidity-0.8.6-universal/server/out/index.js:1795:12877
    at Object.format (/home/jvp/.vscode-oss/extensions/nomicfoundation.hardhat-solidity-0.8.6-universal/server/out/index.js:1795:13154)
    at PrettyPrinter.format (/home/jvp/.vscode-oss/extensions/nomicfoundation.hardhat-solidity-0.8.6-universal/server/out/index.js:2975:1865)
    at prettierFormat (/home/jvp/.vscode-oss/extensions/nomicfoundation.hardhat-solidity-0.8.6-universal/server/out/index.js:2979:5851)
    at /home/jvp/.vscode-oss/extensions/nomicfoundation.hardhat-solidity-0.8.6-universal/server/out/index.js:2979:7295
[Info  - 5:30:05 PM] No Slang-supported version (latest: 0.8.26) for Solidity found that satisfies the pragma directives: '>+0.8.19'.
[Info  - 5:30:05 PM] No Slang-supported version (latest: 0.8.26) for Solidity found that satisfies the pragma directives: '>+0.8.19'.
[Info  - 5:30:05 PM] No Slang-supported version (latest: 0.8.26) for Solidity found that satisfies the pragma directives: '>+0.8.19'.
[Info  - 5:30:05 PM] No Slang-supported version (latest: 0.8.26) for Solidity found that satisfies the pragma directives: '>+0.8.19'.
[Info  - 5:30:05 PM] No Slang-supported version (latest: 0.8.26) for Solidity found that satisfies the pragma directives: '>+0.8.19'.
[Info  - 5:30:06 PM] No Slang-supported version (latest: 0.8.26) for Solidity found that satisfies the pragma directives: '>+0.8.19'.
[Info  - 5:34:10 PM] Error formatting document file:///home/jvp/Desktop/projects/foundry-project/src/FundMe.sol with prettier: Error: Comment "immutable" was not printed. Please report this error!
[Error - 5:34:29 PM] Cannot read properties of undefined (reading 'line')
[Info  - 5:34:38 PM] Error formatting document file:///home/jvp/Desktop/projects/foundry-project/src/FundMe.sol with prettier: Error: Comment "immutable" was not printed. Please report this error!
[Error - 5:36:49 PM] Cannot read properties of undefined (reading 'split')
[Info  - 5:37:16 PM] Error formatting document file:///home/jvp/Desktop/projects/foundry-project/test/FundMeTest.t.sol with prettier: Error: missing ';' at '}' (20:4)
    at Object.parse4 (/home/jvp/.vscode-oss/extensions/nomicfoundation.hardhat-solidity-0.8.6-universal/server/out/index.js:2049:1808)
    at Object.parse4 [as parse] (/home/jvp/.vscode-oss/extensions/nomicfoundation.hardhat-solidity-0.8.6-universal/server/out/index.js:2049:3162)
    at Object.parse$d [as parse] (/home/jvp/.vscode-oss/extensions/nomicfoundation.hardhat-solidity-0.8.6-universal/server/out/index.js:1682:1897)
    at coreFormat (/home/jvp/.vscode-oss/extensions/nomicfoundation.hardhat-solidity-0.8.6-universal/server/out/index.js:1683:26195)
    at formatWithCursor$1 (/home/jvp/.vscode-oss/extensions/nomicfoundation.hardhat-solidity-0.8.6-universal/server/out/index.js:1687:1082)
    at /home/jvp/.vscode-oss/extensions/nomicfoundation.hardhat-solidity-0.8.6-universal/server/out/index.js:1795:12877
    at Object.format (/home/jvp/.vscode-oss/extensions/nomicfoundation.hardhat-solidity-0.8.6-universal/server/out/index.js:1795:13154)
    at PrettyPrinter.format (/home/jvp/.vscode-oss/extensions/nomicfoundation.hardhat-solidity-0.8.6-universal/server/out/index.js:2975:1865)
    at prettierFormat (/home/jvp/.vscode-oss/extensions/nomicfoundation.hardhat-solidity-0.8.6-universal/server/out/index.js:2979:5851)
    at /home/jvp/.vscode-oss/extensions/nomicfoundation.hardhat-solidity-0.8.6-universal/server/out/index.js:2979:7295
[Info  - 5:44:41 PM] Error formatting document file:///home/jvp/Desktop/projects/foundry-project/script/DeployFundMe.s.sol with prettier: Error: mismatched input '<EOF>' expecting {'*', '^', '~', '>=', '>', '<', '<=', '=', 'from', '(', 'error', 'function', '[', 'address', 'mapping', 'calldata', 'revert', 'var', 'bool', 'string', 'byte', '++', '--', 'new', '+', '-', 'delete', '!', 'callback', Int, Uint, Byte, Fixed, Ufixed, BooleanLiteral, DecimalNumber, HexNumber, HexLiteralFragment, 'leave', 'payable', 'type', 'constructor', 'receive', Identifier, StringLiteralFragment, VersionLiteral} (3:15)
    at Object.parse4 (/home/jvp/.vscode-oss/extensions/nomicfoundation.hardhat-solidity-0.8.6-universal/server/out/index.js:2049:1808)
    at Object.parse4 [as parse] (/home/jvp/.vscode-oss/extensions/nomicfoundation.hardhat-solidity-0.8.6-universal/server/out/index.js:2049:3162)
    at Object.parse$d [as parse] (/home/jvp/.vscode-oss/extensions/nomicfoundation.hardhat-solidity-0.8.6-universal/server/out/index.js:1682:1897)
    at coreFormat (/home/jvp/.vscode-oss/extensions/nomicfoundation.hardhat-solidity-0.8.6-universal/server/out/index.js:1683:26195)
    at formatWithCursor$1 (/home/jvp/.vscode-oss/extensions/nomicfoundation.hardhat-solidity-0.8.6-universal/server/out/index.js:1687:1082)
    at /home/jvp/.vscode-oss/extensions/nomicfoundation.hardhat-solidity-0.8.6-universal/server/out/index.js:1795:12877
    at Object.format (/home/jvp/.vscode-oss/extensions/nomicfoundation.hardhat-solidity-0.8.6-universal/server/out/index.js:1795:13154)
    at PrettyPrinter.format (/home/jvp/.vscode-oss/extensions/nomicfoundation.hardhat-solidity-0.8.6-universal/server/out/index.js:2975:1865)
    at prettierFormat (/home/jvp/.vscode-oss/extensions/nomicfoundation.hardhat-solidity-0.8.6-universal/server/out/index.js:2979:5851)
    at /home/jvp/.vscode-oss/extensions/nomicfoundation.hardhat-solidity-0.8.6-universal/server/out/index.js:2979:7295
[Info  - 5:44:44 PM] No Slang-supported version (latest: 0.8.26) for Solidity found that satisfies the pragma directives: '>='.
[Info  - 5:44:45 PM] No Slang-supported version (latest: 0.8.26) for Solidity found that satisfies the pragma directives: '>='.
[Info  - 5:44:45 PM] No Slang-supported version (latest: 0.8.26) for Solidity found that satisfies the pragma directives: '>='.
[Info  - 5:44:46 PM] No Slang-supported version (latest: 0.8.26) for Solidity found that satisfies the pragma directives: '>='.
[Info  - 5:44:46 PM] No Slang-supported version (latest: 0.8.26) for Solidity found that satisfies the pragma directives: '>='.
[Info  - 5:44:46 PM] No Slang-supported version (latest: 0.8.26) for Solidity found that satisfies the pragma directives: '>='.
[Info  - 5:44:46 PM] No Slang-supported version (latest: 0.8.26) for Solidity found that satisfies the pragma directives: '>='.
[Info  - 5:44:47 PM] No Slang-supported version (latest: 0.8.26) for Solidity found that satisfies the pragma directives: '>=0.'.
[Info  - 5:44:47 PM] No Slang-supported version (latest: 0.8.26) for Solidity found that satisfies the pragma directives: '>=0.'.
[Info  - 5:44:47 PM] No Slang-supported version (latest: 0.8.26) for Solidity found that satisfies the pragma directives: '>=0.'.
[Info  - 5:44:48 PM] No Slang-supported version (latest: 0.8.26) for Solidity found that satisfies the pragma directives: '>=0.8.'.
[Info  - 5:44:48 PM] No Slang-supported version (latest: 0.8.26) for Solidity found that satisfies the pragma directives: '>=0.8.'.
[Info  - 5:44:48 PM] No Slang-supported version (latest: 0.8.26) for Solidity found that satisfies the pragma directives: '>=0.8.'.
[Error - 5:45:54 PM] Cannot read properties of undefined (reading 'split')
