(VSCode) 2024-11-04 18:54:20.150 [INFO]: No proxy settings found
(VSCode) 2024-11-04 18:54:20.824 [INFO]: Checking network connection...
(VSCode) 2024-11-04 18:54:21.343 [INFO]: No Network Issue connecting to https://server.codeium.com
(VSCode) 2024-11-04 18:54:21.382 [INFO]: Creating manager directory: /tmp/2e6fbb87-0b59-4f71-b595-05d85536a4b4/codeium/manager
(VSCode) 2024-11-04 18:54:21.383 [INFO]: 1347d6f7fffdaec404d99b3f0ca3d8854448c787 not found, downloading language server
(VSCode) 2024-11-04 18:54:21.384 [INFO]: No proxy settings found
(VSCode) 2024-11-04 18:54:26.704 [INFO]: Language server started
2024/11/04 18:54:26 maxprocs: Leaving GOMAXPROCS=12: CPU quota undefined
I1104 18:54:26.773803 82169 main.go:553] [Language Server Manager] Setting GOMAXPROCS to 12
I1104 18:54:26.773866 82169 main.go:667] [Language Server Manager] Release 1.22.5 (1347d6f7fffdaec404d99b3f0ca3d8854448c787)
I1104 18:54:26.773886 82169 main.go:746] [Language Server Manager] Starting language server manager with pid 82169
I1104 18:54:26.773972 82169 main.go:120] [Language Server Manager] Manager acquired its lock file /tmp/2e6fbb87-0b59-4f71-b595-05d85536a4b4/codeium/manager/locks/manager.lock
I1104 18:54:26.774444 82169 main.go:259] [Language Server Manager] Waiting for random port file in /tmp/2e6fbb87-0b59-4f71-b595-05d85536a4b4/codeium/manager/child_random_port_1730757266774051600_7349038765953556497 to be created
2024/11/04 18:54:26 maxprocs: Leaving GOMAXPROCS=12: CPU quota undefined
I1104 18:54:26.844291 82184 main.go:553] Setting GOMAXPROCS to 4
I1104 18:54:26.844395 82184 main.go:740] Starting language server process with pid 82184
I1104 18:54:26.844419 82184 server.go:183] Language server will attempt to listen on host 127.0.0.1
I1104 18:54:26.844547 82184 server.go:190] Language server listening on random port at 40699
I1104 18:54:27.381298 82184 unleash.go:93] Initializing Unleash
I1104 18:54:27.863218 82184 unleash.go:113] Successfully initialized Unleash
E1104 18:54:27.873226 82184 client_manager.go:275] Metadata is nil when trying to refresh user JWT
I1104 18:54:27.873583 82184 server.go:441] Successfully created API server client
I1104 18:54:27.903492 82184 server.go:456] Successfully initialized tokenizer
I1104 18:54:27.985159 82184 server.go:613] Local search is enabled, will index local files.
I1104 18:54:27.985178 82184 server.go:617] Using 3 indexer workers
I1104 18:54:27.992562 82184 sqlite_faiss_db_client.go:64] Successfully created embedding search database in 7ms
I1104 18:54:27.992779 82184 indexer.go:213] Using 4 embed workers
I1104 18:54:27.992807 82184 search_provider.go:274] Successfully created and started indexer
I1104 18:54:27.992827 82184 search_provider.go:304] Successfully created embedding search provider
I1104 18:54:27.995576 82184 server.go:703] Successfully created completion provider
I1104 18:54:27.995596 82184 server.go:752] Child process attempting to acquire lock file /tmp/2e6fbb87-0b59-4f71-b595-05d85536a4b4/codeium/manager/locks/child_lock_1730757266774073892_552316897892184258
I1104 18:54:27.995633 82184 server.go:760] Child process acquired lock file /tmp/2e6fbb87-0b59-4f71-b595-05d85536a4b4/codeium/manager/locks/child_lock_1730757266774073892_552316897892184258
I1104 18:54:27.999432 82184 server.go:265] LSP listening on random port at 40895
I1104 18:54:28.006583 82184 web_server.go:259] Chat Web Server listening at ws://127.0.0.1:40619
40895
I1104 18:54:28.079822 82169 main.go:295] [Language Server Manager] Found random server port 40699
I1104 18:54:28.079862 82169 main.go:296] [Language Server Manager] Found random lsp port 40895
I1104 18:54:28.079875 82169 main.go:303] [Language Server Manager] Attempting to connect to language server at 127.0.0.1:40699
I1104 18:54:28.091140 82169 main.go:174] [Language Server Manager] Fixing language server port at 40699
I1104 18:54:28.091151 82169 main.go:355] [Language Server Manager] Successfully connected to new language server at 127.0.0.1:40699
(VSCode) 2024-11-04 18:54:28.107 [INFO]: Found language server running on port 40699
I1104 18:54:28.130348 82184 utils.go:227] Analyzing workspace files for /home/jvp/Desktop/projects/foundry-project
I1104 18:54:28.235988 82184 utils.go:281] Done analyzing workspace files for /home/jvp/Desktop/projects/foundry-project
I1104 18:54:29.506441 82184 lazy_model.go:31] Successfully created embedding store
(VSCode) 2024-11-04 18:54:36.643 [ERROR]: Canceled
(VSCode) 2024-11-04 18:54:36.643 [ERROR]: Canceled
