[Info  - 2:15:16 PM] Solidity by Nomic Foundation Starting ...
[Info  - 2:15:16 PM] env: production
[Info  - 2:15:17 PM] Client starting
[Info  - 2:15:18 PM] Language server starting
[Info  - 2:15:18 PM]   Release: hardhat-solidity@0.8.6
[Info  - 2:15:18 PM]   Environment: production
[Info  - 2:15:18 PM]   Telemetry Enabled: false
[Info  - 2:15:18 PM]   Telemetry Tracking Id: someValue....
[Info  - 2:15:18 PM]   Workspace Folders:
[Info  - 2:15:18 PM]     foundry-project (file:///home/jvp/Desktop/projects/foundry-project)
[Info  - 2:15:18 PM] Fetching latest solidity versions
[Info  - 2:15:18 PM] Language server ready
[Info  - 2:15:18 PM] [indexing] Found projects:
[Info  - 2:15:18 PM] [indexing] -  Type: Foundry
[Info  - 2:15:18 PM] [indexing]    Base path: /home/jvp/Desktop/projects/foundry-project
[Info  - 2:15:18 PM] [indexing]    Config file: /home/jvp/Desktop/projects/foundry-project/foundry.toml
[Info  - 2:15:18 PM] [indexing] Initializing /home/jvp/Desktop/projects/foundry-project/foundry.toml
[Info  - 2:15:18 PM] [indexing] Done /home/jvp/Desktop/projects/foundry-project/foundry.toml
[Info  - 2:15:18 PM] [indexing] Scanning workspace folders for sol files
[Info  - 2:15:18 PM] [indexing] Scan complete, 46 sol files found
[Info  - 2:15:18 PM] [indexing] Analyzing 1 solidity files
[Info  - 2:27:20 PM] Reinitializing foundry project: /home/jvp/Desktop/projects/foundry-project/foundry.toml
[Info  - 2:27:20 PM] Unexpected error while running `forge`: Error: Command failed: /home/jvp/.foundry/bin/forge config --json
Error: failed to extract foundry config:
foundry config error: invalid remapping format, found ``, expected `<key>=<value>` for setting `0.remappings`


[Info  - 2:27:38 PM] Reinitializing foundry project: /home/jvp/Desktop/projects/foundry-project/foundry.toml
[Info  - 2:27:52 PM] Reinitializing foundry project: /home/jvp/Desktop/projects/foundry-project/foundry.toml
[Info  - 2:28:01 PM] Reinitializing foundry project: /home/jvp/Desktop/projects/foundry-project/foundry.toml
[Info  - 2:30:14 PM] No Slang-supported version (latest: 0.8.26) for Solidity found that satisfies the pragma directives: '>'.
[Info  - 2:30:14 PM] No Slang-supported version (latest: 0.8.26) for Solidity found that satisfies the pragma directives: '>'.
[Info  - 2:30:14 PM] No Slang-supported version (latest: 0.8.26) for Solidity found that satisfies the pragma directives: '>'.
[Info  - 2:30:14 PM] No Slang-supported version (latest: 0.8.26) for Solidity found that satisfies the pragma directives: '>='.
[Info  - 2:30:14 PM] No Slang-supported version (latest: 0.8.26) for Solidity found that satisfies the pragma directives: '>='.
[Info  - 2:30:14 PM] No Slang-supported version (latest: 0.8.26) for Solidity found that satisfies the pragma directives: '>='.
[Info  - 2:30:15 PM] No Slang-supported version (latest: 0.8.26) for Solidity found that satisfies the pragma directives: '>=0.'.
[Info  - 2:30:16 PM] No Slang-supported version (latest: 0.8.26) for Solidity found that satisfies the pragma directives: '>=0.'.
[Info  - 2:30:16 PM] No Slang-supported version (latest: 0.8.26) for Solidity found that satisfies the pragma directives: '>=0.'.
[Info  - 2:30:16 PM] No Slang-supported version (latest: 0.8.26) for Solidity found that satisfies the pragma directives: '>=0.'.
[Info  - 2:30:51 PM] Error formatting document file:///home/jvp/Desktop/projects/foundry-project/test/FundMeTest.t.sol with prettier: Error: mismatched input '<EOF>' expecting {'from', 'error', 'address', 'calldata', 'revert', 'callback', 'leave', 'payable', 'constructor', 'receive', Identifier} (4:9)
    at Object.parse4 (/home/jvp/.vscode-oss/extensions/nomicfoundation.hardhat-solidity-0.8.6-universal/server/out/index.js:2049:1808)
    at Object.parse4 [as parse] (/home/jvp/.vscode-oss/extensions/nomicfoundation.hardhat-solidity-0.8.6-universal/server/out/index.js:2049:3162)
    at Object.parse$d [as parse] (/home/jvp/.vscode-oss/extensions/nomicfoundation.hardhat-solidity-0.8.6-universal/server/out/index.js:1682:1897)
    at coreFormat (/home/jvp/.vscode-oss/extensions/nomicfoundation.hardhat-solidity-0.8.6-universal/server/out/index.js:1683:26195)
    at formatWithCursor$1 (/home/jvp/.vscode-oss/extensions/nomicfoundation.hardhat-solidity-0.8.6-universal/server/out/index.js:1687:1082)
    at /home/jvp/.vscode-oss/extensions/nomicfoundation.hardhat-solidity-0.8.6-universal/server/out/index.js:1795:12877
    at Object.format (/home/jvp/.vscode-oss/extensions/nomicfoundation.hardhat-solidity-0.8.6-universal/server/out/index.js:1795:13154)
    at PrettyPrinter.format (/home/jvp/.vscode-oss/extensions/nomicfoundation.hardhat-solidity-0.8.6-universal/server/out/index.js:2975:1865)
    at prettierFormat (/home/jvp/.vscode-oss/extensions/nomicfoundation.hardhat-solidity-0.8.6-universal/server/out/index.js:2979:5851)
    at /home/jvp/.vscode-oss/extensions/nomicfoundation.hardhat-solidity-0.8.6-universal/server/out/index.js:2979:7295
[Info  - 2:31:13 PM] Error formatting document file:///home/jvp/Desktop/projects/foundry-project/test/FundMeTest.t.sol with prettier: Error: The specified node does not exist
    at ImportDirectiveContext.getChild (/home/jvp/.vscode-oss/extensions/nomicfoundation.hardhat-solidity-0.8.6-universal/server/out/index.js:1811:58844)
    at ImportDirectiveContext.getRuleContext (/home/jvp/.vscode-oss/extensions/nomicfoundation.hardhat-solidity-0.8.6-universal/server/out/index.js:1811:59664)
    at ImportDirectiveContext.importPath (/home/jvp/.vscode-oss/extensions/nomicfoundation.hardhat-solidity-0.8.6-universal/server/out/index.js:2048:13700)
    at ASTBuilder.visitImportDirective (/home/jvp/.vscode-oss/extensions/nomicfoundation.hardhat-solidity-0.8.6-universal/server/out/index.js:2048:105556)
    at ImportDirectiveContext.accept (/home/jvp/.vscode-oss/extensions/nomicfoundation.hardhat-solidity-0.8.6-universal/server/out/index.js:2048:14335)
    at ASTBuilder.visit (/home/jvp/.vscode-oss/extensions/nomicfoundation.hardhat-solidity-0.8.6-universal/server/out/index.js:1823:25827)
    at /home/jvp/.vscode-oss/extensions/nomicfoundation.hardhat-solidity-0.8.6-universal/server/out/index.js:2048:81412
    at Array.map (<anonymous>)
    at ASTBuilder.visitSourceUnit (/home/jvp/.vscode-oss/extensions/nomicfoundation.hardhat-solidity-0.8.6-universal/server/out/index.js:2048:81396)
    at SourceUnitContext.accept (/home/jvp/.vscode-oss/extensions/nomicfoundation.hardhat-solidity-0.8.6-universal/server/out/index.js:2048:9450)
[Error - 2:32:21 PM] Cannot read properties of undefined (reading 'split')
[Error - 2:37:38 PM] Cannot read properties of undefined (reading 'split')
[Info  - 2:38:00 PM] Error formatting document file:///home/jvp/Desktop/projects/foundry-project/test/FundMeTest.t.sol with prettier: Error: mismatched input ',' expecting {'~', 'from', '{', '(', ')', 'error', 'function', '[', 'address', 'mapping', 'calldata', 'revert', 'var', 'bool', 'string', 'byte', '++', '--', 'new', '+', '-', 'delete', '!', 'callback', Int, Uint, Byte, Fixed, Ufixed, BooleanLiteral, DecimalNumber, HexNumber, HexLiteralFragment, 'leave', 'payable', 'type', 'constructor', 'receive', Identifier, StringLiteralFragment} (15:28)
    at Object.parse4 (/home/jvp/.vscode-oss/extensions/nomicfoundation.hardhat-solidity-0.8.6-universal/server/out/index.js:2049:1808)
    at Object.parse4 [as parse] (/home/jvp/.vscode-oss/extensions/nomicfoundation.hardhat-solidity-0.8.6-universal/server/out/index.js:2049:3162)
    at Object.parse$d [as parse] (/home/jvp/.vscode-oss/extensions/nomicfoundation.hardhat-solidity-0.8.6-universal/server/out/index.js:1682:1897)
    at coreFormat (/home/jvp/.vscode-oss/extensions/nomicfoundation.hardhat-solidity-0.8.6-universal/server/out/index.js:1683:26195)
    at formatWithCursor$1 (/home/jvp/.vscode-oss/extensions/nomicfoundation.hardhat-solidity-0.8.6-universal/server/out/index.js:1687:1082)
    at /home/jvp/.vscode-oss/extensions/nomicfoundation.hardhat-solidity-0.8.6-universal/server/out/index.js:1795:12877
    at Object.format (/home/jvp/.vscode-oss/extensions/nomicfoundation.hardhat-solidity-0.8.6-universal/server/out/index.js:1795:13154)
    at PrettyPrinter.format (/home/jvp/.vscode-oss/extensions/nomicfoundation.hardhat-solidity-0.8.6-universal/server/out/index.js:2975:1865)
    at prettierFormat (/home/jvp/.vscode-oss/extensions/nomicfoundation.hardhat-solidity-0.8.6-universal/server/out/index.js:2979:5851)
    at /home/jvp/.vscode-oss/extensions/nomicfoundation.hardhat-solidity-0.8.6-universal/server/out/index.js:2979:7295
[Info  - 2:38:14 PM] Error formatting document file:///home/jvp/Desktop/projects/foundry-project/test/FundMeTest.t.sol with prettier: Error: missing ';' at '}' (16:4)
    at Object.parse4 (/home/jvp/.vscode-oss/extensions/nomicfoundation.hardhat-solidity-0.8.6-universal/server/out/index.js:2049:1808)
    at Object.parse4 [as parse] (/home/jvp/.vscode-oss/extensions/nomicfoundation.hardhat-solidity-0.8.6-universal/server/out/index.js:2049:3162)
    at Object.parse$d [as parse] (/home/jvp/.vscode-oss/extensions/nomicfoundation.hardhat-solidity-0.8.6-universal/server/out/index.js:1682:1897)
    at coreFormat (/home/jvp/.vscode-oss/extensions/nomicfoundation.hardhat-solidity-0.8.6-universal/server/out/index.js:1683:26195)
    at formatWithCursor$1 (/home/jvp/.vscode-oss/extensions/nomicfoundation.hardhat-solidity-0.8.6-universal/server/out/index.js:1687:1082)
    at /home/jvp/.vscode-oss/extensions/nomicfoundation.hardhat-solidity-0.8.6-universal/server/out/index.js:1795:12877
    at Object.format (/home/jvp/.vscode-oss/extensions/nomicfoundation.hardhat-solidity-0.8.6-universal/server/out/index.js:1795:13154)
    at PrettyPrinter.format (/home/jvp/.vscode-oss/extensions/nomicfoundation.hardhat-solidity-0.8.6-universal/server/out/index.js:2975:1865)
    at prettierFormat (/home/jvp/.vscode-oss/extensions/nomicfoundation.hardhat-solidity-0.8.6-universal/server/out/index.js:2979:5851)
    at /home/jvp/.vscode-oss/extensions/nomicfoundation.hardhat-solidity-0.8.6-universal/server/out/index.js:2979:7295
[Info  - 2:42:41 PM] Error formatting document file:///home/jvp/Desktop/projects/foundry-project/test/FundMeTest.t.sol with prettier: Error: extraneous input 'public' expecting ';' (11:30)
    at Object.parse4 (/home/jvp/.vscode-oss/extensions/nomicfoundation.hardhat-solidity-0.8.6-universal/server/out/index.js:2049:1808)
    at Object.parse4 [as parse] (/home/jvp/.vscode-oss/extensions/nomicfoundation.hardhat-solidity-0.8.6-universal/server/out/index.js:2049:3162)
    at Object.parse$d [as parse] (/home/jvp/.vscode-oss/extensions/nomicfoundation.hardhat-solidity-0.8.6-universal/server/out/index.js:1682:1897)
    at coreFormat (/home/jvp/.vscode-oss/extensions/nomicfoundation.hardhat-solidity-0.8.6-universal/server/out/index.js:1683:26195)
    at formatWithCursor$1 (/home/jvp/.vscode-oss/extensions/nomicfoundation.hardhat-solidity-0.8.6-universal/server/out/index.js:1687:1082)
    at /home/jvp/.vscode-oss/extensions/nomicfoundation.hardhat-solidity-0.8.6-universal/server/out/index.js:1795:12877
    at Object.format (/home/jvp/.vscode-oss/extensions/nomicfoundation.hardhat-solidity-0.8.6-universal/server/out/index.js:1795:13154)
    at PrettyPrinter.format (/home/jvp/.vscode-oss/extensions/nomicfoundation.hardhat-solidity-0.8.6-universal/server/out/index.js:2975:1865)
    at prettierFormat (/home/jvp/.vscode-oss/extensions/nomicfoundation.hardhat-solidity-0.8.6-universal/server/out/index.js:2979:5851)
    at /home/jvp/.vscode-oss/extensions/nomicfoundation.hardhat-solidity-0.8.6-universal/server/out/index.js:2979:7295
