2024-10-31 19:31:34.761 [info] Reading sessions from keychain...
2024-10-31 19:31:34.761 [info] Getting sessions for all scopes...
2024-10-31 19:31:34.761 [info] Getting sessions for all scopes...
2024-10-31 19:31:34.761 [info] Got stored sessions!
2024-10-31 19:31:34.761 [info] Got 1 verified sessions.
2024-10-31 19:31:34.761 [info] Got 1 sessions for ...
2024-10-31 19:31:34.761 [info] Got 1 sessions for ...
2024-10-31 19:31:34.761 [info] Getting sessions for read:user,repo,user:email...
2024-10-31 19:31:34.761 [info] Got 0 sessions for read:user,repo,user:email...
2024-10-31 19:31:34.761 [info] Getting sessions for read:user,repo,user:email,workflow...
2024-10-31 19:31:34.762 [info] Got 1 sessions for read:user,repo,user:email,workflow...
2024-10-31 19:31:35.091 [info] Getting sessions for all scopes...
2024-10-31 19:31:35.091 [info] Got 1 sessions for ...
2024-10-31 19:31:35.096 [info] Getting sessions for read:user,repo,user:email,workflow...
2024-10-31 19:31:35.096 [info] Got 1 sessions for read:user,repo,user:email,workflow...
2024-10-31 19:35:21.409 [info] Reading sessions from keychain...
2024-10-31 19:35:21.409 [info] Getting sessions for all scopes...
2024-10-31 19:35:21.409 [info] Getting sessions for all scopes...
2024-10-31 19:35:21.409 [info] Got stored sessions!
2024-10-31 19:35:21.409 [info] Got 1 verified sessions.
2024-10-31 19:35:21.409 [info] Got 1 sessions for ...
2024-10-31 19:35:21.409 [info] Got 1 sessions for ...
2024-10-31 19:35:21.409 [info] Getting sessions for read:user,repo,user:email...
2024-10-31 19:35:21.409 [info] Got 0 sessions for read:user,repo,user:email...
2024-10-31 19:35:22.102 [info] Getting sessions for all scopes...
2024-10-31 19:35:22.102 [info] Got 1 sessions for ...
2024-10-31 19:37:03.704 [info] Reading sessions from keychain...
2024-10-31 19:37:03.704 [info] Getting sessions for all scopes...
2024-10-31 19:37:03.704 [info] Getting sessions for all scopes...
2024-10-31 19:37:03.704 [info] Got stored sessions!
2024-10-31 19:37:03.704 [info] Got 1 verified sessions.
2024-10-31 19:37:03.704 [info] Got 1 sessions for ...
2024-10-31 19:37:03.704 [info] Got 1 sessions for ...
2024-10-31 19:37:03.704 [info] Getting sessions for read:user,repo,user:email...
2024-10-31 19:37:03.704 [info] Got 0 sessions for read:user,repo,user:email...
2024-10-31 19:37:04.365 [info] Getting sessions for all scopes...
2024-10-31 19:37:04.365 [info] Got 1 sessions for ...
2024-10-31 19:38:42.866 [info] Getting sessions for read:user,repo,user:email,workflow...
2024-10-31 19:38:42.866 [info] Got 1 sessions for read:user,repo,user:email,workflow...
2024-10-31 19:43:37.748 [info] Reading sessions from keychain...
2024-10-31 19:43:37.748 [info] Getting sessions for all scopes...
2024-10-31 19:43:37.748 [info] Getting sessions for all scopes...
2024-10-31 19:43:37.748 [info] Got stored sessions!
2024-10-31 19:43:37.748 [info] Got 1 verified sessions.
2024-10-31 19:43:37.748 [info] Got 1 sessions for ...
2024-10-31 19:43:37.748 [info] Got 1 sessions for ...
2024-10-31 19:43:38.928 [info] Getting sessions for read:user,repo,user:email...
2024-10-31 19:43:38.929 [info] Got 0 sessions for read:user,repo,user:email...
2024-10-31 19:43:39.606 [info] Getting sessions for read:user,repo,user:email,workflow...
2024-10-31 19:43:39.606 [info] Got 1 sessions for read:user,repo,user:email,workflow...
