2024-11-04 19:11:39.662 [info] Added views:outline in workbench.view.explorer
2024-11-04 19:11:39.662 [info] Added views:workbench.view.search in workbench.view.search
2024-11-04 19:11:39.662 [info] Added views:workbench.scm in workbench.view.scm
2024-11-04 19:11:39.662 [info] Added views:workbench.panel.markers.view in workbench.panel.markers
2024-11-04 19:11:39.662 [info] Added views:workbench.panel.output in workbench.panel.output
2024-11-04 19:11:39.662 [info] Added views:terminal in terminal
2024-11-04 19:11:39.662 [info] Added views:timeline in workbench.view.explorer
2024-11-04 19:11:39.662 [info] Added views:workbench.explorer.fileView in workbench.view.explorer
2024-11-04 19:11:39.783 [info] Added views:workbench.debug.welcome in workbench.view.debug
2024-11-04 19:11:40.070 [info] Added views:codeium.chatPanelView in workbench.view.extension.codeium
2024-11-04 19:11:40.222 [info] Added views:workbench.panel.repl.view in workbench.panel.repl
2024-11-04 19:11:40.400 [info] Added views:~remote.forwardedPorts in ~remote.forwardedPortsContainer
2024-11-04 19:11:40.969 [info] Added views:workbench.scm.history in workbench.view.scm
2024-11-04 19:11:48.072 [info] Added views:workbench.panel.comments in workbench.panel.comments
2024-11-04 19:12:16.246 [info] Added views:workbench.views.extensions.installed,workbench.views.extensions.popular,extensions.recommendedList in workbench.view.extensions
2024-11-04 19:12:16.247 [info] Removed views:workbench.views.extensions.popular from workbench.view.extensions
2024-11-04 19:12:21.218 [info] Removed views:extensions.recommendedList,workbench.views.extensions.installed from workbench.view.extensions
2024-11-04 19:12:21.222 [info] Added views:workbench.views.extensions.marketplace in workbench.view.extensions
2024-11-04 19:14:06.562 [info] Removed views:workbench.scm.history from workbench.view.scm
2024-11-04 19:14:06.841 [info] Removed views:workbench.panel.repl.view from workbench.panel.repl
2024-11-04 19:14:07.021 [info] Added views:workbench.panel.repl.view in workbench.panel.repl
2024-11-04 19:14:07.458 [info] Added views:workbench.scm.history in workbench.view.scm
2024-11-04 19:14:28.174 [info] Removed views:workbench.views.extensions.marketplace from workbench.view.extensions
2024-11-04 19:14:28.188 [info] Added views:workbench.views.extensions.installed,extensions.recommendedList in workbench.view.extensions
2024-11-04 20:25:01.336 [info] Removed views:workbench.scm.history from workbench.view.scm
