2024-11-04 19:11:42.066 [info] Reading sessions from keychain...
2024-11-04 19:11:42.066 [info] Getting sessions for all scopes...
2024-11-04 19:11:42.066 [info] Getting sessions for all scopes...
2024-11-04 19:11:42.066 [info] Getting sessions for all scopes...
2024-11-04 19:11:42.066 [info] Got 0 sessions for ...
2024-11-04 19:11:42.066 [info] Got 0 sessions for ...
2024-11-04 19:11:42.066 [info] Got 0 sessions for ...
2024-11-04 19:11:42.066 [info] Getting sessions for read:user,repo,user:email,workflow...
2024-11-04 19:11:42.066 [info] Got 0 sessions for read:user,repo,user:email,workflow...
2024-11-04 19:11:42.269 [info] Getting sessions for all scopes...
2024-11-04 19:11:42.269 [info] Got 0 sessions for ...
2024-11-04 19:14:07.423 [info] Reading sessions from keychain...
2024-11-04 19:14:07.424 [info] Getting sessions for all scopes...
2024-11-04 19:14:07.424 [info] Got 0 sessions for ...
2024-11-04 19:14:07.424 [info] Getting sessions for all scopes...
2024-11-04 19:14:07.424 [info] Got 0 sessions for ...
2024-11-04 19:14:07.424 [info] Getting sessions for all scopes...
2024-11-04 19:14:07.424 [info] Got 0 sessions for ...
2024-11-04 19:14:08.301 [info] Getting sessions for read:user,repo,user:email,workflow...
2024-11-04 19:14:08.301 [info] Got 0 sessions for read:user,repo,user:email,workflow...
2024-11-04 19:14:08.411 [info] Getting sessions for read:user,repo,user:email,workflow...
2024-11-04 19:14:08.411 [info] Got 0 sessions for read:user,repo,user:email,workflow...
2024-11-04 19:23:17.097 [info] Getting sessions for all scopes...
2024-11-04 19:23:17.097 [info] Got 0 sessions for ...
2024-11-04 19:23:48.363 [info] Getting sessions for all scopes...
2024-11-04 19:23:48.363 [info] Got 0 sessions for ...
2024-11-04 19:23:49.779 [info] Getting sessions for all scopes...
2024-11-04 19:23:49.779 [info] Got 0 sessions for ...
