2024-11-04 18:36:31.225 [info] Started local extension host with pid 63958.
2024-11-04 18:36:31.539 [error] Extension 'ms-python.debugpy CANNOT USE these API proposals 'portsAttributes, contribIssueReporter, debugVisualization, contribViewsWelcome'. You MUST start in extension development mode or use the --enable-proposed-api command line flag
2024-11-04 18:36:31.539 [error] Extension 'ms-python.python CANNOT USE these API proposals 'contribEditorContentMenu, quickPickSortByLabel, testObserver, quickPickItemTooltip, terminalDataWriteEvent, terminalExecuteCommandEvent, contribIssueReporter, codeActionAI, notebookReplDocument, notebookVariableProvider'. You MUST start in extension development mode or use the --enable-proposed-api command line flag
2024-11-04 18:36:31.609 [error] [ms-python.debugpy]: issue/reporter is a proposed menu identifier. It requires 'package.json#enabledApiProposals: ["contribIssueReporter"]' and is only available when running out of dev or with the following command line switch: --enable-proposed-api ms-python.debugpy
2024-11-04 18:36:31.609 [error] [ms-python.python]: issue/reporter is a proposed menu identifier. It requires 'package.json#enabledApiProposals: ["contribIssueReporter"]' and is only available when running out of dev or with the following command line switch: --enable-proposed-api ms-python.python
2024-11-04 18:36:31.609 [error] [ms-python.python]: editor/content is a proposed menu identifier. It requires 'package.json#enabledApiProposals: ["contribEditorContentMenu"]' and is only available when running out of dev or with the following command line switch: --enable-proposed-api ms-python.python
2024-11-04 18:36:32.290 [error] [ExtensionListenerError] Extension 'NomicFoundation.hardhat-solidity' FAILED to handle event: Error: Language client is not ready yet: Error: [ExtensionListenerError] Extension 'NomicFoundation.hardhat-solidity' FAILED to handle event: Error: Language client is not ready yet
	at mh.value (file:///usr/lib/code/out/vs/workbench/api/node/extensionHostProcess.js:156:35379)
	at D.B (file:///usr/lib/code/out/vs/workbench/api/node/extensionHostProcess.js:29:746)
	at D.C (file:///usr/lib/code/out/vs/workbench/api/node/extensionHostProcess.js:29:816)
	at D.fire (file:///usr/lib/code/out/vs/workbench/api/node/extensionHostProcess.js:29:1033)
	at BF.$acceptConfigurationChanged (file:///usr/lib/code/out/vs/workbench/api/node/extensionHostProcess.js:112:3150)
	at file:///usr/lib/code/out/vs/workbench/api/node/extensionHostProcess.js:112:2700
2024-11-04 18:36:33.687 [error] [ExtensionListenerError] Extension 'NomicFoundation.hardhat-solidity' FAILED to handle event: Error: Language client is not ready yet: Error: [ExtensionListenerError] Extension 'NomicFoundation.hardhat-solidity' FAILED to handle event: Error: Language client is not ready yet
	at mh.value (file:///usr/lib/code/out/vs/workbench/api/node/extensionHostProcess.js:156:35379)
	at D.B (file:///usr/lib/code/out/vs/workbench/api/node/extensionHostProcess.js:29:746)
	at D.C (file:///usr/lib/code/out/vs/workbench/api/node/extensionHostProcess.js:29:816)
	at D.fire (file:///usr/lib/code/out/vs/workbench/api/node/extensionHostProcess.js:29:1033)
	at BF.$acceptConfigurationChanged (file:///usr/lib/code/out/vs/workbench/api/node/extensionHostProcess.js:112:3150)
	at file:///usr/lib/code/out/vs/workbench/api/node/extensionHostProcess.js:112:2700
2024-11-04 18:36:33.888 [info] [perf] Render performance baseline is 28ms
2024-11-04 18:36:51.112 [error] [ms-python.debugpy]: issue/reporter is a proposed menu identifier. It requires 'package.json#enabledApiProposals: ["contribIssueReporter"]' and is only available when running out of dev or with the following command line switch: --enable-proposed-api ms-python.debugpy
2024-11-04 18:36:51.112 [error] [ms-python.python]: issue/reporter is a proposed menu identifier. It requires 'package.json#enabledApiProposals: ["contribIssueReporter"]' and is only available when running out of dev or with the following command line switch: --enable-proposed-api ms-python.python
2024-11-04 18:36:51.112 [error] [ms-python.python]: editor/content is a proposed menu identifier. It requires 'package.json#enabledApiProposals: ["contribEditorContentMenu"]' and is only available when running out of dev or with the following command line switch: --enable-proposed-api ms-python.python
2024-11-04 18:36:51.241 [info] Started local extension host with pid 64288.
2024-11-04 18:36:51.252 [error] Canceled: Canceled
    at new sBs (vscode-file://vscode-app/usr/lib/code/out/vs/workbench/workbench.desktop.main.js:3124:37076)
    at Pht.U (vscode-file://vscode-app/usr/lib/code/out/vs/workbench/workbench.desktop.main.js:3124:41723)
    at n.<computed>.r.charCodeAt.n.<computed> (vscode-file://vscode-app/usr/lib/code/out/vs/workbench/workbench.desktop.main.js:3124:39212)
    at mYi.getSessions (vscode-file://vscode-app/usr/lib/code/out/vs/workbench/workbench.desktop.main.js:649:61661)
    at xVe.getSessions (vscode-file://vscode-app/usr/lib/code/out/vs/workbench/workbench.desktop.main.js:649:60385)
    at k6e.Lb (vscode-file://vscode-app/usr/lib/code/out/vs/workbench/workbench.desktop.main.js:1187:3969)
    at vscode-file://vscode-app/usr/lib/code/out/vs/workbench/workbench.desktop.main.js:1187:2288
    at Array.map (<anonymous>)
    at k6e.Gb (vscode-file://vscode-app/usr/lib/code/out/vs/workbench/workbench.desktop.main.js:1187:2276)
    at vscode-file://vscode-app/usr/lib/code/out/vs/workbench/workbench.desktop.main.js:1187:2183
2024-11-04 18:36:51.348 [error] Canceled: Canceled
    at new sBs (vscode-file://vscode-app/usr/lib/code/out/vs/workbench/workbench.desktop.main.js:3124:37076)
    at Pht.U (vscode-file://vscode-app/usr/lib/code/out/vs/workbench/workbench.desktop.main.js:3124:41723)
    at n.<computed>.r.charCodeAt.n.<computed> (vscode-file://vscode-app/usr/lib/code/out/vs/workbench/workbench.desktop.main.js:3124:39212)
    at mYi.getSessions (vscode-file://vscode-app/usr/lib/code/out/vs/workbench/workbench.desktop.main.js:649:61661)
    at xVe.getSessions (vscode-file://vscode-app/usr/lib/code/out/vs/workbench/workbench.desktop.main.js:649:60385)
    at k6e.Lb (vscode-file://vscode-app/usr/lib/code/out/vs/workbench/workbench.desktop.main.js:1187:3969)
    at vscode-file://vscode-app/usr/lib/code/out/vs/workbench/workbench.desktop.main.js:1187:2288
    at Array.map (<anonymous>)
    at k6e.Gb (vscode-file://vscode-app/usr/lib/code/out/vs/workbench/workbench.desktop.main.js:1187:2276)
    at vscode-file://vscode-app/usr/lib/code/out/vs/workbench/workbench.desktop.main.js:1187:2183
2024-11-04 18:37:01.304 [error] [network] #6: https://open-vsx.org/vscode/gallery/extensionquery - error POST Canceled
