2024-11-04 18:36:31.037 [info] Added views:workbench.view.search in workbench.view.search
2024-11-04 18:36:31.037 [info] Added views:workbench.scm in workbench.view.scm
2024-11-04 18:36:31.037 [info] Added views:workbench.panel.markers.view in workbench.panel.markers
2024-11-04 18:36:31.037 [info] Added views:workbench.panel.output in workbench.panel.output
2024-11-04 18:36:31.037 [info] Added views:terminal in terminal
2024-11-04 18:36:31.037 [info] Added views:workbench.explorer.fileView in workbench.view.explorer
2024-11-04 18:36:31.162 [info] Added views:workbench.debug.welcome in workbench.view.debug
2024-11-04 18:36:31.683 [info] Added views:gitlens.views.home,gitlens.views.workspaces in workbench.view.extension.gitlens
2024-11-04 18:36:31.683 [info] Added views:gitlens.views.commitDetails,gitlens.views.lineHistory,gitlens.views.fileHistory,gitlens.views.searchAndCompare in workbench.view.extension.gitlensInspect
2024-11-04 18:36:31.683 [info] Added views:gitlens.views.commits,gitlens.views.branches,gitlens.views.remotes,gitlens.views.stashes,gitlens.views.tags,gitlens.views.contributors in workbench.view.scm
2024-11-04 18:36:31.960 [info] Added views:workbench.panel.repl.view in workbench.panel.repl
2024-11-04 18:36:32.377 [info] Added views:~remote.forwardedPorts in ~remote.forwardedPortsContainer
2024-11-04 18:36:33.223 [info] Added views:gitlens.views.drafts in workbench.view.extension.gitlens
2024-11-04 18:36:33.276 [info] Added views:workbench.scm.history in workbench.view.scm
2024-11-04 18:36:34.099 [info] Added views:gitlens.views.graph,gitlens.views.graphDetails in workbench.view.extension.gitlensPanel
2024-11-04 18:36:34.099 [info] Added views:gitlens.views.timeline in workbench.view.extension.gitlensInspect
2024-11-04 18:36:34.100 [info] Added views:gitlens.views.worktrees in workbench.view.scm
2024-11-04 18:36:35.264 [info] Added views:workbench.views.extensions.installed,workbench.views.extensions.popular,extensions.recommendedList in workbench.view.extensions
2024-11-04 18:36:35.265 [info] Removed views:workbench.views.extensions.popular from workbench.view.extensions
2024-11-04 18:36:51.093 [info] Removed views:workbench.scm.history from workbench.view.scm
2024-11-04 18:36:51.122 [info] Removed views:gitlens.views.drafts from workbench.view.extension.gitlens
2024-11-04 18:36:51.125 [info] Removed views:gitlens.views.workspaces,gitlens.views.home from workbench.view.extension.gitlens
2024-11-04 18:36:51.134 [info] Added views:gitlens.views.home,gitlens.views.workspaces in workbench.view.explorer
2024-11-04 18:36:51.136 [info] Removed views:gitlens.views.searchAndCompare,gitlens.views.timeline,gitlens.views.fileHistory,gitlens.views.lineHistory,gitlens.views.commitDetails from workbench.view.extension.gitlensInspect
2024-11-04 18:36:51.149 [info] Added views:gitlens.views.commitDetails,gitlens.views.lineHistory,gitlens.views.fileHistory,gitlens.views.timeline,gitlens.views.searchAndCompare in workbench.view.explorer
2024-11-04 18:36:51.150 [info] Removed views:gitlens.views.graphDetails,gitlens.views.graph from workbench.view.extension.gitlensPanel
2024-11-04 18:36:51.157 [info] Added views:gitlens.views.graph,gitlens.views.graphDetails in workbench.view.explorer
2024-11-04 18:36:51.163 [info] Removed views:gitlens.views.searchAndCompare,gitlens.views.timeline,gitlens.views.fileHistory,gitlens.views.workspaces,gitlens.views.lineHistory,gitlens.views.graphDetails,gitlens.views.graph,gitlens.views.commitDetails,gitlens.views.home from workbench.view.explorer
2024-11-04 18:36:51.164 [info] Removed views:gitlens.views.contributors,gitlens.views.worktrees,gitlens.views.tags,gitlens.views.stashes,gitlens.views.remotes,gitlens.views.branches,gitlens.views.commits from workbench.view.scm
2024-11-04 18:36:51.349 [info] Removed views:workbench.panel.repl.view from workbench.panel.repl
2024-11-04 18:36:51.615 [info] Added views:workbench.panel.repl.view in workbench.panel.repl
2024-11-04 18:36:52.014 [info] Added views:workbench.scm.history in workbench.view.scm
2024-11-04 18:36:56.284 [info] Removed views:extensions.recommendedList,workbench.views.extensions.installed from workbench.view.extensions
2024-11-04 18:36:56.292 [info] Added views:workbench.views.extensions.marketplace in workbench.view.extensions
2024-11-04 18:37:15.158 [info] Removed views:workbench.views.extensions.marketplace from workbench.view.extensions
2024-11-04 18:37:15.166 [info] Added views:workbench.views.extensions.installed,extensions.recommendedList in workbench.view.extensions
2024-11-04 18:37:15.617 [info] Removed views:workbench.scm.history from workbench.view.scm
