2024-11-04 18:36:33.346 [info] [main] Log level: Info
2024-11-04 18:36:33.346 [info] [main] Validating found git in: "git"
2024-11-04 18:36:33.346 [info] [main] Using git "2.47.0" from "git"
2024-11-04 18:36:33.346 [info] [Model][doInitialScan] Initial repository scan started
2024-11-04 18:36:33.346 [info] > git rev-parse --show-toplevel [8ms]
2024-11-04 18:36:33.346 [info] > git rev-parse --git-dir --git-common-dir [203ms]
2024-11-04 18:36:33.346 [info] [Model][openRepository] Opened repository: /home/jvp/Desktop/projects/foundry-project
2024-11-04 18:36:33.346 [info] > git fetch [54ms]
2024-11-04 18:36:33.356 [info] > git rev-parse --show-toplevel [18ms]
2024-11-04 18:36:33.357 [info] > git config --get commit.template [28ms]
2024-11-04 18:36:33.393 [info] > git config --get commit.template [38ms]
2024-11-04 18:36:33.416 [info] [Git][getRemotes] No remotes found in the git config file
2024-11-04 18:36:33.428 [info] [Git][getRemotes] No remotes found in the git config file
2024-11-04 18:36:33.428 [info] > git for-each-ref --format=%(refname)%00%(upstream:short)%00%(objectname)%00%(upstream:track)%00%(upstream:remotename)%00%(upstream:remoteref) refs/heads/master refs/remotes/master [12ms]
2024-11-04 18:36:33.440 [info] > git rev-parse --show-toplevel [34ms]
2024-11-04 18:36:33.468 [info] > git for-each-ref --format=%(refname)%00%(upstream:short)%00%(objectname)%00%(upstream:track)%00%(upstream:remotename)%00%(upstream:remoteref) refs/heads/master refs/remotes/master [29ms]
2024-11-04 18:36:33.477 [info] > git for-each-ref --format=%(refname)%00%(upstream:short)%00%(objectname)%00%(upstream:track)%00%(upstream:remotename)%00%(upstream:remoteref) refs/heads/master refs/remotes/master [50ms]
2024-11-04 18:36:33.489 [info] > git for-each-ref --format=%(refname)%00%(upstream:short)%00%(objectname)%00%(upstream:track)%00%(upstream:remotename)%00%(upstream:remoteref) refs/heads/master refs/remotes/master [3ms]
2024-11-04 18:36:33.498 [info] > git config --local branch.master.vscode-merge-base [20ms]
2024-11-04 18:36:33.498 [warning] [Git][config] git config failed: Failed to execute git
2024-11-04 18:36:33.507 [info] > git rev-parse --show-toplevel [40ms]
2024-11-04 18:36:33.507 [info] > git config --get commit.template [48ms]
2024-11-04 18:36:33.518 [info] > git config --local branch.master.vscode-merge-base [21ms]
2024-11-04 18:36:33.518 [warning] [Git][config] git config failed: Failed to execute git
2024-11-04 18:36:33.535 [info] [Git][getRemotes] No remotes found in the git config file
2024-11-04 18:36:33.536 [info] > git rev-parse --show-toplevel [19ms]
2024-11-04 18:36:33.536 [info] > git reflog master --grep-reflog=branch: Created from *. [29ms]
2024-11-04 18:36:33.554 [info] > git for-each-ref --format=%(refname)%00%(upstream:short)%00%(objectname)%00%(upstream:track)%00%(upstream:remotename)%00%(upstream:remoteref) refs/heads/master refs/remotes/master [19ms]
2024-11-04 18:36:33.572 [info] > git reflog master --grep-reflog=branch: Created from *. [46ms]
2024-11-04 18:36:33.581 [info] > git for-each-ref --sort -committerdate --format %(refname) %(objectname) %(*objectname) [9ms]
2024-11-04 18:36:33.582 [info] > git rev-parse --show-toplevel [28ms]
2024-11-04 18:36:33.582 [info] > git symbolic-ref --short refs/remotes/origin/HEAD [38ms]
2024-11-04 18:36:33.582 [info] fatal: ref refs/remotes/origin/HEAD is not a symbolic ref
2024-11-04 18:36:33.582 [warning] [Repository][getDefaultBranch] Failed to get default branch details: Failed to execute git.
2024-11-04 18:36:33.592 [info] > git symbolic-ref --short refs/remotes/origin/HEAD [12ms]
2024-11-04 18:36:33.592 [info] fatal: ref refs/remotes/origin/HEAD is not a symbolic ref
2024-11-04 18:36:33.592 [warning] [Repository][getDefaultBranch] Failed to get default branch details: Failed to execute git.
2024-11-04 18:36:33.593 [info] > git rev-parse --show-toplevel [1ms]
2024-11-04 18:36:33.643 [info] > git status -z -uall [79ms]
2024-11-04 18:36:33.643 [info] > git rev-parse --show-toplevel [2ms]
2024-11-04 18:36:33.688 [info] > git rev-parse --show-toplevel [16ms]
2024-11-04 18:36:33.688 [info] [Model][doInitialScan] Initial repository scan completed - repositories (1), closed repositories (0), parent repositories (0), unsafe repositories (0)
2024-11-04 18:36:33.728 [info] > git show --textconv :src/FundMe.sol [30ms]
2024-11-04 18:36:33.729 [info] > git ls-files --stage -- /home/jvp/Desktop/projects/foundry-project/src/FundMe.sol [22ms]
2024-11-04 18:36:33.855 [info] > git check-ignore -v -z --stdin [1ms]
2024-11-04 18:36:34.171 [info] > git rev-parse --show-toplevel [1ms]
2024-11-04 18:36:34.180 [info] > git rev-parse --git-dir --git-common-dir [1ms]
2024-11-04 18:36:34.190 [info] [Model][openRepository] Opened repository: /home/jvp/Desktop/projects/foundry-project/lib/forge-std
2024-11-04 18:36:34.209 [info] > git rev-parse --show-toplevel [4ms]
2024-11-04 18:36:34.209 [info] > git config --get commit.template [10ms]
2024-11-04 18:36:34.224 [info] > git rev-parse --git-dir --git-common-dir [7ms]
2024-11-04 18:36:34.236 [info] [Model][openRepository] Opened repository: /home/jvp/Desktop/projects/foundry-project/lib/chainlink-brownie-contracts
2024-11-04 18:36:34.244 [info] > git for-each-ref --format %(refname) %(objectname) %(*objectname) refs/tags [20ms]
2024-11-04 18:36:34.262 [info] > git status -z -uall [10ms]
2024-11-04 18:36:34.262 [info] > git for-each-ref --sort -committerdate --format %(refname) %(objectname) %(*objectname) [2ms]
2024-11-04 18:36:34.265 [info] > git config --get commit.template [21ms]
2024-11-04 18:36:34.283 [info] > git for-each-ref --format %(refname) %(objectname) %(*objectname) refs/tags [2ms]
2024-11-04 18:36:34.300 [info] > git config --get commit.template [28ms]
2024-11-04 18:36:34.310 [info] > git for-each-ref --sort -committerdate --format %(refname) %(objectname) %(*objectname) [9ms]
2024-11-04 18:36:34.330 [info] > git for-each-ref --format %(refname) %(objectname) %(*objectname) refs/tags [21ms]
2024-11-04 18:36:34.348 [info] > git status -z -uall [10ms]
2024-11-04 18:36:34.349 [info] > git for-each-ref --sort -committerdate --format %(refname) %(objectname) %(*objectname) [2ms]
2024-11-04 18:36:34.357 [info] > git status -z -uall [65ms]
2024-11-04 18:36:34.368 [info] > git config --get commit.template [2ms]
2024-11-04 18:36:34.378 [info] > git for-each-ref --format %(refname) %(objectname) %(*objectname) refs/tags [2ms]
2024-11-04 18:36:34.395 [info] > git for-each-ref --sort -committerdate --format %(refname) %(objectname) %(*objectname) [2ms]
2024-11-04 18:36:34.450 [info] > git status -z -uall [64ms]
2024-11-04 18:36:34.723 [info] > git check-ignore -v -z --stdin [2ms]
2024-11-04 18:36:34.948 [info] > git fetch [712ms]
2024-11-04 18:36:34.965 [info] > git config --get commit.template [8ms]
2024-11-04 18:36:34.966 [info] > git for-each-ref --format %(refname) %(objectname) %(*objectname) refs/tags [2ms]
2024-11-04 18:36:34.983 [info] > git for-each-ref --sort -committerdate --format %(refname) %(objectname) %(*objectname) [1ms]
2024-11-04 18:36:35.038 [info] > git status -z -uall [64ms]
2024-11-04 18:36:36.188 [info] > git fetch [1998ms]
2024-11-04 18:36:36.206 [info] > git config --get commit.template [10ms]
2024-11-04 18:36:36.207 [info] > git for-each-ref --format %(refname) %(objectname) %(*objectname) refs/tags [1ms]
2024-11-04 18:36:36.223 [info] > git status -z -uall [8ms]
2024-11-04 18:36:36.225 [info] > git for-each-ref --sort -committerdate --format %(refname) %(objectname) %(*objectname) [2ms]
2024-11-04 18:36:37.276 [info] > git config --get commit.template [9ms]
2024-11-04 18:36:37.277 [info] > git for-each-ref --format %(refname) %(objectname) %(*objectname) refs/tags [2ms]
2024-11-04 18:36:37.295 [info] > git status -z -uall [10ms]
2024-11-04 18:36:37.297 [info] > git for-each-ref --sort -committerdate --format %(refname) %(objectname) %(*objectname) [2ms]
2024-11-04 18:36:51.887 [info] [main] Log level: Info
2024-11-04 18:36:51.887 [info] [main] Validating found git in: "git"
2024-11-04 18:36:51.887 [info] [main] Using git "2.47.0" from "git"
2024-11-04 18:36:51.887 [info] [Model][doInitialScan] Initial repository scan started
2024-11-04 18:36:51.887 [info] > git rev-parse --show-toplevel [3ms]
2024-11-04 18:36:52.008 [info] > git rev-parse --git-dir --git-common-dir [112ms]
2024-11-04 18:36:52.023 [info] [Model][openRepository] Opened repository: /home/jvp/Desktop/projects/foundry-project
2024-11-04 18:36:52.528 [info] > git fetch [505ms]
2024-11-04 18:36:52.567 [info] > git config --get commit.template [45ms]
2024-11-04 18:36:52.570 [info] > git config --get commit.template [4ms]
2024-11-04 18:36:52.588 [info] [Git][getRemotes] No remotes found in the git config file
2024-11-04 18:36:52.596 [info] [Git][getRemotes] No remotes found in the git config file
2024-11-04 18:36:52.597 [info] > git for-each-ref --format=%(refname)%00%(upstream:short)%00%(objectname)%00%(upstream:track)%00%(upstream:remotename)%00%(upstream:remoteref) refs/heads/master refs/remotes/master [10ms]
2024-11-04 18:36:52.608 [info] > git rev-parse --show-toplevel [29ms]
2024-11-04 18:36:52.623 [info] > git for-each-ref --format=%(refname)%00%(upstream:short)%00%(objectname)%00%(upstream:track)%00%(upstream:remotename)%00%(upstream:remoteref) refs/heads/master refs/remotes/master [17ms]
2024-11-04 18:36:52.633 [info] > git for-each-ref --format=%(refname)%00%(upstream:short)%00%(objectname)%00%(upstream:track)%00%(upstream:remotename)%00%(upstream:remoteref) refs/heads/master refs/remotes/master [37ms]
2024-11-04 18:36:52.646 [info] > git for-each-ref --format=%(refname)%00%(upstream:short)%00%(objectname)%00%(upstream:track)%00%(upstream:remotename)%00%(upstream:remoteref) refs/heads/master refs/remotes/master [2ms]
2024-11-04 18:36:52.655 [info] > git config --local branch.master.vscode-merge-base [22ms]
2024-11-04 18:36:52.655 [warning] [Git][config] git config failed: Failed to execute git
2024-11-04 18:36:52.664 [info] > git rev-parse --show-toplevel [41ms]
2024-11-04 18:36:52.664 [info] > git config --get commit.template [48ms]
2024-11-04 18:36:52.674 [info] > git config --local branch.master.vscode-merge-base [19ms]
2024-11-04 18:36:52.674 [warning] [Git][config] git config failed: Failed to execute git
2024-11-04 18:36:52.690 [info] [Git][getRemotes] No remotes found in the git config file
2024-11-04 18:36:52.691 [info] > git rev-parse --show-toplevel [18ms]
2024-11-04 18:36:52.691 [info] > git reflog master --grep-reflog=branch: Created from *. [28ms]
2024-11-04 18:36:52.711 [info] > git for-each-ref --format=%(refname)%00%(upstream:short)%00%(objectname)%00%(upstream:track)%00%(upstream:remotename)%00%(upstream:remoteref) refs/heads/master refs/remotes/master [21ms]
2024-11-04 18:36:52.728 [info] > git reflog master --grep-reflog=branch: Created from *. [46ms]
2024-11-04 18:36:52.737 [info] > git for-each-ref --sort -committerdate --format %(refname) %(objectname) %(*objectname) [9ms]
2024-11-04 18:36:52.737 [info] > git rev-parse --show-toplevel [27ms]
2024-11-04 18:36:52.737 [info] > git symbolic-ref --short refs/remotes/origin/HEAD [36ms]
2024-11-04 18:36:52.737 [info] fatal: ref refs/remotes/origin/HEAD is not a symbolic ref
2024-11-04 18:36:52.737 [warning] [Repository][getDefaultBranch] Failed to get default branch details: Failed to execute git.
2024-11-04 18:36:52.747 [info] > git symbolic-ref --short refs/remotes/origin/HEAD [11ms]
2024-11-04 18:36:52.747 [info] fatal: ref refs/remotes/origin/HEAD is not a symbolic ref
2024-11-04 18:36:52.747 [warning] [Repository][getDefaultBranch] Failed to get default branch details: Failed to execute git.
2024-11-04 18:36:52.748 [info] > git rev-parse --show-toplevel [2ms]
2024-11-04 18:36:52.757 [info] > git rev-parse --show-toplevel [1ms]
2024-11-04 18:36:52.766 [info] > git rev-parse --show-toplevel [1ms]
2024-11-04 18:36:52.767 [info] [Model][doInitialScan] Initial repository scan completed - repositories (1), closed repositories (0), parent repositories (0), unsafe repositories (0)
2024-11-04 18:36:52.794 [info] > git status -z -uall [75ms]
2024-11-04 18:36:53.305 [info] > git rev-parse --show-toplevel [2ms]
2024-11-04 18:36:53.317 [info] > git rev-parse --git-dir --git-common-dir [1ms]
2024-11-04 18:36:53.329 [info] [Model][openRepository] Opened repository: /home/jvp/Desktop/projects/foundry-project/lib/forge-std
2024-11-04 18:36:53.350 [info] > git rev-parse --show-toplevel [3ms]
2024-11-04 18:36:53.350 [info] > git config --get commit.template [11ms]
2024-11-04 18:36:53.366 [info] > git rev-parse --git-dir --git-common-dir [9ms]
2024-11-04 18:36:53.379 [info] [Model][openRepository] Opened repository: /home/jvp/Desktop/projects/foundry-project/lib/chainlink-brownie-contracts
2024-11-04 18:36:53.391 [info] > git for-each-ref --format %(refname) %(objectname) %(*objectname) refs/tags [26ms]
2024-11-04 18:36:53.410 [info] > git status -z -uall [10ms]
2024-11-04 18:36:53.411 [info] > git config --get commit.template [23ms]
2024-11-04 18:36:53.412 [info] > git for-each-ref --sort -committerdate --format %(refname) %(objectname) %(*objectname) [4ms]
2024-11-04 18:36:53.433 [info] > git for-each-ref --format %(refname) %(objectname) %(*objectname) refs/tags [9ms]
2024-11-04 18:36:53.450 [info] > git config --get commit.template [18ms]
2024-11-04 18:36:53.477 [info] > git for-each-ref --format %(refname) %(objectname) %(*objectname) refs/tags [19ms]
2024-11-04 18:36:53.494 [info] > git for-each-ref --sort -committerdate --format %(refname) %(objectname) %(*objectname) [44ms]
2024-11-04 18:36:53.496 [info] > git status -z -uall [10ms]
2024-11-04 18:36:53.496 [info] > git for-each-ref --sort -committerdate --format %(refname) %(objectname) %(*objectname) [3ms]
2024-11-04 18:36:53.507 [info] > git status -z -uall [67ms]
2024-11-04 18:36:53.526 [info] > git config --get commit.template [8ms]
2024-11-04 18:36:53.528 [info] > git for-each-ref --format %(refname) %(objectname) %(*objectname) refs/tags [3ms]
2024-11-04 18:36:53.551 [info] > git for-each-ref --sort -committerdate --format %(refname) %(objectname) %(*objectname) [7ms]
2024-11-04 18:36:53.605 [info] > git status -z -uall [69ms]
2024-11-04 18:36:53.725 [info] > git fetch [396ms]
2024-11-04 18:36:53.742 [info] > git config --get commit.template [9ms]
2024-11-04 18:36:53.743 [info] > git for-each-ref --format %(refname) %(objectname) %(*objectname) refs/tags [2ms]
2024-11-04 18:36:53.762 [info] > git status -z -uall [11ms]
2024-11-04 18:36:53.763 [info] > git for-each-ref --sort -committerdate --format %(refname) %(objectname) %(*objectname) [2ms]
2024-11-04 18:36:53.794 [info] > git fetch [415ms]
2024-11-04 18:36:53.811 [info] > git config --get commit.template [8ms]
2024-11-04 18:36:53.813 [info] > git for-each-ref --format %(refname) %(objectname) %(*objectname) refs/tags [2ms]
2024-11-04 18:36:53.830 [info] > git for-each-ref --sort -committerdate --format %(refname) %(objectname) %(*objectname) [1ms]
2024-11-04 18:36:53.883 [info] > git status -z -uall [63ms]
2024-11-04 18:36:54.875 [info] > git config --get commit.template [12ms]
2024-11-04 18:36:54.876 [info] > git for-each-ref --format %(refname) %(objectname) %(*objectname) refs/tags [3ms]
2024-11-04 18:36:54.893 [info] > git status -z -uall [9ms]
2024-11-04 18:36:54.894 [info] > git for-each-ref --sort -committerdate --format %(refname) %(objectname) %(*objectname) [2ms]
