2024-11-01 09:26:56.212 [info] Reading sessions from keychain...
2024-11-01 09:26:56.212 [info] Getting sessions for all scopes...
2024-11-01 09:26:56.212 [info] Getting sessions for all scopes...
2024-11-01 09:26:56.212 [info] Got stored sessions!
2024-11-01 09:26:56.212 [info] Got 1 verified sessions.
2024-11-01 09:26:56.212 [info] Got 1 sessions for ...
2024-11-01 09:26:56.212 [info] Got 1 sessions for ...
2024-11-01 09:26:56.212 [info] Getting sessions for read:user,repo,user:email...
2024-11-01 09:26:56.212 [info] Got 0 sessions for read:user,repo,user:email...
2024-11-01 09:26:56.373 [info] Getting sessions for all scopes...
2024-11-01 09:26:56.374 [info] Got 1 sessions for ...
2024-11-01 09:26:56.852 [info] Getting sessions for read:user,repo,user:email,workflow...
2024-11-01 09:26:56.852 [info] Got 1 sessions for read:user,repo,user:email,workflow...
2024-11-01 09:27:19.205 [info] Reading sessions from keychain...
2024-11-01 09:27:19.205 [info] Getting sessions for all scopes...
2024-11-01 09:27:19.205 [info] Getting sessions for all scopes...
2024-11-01 09:27:19.205 [info] Got stored sessions!
2024-11-01 09:27:19.205 [info] Got 1 verified sessions.
2024-11-01 09:27:19.205 [info] Got 1 sessions for ...
2024-11-01 09:27:19.205 [info] Got 1 sessions for ...
2024-11-01 09:27:20.292 [info] Getting sessions for read:user,repo,user:email...
2024-11-01 09:27:20.292 [info] Got 0 sessions for read:user,repo,user:email...
2024-11-01 09:27:21.076 [info] Getting sessions for read:user,repo,user:email,workflow...
2024-11-01 09:27:21.076 [info] Got 1 sessions for read:user,repo,user:email,workflow...
2024-11-01 09:28:04.891 [info] Getting sessions for all scopes...
2024-11-01 09:28:04.891 [info] Got 1 sessions for ...
