2024-11-04 18:33:04.399 [info] Reading sessions from keychain...
2024-11-04 18:33:04.399 [info] Getting sessions for all scopes...
2024-11-04 18:33:04.399 [info] Getting sessions for all scopes...
2024-11-04 18:33:04.399 [info] Got stored sessions!
2024-11-04 18:33:04.399 [info] Got 1 verified sessions.
2024-11-04 18:33:04.399 [info] Got 1 sessions for ...
2024-11-04 18:33:04.399 [info] Got 1 sessions for ...
2024-11-04 18:33:04.399 [info] Getting sessions for read:user,repo,user:email...
2024-11-04 18:33:04.399 [info] Got 0 sessions for read:user,repo,user:email...
2024-11-04 18:33:05.641 [info] Getting sessions for read:user,repo,user:email,workflow...
2024-11-04 18:33:05.641 [info] Got 1 sessions for read:user,repo,user:email,workflow...
2024-11-04 18:34:36.228 [info] Getting sessions for all scopes...
2024-11-04 18:34:36.228 [info] Got 1 sessions for ...
2024-11-04 18:34:42.958 [info] Reading sessions from keychain...
2024-11-04 18:34:42.958 [info] Getting sessions for all scopes...
2024-11-04 18:34:42.958 [info] Getting sessions for all scopes...
2024-11-04 18:34:42.958 [info] Got stored sessions!
2024-11-04 18:34:42.958 [info] Got 1 verified sessions.
2024-11-04 18:34:42.958 [info] Got 1 sessions for ...
2024-11-04 18:34:42.958 [info] Got 1 sessions for ...
2024-11-04 18:34:43.993 [info] Getting sessions for read:user,repo,user:email...
2024-11-04 18:34:43.993 [info] Got 0 sessions for read:user,repo,user:email...
2024-11-04 18:34:44.892 [info] Getting sessions for read:user,repo,user:email,workflow...
2024-11-04 18:34:44.892 [info] Got 1 sessions for read:user,repo,user:email,workflow...
2024-11-04 18:34:44.974 [info] Getting sessions for read:user,repo,user:email,workflow...
2024-11-04 18:34:44.974 [info] Got 1 sessions for read:user,repo,user:email,workflow...
2024-11-04 18:34:56.323 [info] Reading sessions from keychain...
2024-11-04 18:34:56.323 [info] Getting sessions for all scopes...
2024-11-04 18:34:56.323 [info] Getting sessions for all scopes...
2024-11-04 18:34:56.323 [info] Got stored sessions!
2024-11-04 18:34:56.323 [info] Got 1 verified sessions.
2024-11-04 18:34:56.323 [info] Got 1 sessions for ...
2024-11-04 18:34:56.323 [info] Got 1 sessions for ...
2024-11-04 18:34:57.313 [info] Getting sessions for read:user,repo,user:email...
2024-11-04 18:34:57.313 [info] Got 0 sessions for read:user,repo,user:email...
2024-11-04 18:34:58.199 [info] Getting sessions for read:user,repo,user:email,workflow...
2024-11-04 18:34:58.199 [info] Got 1 sessions for read:user,repo,user:email,workflow...
2024-11-04 18:34:58.298 [info] Getting sessions for read:user,repo,user:email,workflow...
2024-11-04 18:34:58.298 [info] Got 1 sessions for read:user,repo,user:email,workflow...
2024-11-04 18:35:31.480 [info] Getting sessions for all scopes...
2024-11-04 18:35:31.480 [info] Got 1 sessions for ...
2024-11-04 18:36:22.070 [info] Getting sessions for all scopes...
2024-11-04 18:36:22.070 [info] Got 1 sessions for ...
