2024-11-03 14:13:10.845 [info] Reading sessions from keychain...
2024-11-03 14:13:10.845 [info] Getting sessions for all scopes...
2024-11-03 14:13:10.845 [info] Getting sessions for all scopes...
2024-11-03 14:13:10.845 [info] Got stored sessions!
2024-11-03 14:13:10.845 [info] Got 1 verified sessions.
2024-11-03 14:13:10.845 [info] Got 1 sessions for ...
2024-11-03 14:13:10.845 [info] Got 1 sessions for ...
2024-11-03 14:13:10.845 [info] Getting sessions for read:user,repo,user:email...
2024-11-03 14:13:10.845 [info] Got 0 sessions for read:user,repo,user:email...
2024-11-03 14:13:10.845 [info] Getting sessions for all scopes...
2024-11-03 14:13:10.845 [info] Got 1 sessions for ...
2024-11-03 14:13:10.866 [info] Getting sessions for read:user,repo,user:email,workflow...
2024-11-03 14:13:10.866 [info] Got 1 sessions for read:user,repo,user:email,workflow...
2024-11-03 14:14:12.193 [info] Reading sessions from keychain...
2024-11-03 14:14:12.193 [info] Getting sessions for all scopes...
2024-11-03 14:14:12.193 [info] Getting sessions for all scopes...
2024-11-03 14:14:12.193 [info] Got stored sessions!
2024-11-03 14:14:12.193 [info] Got 1 verified sessions.
2024-11-03 14:14:12.193 [info] Got 1 sessions for ...
2024-11-03 14:14:12.193 [info] Got 1 sessions for ...
2024-11-03 14:14:12.193 [info] Getting sessions for read:user,repo,user:email...
2024-11-03 14:14:12.193 [info] Got 0 sessions for read:user,repo,user:email...
2024-11-03 14:14:12.902 [info] Getting sessions for all scopes...
2024-11-03 14:14:12.902 [info] Got 1 sessions for ...
2024-11-03 14:14:12.946 [info] Getting sessions for all scopes...
2024-11-03 14:14:12.946 [info] Got 1 sessions for ...
2024-11-03 14:14:17.030 [info] Getting sessions for all scopes...
2024-11-03 14:14:17.030 [info] Got 1 sessions for ...
2024-11-03 14:14:30.594 [info] Getting sessions for read:user,repo,user:email,workflow...
2024-11-03 14:14:30.594 [info] Got 1 sessions for read:user,repo,user:email,workflow...
2024-11-03 14:25:42.633 [info] Getting sessions for read:user,repo,user:email,workflow...
2024-11-03 14:25:42.633 [info] Got 1 sessions for read:user,repo,user:email,workflow...
2024-11-03 14:30:04.545 [info] Getting sessions for all scopes...
2024-11-03 14:30:04.545 [info] Got 1 sessions for ...
