2024-10-31 15:16:24.281 [info] [main] Log level: Info
2024-10-31 15:16:24.281 [info] [main] Validating found git in: "git"
2024-10-31 15:16:24.281 [info] [main] Using git "2.47.0" from "git"
2024-10-31 15:16:24.281 [info] [Model][doInitialScan] Initial repository scan started
2024-10-31 15:16:24.281 [info] > git rev-parse --show-toplevel [13ms]
2024-10-31 15:16:24.281 [info] > git rev-parse --git-dir --git-common-dir [100ms]
2024-10-31 15:16:24.281 [info] [Model][openRepository] Opened repository: /home/jvp/Desktop/projects/Medit
2024-10-31 15:16:24.351 [info] > git rev-parse --show-toplevel [46ms]
2024-10-31 15:16:24.352 [info] > git config --get commit.template [61ms]
2024-10-31 15:16:24.378 [info] > git rev-parse --show-toplevel [12ms]
2024-10-31 15:16:24.379 [info] [Model][doInitialScan] Initial repository scan completed - repositories (1), closed repositories (0), parent repositories (0), unsafe repositories (0)
2024-10-31 15:16:24.395 [info] > git for-each-ref --format=%(refname)%00%(upstream:short)%00%(objectname)%00%(upstream:track)%00%(upstream:remotename)%00%(upstream:remoteref) refs/heads/main refs/remotes/main [18ms]
2024-10-31 15:16:24.472 [info] > git status -z -uall [22ms]
2024-10-31 15:16:24.472 [info] > git for-each-ref --sort -committerdate --format %(refname) %(objectname) %(*objectname) [12ms]
2024-10-31 15:16:24.500 [info] > git for-each-ref --format=%(refname)%00%(upstream:short)%00%(objectname)%00%(upstream:track)%00%(upstream:remotename)%00%(upstream:remoteref) refs/heads/main refs/remotes/main [13ms]
2024-10-31 15:16:24.513 [info] > git config --local branch.main.vscode-merge-base [3ms]
2024-10-31 15:16:24.524 [info] > git config --get commit.template [24ms]
2024-10-31 15:16:24.526 [info] > git for-each-ref --format=%(refname)%00%(upstream:short)%00%(objectname)%00%(upstream:track)%00%(upstream:remotename)%00%(upstream:remoteref) refs/heads/origin/main refs/remotes/origin/main [3ms]
2024-10-31 15:16:24.550 [info] > git merge-base refs/heads/main refs/remotes/origin/main [15ms]
2024-10-31 15:16:24.563 [info] > git for-each-ref --format=%(refname)%00%(upstream:short)%00%(objectname)%00%(upstream:track)%00%(upstream:remotename)%00%(upstream:remoteref) refs/heads/main refs/remotes/main [16ms]
2024-10-31 15:16:24.565 [info] > git diff --name-status -z --diff-filter=ADMR 30f329882ce7fd02e9fefb41b17a2d48b2fc1c50...refs/remotes/origin/main [4ms]
2024-10-31 15:16:24.604 [info] > git show --textconv :my-meditation-app/app/profile/page.tsx [10ms]
2024-10-31 15:16:24.625 [info] > git ls-files --stage -- /home/jvp/Desktop/projects/Medit/my-meditation-app/app/profile/page.tsx [22ms]
2024-10-31 15:16:24.634 [info] > git status -z -uall [19ms]
2024-10-31 15:16:24.634 [info] > git for-each-ref --sort -committerdate --format %(refname) %(objectname) %(*objectname) [10ms]
2024-10-31 15:16:24.637 [info] > git cat-file -s 7eddd5b944fa8af2690379def4d88cabd4ed5044 [4ms]
2024-10-31 15:16:24.648 [info] > git fetch [377ms]
2024-10-31 15:16:24.672 [info] > git config --get commit.template [15ms]
2024-10-31 15:16:24.683 [info] > git for-each-ref --format=%(refname)%00%(upstream:short)%00%(objectname)%00%(upstream:track)%00%(upstream:remotename)%00%(upstream:remoteref) refs/heads/main refs/remotes/main [2ms]
2024-10-31 15:16:24.705 [info] > git status -z -uall [11ms]
2024-10-31 15:16:24.706 [info] > git for-each-ref --sort -committerdate --format %(refname) %(objectname) %(*objectname) [1ms]
2024-10-31 15:16:24.867 [info] > git check-ignore -v -z --stdin [1ms]
2024-10-31 15:16:25.798 [info] > git config --get commit.template [12ms]
2024-10-31 15:16:25.799 [info] > git for-each-ref --format=%(refname)%00%(upstream:short)%00%(objectname)%00%(upstream:track)%00%(upstream:remotename)%00%(upstream:remoteref) refs/heads/main refs/remotes/main [1ms]
2024-10-31 15:16:25.826 [info] > git status -z -uall [13ms]
2024-10-31 15:16:25.827 [info] > git for-each-ref --sort -committerdate --format %(refname) %(objectname) %(*objectname) [2ms]
2024-10-31 15:16:25.884 [info] > git ls-files --stage -- /home/jvp/Desktop/projects/Medit/my-meditation-app/app/profile/page.tsx [1ms]
2024-10-31 15:16:25.898 [info] > git cat-file -s 7eddd5b944fa8af2690379def4d88cabd4ed5044 [1ms]
2024-10-31 15:16:25.912 [info] > git show --textconv :my-meditation-app/app/profile/page.tsx [2ms]
2024-10-31 15:16:28.326 [info] > git log --format=%H%n%aN%n%aE%n%at%n%ct%n%P%n%D%n%B -z --shortstat --diff-merges=first-parent -n50 --skip=0 --topo-order --decorate=full --stdin [30ms]
2024-10-31 15:16:30.857 [info] > git config --get commit.template [14ms]
2024-10-31 15:16:30.858 [info] > git for-each-ref --format=%(refname)%00%(upstream:short)%00%(objectname)%00%(upstream:track)%00%(upstream:remotename)%00%(upstream:remoteref) refs/heads/main refs/remotes/main [2ms]
2024-10-31 15:16:30.882 [info] > git status -z -uall [13ms]
2024-10-31 15:16:30.883 [info] > git for-each-ref --sort -committerdate --format %(refname) %(objectname) %(*objectname) [2ms]
2024-10-31 15:16:32.199 [info] > git log --format=%H%n%aN%n%aE%n%at%n%ct%n%P%n%D%n%B -z --shortstat --diff-merges=first-parent -n50 --skip=0 --topo-order --decorate=full --stdin [28ms]
2024-10-31 15:16:32.825 [info] > git add -u -- . [2ms]
2024-10-31 15:16:33.253 [info] > git show --textconv :.git/COMMIT_EDITMSG [13ms]
2024-10-31 15:16:33.254 [info] > git ls-files --stage -- /home/jvp/Desktop/projects/Medit/.git/COMMIT_EDITMSG [1ms]
2024-10-31 15:16:33.564 [info] > git check-ignore -v -z --stdin [1ms]
2024-10-31 15:16:34.018 [info] > git ls-files --stage -- /home/jvp/Desktop/projects/Medit/.git/COMMIT_EDITMSG [3ms]
2024-10-31 15:16:34.032 [info] > git show --textconv :.git/COMMIT_EDITMSG [1ms]
2024-10-31 15:16:37.498 [info] > git -c user.useConfigOnly=true commit --quiet [4659ms]
2024-10-31 15:16:37.516 [info] > git config --get commit.template [9ms]
2024-10-31 15:16:37.517 [info] > git for-each-ref --format=%(refname)%00%(upstream:short)%00%(objectname)%00%(upstream:track)%00%(upstream:remotename)%00%(upstream:remoteref) refs/heads/main refs/remotes/main [2ms]
2024-10-31 15:16:37.535 [info] > git status -z -uall [9ms]
2024-10-31 15:16:37.536 [info] > git for-each-ref --sort -committerdate --format %(refname) %(objectname) %(*objectname) [1ms]
2024-10-31 15:16:37.549 [info] > git merge-base refs/heads/main refs/remotes/origin/main [2ms]
2024-10-31 15:16:37.560 [info] > git diff --name-status -z --diff-filter=ADMR 30f329882ce7fd02e9fefb41b17a2d48b2fc1c50...refs/remotes/origin/main [2ms]
2024-10-31 15:16:37.603 [info] > git config --get commit.template [8ms]
2024-10-31 15:16:37.604 [info] > git for-each-ref --format=%(refname)%00%(upstream:short)%00%(objectname)%00%(upstream:track)%00%(upstream:remotename)%00%(upstream:remoteref) refs/heads/main refs/remotes/main [2ms]
2024-10-31 15:16:37.622 [info] > git status -z -uall [10ms]
2024-10-31 15:16:37.622 [info] > git log --format=%H%n%aN%n%aE%n%at%n%ct%n%P%n%D%n%B -z --shortstat --diff-merges=first-parent -n50 --skip=0 --topo-order --decorate=full --stdin [37ms]
2024-10-31 15:16:37.623 [info] > git for-each-ref --sort -committerdate --format %(refname) %(objectname) %(*objectname) [2ms]
2024-10-31 15:16:38.652 [info] > git config --get commit.template [10ms]
2024-10-31 15:16:38.653 [info] > git for-each-ref --format=%(refname)%00%(upstream:short)%00%(objectname)%00%(upstream:track)%00%(upstream:remotename)%00%(upstream:remoteref) refs/heads/main refs/remotes/main [2ms]
2024-10-31 15:16:38.672 [info] > git status -z -uall [11ms]
2024-10-31 15:16:38.673 [info] > git for-each-ref --sort -committerdate --format %(refname) %(objectname) %(*objectname) [2ms]
2024-10-31 15:16:39.667 [info] > git log --oneline --cherry main...main@{upstream} -- [1ms]
2024-10-31 15:16:40.071 [info] > git pull --tags origin main [393ms]
2024-10-31 15:16:40.071 [info] From https://github.com/Khetreiqcer/Medit
 * branch            main       -> FETCH_HEAD
2024-10-31 15:16:41.076 [info] > git push origin main:main [991ms]
2024-10-31 15:16:41.076 [info] To https://github.com/Khetreiqcer/Medit.git
   30f3298..ecc9d33  main -> main
2024-10-31 15:16:41.099 [info] > git config --get commit.template [11ms]
2024-10-31 15:16:41.100 [info] > git for-each-ref --format=%(refname)%00%(upstream:short)%00%(objectname)%00%(upstream:track)%00%(upstream:remotename)%00%(upstream:remoteref) refs/heads/main refs/remotes/main [2ms]
2024-10-31 15:16:41.118 [info] > git status -z -uall [9ms]
2024-10-31 15:16:41.119 [info] > git for-each-ref --sort -committerdate --format %(refname) %(objectname) %(*objectname) [1ms]
2024-10-31 15:16:41.131 [info] > git merge-base refs/heads/main refs/remotes/origin/main [2ms]
2024-10-31 15:16:41.141 [info] > git diff --name-status -z --diff-filter=ADMR ecc9d338316b34f504041098c8eb48aabb51edb4...refs/remotes/origin/main [2ms]
2024-10-31 15:16:41.178 [info] > git log --format=%H%n%aN%n%aE%n%at%n%ct%n%P%n%D%n%B -z --shortstat --diff-merges=first-parent -n50 --skip=0 --topo-order --decorate=full --stdin [28ms]
2024-10-31 15:16:43.701 [info] > git config --get commit.template [12ms]
2024-10-31 15:16:43.702 [info] > git for-each-ref --format=%(refname)%00%(upstream:short)%00%(objectname)%00%(upstream:track)%00%(upstream:remotename)%00%(upstream:remoteref) refs/heads/main refs/remotes/main [1ms]
2024-10-31 15:16:43.727 [info] > git status -z -uall [14ms]
2024-10-31 15:16:43.728 [info] > git for-each-ref --sort -committerdate --format %(refname) %(objectname) %(*objectname) [2ms]
2024-10-31 15:17:37.331 [info] > git check-ignore -v -z --stdin [1ms]
2024-10-31 15:17:37.575 [info] > git show --textconv :my-meditation-app/app/contato/page.tsx [13ms]
2024-10-31 15:17:37.576 [info] > git ls-files --stage -- /home/jvp/Desktop/projects/Medit/my-meditation-app/app/contato/page.tsx [1ms]
2024-10-31 15:17:37.589 [info] > git cat-file -s b0a08b79e4a40e2c479fffdf1d6c22ed745123d2 [1ms]
2024-10-31 15:17:39.577 [info] > git show --textconv :my-meditation-app/app/login/page.tsx [14ms]
2024-10-31 15:17:39.578 [info] > git ls-files --stage -- /home/jvp/Desktop/projects/Medit/my-meditation-app/app/login/page.tsx [2ms]
2024-10-31 15:17:39.588 [info] > git cat-file -s fdada4d7d2432d9d985cdd9bc30701205b7b8414 [1ms]
2024-10-31 15:17:45.838 [info] > git check-ignore -v -z --stdin [2ms]
2024-10-31 15:17:45.886 [info] > git show --textconv :my-meditation-app/app/register/page.tsx [11ms]
2024-10-31 15:17:45.886 [info] > git ls-files --stage -- /home/jvp/Desktop/projects/Medit/my-meditation-app/app/register/page.tsx [1ms]
2024-10-31 15:17:45.896 [info] > git cat-file -s 1af3e0b59239c071ef0ae414b55a8a64c46d6697 [1ms]
2024-10-31 15:17:46.384 [info] > git config --get commit.template [12ms]
2024-10-31 15:17:46.385 [info] > git for-each-ref --format=%(refname)%00%(upstream:short)%00%(objectname)%00%(upstream:track)%00%(upstream:remotename)%00%(upstream:remoteref) refs/heads/main refs/remotes/main [2ms]
2024-10-31 15:17:46.409 [info] > git status -z -uall [13ms]
2024-10-31 15:17:46.410 [info] > git for-each-ref --sort -committerdate --format %(refname) %(objectname) %(*objectname) [2ms]
2024-10-31 15:17:47.817 [info] > git check-ignore -v -z --stdin [1ms]
2024-10-31 15:17:48.222 [info] > git show --textconv :my-meditation-app/app/signup/page.tsx [15ms]
2024-10-31 15:17:48.222 [info] > git ls-files --stage -- /home/jvp/Desktop/projects/Medit/my-meditation-app/app/signup/page.tsx [3ms]
2024-10-31 15:17:48.233 [info] > git cat-file -s aa7214014ded3cfb13799fec983dec22c297efdb [2ms]
2024-10-31 15:17:52.200 [info] > git check-ignore -v -z --stdin [1ms]
2024-10-31 15:17:52.358 [info] > git show --textconv :my-meditation-app/app/sobre/page.tsx [14ms]
2024-10-31 15:17:52.359 [info] > git ls-files --stage -- /home/jvp/Desktop/projects/Medit/my-meditation-app/app/sobre/page.tsx [1ms]
2024-10-31 15:17:52.376 [info] > git cat-file -s 19e754b415b438dc276e8c1c9ed2bd8c04339503 [2ms]
2024-10-31 15:17:52.739 [info] > git config --get commit.template [14ms]
2024-10-31 15:17:52.740 [info] > git for-each-ref --format=%(refname)%00%(upstream:short)%00%(objectname)%00%(upstream:track)%00%(upstream:remotename)%00%(upstream:remoteref) refs/heads/main refs/remotes/main [2ms]
2024-10-31 15:17:52.765 [info] > git status -z -uall [13ms]
2024-10-31 15:17:52.767 [info] > git for-each-ref --sort -committerdate --format %(refname) %(objectname) %(*objectname) [3ms]
2024-10-31 15:17:54.734 [info] > git log --format=%H%n%aN%n%aE%n%at%n%ct%n%P%n%D%n%B -z --shortstat --diff-merges=first-parent -n50 --skip=0 --topo-order --decorate=full --stdin [28ms]
2024-10-31 15:17:55.348 [info] > git add -u -- . [4ms]
2024-10-31 15:17:55.742 [info] > git show --textconv :.git/COMMIT_EDITMSG [10ms]
2024-10-31 15:17:55.742 [info] > git ls-files --stage -- /home/jvp/Desktop/projects/Medit/.git/COMMIT_EDITMSG [1ms]
2024-10-31 15:17:56.544 [info] > git ls-files --stage -- /home/jvp/Desktop/projects/Medit/.git/COMMIT_EDITMSG [1ms]
2024-10-31 15:17:56.560 [info] > git show --textconv :.git/COMMIT_EDITMSG [1ms]
2024-10-31 15:17:59.659 [info] > git -c user.useConfigOnly=true commit --quiet [4300ms]
2024-10-31 15:17:59.670 [info] > git config --get commit.template [2ms]
2024-10-31 15:17:59.679 [info] > git for-each-ref --format=%(refname)%00%(upstream:short)%00%(objectname)%00%(upstream:track)%00%(upstream:remotename)%00%(upstream:remoteref) refs/heads/main refs/remotes/main [1ms]
2024-10-31 15:17:59.701 [info] > git status -z -uall [13ms]
2024-10-31 15:17:59.702 [info] > git for-each-ref --sort -committerdate --format %(refname) %(objectname) %(*objectname) [2ms]
2024-10-31 15:17:59.714 [info] > git merge-base refs/heads/main refs/remotes/origin/main [2ms]
2024-10-31 15:17:59.725 [info] > git diff --name-status -z --diff-filter=ADMR ecc9d338316b34f504041098c8eb48aabb51edb4...refs/remotes/origin/main [1ms]
2024-10-31 15:17:59.772 [info] > git config --get commit.template [10ms]
2024-10-31 15:17:59.773 [info] > git for-each-ref --format=%(refname)%00%(upstream:short)%00%(objectname)%00%(upstream:track)%00%(upstream:remotename)%00%(upstream:remoteref) refs/heads/main refs/remotes/main [1ms]
2024-10-31 15:17:59.794 [info] > git status -z -uall [11ms]
2024-10-31 15:17:59.794 [info] > git log --format=%H%n%aN%n%aE%n%at%n%ct%n%P%n%D%n%B -z --shortstat --diff-merges=first-parent -n50 --skip=0 --topo-order --decorate=full --stdin [44ms]
2024-10-31 15:17:59.795 [info] > git for-each-ref --sort -committerdate --format %(refname) %(objectname) %(*objectname) [2ms]
2024-10-31 15:17:59.886 [info] > git show --textconv :my-meditation-app/app/sobre/page.tsx [10ms]
2024-10-31 15:17:59.888 [info] > git ls-files --stage -- /home/jvp/Desktop/projects/Medit/my-meditation-app/app/sobre/page.tsx [2ms]
2024-10-31 15:17:59.898 [info] > git cat-file -s 19e754b415b438dc276e8c1c9ed2bd8c04339503 [1ms]
2024-10-31 15:18:00.841 [info] > git ls-files --stage -- /home/jvp/Desktop/projects/Medit/my-meditation-app/app/sobre/page.tsx [3ms]
2024-10-31 15:18:00.854 [info] > git cat-file -s 19e754b415b438dc276e8c1c9ed2bd8c04339503 [1ms]
2024-10-31 15:18:00.868 [info] > git show --textconv :my-meditation-app/app/sobre/page.tsx [1ms]
2024-10-31 15:18:01.292 [info] > git log --oneline --cherry main...main@{upstream} -- [2ms]
2024-10-31 15:18:01.720 [info] > git pull --tags origin main [414ms]
2024-10-31 15:18:01.720 [info] From https://github.com/Khetreiqcer/Medit
 * branch            main       -> FETCH_HEAD
2024-10-31 15:18:02.738 [info] > git push origin main:main [1007ms]
2024-10-31 15:18:02.738 [info] To https://github.com/Khetreiqcer/Medit.git
   ecc9d33..7b4c8b4  main -> main
2024-10-31 15:18:02.761 [info] > git config --get commit.template [10ms]
2024-10-31 15:18:02.762 [info] > git for-each-ref --format=%(refname)%00%(upstream:short)%00%(objectname)%00%(upstream:track)%00%(upstream:remotename)%00%(upstream:remoteref) refs/heads/main refs/remotes/main [1ms]
2024-10-31 15:18:02.786 [info] > git status -z -uall [12ms]
2024-10-31 15:18:02.787 [info] > git for-each-ref --sort -committerdate --format %(refname) %(objectname) %(*objectname) [2ms]
2024-10-31 15:18:02.801 [info] > git merge-base refs/heads/main refs/remotes/origin/main [2ms]
2024-10-31 15:18:02.812 [info] > git diff --name-status -z --diff-filter=ADMR 7b4c8b40fd5da733e219c134c6232b977403cf65...refs/remotes/origin/main [1ms]
2024-10-31 15:18:02.855 [info] > git log --format=%H%n%aN%n%aE%n%at%n%ct%n%P%n%D%n%B -z --shortstat --diff-merges=first-parent -n50 --skip=0 --topo-order --decorate=full --stdin [30ms]
2024-10-31 15:18:03.854 [info] > git config --get commit.template [14ms]
2024-10-31 15:18:03.854 [info] > git for-each-ref --format=%(refname)%00%(upstream:short)%00%(objectname)%00%(upstream:track)%00%(upstream:remotename)%00%(upstream:remoteref) refs/heads/main refs/remotes/main [1ms]
2024-10-31 15:18:03.880 [info] > git status -z -uall [14ms]
2024-10-31 15:18:03.880 [info] > git for-each-ref --sort -committerdate --format %(refname) %(objectname) %(*objectname) [2ms]
2024-10-31 15:18:03.940 [info] > git ls-files --stage -- /home/jvp/Desktop/projects/Medit/my-meditation-app/app/sobre/page.tsx [1ms]
2024-10-31 15:18:03.953 [info] > git cat-file -s 19e754b415b438dc276e8c1c9ed2bd8c04339503 [1ms]
2024-10-31 15:18:03.969 [info] > git show --textconv :my-meditation-app/app/sobre/page.tsx [1ms]
2024-10-31 15:19:41.890 [info] > git fetch [708ms]
2024-10-31 15:19:41.911 [info] > git config --get commit.template [11ms]
2024-10-31 15:19:41.912 [info] > git for-each-ref --format=%(refname)%00%(upstream:short)%00%(objectname)%00%(upstream:track)%00%(upstream:remotename)%00%(upstream:remoteref) refs/heads/main refs/remotes/main [1ms]
2024-10-31 15:19:41.933 [info] > git status -z -uall [10ms]
2024-10-31 15:19:41.933 [info] > git for-each-ref --sort -committerdate --format %(refname) %(objectname) %(*objectname) [1ms]
2024-10-31 15:19:53.776 [info] > git config --get commit.template [12ms]
2024-10-31 15:19:53.786 [info] > git ls-files --stage -- /home/jvp/Desktop/projects/Medit/my-meditation-app/app/sobre/page.tsx [11ms]
2024-10-31 15:19:53.797 [info] > git for-each-ref --format=%(refname)%00%(upstream:short)%00%(objectname)%00%(upstream:track)%00%(upstream:remotename)%00%(upstream:remoteref) refs/heads/main refs/remotes/main [11ms]
2024-10-31 15:19:53.820 [info] > git status -z -uall [11ms]
2024-10-31 15:19:53.820 [info] > git cat-file -s 19e754b415b438dc276e8c1c9ed2bd8c04339503 [24ms]
2024-10-31 15:19:53.821 [info] > git for-each-ref --sort -committerdate --format %(refname) %(objectname) %(*objectname) [2ms]
2024-10-31 15:19:53.835 [info] > git show --textconv :my-meditation-app/app/sobre/page.tsx [1ms]
2024-10-31 15:21:07.139 [info] > git check-ignore -v -z --stdin [2ms]
2024-10-31 15:21:36.613 [info] > git config --get commit.template [12ms]
2024-10-31 15:21:36.614 [info] > git for-each-ref --format=%(refname)%00%(upstream:short)%00%(objectname)%00%(upstream:track)%00%(upstream:remotename)%00%(upstream:remoteref) refs/heads/main refs/remotes/main [1ms]
2024-10-31 15:21:36.639 [info] > git status -z -uall [15ms]
2024-10-31 15:21:36.640 [info] > git for-each-ref --sort -committerdate --format %(refname) %(objectname) %(*objectname) [3ms]
2024-10-31 15:21:39.738 [info] > git show --textconv :my-meditation-app/app/signup/page.tsx [13ms]
2024-10-31 15:21:39.739 [info] > git ls-files --stage -- /home/jvp/Desktop/projects/Medit/my-meditation-app/app/signup/page.tsx [1ms]
2024-10-31 15:21:39.762 [info] > git cat-file -s 21be3307bae2d04ce9c0945a1afec60d4f7ca788 [11ms]
2024-10-31 15:21:41.660 [info] > git config --get commit.template [2ms]
2024-10-31 15:21:41.672 [info] > git for-each-ref --format=%(refname)%00%(upstream:short)%00%(objectname)%00%(upstream:track)%00%(upstream:remotename)%00%(upstream:remoteref) refs/heads/main refs/remotes/main [1ms]
2024-10-31 15:21:41.691 [info] > git status -z -uall [9ms]
2024-10-31 15:21:41.692 [info] > git for-each-ref --sort -committerdate --format %(refname) %(objectname) %(*objectname) [1ms]
2024-10-31 15:21:51.336 [info] > git config --get commit.template [12ms]
2024-10-31 15:21:51.337 [info] > git for-each-ref --format=%(refname)%00%(upstream:short)%00%(objectname)%00%(upstream:track)%00%(upstream:remotename)%00%(upstream:remoteref) refs/heads/main refs/remotes/main [1ms]
2024-10-31 15:21:51.360 [info] > git status -z -uall [13ms]
2024-10-31 15:21:51.361 [info] > git for-each-ref --sort -committerdate --format %(refname) %(objectname) %(*objectname) [2ms]
2024-10-31 15:21:53.400 [info] > git show --textconv :my-meditation-app/app/register/page.tsx [10ms]
2024-10-31 15:21:53.400 [info] > git ls-files --stage -- /home/jvp/Desktop/projects/Medit/my-meditation-app/app/register/page.tsx [1ms]
2024-10-31 15:21:53.411 [info] > git cat-file -s 1af3e0b59239c071ef0ae414b55a8a64c46d6697 [1ms]
2024-10-31 15:21:56.388 [info] > git config --get commit.template [12ms]
2024-10-31 15:21:56.389 [info] > git for-each-ref --format=%(refname)%00%(upstream:short)%00%(objectname)%00%(upstream:track)%00%(upstream:remotename)%00%(upstream:remoteref) refs/heads/main refs/remotes/main [2ms]
2024-10-31 15:21:56.406 [info] > git status -z -uall [9ms]
2024-10-31 15:21:56.407 [info] > git for-each-ref --sort -committerdate --format %(refname) %(objectname) %(*objectname) [1ms]
2024-10-31 15:22:08.712 [info] > git config --get commit.template [13ms]
2024-10-31 15:22:08.712 [info] > git for-each-ref --format=%(refname)%00%(upstream:short)%00%(objectname)%00%(upstream:track)%00%(upstream:remotename)%00%(upstream:remoteref) refs/heads/main refs/remotes/main [1ms]
2024-10-31 15:22:08.739 [info] > git status -z -uall [15ms]
2024-10-31 15:22:08.740 [info] > git for-each-ref --sort -committerdate --format %(refname) %(objectname) %(*objectname) [2ms]
2024-10-31 15:22:24.636 [info] > git show --textconv :my-meditation-app/app/login/page.tsx [15ms]
2024-10-31 15:22:24.637 [info] > git ls-files --stage -- /home/jvp/Desktop/projects/Medit/my-meditation-app/app/login/page.tsx [2ms]
2024-10-31 15:22:24.661 [info] > git cat-file -s daaf8cab20b84825c0a49a9f300e9e4d6cb60039 [11ms]
2024-10-31 15:22:31.772 [info] > git config --get commit.template [13ms]
2024-10-31 15:22:31.773 [info] > git for-each-ref --format=%(refname)%00%(upstream:short)%00%(objectname)%00%(upstream:track)%00%(upstream:remotename)%00%(upstream:remoteref) refs/heads/main refs/remotes/main [1ms]
2024-10-31 15:22:31.800 [info] > git status -z -uall [14ms]
2024-10-31 15:22:31.801 [info] > git for-each-ref --sort -committerdate --format %(refname) %(objectname) %(*objectname) [2ms]
2024-10-31 15:22:53.692 [info] > git config --get commit.template [10ms]
2024-10-31 15:22:53.693 [info] > git for-each-ref --format=%(refname)%00%(upstream:short)%00%(objectname)%00%(upstream:track)%00%(upstream:remotename)%00%(upstream:remoteref) refs/heads/main refs/remotes/main [2ms]
2024-10-31 15:22:53.713 [info] > git status -z -uall [11ms]
2024-10-31 15:22:53.713 [info] > git for-each-ref --sort -committerdate --format %(refname) %(objectname) %(*objectname) [1ms]
2024-10-31 15:22:54.381 [info] > git fetch [710ms]
2024-10-31 15:22:54.400 [info] > git config --get commit.template [9ms]
2024-10-31 15:22:54.401 [info] > git for-each-ref --format=%(refname)%00%(upstream:short)%00%(objectname)%00%(upstream:track)%00%(upstream:remotename)%00%(upstream:remoteref) refs/heads/main refs/remotes/main [1ms]
2024-10-31 15:22:54.419 [info] > git status -z -uall [9ms]
2024-10-31 15:22:54.420 [info] > git for-each-ref --sort -committerdate --format %(refname) %(objectname) %(*objectname) [1ms]
2024-10-31 15:22:55.567 [info] > git ls-files --stage -- /home/jvp/Desktop/projects/Medit/my-meditation-app/app/login/page.tsx [1ms]
2024-10-31 15:22:55.582 [info] > git cat-file -s daaf8cab20b84825c0a49a9f300e9e4d6cb60039 [2ms]
2024-10-31 15:22:55.595 [info] > git show --textconv :my-meditation-app/app/login/page.tsx [1ms]
2024-10-31 15:22:55.617 [info] > git check-ignore -v -z --stdin [1ms]
2024-10-31 15:22:57.438 [info] > git show --textconv :my-meditation-app/components/TestimonialCarousel.tsx [9ms]
2024-10-31 15:22:57.439 [info] > git ls-files --stage -- /home/jvp/Desktop/projects/Medit/my-meditation-app/components/TestimonialCarousel.tsx [1ms]
2024-10-31 15:22:57.449 [info] > git cat-file -s 1de1a8ffa18d919689dd65205083ae87a81ed4f9 [1ms]
2024-10-31 15:22:58.743 [info] > git config --get commit.template [13ms]
2024-10-31 15:22:58.745 [info] > git for-each-ref --format=%(refname)%00%(upstream:short)%00%(objectname)%00%(upstream:track)%00%(upstream:remotename)%00%(upstream:remoteref) refs/heads/main refs/remotes/main [2ms]
2024-10-31 15:22:58.764 [info] > git status -z -uall [10ms]
2024-10-31 15:22:58.765 [info] > git for-each-ref --sort -committerdate --format %(refname) %(objectname) %(*objectname) [2ms]
2024-10-31 15:23:05.426 [info] > git config --get commit.template [14ms]
2024-10-31 15:23:05.427 [info] > git for-each-ref --format=%(refname)%00%(upstream:short)%00%(objectname)%00%(upstream:track)%00%(upstream:remotename)%00%(upstream:remoteref) refs/heads/main refs/remotes/main [2ms]
2024-10-31 15:23:05.444 [info] > git status -z -uall [8ms]
2024-10-31 15:23:05.445 [info] > git for-each-ref --sort -committerdate --format %(refname) %(objectname) %(*objectname) [1ms]
2024-10-31 15:23:11.954 [info] > git config --get commit.template [15ms]
2024-10-31 15:23:11.955 [info] > git for-each-ref --format=%(refname)%00%(upstream:short)%00%(objectname)%00%(upstream:track)%00%(upstream:remotename)%00%(upstream:remoteref) refs/heads/main refs/remotes/main [2ms]
2024-10-31 15:23:11.981 [info] > git status -z -uall [14ms]
2024-10-31 15:23:11.982 [info] > git for-each-ref --sort -committerdate --format %(refname) %(objectname) %(*objectname) [2ms]
2024-10-31 15:23:17.010 [info] > git config --get commit.template [13ms]
2024-10-31 15:23:17.011 [info] > git for-each-ref --format=%(refname)%00%(upstream:short)%00%(objectname)%00%(upstream:track)%00%(upstream:remotename)%00%(upstream:remoteref) refs/heads/main refs/remotes/main [2ms]
2024-10-31 15:23:17.034 [info] > git status -z -uall [12ms]
2024-10-31 15:23:17.035 [info] > git for-each-ref --sort -committerdate --format %(refname) %(objectname) %(*objectname) [1ms]
2024-10-31 15:23:22.067 [info] > git config --get commit.template [15ms]
2024-10-31 15:23:22.067 [info] > git for-each-ref --format=%(refname)%00%(upstream:short)%00%(objectname)%00%(upstream:track)%00%(upstream:remotename)%00%(upstream:remoteref) refs/heads/main refs/remotes/main [1ms]
2024-10-31 15:23:22.092 [info] > git status -z -uall [12ms]
2024-10-31 15:23:22.092 [info] > git for-each-ref --sort -committerdate --format %(refname) %(objectname) %(*objectname) [1ms]
2024-10-31 15:23:32.536 [info] > git show --textconv :my-meditation-app/app/page.tsx [10ms]
2024-10-31 15:23:32.536 [info] > git ls-files --stage -- /home/jvp/Desktop/projects/Medit/my-meditation-app/app/page.tsx [1ms]
2024-10-31 15:23:32.548 [info] > git cat-file -s f1bceef9bff2bafada451e395855d0e0c6a79411 [2ms]
2024-10-31 15:23:56.065 [info] > git show --textconv :my-meditation-app/app/meditar/page.tsx [11ms]
2024-10-31 15:23:56.066 [info] > git ls-files --stage -- /home/jvp/Desktop/projects/Medit/my-meditation-app/app/meditar/page.tsx [1ms]
2024-10-31 15:23:56.076 [info] > git cat-file -s f61301281ccf3685e529aa6ca61cdc8bd351fb6a [1ms]
2024-10-31 15:24:26.876 [info] > git config --get commit.template [16ms]
2024-10-31 15:24:26.876 [info] > git for-each-ref --format=%(refname)%00%(upstream:short)%00%(objectname)%00%(upstream:track)%00%(upstream:remotename)%00%(upstream:remoteref) refs/heads/main refs/remotes/main [1ms]
2024-10-31 15:24:26.904 [info] > git status -z -uall [14ms]
2024-10-31 15:24:26.905 [info] > git for-each-ref --sort -committerdate --format %(refname) %(objectname) %(*objectname) [2ms]
2024-10-31 15:24:31.938 [info] > git config --get commit.template [13ms]
2024-10-31 15:24:31.938 [info] > git for-each-ref --format=%(refname)%00%(upstream:short)%00%(objectname)%00%(upstream:track)%00%(upstream:remotename)%00%(upstream:remoteref) refs/heads/main refs/remotes/main [2ms]
2024-10-31 15:24:31.955 [info] > git status -z -uall [7ms]
2024-10-31 15:24:31.956 [info] > git for-each-ref --sort -committerdate --format %(refname) %(objectname) %(*objectname) [2ms]
2024-10-31 15:24:37.406 [info] > git show --textconv :my-meditation-app/app/page.tsx [11ms]
2024-10-31 15:24:37.406 [info] > git ls-files --stage -- /home/jvp/Desktop/projects/Medit/my-meditation-app/app/page.tsx [1ms]
2024-10-31 15:24:37.419 [info] > git cat-file -s f1bceef9bff2bafada451e395855d0e0c6a79411 [3ms]
2024-10-31 15:24:55.503 [info] > git config --get commit.template [15ms]
2024-10-31 15:24:55.503 [info] > git for-each-ref --format=%(refname)%00%(upstream:short)%00%(objectname)%00%(upstream:track)%00%(upstream:remotename)%00%(upstream:remoteref) refs/heads/main refs/remotes/main [1ms]
2024-10-31 15:24:55.531 [info] > git status -z -uall [14ms]
2024-10-31 15:24:55.532 [info] > git for-each-ref --sort -committerdate --format %(refname) %(objectname) %(*objectname) [2ms]
2024-10-31 15:25:17.545 [info] > git config --get commit.template [1ms]
2024-10-31 15:25:17.558 [info] > git for-each-ref --format=%(refname)%00%(upstream:short)%00%(objectname)%00%(upstream:track)%00%(upstream:remotename)%00%(upstream:remoteref) refs/heads/main refs/remotes/main [1ms]
2024-10-31 15:25:17.585 [info] > git status -z -uall [14ms]
2024-10-31 15:25:17.586 [info] > git for-each-ref --sort -committerdate --format %(refname) %(objectname) %(*objectname) [2ms]
2024-10-31 15:25:18.554 [info] > git show --textconv :my-meditation-app/app/register/page.tsx [15ms]
2024-10-31 15:25:18.557 [info] > git ls-files --stage -- /home/jvp/Desktop/projects/Medit/my-meditation-app/app/register/page.tsx [4ms]
2024-10-31 15:25:18.574 [info] > git cat-file -s 1af3e0b59239c071ef0ae414b55a8a64c46d6697 [5ms]
2024-10-31 15:25:22.604 [info] > git config --get commit.template [2ms]
2024-10-31 15:25:22.618 [info] > git for-each-ref --format=%(refname)%00%(upstream:short)%00%(objectname)%00%(upstream:track)%00%(upstream:remotename)%00%(upstream:remoteref) refs/heads/main refs/remotes/main [1ms]
2024-10-31 15:25:22.645 [info] > git status -z -uall [14ms]
2024-10-31 15:25:22.646 [info] > git for-each-ref --sort -committerdate --format %(refname) %(objectname) %(*objectname) [2ms]
2024-10-31 15:25:58.758 [info] > git config --get commit.template [12ms]
2024-10-31 15:25:58.759 [info] > git for-each-ref --format=%(refname)%00%(upstream:short)%00%(objectname)%00%(upstream:track)%00%(upstream:remotename)%00%(upstream:remoteref) refs/heads/main refs/remotes/main [1ms]
2024-10-31 15:25:58.783 [info] > git status -z -uall [13ms]
2024-10-31 15:25:58.784 [info] > git for-each-ref --sort -committerdate --format %(refname) %(objectname) %(*objectname) [1ms]
2024-10-31 15:25:59.534 [info] > git fetch [800ms]
2024-10-31 15:25:59.559 [info] > git config --get commit.template [12ms]
2024-10-31 15:25:59.560 [info] > git for-each-ref --format=%(refname)%00%(upstream:short)%00%(objectname)%00%(upstream:track)%00%(upstream:remotename)%00%(upstream:remoteref) refs/heads/main refs/remotes/main [1ms]
2024-10-31 15:25:59.584 [info] > git status -z -uall [13ms]
2024-10-31 15:25:59.585 [info] > git for-each-ref --sort -committerdate --format %(refname) %(objectname) %(*objectname) [1ms]
2024-10-31 15:26:00.807 [info] > git ls-files --stage -- /home/jvp/Desktop/projects/Medit/my-meditation-app/app/register/page.tsx [1ms]
2024-10-31 15:26:00.820 [info] > git cat-file -s 1af3e0b59239c071ef0ae414b55a8a64c46d6697 [1ms]
2024-10-31 15:26:00.855 [info] > git show --textconv :my-meditation-app/app/register/page.tsx [2ms]
2024-10-31 15:26:03.805 [info] > git config --get commit.template [9ms]
2024-10-31 15:26:03.806 [info] > git for-each-ref --format=%(refname)%00%(upstream:short)%00%(objectname)%00%(upstream:track)%00%(upstream:remotename)%00%(upstream:remoteref) refs/heads/main refs/remotes/main [1ms]
2024-10-31 15:26:03.825 [info] > git status -z -uall [9ms]
2024-10-31 15:26:03.826 [info] > git for-each-ref --sort -committerdate --format %(refname) %(objectname) %(*objectname) [2ms]
2024-10-31 15:26:07.335 [info] > git show --textconv :my-meditation-app/components/TestimonialCarousel.tsx [11ms]
2024-10-31 15:26:07.335 [info] > git ls-files --stage -- /home/jvp/Desktop/projects/Medit/my-meditation-app/components/TestimonialCarousel.tsx [1ms]
2024-10-31 15:26:07.347 [info] > git cat-file -s 1de1a8ffa18d919689dd65205083ae87a81ed4f9 [2ms]
2024-10-31 15:26:13.332 [info] > git config --get commit.template [9ms]
2024-10-31 15:26:13.333 [info] > git for-each-ref --format=%(refname)%00%(upstream:short)%00%(objectname)%00%(upstream:track)%00%(upstream:remotename)%00%(upstream:remoteref) refs/heads/main refs/remotes/main [2ms]
2024-10-31 15:26:13.354 [info] > git status -z -uall [11ms]
2024-10-31 15:26:13.356 [info] > git for-each-ref --sort -committerdate --format %(refname) %(objectname) %(*objectname) [2ms]
2024-10-31 15:26:15.844 [info] > git show --textconv :my-meditation-app/components/ProtectedRoute.tsx [9ms]
2024-10-31 15:26:15.845 [info] > git ls-files --stage -- /home/jvp/Desktop/projects/Medit/my-meditation-app/components/ProtectedRoute.tsx [1ms]
2024-10-31 15:26:15.857 [info] > git cat-file -s a63a34c57ce2f227ecd7fc3149533685efdc8e71 [1ms]
2024-10-31 15:26:16.222 [info] > git show --textconv :my-meditation-app/components/TestimonialCarousel.tsx [14ms]
2024-10-31 15:26:16.223 [info] > git ls-files --stage -- /home/jvp/Desktop/projects/Medit/my-meditation-app/components/TestimonialCarousel.tsx [1ms]
2024-10-31 15:26:16.243 [info] > git cat-file -s 1de1a8ffa18d919689dd65205083ae87a81ed4f9 [6ms]
2024-10-31 15:26:29.676 [info] > git config --get commit.template [16ms]
2024-10-31 15:26:29.676 [info] > git for-each-ref --format=%(refname)%00%(upstream:short)%00%(objectname)%00%(upstream:track)%00%(upstream:remotename)%00%(upstream:remoteref) refs/heads/main refs/remotes/main [1ms]
2024-10-31 15:26:29.696 [info] > git status -z -uall [9ms]
2024-10-31 15:26:29.697 [info] > git for-each-ref --sort -committerdate --format %(refname) %(objectname) %(*objectname) [1ms]
2024-10-31 15:26:34.727 [info] > git config --get commit.template [13ms]
2024-10-31 15:26:34.728 [info] > git for-each-ref --format=%(refname)%00%(upstream:short)%00%(objectname)%00%(upstream:track)%00%(upstream:remotename)%00%(upstream:remoteref) refs/heads/main refs/remotes/main [2ms]
2024-10-31 15:26:34.755 [info] > git status -z -uall [16ms]
2024-10-31 15:26:34.756 [info] > git for-each-ref --sort -committerdate --format %(refname) %(objectname) %(*objectname) [2ms]
2024-10-31 15:26:58.260 [info] > git config --get commit.template [13ms]
2024-10-31 15:26:58.260 [info] > git for-each-ref --format=%(refname)%00%(upstream:short)%00%(objectname)%00%(upstream:track)%00%(upstream:remotename)%00%(upstream:remoteref) refs/heads/main refs/remotes/main [1ms]
2024-10-31 15:26:58.283 [info] > git status -z -uall [10ms]
2024-10-31 15:26:58.284 [info] > git for-each-ref --sort -committerdate --format %(refname) %(objectname) %(*objectname) [1ms]
2024-10-31 15:26:59.753 [info] > git show --textconv :my-meditation-app/app/register/page.tsx [15ms]
2024-10-31 15:26:59.754 [info] > git ls-files --stage -- /home/jvp/Desktop/projects/Medit/my-meditation-app/app/register/page.tsx [2ms]
2024-10-31 15:26:59.767 [info] > git cat-file -s 1af3e0b59239c071ef0ae414b55a8a64c46d6697 [1ms]
2024-10-31 15:27:03.313 [info] > git config --get commit.template [12ms]
2024-10-31 15:27:03.314 [info] > git for-each-ref --format=%(refname)%00%(upstream:short)%00%(objectname)%00%(upstream:track)%00%(upstream:remotename)%00%(upstream:remoteref) refs/heads/main refs/remotes/main [1ms]
2024-10-31 15:27:03.338 [info] > git status -z -uall [12ms]
2024-10-31 15:27:03.339 [info] > git for-each-ref --sort -committerdate --format %(refname) %(objectname) %(*objectname) [1ms]
2024-10-31 15:27:29.719 [info] > git show --textconv :my-meditation-app/components/TestimonialCarousel.tsx [11ms]
2024-10-31 15:27:29.720 [info] > git ls-files --stage -- /home/jvp/Desktop/projects/Medit/my-meditation-app/components/TestimonialCarousel.tsx [2ms]
2024-10-31 15:27:29.732 [info] > git cat-file -s 1de1a8ffa18d919689dd65205083ae87a81ed4f9 [2ms]
2024-10-31 15:28:02.506 [info] > git config --get commit.template [12ms]
2024-10-31 15:28:02.507 [info] > git for-each-ref --format=%(refname)%00%(upstream:short)%00%(objectname)%00%(upstream:track)%00%(upstream:remotename)%00%(upstream:remoteref) refs/heads/main refs/remotes/main [1ms]
2024-10-31 15:28:02.524 [info] > git status -z -uall [8ms]
2024-10-31 15:28:02.525 [info] > git for-each-ref --sort -committerdate --format %(refname) %(objectname) %(*objectname) [2ms]
2024-10-31 15:28:03.012 [info] > git log --format=%H%n%aN%n%aE%n%at%n%ct%n%P%n%D%n%B -z --shortstat --diff-merges=first-parent -n50 --skip=0 --topo-order --decorate=full --stdin [29ms]
2024-10-31 15:28:07.550 [info] > git config --get commit.template [11ms]
2024-10-31 15:28:07.550 [info] > git for-each-ref --format=%(refname)%00%(upstream:short)%00%(objectname)%00%(upstream:track)%00%(upstream:remotename)%00%(upstream:remoteref) refs/heads/main refs/remotes/main [1ms]
2024-10-31 15:28:07.571 [info] > git status -z -uall [9ms]
2024-10-31 15:28:07.572 [info] > git for-each-ref --sort -committerdate --format %(refname) %(objectname) %(*objectname) [2ms]
2024-10-31 15:28:08.821 [info] > git add -u -- . [6ms]
2024-10-31 15:28:09.231 [info] > git show --textconv :.git/COMMIT_EDITMSG [13ms]
2024-10-31 15:28:09.232 [info] > git ls-files --stage -- /home/jvp/Desktop/projects/Medit/.git/COMMIT_EDITMSG [1ms]
2024-10-31 15:28:10.016 [info] > git ls-files --stage -- /home/jvp/Desktop/projects/Medit/.git/COMMIT_EDITMSG [2ms]
2024-10-31 15:28:10.034 [info] > git show --textconv :.git/COMMIT_EDITMSG [1ms]
2024-10-31 15:28:16.134 [info] > git -c user.useConfigOnly=true commit --quiet [7303ms]
2024-10-31 15:28:16.147 [info] > git config --get commit.template [1ms]
2024-10-31 15:28:16.159 [info] > git for-each-ref --format=%(refname)%00%(upstream:short)%00%(objectname)%00%(upstream:track)%00%(upstream:remotename)%00%(upstream:remoteref) refs/heads/main refs/remotes/main [1ms]
2024-10-31 15:28:16.182 [info] > git status -z -uall [13ms]
2024-10-31 15:28:16.184 [info] > git for-each-ref --sort -committerdate --format %(refname) %(objectname) %(*objectname) [2ms]
2024-10-31 15:28:16.201 [info] > git merge-base refs/heads/main refs/remotes/origin/main [2ms]
2024-10-31 15:28:16.215 [info] > git diff --name-status -z --diff-filter=ADMR 7b4c8b40fd5da733e219c134c6232b977403cf65...refs/remotes/origin/main [2ms]
2024-10-31 15:28:16.279 [info] > git config --get commit.template [1ms]
2024-10-31 15:28:16.291 [info] > git for-each-ref --format=%(refname)%00%(upstream:short)%00%(objectname)%00%(upstream:track)%00%(upstream:remotename)%00%(upstream:remoteref) refs/heads/main refs/remotes/main [2ms]
2024-10-31 15:28:16.312 [info] > git status -z -uall [11ms]
2024-10-31 15:28:16.312 [info] > git log --format=%H%n%aN%n%aE%n%at%n%ct%n%P%n%D%n%B -z --shortstat --diff-merges=first-parent -n50 --skip=0 --topo-order --decorate=full --stdin [48ms]
2024-10-31 15:28:16.313 [info] > git for-each-ref --sort -committerdate --format %(refname) %(objectname) %(*objectname) [2ms]
2024-10-31 15:28:16.527 [info] > git show --textconv :my-meditation-app/components/TestimonialCarousel.tsx [11ms]
2024-10-31 15:28:16.529 [info] > git ls-files --stage -- /home/jvp/Desktop/projects/Medit/my-meditation-app/components/TestimonialCarousel.tsx [2ms]
2024-10-31 15:28:16.548 [info] > git cat-file -s ae7b1002455af7add7154dcefb36e7c44cf8bea6 [10ms]
2024-10-31 15:28:17.329 [info] > git log --oneline --cherry main...main@{upstream} -- [2ms]
2024-10-31 15:28:17.402 [info] > git ls-files --stage -- /home/jvp/Desktop/projects/Medit/my-meditation-app/components/TestimonialCarousel.tsx [2ms]
2024-10-31 15:28:17.412 [info] > git cat-file -s ae7b1002455af7add7154dcefb36e7c44cf8bea6 [1ms]
2024-10-31 15:28:17.439 [info] > git show --textconv :my-meditation-app/components/TestimonialCarousel.tsx [1ms]
2024-10-31 15:28:18.078 [info] > git pull --tags origin main [735ms]
2024-10-31 15:28:18.078 [info] From https://github.com/Khetreiqcer/Medit
 * branch            main       -> FETCH_HEAD
2024-10-31 15:28:19.126 [info] > git push origin main:main [1037ms]
2024-10-31 15:28:19.126 [info] To https://github.com/Khetreiqcer/Medit.git
   7b4c8b4..269be0b  main -> main
2024-10-31 15:28:19.138 [info] > git config --get commit.template [1ms]
2024-10-31 15:28:19.154 [info] > git for-each-ref --format=%(refname)%00%(upstream:short)%00%(objectname)%00%(upstream:track)%00%(upstream:remotename)%00%(upstream:remoteref) refs/heads/main refs/remotes/main [2ms]
2024-10-31 15:28:19.178 [info] > git status -z -uall [12ms]
2024-10-31 15:28:19.179 [info] > git for-each-ref --sort -committerdate --format %(refname) %(objectname) %(*objectname) [1ms]
2024-10-31 15:28:19.194 [info] > git merge-base refs/heads/main refs/remotes/origin/main [1ms]
2024-10-31 15:28:19.205 [info] > git diff --name-status -z --diff-filter=ADMR 269be0b6f9c7fd01dded9e86e471adf9d1045b34...refs/remotes/origin/main [1ms]
2024-10-31 15:28:19.258 [info] > git log --format=%H%n%aN%n%aE%n%at%n%ct%n%P%n%D%n%B -z --shortstat --diff-merges=first-parent -n50 --skip=0 --topo-order --decorate=full --stdin [29ms]
2024-10-31 15:28:20.259 [info] > git config --get commit.template [13ms]
2024-10-31 15:28:20.260 [info] > git for-each-ref --format=%(refname)%00%(upstream:short)%00%(objectname)%00%(upstream:track)%00%(upstream:remotename)%00%(upstream:remoteref) refs/heads/main refs/remotes/main [2ms]
2024-10-31 15:28:20.284 [info] > git status -z -uall [13ms]
2024-10-31 15:28:20.285 [info] > git for-each-ref --sort -committerdate --format %(refname) %(objectname) %(*objectname) [2ms]
2024-10-31 15:28:20.349 [info] > git ls-files --stage -- /home/jvp/Desktop/projects/Medit/my-meditation-app/components/TestimonialCarousel.tsx [1ms]
2024-10-31 15:28:20.361 [info] > git cat-file -s ae7b1002455af7add7154dcefb36e7c44cf8bea6 [1ms]
2024-10-31 15:28:20.377 [info] > git show --textconv :my-meditation-app/components/TestimonialCarousel.tsx [2ms]
2024-10-31 15:31:27.358 [info] > git fetch [425ms]
2024-10-31 15:31:27.380 [info] > git config --get commit.template [9ms]
2024-10-31 15:31:27.381 [info] > git for-each-ref --format=%(refname)%00%(upstream:short)%00%(objectname)%00%(upstream:track)%00%(upstream:remotename)%00%(upstream:remoteref) refs/heads/main refs/remotes/main [1ms]
2024-10-31 15:31:27.402 [info] > git status -z -uall [11ms]
2024-10-31 15:31:27.403 [info] > git for-each-ref --sort -committerdate --format %(refname) %(objectname) %(*objectname) [2ms]
2024-10-31 15:31:28.508 [info] > git config --get commit.template [15ms]
2024-10-31 15:31:28.509 [info] > git for-each-ref --format=%(refname)%00%(upstream:short)%00%(objectname)%00%(upstream:track)%00%(upstream:remotename)%00%(upstream:remoteref) refs/heads/main refs/remotes/main [2ms]
2024-10-31 15:31:28.532 [info] > git status -z -uall [11ms]
2024-10-31 15:31:28.532 [info] > git for-each-ref --sort -committerdate --format %(refname) %(objectname) %(*objectname) [1ms]
2024-10-31 15:31:28.588 [info] > git ls-files --stage -- /home/jvp/Desktop/projects/Medit/my-meditation-app/components/TestimonialCarousel.tsx [1ms]
2024-10-31 15:31:28.600 [info] > git cat-file -s ae7b1002455af7add7154dcefb36e7c44cf8bea6 [1ms]
2024-10-31 15:31:28.614 [info] > git show --textconv :my-meditation-app/components/TestimonialCarousel.tsx [1ms]
2024-10-31 15:31:36.842 [info] [main] Log level: Info
2024-10-31 15:31:36.842 [info] [main] Validating found git in: "git"
2024-10-31 15:31:36.842 [info] [main] Using git "2.47.0" from "git"
2024-10-31 15:31:36.842 [info] [Model][doInitialScan] Initial repository scan started
2024-10-31 15:31:36.842 [info] > git rev-parse --show-toplevel [5ms]
2024-10-31 15:31:37.565 [info] > git rev-parse --git-dir --git-common-dir [210ms]
2024-10-31 15:31:37.585 [info] [Model][openRepository] Opened repository: /home/jvp/Desktop/projects/site2.0
2024-10-31 15:31:37.682 [info] > git rev-parse --show-toplevel [38ms]
2024-10-31 15:31:37.682 [info] > git config --get commit.template [44ms]
2024-10-31 15:31:37.709 [info] > git rev-parse --show-toplevel [14ms]
2024-10-31 15:31:37.721 [info] > git for-each-ref --format=%(refname)%00%(upstream:short)%00%(objectname)%00%(upstream:track)%00%(upstream:remotename)%00%(upstream:remoteref) refs/heads/main refs/remotes/main [15ms]
2024-10-31 15:31:37.734 [info] > git rev-parse --show-toplevel [15ms]
2024-10-31 15:31:37.734 [info] [Model][doInitialScan] Initial repository scan completed - repositories (1), closed repositories (0), parent repositories (0), unsafe repositories (0)
2024-10-31 15:31:37.795 [info] > git status -z -uall [44ms]
2024-10-31 15:31:37.798 [info] > git for-each-ref --sort -committerdate --format %(refname) %(objectname) %(*objectname) [37ms]
2024-10-31 15:31:37.828 [info] > git for-each-ref --format=%(refname)%00%(upstream:short)%00%(objectname)%00%(upstream:track)%00%(upstream:remotename)%00%(upstream:remoteref) refs/heads/main refs/remotes/main [18ms]
2024-10-31 15:31:37.847 [info] > git config --local branch.main.vscode-merge-base [10ms]
2024-10-31 15:31:37.856 [info] > git config --get commit.template [32ms]
2024-10-31 15:31:37.858 [info] > git for-each-ref --format=%(refname)%00%(upstream:short)%00%(objectname)%00%(upstream:track)%00%(upstream:remotename)%00%(upstream:remoteref) refs/heads/origin/main refs/remotes/origin/main [2ms]
2024-10-31 15:31:37.878 [info] > git merge-base refs/heads/main refs/remotes/origin/main [11ms]
2024-10-31 15:31:37.909 [info] > git diff --name-status -z --diff-filter=ADMR 8831b25e42c3d8eaa1eaca910adc19ae0efbc9ef...refs/remotes/origin/main [22ms]
2024-10-31 15:31:37.909 [info] > git for-each-ref --format=%(refname)%00%(upstream:short)%00%(objectname)%00%(upstream:track)%00%(upstream:remotename)%00%(upstream:remoteref) refs/heads/main refs/remotes/main [32ms]
2024-10-31 15:31:37.931 [info] > git status -z -uall [10ms]
2024-10-31 15:31:37.951 [info] > git show --textconv :front/theme/index.ts [11ms]
2024-10-31 15:31:37.951 [info] > git for-each-ref --sort -committerdate --format %(refname) %(objectname) %(*objectname) [21ms]
2024-10-31 15:31:37.954 [info] > git ls-files --stage -- /home/jvp/Desktop/projects/site2.0/front/theme/index.ts [5ms]
2024-10-31 15:31:37.967 [info] > git cat-file -s 19156dceb6073a08a565c462d7424ffaaff997fc [2ms]
2024-10-31 15:31:37.993 [info] > git fetch [408ms]
2024-10-31 15:31:38.015 [info] > git config --get commit.template [12ms]
2024-10-31 15:31:38.027 [info] > git for-each-ref --format=%(refname)%00%(upstream:short)%00%(objectname)%00%(upstream:track)%00%(upstream:remotename)%00%(upstream:remoteref) refs/heads/main refs/remotes/main [2ms]
2024-10-31 15:31:38.048 [info] > git status -z -uall [12ms]
2024-10-31 15:31:38.051 [info] > git for-each-ref --sort -committerdate --format %(refname) %(objectname) %(*objectname) [4ms]
2024-10-31 15:31:38.160 [info] > git check-ignore -v -z --stdin [1ms]
2024-10-31 15:31:38.954 [info] > git show --textconv :README.md [13ms]
2024-10-31 15:31:38.955 [info] > git ls-files --stage -- /home/jvp/Desktop/projects/site2.0/README.md [2ms]
2024-10-31 15:31:38.968 [info] > git cat-file -s c4d446453e9c5d0022e94a820806fe8e7e3b78b1 [1ms]
2024-10-31 15:31:39.194 [info] > git config --get commit.template [53ms]
2024-10-31 15:31:39.228 [info] > git for-each-ref --format=%(refname)%00%(upstream:short)%00%(objectname)%00%(upstream:track)%00%(upstream:remotename)%00%(upstream:remoteref) refs/heads/main refs/remotes/main [10ms]
2024-10-31 15:31:39.244 [info] > git ls-files --stage -- /home/jvp/Desktop/projects/site2.0/README.md [2ms]
2024-10-31 15:31:39.270 [info] > git status -z -uall [9ms]
2024-10-31 15:31:39.270 [info] > git cat-file -s c4d446453e9c5d0022e94a820806fe8e7e3b78b1 [18ms]
2024-10-31 15:31:39.271 [info] > git for-each-ref --sort -committerdate --format %(refname) %(objectname) %(*objectname) [2ms]
2024-10-31 15:31:39.282 [info] > git show --textconv :README.md [1ms]
2024-10-31 15:35:52.455 [info] > git config --get commit.template [10ms]
2024-10-31 15:35:52.456 [info] > git for-each-ref --format=%(refname)%00%(upstream:short)%00%(objectname)%00%(upstream:track)%00%(upstream:remotename)%00%(upstream:remoteref) refs/heads/main refs/remotes/main [1ms]
2024-10-31 15:35:52.476 [info] > git status -z -uall [11ms]
2024-10-31 15:35:52.476 [info] > git for-each-ref --sort -committerdate --format %(refname) %(objectname) %(*objectname) [2ms]
2024-10-31 15:35:52.886 [info] > git fetch [453ms]
2024-10-31 15:35:52.903 [info] > git config --get commit.template [7ms]
2024-10-31 15:35:52.904 [info] > git for-each-ref --format=%(refname)%00%(upstream:short)%00%(objectname)%00%(upstream:track)%00%(upstream:remotename)%00%(upstream:remoteref) refs/heads/main refs/remotes/main [1ms]
2024-10-31 15:35:52.921 [info] > git status -z -uall [9ms]
2024-10-31 15:35:52.922 [info] > git for-each-ref --sort -committerdate --format %(refname) %(objectname) %(*objectname) [1ms]
2024-10-31 15:35:54.124 [info] > git ls-files --stage -- /home/jvp/Desktop/projects/site2.0/README.md [2ms]
2024-10-31 15:35:54.139 [info] > git cat-file -s c4d446453e9c5d0022e94a820806fe8e7e3b78b1 [2ms]
2024-10-31 15:35:54.153 [info] > git show --textconv :README.md [1ms]
2024-10-31 15:35:54.690 [info] > git log --format=%H%n%aN%n%aE%n%at%n%ct%n%P%n%D%n%B -z --shortstat --diff-merges=first-parent -n50 --skip=0 --topo-order --decorate=full --stdin [150ms]
2024-10-31 15:35:55.351 [info] > git add -u -- . [2ms]
2024-10-31 15:35:55.765 [info] > git show --textconv :.git/COMMIT_EDITMSG [12ms]
2024-10-31 15:35:55.766 [info] > git ls-files --stage -- /home/jvp/Desktop/projects/site2.0/.git/COMMIT_EDITMSG [1ms]
2024-10-31 15:35:56.070 [info] > git check-ignore -v -z --stdin [2ms]
2024-10-31 15:35:56.557 [info] > git ls-files --stage -- /home/jvp/Desktop/projects/site2.0/.git/COMMIT_EDITMSG [1ms]
2024-10-31 15:35:56.572 [info] > git show --textconv :.git/COMMIT_EDITMSG [1ms]
2024-10-31 15:35:59.118 [info] > git -c user.useConfigOnly=true commit --quiet [3756ms]
2024-10-31 15:35:59.139 [info] > git config --get commit.template [2ms]
2024-10-31 15:35:59.150 [info] > git for-each-ref --format=%(refname)%00%(upstream:short)%00%(objectname)%00%(upstream:track)%00%(upstream:remotename)%00%(upstream:remoteref) refs/heads/main refs/remotes/main [2ms]
2024-10-31 15:35:59.177 [info] > git status -z -uall [17ms]
2024-10-31 15:35:59.177 [info] > git for-each-ref --sort -committerdate --format %(refname) %(objectname) %(*objectname) [2ms]
2024-10-31 15:35:59.207 [info] > git merge-base refs/heads/main refs/remotes/origin/main [14ms]
2024-10-31 15:35:59.219 [info] > git config --get commit.template [14ms]
2024-10-31 15:35:59.229 [info] > git diff --name-status -z --diff-filter=ADMR 8831b25e42c3d8eaa1eaca910adc19ae0efbc9ef...refs/remotes/origin/main [11ms]
2024-10-31 15:35:59.253 [info] > git for-each-ref --format=%(refname)%00%(upstream:short)%00%(objectname)%00%(upstream:track)%00%(upstream:remotename)%00%(upstream:remoteref) refs/heads/main refs/remotes/main [13ms]
2024-10-31 15:35:59.254 [info] > git config --get commit.template [1ms]
2024-10-31 15:35:59.265 [info] > git for-each-ref --format=%(refname)%00%(upstream:short)%00%(objectname)%00%(upstream:track)%00%(upstream:remotename)%00%(upstream:remoteref) refs/heads/main refs/remotes/main [1ms]
2024-10-31 15:35:59.288 [info] > git status -z -uall [13ms]
2024-10-31 15:35:59.288 [info] > git for-each-ref --sort -committerdate --format %(refname) %(objectname) %(*objectname) [1ms]
2024-10-31 15:35:59.381 [info] > git log --format=%H%n%aN%n%aE%n%at%n%ct%n%P%n%D%n%B -z --shortstat --diff-merges=first-parent -n50 --skip=0 --topo-order --decorate=full --stdin [153ms]
2024-10-31 15:35:59.513 [info] > git show --textconv :README.md [12ms]
2024-10-31 15:35:59.514 [info] > git ls-files --stage -- /home/jvp/Desktop/projects/site2.0/README.md [1ms]
2024-10-31 15:35:59.528 [info] > git cat-file -s db162c28885169c113843e9bd6505fb5717726d2 [1ms]
2024-10-31 15:36:00.371 [info] > git ls-files --stage -- /home/jvp/Desktop/projects/site2.0/README.md [2ms]
2024-10-31 15:36:00.385 [info] > git cat-file -s db162c28885169c113843e9bd6505fb5717726d2 [1ms]
2024-10-31 15:36:00.398 [info] > git show --textconv :README.md [2ms]
2024-10-31 15:36:01.040 [info] > git log --oneline --cherry main...main@{upstream} -- [2ms]
2024-10-31 15:36:01.486 [info] > git pull --tags origin main [431ms]
2024-10-31 15:36:01.486 [info] From https://github.com/Khetreiqcer/site2.0
 * branch            main       -> FETCH_HEAD
2024-10-31 15:36:02.557 [info] > git push origin main:main [1060ms]
2024-10-31 15:36:02.557 [info] To https://github.com/Khetreiqcer/site2.0.git
   8831b25..33a8e46  main -> main
2024-10-31 15:36:02.586 [info] > git config --get commit.template [15ms]
2024-10-31 15:36:02.587 [info] > git for-each-ref --format=%(refname)%00%(upstream:short)%00%(objectname)%00%(upstream:track)%00%(upstream:remotename)%00%(upstream:remoteref) refs/heads/main refs/remotes/main [2ms]
2024-10-31 15:36:02.614 [info] > git status -z -uall [13ms]
2024-10-31 15:36:02.615 [info] > git for-each-ref --sort -committerdate --format %(refname) %(objectname) %(*objectname) [2ms]
2024-10-31 15:36:02.633 [info] > git merge-base refs/heads/main refs/remotes/origin/main [2ms]
2024-10-31 15:36:02.674 [info] > git diff --name-status -z --diff-filter=ADMR 33a8e4670dafa0e20e275c5e3d33f63f299d73e4...refs/remotes/origin/main [29ms]
2024-10-31 15:36:02.822 [info] > git log --format=%H%n%aN%n%aE%n%at%n%ct%n%P%n%D%n%B -z --shortstat --diff-merges=first-parent -n50 --skip=0 --topo-order --decorate=full --stdin [150ms]
2024-10-31 15:36:03.763 [info] > git ls-files --stage -- /home/jvp/Desktop/projects/site2.0/README.md [1ms]
2024-10-31 15:36:03.775 [info] > git cat-file -s db162c28885169c113843e9bd6505fb5717726d2 [1ms]
2024-10-31 15:36:03.791 [info] > git show --textconv :README.md [1ms]
2024-10-31 15:41:38.120 [info] > git config --get commit.template [14ms]
2024-10-31 15:41:38.121 [info] > git for-each-ref --format=%(refname)%00%(upstream:short)%00%(objectname)%00%(upstream:track)%00%(upstream:remotename)%00%(upstream:remoteref) refs/heads/main refs/remotes/main [2ms]
2024-10-31 15:41:38.138 [info] > git status -z -uall [8ms]
2024-10-31 15:41:38.139 [info] > git for-each-ref --sort -committerdate --format %(refname) %(objectname) %(*objectname) [1ms]
2024-10-31 15:41:38.505 [info] > git fetch [411ms]
2024-10-31 15:41:38.528 [info] > git config --get commit.template [11ms]
2024-10-31 15:41:38.529 [info] > git for-each-ref --format=%(refname)%00%(upstream:short)%00%(objectname)%00%(upstream:track)%00%(upstream:remotename)%00%(upstream:remoteref) refs/heads/main refs/remotes/main [1ms]
2024-10-31 15:41:38.551 [info] > git status -z -uall [10ms]
2024-10-31 15:41:38.552 [info] > git for-each-ref --sort -committerdate --format %(refname) %(objectname) %(*objectname) [1ms]
