(VSCode) 2024-11-04 19:11:40.994 [INFO]: No proxy settings found
(VSCode) 2024-11-04 19:11:41.780 [INFO]: Checking network connection...
(VSCode) 2024-11-04 19:11:47.369 [ERROR]: 
      Network Test Response Summary:
      Code: ECONNRESET,
      Message: Request timed out,
      Error Message: socket hang up
      Proxy Headers: undefined,
      Certificate Info:
        Valid From: ,
        Valid To: ,
      Expired: false,
      
(VSCode) 2024-11-04 19:11:48.075 [INFO]: Creating manager directory: /tmp/45023797-a992-4959-b462-c7b17f3d4775/codeium/manager
(VSCode) 2024-11-04 19:11:48.367 [INFO]: Using cached LS with valid crc32: /home/jvp/.vscode/extensions/codeium.codeium-1.22.5/dist/1347d6f7fffdaec404d99b3f0ca3d8854448c787/language_server_linux_x64
(VSCode) 2024-11-04 19:11:48.376 [INFO]: Language server started
2024/11/04 19:11:48 maxprocs: Leaving GOMAXPROCS=12: CPU quota undefined
I1104 19:11:48.441089 85786 main.go:553] [Language Server Manager] Setting GOMAXPROCS to 12
I1104 19:11:48.441154 85786 main.go:667] [Language Server Manager] Release 1.22.5 (1347d6f7fffdaec404d99b3f0ca3d8854448c787)
I1104 19:11:48.441191 85786 main.go:746] [Language Server Manager] Starting language server manager with pid 85786
I1104 19:11:48.441262 85786 main.go:120] [Language Server Manager] Manager acquired its lock file /tmp/45023797-a992-4959-b462-c7b17f3d4775/codeium/manager/locks/manager.lock
I1104 19:11:48.441704 85786 main.go:259] [Language Server Manager] Waiting for random port file in /tmp/45023797-a992-4959-b462-c7b17f3d4775/codeium/manager/child_random_port_1730758308441344375_28420711238348502 to be created
2024/11/04 19:11:48 maxprocs: Leaving GOMAXPROCS=12: CPU quota undefined
I1104 19:11:48.507152 85800 main.go:553] Setting GOMAXPROCS to 4
I1104 19:11:48.507271 85800 main.go:740] Starting language server process with pid 85800
I1104 19:11:48.507294 85800 server.go:183] Language server will attempt to listen on host 127.0.0.1
I1104 19:11:48.507414 85800 server.go:190] Language server listening on random port at 36767
I1104 19:11:49.019763 85800 unleash.go:93] Initializing Unleash
I1104 19:11:49.532122 85800 unleash.go:113] Successfully initialized Unleash
E1104 19:11:49.540077 85800 client_manager.go:275] Metadata is nil when trying to refresh user JWT
I1104 19:11:49.540385 85800 server.go:441] Successfully created API server client
I1104 19:11:49.567455 85800 server.go:456] Successfully initialized tokenizer
I1104 19:11:49.646799 85800 server.go:613] Local search is enabled, will index local files.
I1104 19:11:49.646819 85800 server.go:617] Using 3 indexer workers
I1104 19:11:49.648093 85800 sqlite_faiss_db_client.go:64] Successfully created embedding search database in 1ms
I1104 19:11:49.648292 85800 indexer.go:213] Using 4 embed workers
I1104 19:11:49.648314 85800 search_provider.go:274] Successfully created and started indexer
I1104 19:11:49.648340 85800 search_provider.go:304] Successfully created embedding search provider
I1104 19:11:49.651400 85800 server.go:703] Successfully created completion provider
I1104 19:11:49.651418 85800 server.go:752] Child process attempting to acquire lock file /tmp/45023797-a992-4959-b462-c7b17f3d4775/codeium/manager/locks/child_lock_1730758308441383248_8137536923906684638
I1104 19:11:49.651453 85800 server.go:760] Child process acquired lock file /tmp/45023797-a992-4959-b462-c7b17f3d4775/codeium/manager/locks/child_lock_1730758308441383248_8137536923906684638
I1104 19:11:49.655207 85800 server.go:265] LSP listening on random port at 40443
I1104 19:11:49.667383 85800 web_server.go:259] Chat Web Server listening at ws://127.0.0.1:45585
40443
I1104 19:11:49.746596 85786 main.go:295] [Language Server Manager] Found random server port 36767
I1104 19:11:49.746620 85786 main.go:296] [Language Server Manager] Found random lsp port 40443
I1104 19:11:49.746636 85786 main.go:303] [Language Server Manager] Attempting to connect to language server at 127.0.0.1:36767
I1104 19:11:49.757866 85786 main.go:174] [Language Server Manager] Fixing language server port at 36767
I1104 19:11:49.757887 85786 main.go:355] [Language Server Manager] Successfully connected to new language server at 127.0.0.1:36767
(VSCode) 2024-11-04 19:11:49.782 [INFO]: Found language server running on port 36767
I1104 19:11:49.805104 85800 utils.go:227] Analyzing workspace files for /home/jvp/Desktop/projects/foundry-project
I1104 19:11:49.893711 85800 utils.go:281] Done analyzing workspace files for /home/jvp/Desktop/projects/foundry-project
(VSCode) 2024-11-04 19:11:49.960 [INFO]: openAllTextDocuments took 6.9776420000016515ms
I1104 19:11:50.313037 85800 lazy_model.go:31] Successfully created embedding store
(VSCode) 2024-11-04 19:14:06.586 [INFO]: Disposing language server process
(VSCode) 2024-11-04 19:14:06.587 [INFO]: Deleting manager directory: /tmp/45023797-a992-4959-b462-c7b17f3d4775/codeium/manager
(VSCode) 2024-11-04 19:14:06.588 [INFO]: Successfully disposed language server
W1104 19:14:06.587210 85786 main.go:124] [Language Server Manager] Got signal terminated, shutting down
