2024-10-31 16:21:19.488 [info] [main] Log level: Info
2024-10-31 16:21:19.488 [info] [main] Validating found git in: "git"
2024-10-31 16:21:19.488 [info] [main] Using git "2.47.0" from "git"
2024-10-31 16:21:19.488 [info] [Model][doInitialScan] Initial repository scan started
2024-10-31 16:21:19.488 [info] > git rev-parse --show-toplevel [9ms]
2024-10-31 16:21:19.488 [info] > git rev-parse --git-dir --git-common-dir [7ms]
2024-10-31 16:21:19.488 [info] [Model][openRepository] Opened repository: /home/jvp/Desktop/projects/site2.0
2024-10-31 16:21:19.488 [info] > git rev-parse --show-toplevel [3ms]
2024-10-31 16:21:19.488 [info] > git config --get commit.template [10ms]
2024-10-31 16:21:19.488 [info] > git fetch [720ms]
2024-10-31 16:21:19.537 [info] > git rev-parse --show-toplevel [191ms]
2024-10-31 16:21:19.538 [info] [Model][doInitialScan] Initial repository scan completed - repositories (1), closed repositories (0), parent repositories (0), unsafe repositories (0)
2024-10-31 16:21:19.585 [info] > git show --textconv :README.md [36ms]
2024-10-31 16:21:19.586 [info] > git ls-files --stage -- /home/jvp/Desktop/projects/site2.0/README.md [28ms]
2024-10-31 16:21:19.596 [info] > git config --get commit.template [88ms]
2024-10-31 16:21:19.596 [info] > git for-each-ref --format=%(refname)%00%(upstream:short)%00%(objectname)%00%(upstream:track)%00%(upstream:remotename)%00%(upstream:remoteref) refs/heads/main refs/remotes/main [99ms]
2024-10-31 16:21:19.630 [info] > git cat-file -s db162c28885169c113843e9bd6505fb5717726d2 [36ms]
2024-10-31 16:21:19.656 [info] > git for-each-ref --format=%(refname)%00%(upstream:short)%00%(objectname)%00%(upstream:track)%00%(upstream:remotename)%00%(upstream:remoteref) refs/heads/main refs/remotes/main [15ms]
2024-10-31 16:21:19.679 [info] > git for-each-ref --format=%(refname)%00%(upstream:short)%00%(objectname)%00%(upstream:track)%00%(upstream:remotename)%00%(upstream:remoteref) refs/heads/main refs/remotes/main [25ms]
2024-10-31 16:21:19.690 [info] > git config --local branch.main.vscode-merge-base [3ms]
2024-10-31 16:21:19.698 [info] > git config --get commit.template [21ms]
2024-10-31 16:21:19.706 [info] > git for-each-ref --format=%(refname)%00%(upstream:short)%00%(objectname)%00%(upstream:track)%00%(upstream:remotename)%00%(upstream:remoteref) refs/heads/origin/main refs/remotes/origin/main [8ms]
2024-10-31 16:21:19.770 [info] > git merge-base refs/heads/main refs/remotes/origin/main [54ms]
2024-10-31 16:21:19.781 [info] > git merge-base refs/heads/main refs/remotes/origin/main [17ms]
2024-10-31 16:21:19.793 [info] > git for-each-ref --format=%(refname)%00%(upstream:short)%00%(objectname)%00%(upstream:track)%00%(upstream:remotename)%00%(upstream:remoteref) refs/heads/main refs/remotes/main [67ms]
2024-10-31 16:21:19.815 [info] > git diff --name-status -z --diff-filter=ADMR 33a8e4670dafa0e20e275c5e3d33f63f299d73e4...refs/remotes/origin/main [24ms]
2024-10-31 16:21:19.816 [info] > git diff --name-status -z --diff-filter=ADMR 33a8e4670dafa0e20e275c5e3d33f63f299d73e4...refs/remotes/origin/main [38ms]
2024-10-31 16:21:19.859 [info] > git status -z -uall [22ms]
2024-10-31 16:21:19.859 [info] > git check-ignore -v -z --stdin [3ms]
2024-10-31 16:21:19.860 [info] > git for-each-ref --sort -committerdate --format %(refname) %(objectname) %(*objectname) [15ms]
2024-10-31 16:21:20.365 [info] > git log --format=%H%n%aN%n%aE%n%at%n%ct%n%P%n%D%n%B -z --shortstat --diff-merges=first-parent -n50 --skip=0 --topo-order --decorate=full --stdin [153ms]
2024-10-31 16:21:20.589 [info] > git ls-files --stage -- /home/jvp/Desktop/projects/site2.0/README.md [1ms]
2024-10-31 16:21:20.601 [info] > git cat-file -s db162c28885169c113843e9bd6505fb5717726d2 [1ms]
2024-10-31 16:21:20.622 [info] > git show --textconv :README.md [2ms]
2024-10-31 16:24:23.312 [info] > git fetch [452ms]
2024-10-31 16:24:23.325 [info] > git config --get commit.template [1ms]
2024-10-31 16:24:23.336 [info] > git for-each-ref --format=%(refname)%00%(upstream:short)%00%(objectname)%00%(upstream:track)%00%(upstream:remotename)%00%(upstream:remoteref) refs/heads/main refs/remotes/main [1ms]
2024-10-31 16:24:23.353 [info] > git status -z -uall [9ms]
2024-10-31 16:24:23.354 [info] > git for-each-ref --sort -committerdate --format %(refname) %(objectname) %(*objectname) [1ms]
2024-10-31 16:24:48.861 [info] > git config --get commit.template [2ms]
2024-10-31 16:24:48.872 [info] > git for-each-ref --format=%(refname)%00%(upstream:short)%00%(objectname)%00%(upstream:track)%00%(upstream:remotename)%00%(upstream:remoteref) refs/heads/main refs/remotes/main [1ms]
2024-10-31 16:24:48.894 [info] > git status -z -uall [12ms]
2024-10-31 16:24:48.894 [info] > git for-each-ref --sort -committerdate --format %(refname) %(objectname) %(*objectname) [1ms]
