2024-11-05 17:18:08.207 [info] Reading sessions from keychain...
2024-11-05 17:18:08.207 [info] Getting sessions for all scopes...
2024-11-05 17:18:08.207 [info] Getting sessions for all scopes...
2024-11-05 17:18:08.207 [info] Getting sessions for all scopes...
2024-11-05 17:18:08.207 [info] Got 0 sessions for ...
2024-11-05 17:18:08.207 [info] Got 0 sessions for ...
2024-11-05 17:18:08.207 [info] Got 0 sessions for ...
2024-11-05 17:18:08.207 [info] Getting sessions for read:user,repo,user:email,workflow...
2024-11-05 17:18:08.207 [info] Got 0 sessions for read:user,repo,user:email,workflow...
2024-11-05 17:22:52.713 [info] Getting sessions for all scopes...
2024-11-05 17:22:52.713 [info] Got 0 sessions for ...
2024-11-05 17:22:54.956 [info] Getting sessions for all scopes...
2024-11-05 17:22:54.956 [info] Got 0 sessions for ...
2024-11-05 17:40:25.300 [info] Getting sessions for all scopes...
2024-11-05 17:40:25.300 [info] Got 0 sessions for ...
2024-11-05 18:11:42.205 [info] Getting sessions for all scopes...
2024-11-05 18:11:42.206 [info] Got 0 sessions for ...
2024-11-05 18:26:19.965 [info] Getting sessions for all scopes...
2024-11-05 18:26:19.965 [info] Got 0 sessions for ...
2024-11-05 19:48:52.020 [info] Getting sessions for read:user,repo,user:email,workflow...
2024-11-05 19:48:52.020 [info] Got 0 sessions for read:user,repo,user:email,workflow...
2024-11-05 19:53:55.710 [info] Getting sessions for read:user,repo,user:email,workflow...
2024-11-05 19:53:55.710 [info] Got 0 sessions for read:user,repo,user:email,workflow...
2024-11-05 19:53:57.092 [info] Logging in with 'any' account...
2024-11-05 19:53:57.092 [info] Logging in for the following scopes: read:user repo user:email workflow
2024-11-05 19:53:57.095 [info] Trying without local server... (read:user repo user:email workflow)
2024-11-05 19:54:29.061 [info] Exchanging code for token...
2024-11-05 19:54:29.368 [info] Token exchange success!
2024-11-05 19:54:29.368 [info] Getting user info...
2024-11-05 19:54:29.682 [info] Got account info!
2024-11-05 19:54:29.682 [info] Storing 1 sessions...
2024-11-05 19:54:29.685 [info] Reading sessions from keychain...
2024-11-05 19:54:29.685 [info] Stored 1 sessions!
2024-11-05 19:54:29.685 [info] Login success!
2024-11-05 19:54:29.715 [info] Got stored sessions!
2024-11-05 19:54:29.715 [info] Got 1 verified sessions.
2024-11-05 20:00:14.909 [info] Getting sessions for all scopes...
2024-11-05 20:00:14.910 [info] Got 1 sessions for ...
2024-11-05 20:03:33.009 [info] Getting sessions for all scopes...
2024-11-05 20:03:33.009 [info] Got 1 sessions for ...
