2024-10-31 19:31:33.172 [info] Extension host with pid 9697 started
2024-10-31 19:31:33.172 [info] Skipping acquiring lock for /home/jvp/.config/Code - OSS/User/workspaceStorage/32ce36feb95d3d285e96c95ccab01cf1.
2024-10-31 19:31:33.211 [info] ExtensionService#_doActivateExtension vscode.git-base, startup: true, activationEvent: '*', root cause: vscode.git
2024-10-31 19:31:33.224 [info] ExtensionService#_doActivateExtension vscode.git, startup: true, activationEvent: '*'
2024-10-31 19:31:33.291 [info] ExtensionService#_doActivateExtension vscode.github, startup: true, activationEvent: '*'
2024-10-31 19:31:33.416 [info] Eager extensions activated
2024-10-31 19:31:33.457 [info] ExtensionService#_doActivateExtension vscode.debug-auto-launch, startup: false, activationEvent: 'onStartupFinished'
2024-10-31 19:31:33.460 [info] ExtensionService#_doActivateExtension vscode.merge-conflict, startup: false, activationEvent: 'onStartupFinished'
2024-10-31 19:31:33.479 [info] ExtensionService#_doActivateExtension antfu.slidev, startup: false, activationEvent: 'onStartupFinished'
2024-10-31 19:31:33.533 [info] ExtensionService#_doActivateExtension antfu.unocss, startup: false, activationEvent: 'onStartupFinished'
2024-10-31 19:31:33.672 [info] ExtensionService#_doActivateExtension dbaeumer.vscode-eslint, startup: false, activationEvent: 'onStartupFinished'
2024-10-31 19:31:33.701 [info] ExtensionService#_doActivateExtension drcika.apc-extension, startup: false, activationEvent: 'onStartupFinished'
2024-10-31 19:31:33.707 [error] Activating extension drcika.apc-extension failed due to an error:
2024-10-31 19:31:33.707 [error] TypeError: Cannot read properties of undefined (reading 'filename')
	at Object.<anonymous> (/home/jvp/.vscode-oss/extensions/drcika.apc-extension-0.4.1-universal/dist/patch.js:17:52)
	at Module._compile (node:internal/modules/cjs/loader:1484:14)
	at Module._extensions..js (node:internal/modules/cjs/loader:1564:10)
	at Module.load (node:internal/modules/cjs/loader:1295:32)
	at Module._load (node:internal/modules/cjs/loader:1111:12)
	at c._load (node:electron/js2c/node_init:2:16955)
	at e._load (file:///usr/lib/code/out/vs/workbench/api/node/extensionHostProcess.js:174:10879)
	at t._load (file:///usr/lib/code/out/vs/workbench/api/node/extensionHostProcess.js:166:22433)
	at i._load (file:///usr/lib/code/out/vs/workbench/api/node/extensionHostProcess.js:158:4651)
	at Module.require (node:internal/modules/cjs/loader:1318:19)
	at require (node:internal/modules/helpers:179:18)
	at Object.<anonymous> (/home/jvp/.vscode-oss/extensions/drcika.apc-extension-0.4.1-universal/dist/extension.js:7:17)
	at Module._compile (node:internal/modules/cjs/loader:1484:14)
	at Module._extensions..js (node:internal/modules/cjs/loader:1564:10)
	at Module.load (node:internal/modules/cjs/loader:1295:32)
	at Module._load (node:internal/modules/cjs/loader:1111:12)
	at c._load (node:electron/js2c/node_init:2:16955)
	at e._load (file:///usr/lib/code/out/vs/workbench/api/node/extensionHostProcess.js:174:10879)
	at t._load (file:///usr/lib/code/out/vs/workbench/api/node/extensionHostProcess.js:166:22433)
	at i._load (file:///usr/lib/code/out/vs/workbench/api/node/extensionHostProcess.js:158:4651)
	at Module.require (node:internal/modules/cjs/loader:1318:19)
	at require (node:internal/modules/helpers:179:18)
	at z_.xb (file:///usr/lib/code/out/vs/workbench/api/node/extensionHostProcess.js:166:23753)
	at async Promise.all (index 0)
2024-10-31 19:31:33.707 [info] ExtensionService#_doActivateExtension dsznajder.es7-react-js-snippets, startup: false, activationEvent: 'onStartupFinished'
2024-10-31 19:31:34.112 [info] ExtensionService#_doActivateExtension eamodio.gitlens, startup: false, activationEvent: 'onStartupFinished'
2024-10-31 19:31:34.237 [info] ExtensionService#_doActivateExtension esbenp.prettier-vscode, startup: false, activationEvent: 'onStartupFinished'
2024-10-31 19:31:34.305 [info] ExtensionService#_doActivateExtension PKief.material-icon-theme, startup: false, activationEvent: 'onStartupFinished'
2024-10-31 19:31:34.327 [info] ExtensionService#_doActivateExtension sainnhe.gruvbox-material, startup: false, activationEvent: 'onStartupFinished'
2024-10-31 19:31:34.357 [info] ExtensionService#_doActivateExtension vscode.emmet, startup: false, activationEvent: 'onLanguage'
2024-10-31 19:31:34.629 [info] ExtensionService#_doActivateExtension vscode.github-authentication, startup: false, activationEvent: 'onAuthenticationRequest:github'
2024-10-31 19:35:19.052 [info] Extension host terminating: renderer closed the MessagePort
2024-10-31 19:35:19.077 [error] Canceled: Canceled
	at new tT (file:///usr/lib/code/out/vs/workbench/api/node/extensionHostProcess.js:31:108738)
	at py.U (file:///usr/lib/code/out/vs/workbench/api/node/extensionHostProcess.js:31:113348)
	at s.<computed>.n.charCodeAt.s.<computed> (file:///usr/lib/code/out/vs/workbench/api/node/extensionHostProcess.js:31:110842)
	at Y0.g (file:///usr/lib/code/out/vs/workbench/api/node/extensionHostProcess.js:114:32313)
	at Y0.executeCommand (file:///usr/lib/code/out/vs/workbench/api/node/extensionHostProcess.js:114:31817)
	at r.registerCommand.description (file:///usr/lib/code/out/vs/workbench/api/node/extensionHostProcess.js:114:31147)
	at Y0.h (file:///usr/lib/code/out/vs/workbench/api/node/extensionHostProcess.js:114:32833)
	at Y0.g (file:///usr/lib/code/out/vs/workbench/api/node/extensionHostProcess.js:114:31910)
	at Y0.executeCommand (file:///usr/lib/code/out/vs/workbench/api/node/extensionHostProcess.js:114:31817)
	at Object.executeCommand (file:///usr/lib/code/out/vs/workbench/api/node/extensionHostProcess.js:156:37246)
	at mh.O [as value] (/usr/lib/code/extensions/git/dist/main.js:2:961845)
	at D.B (file:///usr/lib/code/out/vs/workbench/api/node/extensionHostProcess.js:29:746)
	at D.C (file:///usr/lib/code/out/vs/workbench/api/node/extensionHostProcess.js:29:816)
	at D.fire (file:///usr/lib/code/out/vs/workbench/api/node/extensionHostProcess.js:29:1033)
	at Object.p [as dispose] (/usr/lib/code/extensions/git/dist/main.js:2:983333)
	at /usr/lib/code/extensions/git/dist/main.js:2:989455
	at Array.forEach (<anonymous>)
	at b.dispose (/usr/lib/code/extensions/git/dist/main.js:2:989441)
	at V1.<anonymous> (file:///usr/lib/code/out/vs/workbench/api/node/extensionHostProcess.js:108:19994)
	at V1.dispose (file:///usr/lib/code/out/vs/workbench/api/node/extensionHostProcess.js:108:20090)
	at V1.<anonymous> (/usr/lib/code/extensions/git/dist/main.js:2:964255)
	at V1.dispose (file:///usr/lib/code/out/vs/workbench/api/node/extensionHostProcess.js:108:20090)
	at ci (file:///usr/lib/code/out/vs/workbench/api/node/extensionHostProcess.js:24:699)
	at file:///usr/lib/code/out/vs/workbench/api/node/extensionHostProcess.js:118:14992
	at file:///usr/lib/code/out/vs/workbench/api/node/extensionHostProcess.js:24:1009
	at Object.dispose (file:///usr/lib/code/out/vs/workbench/api/node/extensionHostProcess.js:7:2146)
	at z_.eb (file:///usr/lib/code/out/vs/workbench/api/node/extensionHostProcess.js:118:11919)
	at file:///usr/lib/code/out/vs/workbench/api/node/extensionHostProcess.js:118:9874
	at Array.map (<anonymous>)
	at z_.$ (file:///usr/lib/code/out/vs/workbench/api/node/extensionHostProcess.js:118:9862)
	at z_.terminate (file:///usr/lib/code/out/vs/workbench/api/node/extensionHostProcess.js:118:10105)
	at EC.terminate (file:///usr/lib/code/out/vs/workbench/api/node/extensionHostProcess.js:119:1424)
	at Zi (file:///usr/lib/code/out/vs/workbench/api/node/extensionHostProcess.js:174:15063)
	at MessagePortMain.<anonymous> (file:///usr/lib/code/out/vs/workbench/api/node/extensionHostProcess.js:174:11611)
	at MessagePortMain.emit (node:events:519:28)
	at MessagePortMain._internalPort.emit (node:electron/js2c/utility_init:2:2949) setContext undefined
2024-10-31 19:35:19.078 [error] Canceled: Canceled
	at new tT (file:///usr/lib/code/out/vs/workbench/api/node/extensionHostProcess.js:31:108738)
	at py.U (file:///usr/lib/code/out/vs/workbench/api/node/extensionHostProcess.js:31:113348)
	at s.<computed>.n.charCodeAt.s.<computed> (file:///usr/lib/code/out/vs/workbench/api/node/extensionHostProcess.js:31:110842)
	at Y0.g (file:///usr/lib/code/out/vs/workbench/api/node/extensionHostProcess.js:114:32313)
	at Y0.executeCommand (file:///usr/lib/code/out/vs/workbench/api/node/extensionHostProcess.js:114:31817)
	at r.registerCommand.description (file:///usr/lib/code/out/vs/workbench/api/node/extensionHostProcess.js:114:31147)
	at Y0.h (file:///usr/lib/code/out/vs/workbench/api/node/extensionHostProcess.js:114:32833)
	at Y0.g (file:///usr/lib/code/out/vs/workbench/api/node/extensionHostProcess.js:114:31910)
	at Y0.executeCommand (file:///usr/lib/code/out/vs/workbench/api/node/extensionHostProcess.js:114:31817)
	at Object.executeCommand (file:///usr/lib/code/out/vs/workbench/api/node/extensionHostProcess.js:156:37246)
	at set hasGitHubRepositories (/usr/lib/code/extensions/github/dist/extension.js:2:328633)
	at /usr/lib/code/extensions/github/dist/extension.js:2:329592
	at mh.value (/usr/lib/code/extensions/git/dist/main.js:2:1073936)
	at D.B (file:///usr/lib/code/out/vs/workbench/api/node/extensionHostProcess.js:29:746)
	at D.C (file:///usr/lib/code/out/vs/workbench/api/node/extensionHostProcess.js:29:816)
	at D.fire (file:///usr/lib/code/out/vs/workbench/api/node/extensionHostProcess.js:29:1033)
	at Object.p [as dispose] (/usr/lib/code/extensions/git/dist/main.js:2:983333)
	at /usr/lib/code/extensions/git/dist/main.js:2:989455
	at Array.forEach (<anonymous>)
	at b.dispose (/usr/lib/code/extensions/git/dist/main.js:2:989441)
	at V1.<anonymous> (file:///usr/lib/code/out/vs/workbench/api/node/extensionHostProcess.js:108:19994)
	at V1.dispose (file:///usr/lib/code/out/vs/workbench/api/node/extensionHostProcess.js:108:20090)
	at V1.<anonymous> (/usr/lib/code/extensions/git/dist/main.js:2:964255)
	at V1.dispose (file:///usr/lib/code/out/vs/workbench/api/node/extensionHostProcess.js:108:20090)
	at ci (file:///usr/lib/code/out/vs/workbench/api/node/extensionHostProcess.js:24:699)
	at file:///usr/lib/code/out/vs/workbench/api/node/extensionHostProcess.js:118:14992
	at file:///usr/lib/code/out/vs/workbench/api/node/extensionHostProcess.js:24:1009
	at Object.dispose (file:///usr/lib/code/out/vs/workbench/api/node/extensionHostProcess.js:7:2146)
	at z_.eb (file:///usr/lib/code/out/vs/workbench/api/node/extensionHostProcess.js:118:11919)
	at file:///usr/lib/code/out/vs/workbench/api/node/extensionHostProcess.js:118:9874
	at Array.map (<anonymous>)
	at z_.$ (file:///usr/lib/code/out/vs/workbench/api/node/extensionHostProcess.js:118:9862)
	at z_.terminate (file:///usr/lib/code/out/vs/workbench/api/node/extensionHostProcess.js:118:10105)
	at EC.terminate (file:///usr/lib/code/out/vs/workbench/api/node/extensionHostProcess.js:119:1424)
	at Zi (file:///usr/lib/code/out/vs/workbench/api/node/extensionHostProcess.js:174:15063)
	at MessagePortMain.<anonymous> (file:///usr/lib/code/out/vs/workbench/api/node/extensionHostProcess.js:174:11611)
	at MessagePortMain.emit (node:events:519:28)
	at MessagePortMain._internalPort.emit (node:electron/js2c/utility_init:2:2949) setContext undefined
2024-10-31 19:35:19.082 [error] Canceled: Canceled
	at new tT (file:///usr/lib/code/out/vs/workbench/api/node/extensionHostProcess.js:31:108738)
	at py.U (file:///usr/lib/code/out/vs/workbench/api/node/extensionHostProcess.js:31:113348)
	at s.<computed>.n.charCodeAt.s.<computed> (file:///usr/lib/code/out/vs/workbench/api/node/extensionHostProcess.js:31:110842)
	at Y0.g (file:///usr/lib/code/out/vs/workbench/api/node/extensionHostProcess.js:114:32313)
	at Y0.executeCommand (file:///usr/lib/code/out/vs/workbench/api/node/extensionHostProcess.js:114:31817)
	at r.registerCommand.description (file:///usr/lib/code/out/vs/workbench/api/node/extensionHostProcess.js:114:31147)
	at Y0.h (file:///usr/lib/code/out/vs/workbench/api/node/extensionHostProcess.js:114:32833)
	at Y0.g (file:///usr/lib/code/out/vs/workbench/api/node/extensionHostProcess.js:114:31910)
	at Y0.executeCommand (file:///usr/lib/code/out/vs/workbench/api/node/extensionHostProcess.js:114:31817)
	at Object.executeCommand (file:///usr/lib/code/out/vs/workbench/api/node/extensionHostProcess.js:156:37246)
	at f (/home/jvp/.vscode-oss/extensions/eamodio.gitlens-15.6.2-universal/dist/gitlens.js:1492:13980)
	at c (/home/jvp/.vscode-oss/extensions/eamodio.gitlens-15.6.2-universal/dist/gitlens.js:1492:18539)
	at ActionRunners._updateContextKeys (/home/jvp/.vscode-oss/extensions/eamodio.gitlens-15.6.2-universal/dist/gitlens.js:1107:65658)
	at s (/home/jvp/.vscode-oss/extensions/eamodio.gitlens-15.6.2-universal/dist/gitlens.js:1107:64102)
	at RegisteredActionRunner.unregister (/home/jvp/.vscode-oss/extensions/eamodio.gitlens-15.6.2-universal/dist/gitlens.js:1107:64245)
	at RegisteredActionRunner.dispose (/home/jvp/.vscode-oss/extensions/eamodio.gitlens-15.6.2-universal/dist/gitlens.js:1107:62899)
	at ActionRunners.dispose (/home/jvp/.vscode-oss/extensions/eamodio.gitlens-15.6.2-universal/dist/gitlens.js:1107:63685)
	at /home/jvp/.vscode-oss/extensions/eamodio.gitlens-15.6.2-universal/dist/gitlens.js:1448:19218
	at Array.forEach (<anonymous>)
	at Object.dispose (/home/jvp/.vscode-oss/extensions/eamodio.gitlens-15.6.2-universal/dist/gitlens.js:1448:19200)
	at ci (file:///usr/lib/code/out/vs/workbench/api/node/extensionHostProcess.js:24:699)
	at file:///usr/lib/code/out/vs/workbench/api/node/extensionHostProcess.js:118:14992
	at file:///usr/lib/code/out/vs/workbench/api/node/extensionHostProcess.js:24:1009
	at Object.dispose (file:///usr/lib/code/out/vs/workbench/api/node/extensionHostProcess.js:7:2146)
	at z_.eb (file:///usr/lib/code/out/vs/workbench/api/node/extensionHostProcess.js:118:11919)
	at file:///usr/lib/code/out/vs/workbench/api/node/extensionHostProcess.js:118:9874
	at Array.map (<anonymous>)
	at z_.$ (file:///usr/lib/code/out/vs/workbench/api/node/extensionHostProcess.js:118:9862)
	at z_.terminate (file:///usr/lib/code/out/vs/workbench/api/node/extensionHostProcess.js:118:10105)
	at EC.terminate (file:///usr/lib/code/out/vs/workbench/api/node/extensionHostProcess.js:119:1424)
	at Zi (file:///usr/lib/code/out/vs/workbench/api/node/extensionHostProcess.js:174:15063)
	at MessagePortMain.<anonymous> (file:///usr/lib/code/out/vs/workbench/api/node/extensionHostProcess.js:174:11611)
	at MessagePortMain.emit (node:events:519:28)
	at MessagePortMain._internalPort.emit (node:electron/js2c/utility_init:2:2949) setContext undefined
2024-10-31 19:35:19.082 [error] Canceled: Canceled
	at new tT (file:///usr/lib/code/out/vs/workbench/api/node/extensionHostProcess.js:31:108738)
	at py.U (file:///usr/lib/code/out/vs/workbench/api/node/extensionHostProcess.js:31:113348)
	at s.<computed>.n.charCodeAt.s.<computed> (file:///usr/lib/code/out/vs/workbench/api/node/extensionHostProcess.js:31:110842)
	at Y0.g (file:///usr/lib/code/out/vs/workbench/api/node/extensionHostProcess.js:114:32313)
	at Y0.executeCommand (file:///usr/lib/code/out/vs/workbench/api/node/extensionHostProcess.js:114:31817)
	at r.registerCommand.description (file:///usr/lib/code/out/vs/workbench/api/node/extensionHostProcess.js:114:31147)
	at Y0.h (file:///usr/lib/code/out/vs/workbench/api/node/extensionHostProcess.js:114:32833)
	at Y0.g (file:///usr/lib/code/out/vs/workbench/api/node/extensionHostProcess.js:114:31910)
	at Y0.executeCommand (file:///usr/lib/code/out/vs/workbench/api/node/extensionHostProcess.js:114:31817)
	at Object.executeCommand (file:///usr/lib/code/out/vs/workbench/api/node/extensionHostProcess.js:156:37246)
	at f (/home/jvp/.vscode-oss/extensions/eamodio.gitlens-15.6.2-universal/dist/gitlens.js:1492:13980)
	at c (/home/jvp/.vscode-oss/extensions/eamodio.gitlens-15.6.2-universal/dist/gitlens.js:1492:18539)
	at ActionRunners._updateContextKeys (/home/jvp/.vscode-oss/extensions/eamodio.gitlens-15.6.2-universal/dist/gitlens.js:1107:65658)
	at s (/home/jvp/.vscode-oss/extensions/eamodio.gitlens-15.6.2-universal/dist/gitlens.js:1107:64102)
	at RegisteredActionRunner.unregister (/home/jvp/.vscode-oss/extensions/eamodio.gitlens-15.6.2-universal/dist/gitlens.js:1107:64245)
	at RegisteredActionRunner.dispose (/home/jvp/.vscode-oss/extensions/eamodio.gitlens-15.6.2-universal/dist/gitlens.js:1107:62899)
	at ActionRunners.dispose (/home/jvp/.vscode-oss/extensions/eamodio.gitlens-15.6.2-universal/dist/gitlens.js:1107:63685)
	at /home/jvp/.vscode-oss/extensions/eamodio.gitlens-15.6.2-universal/dist/gitlens.js:1448:19218
	at Array.forEach (<anonymous>)
	at Object.dispose (/home/jvp/.vscode-oss/extensions/eamodio.gitlens-15.6.2-universal/dist/gitlens.js:1448:19200)
	at ci (file:///usr/lib/code/out/vs/workbench/api/node/extensionHostProcess.js:24:699)
	at file:///usr/lib/code/out/vs/workbench/api/node/extensionHostProcess.js:118:14992
	at file:///usr/lib/code/out/vs/workbench/api/node/extensionHostProcess.js:24:1009
	at Object.dispose (file:///usr/lib/code/out/vs/workbench/api/node/extensionHostProcess.js:7:2146)
	at z_.eb (file:///usr/lib/code/out/vs/workbench/api/node/extensionHostProcess.js:118:11919)
	at file:///usr/lib/code/out/vs/workbench/api/node/extensionHostProcess.js:118:9874
	at Array.map (<anonymous>)
	at z_.$ (file:///usr/lib/code/out/vs/workbench/api/node/extensionHostProcess.js:118:9862)
	at z_.terminate (file:///usr/lib/code/out/vs/workbench/api/node/extensionHostProcess.js:118:10105)
	at EC.terminate (file:///usr/lib/code/out/vs/workbench/api/node/extensionHostProcess.js:119:1424)
	at Zi (file:///usr/lib/code/out/vs/workbench/api/node/extensionHostProcess.js:174:15063)
	at MessagePortMain.<anonymous> (file:///usr/lib/code/out/vs/workbench/api/node/extensionHostProcess.js:174:11611)
	at MessagePortMain.emit (node:events:519:28)
	at MessagePortMain._internalPort.emit (node:electron/js2c/utility_init:2:2949) setContext undefined
2024-10-31 19:35:19.082 [error] Canceled: Canceled
	at new tT (file:///usr/lib/code/out/vs/workbench/api/node/extensionHostProcess.js:31:108738)
	at py.U (file:///usr/lib/code/out/vs/workbench/api/node/extensionHostProcess.js:31:113348)
	at s.<computed>.n.charCodeAt.s.<computed> (file:///usr/lib/code/out/vs/workbench/api/node/extensionHostProcess.js:31:110842)
	at Y0.g (file:///usr/lib/code/out/vs/workbench/api/node/extensionHostProcess.js:114:32313)
	at Y0.executeCommand (file:///usr/lib/code/out/vs/workbench/api/node/extensionHostProcess.js:114:31817)
	at r.registerCommand.description (file:///usr/lib/code/out/vs/workbench/api/node/extensionHostProcess.js:114:31147)
	at Y0.h (file:///usr/lib/code/out/vs/workbench/api/node/extensionHostProcess.js:114:32833)
	at Y0.g (file:///usr/lib/code/out/vs/workbench/api/node/extensionHostProcess.js:114:31910)
	at Y0.executeCommand (file:///usr/lib/code/out/vs/workbench/api/node/extensionHostProcess.js:114:31817)
	at Object.executeCommand (file:///usr/lib/code/out/vs/workbench/api/node/extensionHostProcess.js:156:37246)
	at f (/home/jvp/.vscode-oss/extensions/eamodio.gitlens-15.6.2-universal/dist/gitlens.js:1492:13980)
	at c (/home/jvp/.vscode-oss/extensions/eamodio.gitlens-15.6.2-universal/dist/gitlens.js:1492:18539)
	at ActionRunners._updateContextKeys (/home/jvp/.vscode-oss/extensions/eamodio.gitlens-15.6.2-universal/dist/gitlens.js:1107:65658)
	at s (/home/jvp/.vscode-oss/extensions/eamodio.gitlens-15.6.2-universal/dist/gitlens.js:1107:64102)
	at RegisteredActionRunner.unregister (/home/jvp/.vscode-oss/extensions/eamodio.gitlens-15.6.2-universal/dist/gitlens.js:1107:64245)
	at RegisteredActionRunner.dispose (/home/jvp/.vscode-oss/extensions/eamodio.gitlens-15.6.2-universal/dist/gitlens.js:1107:62899)
	at ActionRunners.dispose (/home/jvp/.vscode-oss/extensions/eamodio.gitlens-15.6.2-universal/dist/gitlens.js:1107:63685)
	at /home/jvp/.vscode-oss/extensions/eamodio.gitlens-15.6.2-universal/dist/gitlens.js:1448:19218
	at Array.forEach (<anonymous>)
	at Object.dispose (/home/jvp/.vscode-oss/extensions/eamodio.gitlens-15.6.2-universal/dist/gitlens.js:1448:19200)
	at ci (file:///usr/lib/code/out/vs/workbench/api/node/extensionHostProcess.js:24:699)
	at file:///usr/lib/code/out/vs/workbench/api/node/extensionHostProcess.js:118:14992
	at file:///usr/lib/code/out/vs/workbench/api/node/extensionHostProcess.js:24:1009
	at Object.dispose (file:///usr/lib/code/out/vs/workbench/api/node/extensionHostProcess.js:7:2146)
	at z_.eb (file:///usr/lib/code/out/vs/workbench/api/node/extensionHostProcess.js:118:11919)
	at file:///usr/lib/code/out/vs/workbench/api/node/extensionHostProcess.js:118:9874
	at Array.map (<anonymous>)
	at z_.$ (file:///usr/lib/code/out/vs/workbench/api/node/extensionHostProcess.js:118:9862)
	at z_.terminate (file:///usr/lib/code/out/vs/workbench/api/node/extensionHostProcess.js:118:10105)
	at EC.terminate (file:///usr/lib/code/out/vs/workbench/api/node/extensionHostProcess.js:119:1424)
	at Zi (file:///usr/lib/code/out/vs/workbench/api/node/extensionHostProcess.js:174:15063)
	at MessagePortMain.<anonymous> (file:///usr/lib/code/out/vs/workbench/api/node/extensionHostProcess.js:174:11611)
	at MessagePortMain.emit (node:events:519:28)
	at MessagePortMain._internalPort.emit (node:electron/js2c/utility_init:2:2949) setContext undefined
2024-10-31 19:35:19.083 [info] Extension host with pid 9697 exiting with code 0
2024-10-31 19:35:20.033 [info] Extension host with pid 10479 started
2024-10-31 19:35:20.034 [info] Skipping acquiring lock for /home/jvp/.config/Code - OSS/User/workspaceStorage/24973fe41d0fd052d2ef89cc522b8c64.
2024-10-31 19:35:20.054 [info] ExtensionService#_doActivateExtension vscode.git-base, startup: true, activationEvent: '*', root cause: vscode.git
2024-10-31 19:35:20.059 [info] ExtensionService#_doActivateExtension vscode.git, startup: true, activationEvent: '*'
2024-10-31 19:35:20.128 [info] ExtensionService#_doActivateExtension vscode.github, startup: true, activationEvent: '*'
2024-10-31 19:35:20.230 [info] Eager extensions activated
2024-10-31 19:35:20.339 [info] ExtensionService#_doActivateExtension vscode.debug-auto-launch, startup: false, activationEvent: 'onStartupFinished'
2024-10-31 19:35:20.341 [info] ExtensionService#_doActivateExtension vscode.merge-conflict, startup: false, activationEvent: 'onStartupFinished'
2024-10-31 19:35:20.361 [info] ExtensionService#_doActivateExtension antfu.slidev, startup: false, activationEvent: 'onStartupFinished'
2024-10-31 19:35:20.420 [info] ExtensionService#_doActivateExtension antfu.unocss, startup: false, activationEvent: 'onStartupFinished'
2024-10-31 19:35:20.543 [info] ExtensionService#_doActivateExtension dbaeumer.vscode-eslint, startup: false, activationEvent: 'onStartupFinished'
2024-10-31 19:35:20.574 [info] ExtensionService#_doActivateExtension drcika.apc-extension, startup: false, activationEvent: 'onStartupFinished'
2024-10-31 19:35:20.578 [error] Activating extension drcika.apc-extension failed due to an error:
2024-10-31 19:35:20.578 [error] TypeError: Cannot read properties of undefined (reading 'filename')
	at Object.<anonymous> (/home/jvp/.vscode-oss/extensions/drcika.apc-extension-0.4.1-universal/dist/patch.js:17:52)
	at Module._compile (node:internal/modules/cjs/loader:1484:14)
	at Module._extensions..js (node:internal/modules/cjs/loader:1564:10)
	at Module.load (node:internal/modules/cjs/loader:1295:32)
	at Module._load (node:internal/modules/cjs/loader:1111:12)
	at c._load (node:electron/js2c/node_init:2:16955)
	at e._load (file:///usr/lib/code/out/vs/workbench/api/node/extensionHostProcess.js:174:10879)
	at t._load (file:///usr/lib/code/out/vs/workbench/api/node/extensionHostProcess.js:166:22433)
	at i._load (file:///usr/lib/code/out/vs/workbench/api/node/extensionHostProcess.js:158:4651)
	at Module.require (node:internal/modules/cjs/loader:1318:19)
	at require (node:internal/modules/helpers:179:18)
	at Object.<anonymous> (/home/jvp/.vscode-oss/extensions/drcika.apc-extension-0.4.1-universal/dist/extension.js:7:17)
	at Module._compile (node:internal/modules/cjs/loader:1484:14)
	at Module._extensions..js (node:internal/modules/cjs/loader:1564:10)
	at Module.load (node:internal/modules/cjs/loader:1295:32)
	at Module._load (node:internal/modules/cjs/loader:1111:12)
	at c._load (node:electron/js2c/node_init:2:16955)
	at e._load (file:///usr/lib/code/out/vs/workbench/api/node/extensionHostProcess.js:174:10879)
	at t._load (file:///usr/lib/code/out/vs/workbench/api/node/extensionHostProcess.js:166:22433)
	at i._load (file:///usr/lib/code/out/vs/workbench/api/node/extensionHostProcess.js:158:4651)
	at Module.require (node:internal/modules/cjs/loader:1318:19)
	at require (node:internal/modules/helpers:179:18)
	at z_.xb (file:///usr/lib/code/out/vs/workbench/api/node/extensionHostProcess.js:166:23753)
	at async Promise.all (index 0)
2024-10-31 19:35:20.578 [info] ExtensionService#_doActivateExtension dsznajder.es7-react-js-snippets, startup: false, activationEvent: 'onStartupFinished'
2024-10-31 19:35:20.941 [info] ExtensionService#_doActivateExtension eamodio.gitlens, startup: false, activationEvent: 'onStartupFinished'
2024-10-31 19:35:21.062 [info] ExtensionService#_doActivateExtension esbenp.prettier-vscode, startup: false, activationEvent: 'onStartupFinished'
2024-10-31 19:35:21.121 [info] ExtensionService#_doActivateExtension PKief.material-icon-theme, startup: false, activationEvent: 'onStartupFinished'
2024-10-31 19:35:21.136 [info] ExtensionService#_doActivateExtension sainnhe.gruvbox-material, startup: false, activationEvent: 'onStartupFinished'
2024-10-31 19:35:21.366 [info] ExtensionService#_doActivateExtension vscode.github-authentication, startup: false, activationEvent: 'onAuthenticationRequest:github'
2024-10-31 19:37:01.326 [info] Extension host terminating: renderer closed the MessagePort
2024-10-31 19:37:01.357 [error] Canceled: Canceled
	at new tT (file:///usr/lib/code/out/vs/workbench/api/node/extensionHostProcess.js:31:108738)
	at py.U (file:///usr/lib/code/out/vs/workbench/api/node/extensionHostProcess.js:31:113348)
	at s.<computed>.n.charCodeAt.s.<computed> (file:///usr/lib/code/out/vs/workbench/api/node/extensionHostProcess.js:31:110842)
	at Y0.g (file:///usr/lib/code/out/vs/workbench/api/node/extensionHostProcess.js:114:32313)
	at Y0.executeCommand (file:///usr/lib/code/out/vs/workbench/api/node/extensionHostProcess.js:114:31817)
	at r.registerCommand.description (file:///usr/lib/code/out/vs/workbench/api/node/extensionHostProcess.js:114:31147)
	at Y0.h (file:///usr/lib/code/out/vs/workbench/api/node/extensionHostProcess.js:114:32833)
	at Y0.g (file:///usr/lib/code/out/vs/workbench/api/node/extensionHostProcess.js:114:31910)
	at Y0.executeCommand (file:///usr/lib/code/out/vs/workbench/api/node/extensionHostProcess.js:114:31817)
	at Object.executeCommand (file:///usr/lib/code/out/vs/workbench/api/node/extensionHostProcess.js:156:37246)
	at f (/home/jvp/.vscode-oss/extensions/eamodio.gitlens-15.6.2-universal/dist/gitlens.js:1492:13980)
	at c (/home/jvp/.vscode-oss/extensions/eamodio.gitlens-15.6.2-universal/dist/gitlens.js:1492:18539)
	at ActionRunners._updateContextKeys (/home/jvp/.vscode-oss/extensions/eamodio.gitlens-15.6.2-universal/dist/gitlens.js:1107:65658)
	at s (/home/jvp/.vscode-oss/extensions/eamodio.gitlens-15.6.2-universal/dist/gitlens.js:1107:64102)
	at RegisteredActionRunner.unregister (/home/jvp/.vscode-oss/extensions/eamodio.gitlens-15.6.2-universal/dist/gitlens.js:1107:64245)
	at RegisteredActionRunner.dispose (/home/jvp/.vscode-oss/extensions/eamodio.gitlens-15.6.2-universal/dist/gitlens.js:1107:62899)
	at ActionRunners.dispose (/home/jvp/.vscode-oss/extensions/eamodio.gitlens-15.6.2-universal/dist/gitlens.js:1107:63685)
	at /home/jvp/.vscode-oss/extensions/eamodio.gitlens-15.6.2-universal/dist/gitlens.js:1448:19218
	at Array.forEach (<anonymous>)
	at Object.dispose (/home/jvp/.vscode-oss/extensions/eamodio.gitlens-15.6.2-universal/dist/gitlens.js:1448:19200)
	at ci (file:///usr/lib/code/out/vs/workbench/api/node/extensionHostProcess.js:24:699)
	at file:///usr/lib/code/out/vs/workbench/api/node/extensionHostProcess.js:118:14992
	at file:///usr/lib/code/out/vs/workbench/api/node/extensionHostProcess.js:24:1009
	at Object.dispose (file:///usr/lib/code/out/vs/workbench/api/node/extensionHostProcess.js:7:2146)
	at z_.eb (file:///usr/lib/code/out/vs/workbench/api/node/extensionHostProcess.js:118:11919)
	at file:///usr/lib/code/out/vs/workbench/api/node/extensionHostProcess.js:118:9874
	at Array.map (<anonymous>)
	at z_.$ (file:///usr/lib/code/out/vs/workbench/api/node/extensionHostProcess.js:118:9862)
	at z_.terminate (file:///usr/lib/code/out/vs/workbench/api/node/extensionHostProcess.js:118:10105)
	at EC.terminate (file:///usr/lib/code/out/vs/workbench/api/node/extensionHostProcess.js:119:1424)
	at Zi (file:///usr/lib/code/out/vs/workbench/api/node/extensionHostProcess.js:174:15063)
	at MessagePortMain.<anonymous> (file:///usr/lib/code/out/vs/workbench/api/node/extensionHostProcess.js:174:11611)
	at MessagePortMain.emit (node:events:519:28)
	at MessagePortMain._internalPort.emit (node:electron/js2c/utility_init:2:2949) setContext undefined
2024-10-31 19:37:01.357 [error] Canceled: Canceled
	at new tT (file:///usr/lib/code/out/vs/workbench/api/node/extensionHostProcess.js:31:108738)
	at py.U (file:///usr/lib/code/out/vs/workbench/api/node/extensionHostProcess.js:31:113348)
	at s.<computed>.n.charCodeAt.s.<computed> (file:///usr/lib/code/out/vs/workbench/api/node/extensionHostProcess.js:31:110842)
	at Y0.g (file:///usr/lib/code/out/vs/workbench/api/node/extensionHostProcess.js:114:32313)
	at Y0.executeCommand (file:///usr/lib/code/out/vs/workbench/api/node/extensionHostProcess.js:114:31817)
	at r.registerCommand.description (file:///usr/lib/code/out/vs/workbench/api/node/extensionHostProcess.js:114:31147)
	at Y0.h (file:///usr/lib/code/out/vs/workbench/api/node/extensionHostProcess.js:114:32833)
	at Y0.g (file:///usr/lib/code/out/vs/workbench/api/node/extensionHostProcess.js:114:31910)
	at Y0.executeCommand (file:///usr/lib/code/out/vs/workbench/api/node/extensionHostProcess.js:114:31817)
	at Object.executeCommand (file:///usr/lib/code/out/vs/workbench/api/node/extensionHostProcess.js:156:37246)
	at f (/home/jvp/.vscode-oss/extensions/eamodio.gitlens-15.6.2-universal/dist/gitlens.js:1492:13980)
	at c (/home/jvp/.vscode-oss/extensions/eamodio.gitlens-15.6.2-universal/dist/gitlens.js:1492:18539)
	at ActionRunners._updateContextKeys (/home/jvp/.vscode-oss/extensions/eamodio.gitlens-15.6.2-universal/dist/gitlens.js:1107:65658)
	at s (/home/jvp/.vscode-oss/extensions/eamodio.gitlens-15.6.2-universal/dist/gitlens.js:1107:64102)
	at RegisteredActionRunner.unregister (/home/jvp/.vscode-oss/extensions/eamodio.gitlens-15.6.2-universal/dist/gitlens.js:1107:64245)
	at RegisteredActionRunner.dispose (/home/jvp/.vscode-oss/extensions/eamodio.gitlens-15.6.2-universal/dist/gitlens.js:1107:62899)
	at ActionRunners.dispose (/home/jvp/.vscode-oss/extensions/eamodio.gitlens-15.6.2-universal/dist/gitlens.js:1107:63685)
	at /home/jvp/.vscode-oss/extensions/eamodio.gitlens-15.6.2-universal/dist/gitlens.js:1448:19218
	at Array.forEach (<anonymous>)
	at Object.dispose (/home/jvp/.vscode-oss/extensions/eamodio.gitlens-15.6.2-universal/dist/gitlens.js:1448:19200)
	at ci (file:///usr/lib/code/out/vs/workbench/api/node/extensionHostProcess.js:24:699)
	at file:///usr/lib/code/out/vs/workbench/api/node/extensionHostProcess.js:118:14992
	at file:///usr/lib/code/out/vs/workbench/api/node/extensionHostProcess.js:24:1009
	at Object.dispose (file:///usr/lib/code/out/vs/workbench/api/node/extensionHostProcess.js:7:2146)
	at z_.eb (file:///usr/lib/code/out/vs/workbench/api/node/extensionHostProcess.js:118:11919)
	at file:///usr/lib/code/out/vs/workbench/api/node/extensionHostProcess.js:118:9874
	at Array.map (<anonymous>)
	at z_.$ (file:///usr/lib/code/out/vs/workbench/api/node/extensionHostProcess.js:118:9862)
	at z_.terminate (file:///usr/lib/code/out/vs/workbench/api/node/extensionHostProcess.js:118:10105)
	at EC.terminate (file:///usr/lib/code/out/vs/workbench/api/node/extensionHostProcess.js:119:1424)
	at Zi (file:///usr/lib/code/out/vs/workbench/api/node/extensionHostProcess.js:174:15063)
	at MessagePortMain.<anonymous> (file:///usr/lib/code/out/vs/workbench/api/node/extensionHostProcess.js:174:11611)
	at MessagePortMain.emit (node:events:519:28)
	at MessagePortMain._internalPort.emit (node:electron/js2c/utility_init:2:2949) setContext undefined
2024-10-31 19:37:01.357 [error] Canceled: Canceled
	at new tT (file:///usr/lib/code/out/vs/workbench/api/node/extensionHostProcess.js:31:108738)
	at py.U (file:///usr/lib/code/out/vs/workbench/api/node/extensionHostProcess.js:31:113348)
	at s.<computed>.n.charCodeAt.s.<computed> (file:///usr/lib/code/out/vs/workbench/api/node/extensionHostProcess.js:31:110842)
	at Y0.g (file:///usr/lib/code/out/vs/workbench/api/node/extensionHostProcess.js:114:32313)
	at Y0.executeCommand (file:///usr/lib/code/out/vs/workbench/api/node/extensionHostProcess.js:114:31817)
	at r.registerCommand.description (file:///usr/lib/code/out/vs/workbench/api/node/extensionHostProcess.js:114:31147)
	at Y0.h (file:///usr/lib/code/out/vs/workbench/api/node/extensionHostProcess.js:114:32833)
	at Y0.g (file:///usr/lib/code/out/vs/workbench/api/node/extensionHostProcess.js:114:31910)
	at Y0.executeCommand (file:///usr/lib/code/out/vs/workbench/api/node/extensionHostProcess.js:114:31817)
	at Object.executeCommand (file:///usr/lib/code/out/vs/workbench/api/node/extensionHostProcess.js:156:37246)
	at f (/home/jvp/.vscode-oss/extensions/eamodio.gitlens-15.6.2-universal/dist/gitlens.js:1492:13980)
	at c (/home/jvp/.vscode-oss/extensions/eamodio.gitlens-15.6.2-universal/dist/gitlens.js:1492:18539)
	at ActionRunners._updateContextKeys (/home/jvp/.vscode-oss/extensions/eamodio.gitlens-15.6.2-universal/dist/gitlens.js:1107:65658)
	at s (/home/jvp/.vscode-oss/extensions/eamodio.gitlens-15.6.2-universal/dist/gitlens.js:1107:64102)
	at RegisteredActionRunner.unregister (/home/jvp/.vscode-oss/extensions/eamodio.gitlens-15.6.2-universal/dist/gitlens.js:1107:64245)
	at RegisteredActionRunner.dispose (/home/jvp/.vscode-oss/extensions/eamodio.gitlens-15.6.2-universal/dist/gitlens.js:1107:62899)
	at ActionRunners.dispose (/home/jvp/.vscode-oss/extensions/eamodio.gitlens-15.6.2-universal/dist/gitlens.js:1107:63685)
	at /home/jvp/.vscode-oss/extensions/eamodio.gitlens-15.6.2-universal/dist/gitlens.js:1448:19218
	at Array.forEach (<anonymous>)
	at Object.dispose (/home/jvp/.vscode-oss/extensions/eamodio.gitlens-15.6.2-universal/dist/gitlens.js:1448:19200)
	at ci (file:///usr/lib/code/out/vs/workbench/api/node/extensionHostProcess.js:24:699)
	at file:///usr/lib/code/out/vs/workbench/api/node/extensionHostProcess.js:118:14992
	at file:///usr/lib/code/out/vs/workbench/api/node/extensionHostProcess.js:24:1009
	at Object.dispose (file:///usr/lib/code/out/vs/workbench/api/node/extensionHostProcess.js:7:2146)
	at z_.eb (file:///usr/lib/code/out/vs/workbench/api/node/extensionHostProcess.js:118:11919)
	at file:///usr/lib/code/out/vs/workbench/api/node/extensionHostProcess.js:118:9874
	at Array.map (<anonymous>)
	at z_.$ (file:///usr/lib/code/out/vs/workbench/api/node/extensionHostProcess.js:118:9862)
	at z_.terminate (file:///usr/lib/code/out/vs/workbench/api/node/extensionHostProcess.js:118:10105)
	at EC.terminate (file:///usr/lib/code/out/vs/workbench/api/node/extensionHostProcess.js:119:1424)
	at Zi (file:///usr/lib/code/out/vs/workbench/api/node/extensionHostProcess.js:174:15063)
	at MessagePortMain.<anonymous> (file:///usr/lib/code/out/vs/workbench/api/node/extensionHostProcess.js:174:11611)
	at MessagePortMain.emit (node:events:519:28)
	at MessagePortMain._internalPort.emit (node:electron/js2c/utility_init:2:2949) setContext undefined
2024-10-31 19:37:01.357 [info] Extension host with pid 10479 exiting with code 0
2024-10-31 19:37:02.357 [info] Extension host with pid 11010 started
2024-10-31 19:37:02.357 [info] Skipping acquiring lock for /home/jvp/.config/Code - OSS/User/workspaceStorage/9d34552fc4c68fd941606091df6d2049.
2024-10-31 19:37:02.382 [info] ExtensionService#_doActivateExtension vscode.git-base, startup: true, activationEvent: '*', root cause: vscode.git
2024-10-31 19:37:02.392 [info] ExtensionService#_doActivateExtension vscode.git, startup: true, activationEvent: '*'
2024-10-31 19:37:02.458 [info] ExtensionService#_doActivateExtension vscode.github, startup: true, activationEvent: '*'
2024-10-31 19:37:02.546 [info] Eager extensions activated
2024-10-31 19:37:02.627 [info] ExtensionService#_doActivateExtension vscode.debug-auto-launch, startup: false, activationEvent: 'onStartupFinished'
2024-10-31 19:37:02.630 [info] ExtensionService#_doActivateExtension vscode.merge-conflict, startup: false, activationEvent: 'onStartupFinished'
2024-10-31 19:37:02.648 [info] ExtensionService#_doActivateExtension antfu.slidev, startup: false, activationEvent: 'onStartupFinished'
2024-10-31 19:37:02.705 [info] ExtensionService#_doActivateExtension antfu.unocss, startup: false, activationEvent: 'onStartupFinished'
2024-10-31 19:37:02.830 [info] ExtensionService#_doActivateExtension dbaeumer.vscode-eslint, startup: false, activationEvent: 'onStartupFinished'
2024-10-31 19:37:02.859 [info] ExtensionService#_doActivateExtension drcika.apc-extension, startup: false, activationEvent: 'onStartupFinished'
2024-10-31 19:37:02.863 [error] Activating extension drcika.apc-extension failed due to an error:
2024-10-31 19:37:02.863 [error] TypeError: Cannot read properties of undefined (reading 'filename')
	at Object.<anonymous> (/home/jvp/.vscode-oss/extensions/drcika.apc-extension-0.4.1-universal/dist/patch.js:17:52)
	at Module._compile (node:internal/modules/cjs/loader:1484:14)
	at Module._extensions..js (node:internal/modules/cjs/loader:1564:10)
	at Module.load (node:internal/modules/cjs/loader:1295:32)
	at Module._load (node:internal/modules/cjs/loader:1111:12)
	at c._load (node:electron/js2c/node_init:2:16955)
	at e._load (file:///usr/lib/code/out/vs/workbench/api/node/extensionHostProcess.js:174:10879)
	at t._load (file:///usr/lib/code/out/vs/workbench/api/node/extensionHostProcess.js:166:22433)
	at i._load (file:///usr/lib/code/out/vs/workbench/api/node/extensionHostProcess.js:158:4651)
	at Module.require (node:internal/modules/cjs/loader:1318:19)
	at require (node:internal/modules/helpers:179:18)
	at Object.<anonymous> (/home/jvp/.vscode-oss/extensions/drcika.apc-extension-0.4.1-universal/dist/extension.js:7:17)
	at Module._compile (node:internal/modules/cjs/loader:1484:14)
	at Module._extensions..js (node:internal/modules/cjs/loader:1564:10)
	at Module.load (node:internal/modules/cjs/loader:1295:32)
	at Module._load (node:internal/modules/cjs/loader:1111:12)
	at c._load (node:electron/js2c/node_init:2:16955)
	at e._load (file:///usr/lib/code/out/vs/workbench/api/node/extensionHostProcess.js:174:10879)
	at t._load (file:///usr/lib/code/out/vs/workbench/api/node/extensionHostProcess.js:166:22433)
	at i._load (file:///usr/lib/code/out/vs/workbench/api/node/extensionHostProcess.js:158:4651)
	at Module.require (node:internal/modules/cjs/loader:1318:19)
	at require (node:internal/modules/helpers:179:18)
	at z_.xb (file:///usr/lib/code/out/vs/workbench/api/node/extensionHostProcess.js:166:23753)
	at async Promise.all (index 0)
2024-10-31 19:37:02.863 [info] ExtensionService#_doActivateExtension dsznajder.es7-react-js-snippets, startup: false, activationEvent: 'onStartupFinished'
2024-10-31 19:37:03.224 [info] ExtensionService#_doActivateExtension eamodio.gitlens, startup: false, activationEvent: 'onStartupFinished'
2024-10-31 19:37:03.346 [info] ExtensionService#_doActivateExtension esbenp.prettier-vscode, startup: false, activationEvent: 'onStartupFinished'
2024-10-31 19:37:03.404 [info] ExtensionService#_doActivateExtension PKief.material-icon-theme, startup: false, activationEvent: 'onStartupFinished'
2024-10-31 19:37:03.418 [info] ExtensionService#_doActivateExtension sainnhe.gruvbox-material, startup: false, activationEvent: 'onStartupFinished'
2024-10-31 19:37:03.663 [info] ExtensionService#_doActivateExtension vscode.github-authentication, startup: false, activationEvent: 'onAuthenticationRequest:github'
2024-10-31 19:37:10.177 [info] ExtensionService#_doActivateExtension vscode.npm, startup: false, activationEvent: 'onTerminalQuickFixRequest:ms-vscode.npm-command'
2024-10-31 19:38:42.375 [info] ExtensionService#_doActivateExtension vscode.emmet, startup: false, activationEvent: 'onLanguage'
2024-10-31 19:39:03.208 [info] ExtensionService#_doActivateExtension JuanBlanco.solidity, startup: false, activationEvent: 'onLanguage:solidity'
2024-10-31 19:39:38.000 [warning] TextEditor is closed/disposed
2024-10-31 19:39:44.325 [warning] TextEditor is closed/disposed
2024-10-31 19:39:50.057 [warning] TextEditor is closed/disposed
2024-10-31 19:39:55.270 [warning] TextEditor is closed/disposed
2024-10-31 19:41:04.207 [warning] TextEditor is closed/disposed
2024-10-31 19:43:37.055 [info] Extension host terminating: renderer closed the MessagePort
2024-10-31 19:43:37.075 [error] An error occurred when disposing the subscriptions for extension 'JuanBlanco.solidity':
2024-10-31 19:43:37.075 [error] TypeError: r.dispose is not a function
	at ci (file:///usr/lib/code/out/vs/workbench/api/node/extensionHostProcess.js:24:699)
	at file:///usr/lib/code/out/vs/workbench/api/node/extensionHostProcess.js:118:14992
	at file:///usr/lib/code/out/vs/workbench/api/node/extensionHostProcess.js:24:1009
	at Object.dispose (file:///usr/lib/code/out/vs/workbench/api/node/extensionHostProcess.js:7:2146)
	at z_.eb (file:///usr/lib/code/out/vs/workbench/api/node/extensionHostProcess.js:118:11919)
	at file:///usr/lib/code/out/vs/workbench/api/node/extensionHostProcess.js:118:9874
	at Array.map (<anonymous>)
	at z_.$ (file:///usr/lib/code/out/vs/workbench/api/node/extensionHostProcess.js:118:9862)
	at z_.terminate (file:///usr/lib/code/out/vs/workbench/api/node/extensionHostProcess.js:118:10105)
	at EC.terminate (file:///usr/lib/code/out/vs/workbench/api/node/extensionHostProcess.js:119:1424)
	at Zi (file:///usr/lib/code/out/vs/workbench/api/node/extensionHostProcess.js:174:15063)
	at MessagePortMain.<anonymous> (file:///usr/lib/code/out/vs/workbench/api/node/extensionHostProcess.js:174:11611)
	at MessagePortMain.emit (node:events:519:28)
	at MessagePortMain._internalPort.emit (node:electron/js2c/utility_init:2:2949)
2024-10-31 19:43:37.077 [error] Canceled: Canceled
	at new tT (file:///usr/lib/code/out/vs/workbench/api/node/extensionHostProcess.js:31:108738)
	at py.U (file:///usr/lib/code/out/vs/workbench/api/node/extensionHostProcess.js:31:113348)
	at s.<computed>.n.charCodeAt.s.<computed> (file:///usr/lib/code/out/vs/workbench/api/node/extensionHostProcess.js:31:110842)
	at Y0.g (file:///usr/lib/code/out/vs/workbench/api/node/extensionHostProcess.js:114:32313)
	at Y0.executeCommand (file:///usr/lib/code/out/vs/workbench/api/node/extensionHostProcess.js:114:31817)
	at r.registerCommand.description (file:///usr/lib/code/out/vs/workbench/api/node/extensionHostProcess.js:114:31147)
	at Y0.h (file:///usr/lib/code/out/vs/workbench/api/node/extensionHostProcess.js:114:32833)
	at Y0.g (file:///usr/lib/code/out/vs/workbench/api/node/extensionHostProcess.js:114:31910)
	at Y0.executeCommand (file:///usr/lib/code/out/vs/workbench/api/node/extensionHostProcess.js:114:31817)
	at Object.executeCommand (file:///usr/lib/code/out/vs/workbench/api/node/extensionHostProcess.js:156:37246)
	at mh.O [as value] (/usr/lib/code/extensions/git/dist/main.js:2:961845)
	at D.B (file:///usr/lib/code/out/vs/workbench/api/node/extensionHostProcess.js:29:746)
	at D.C (file:///usr/lib/code/out/vs/workbench/api/node/extensionHostProcess.js:29:816)
	at D.fire (file:///usr/lib/code/out/vs/workbench/api/node/extensionHostProcess.js:29:1033)
	at Object.p [as dispose] (/usr/lib/code/extensions/git/dist/main.js:2:983333)
	at /usr/lib/code/extensions/git/dist/main.js:2:989455
	at Array.forEach (<anonymous>)
	at b.dispose (/usr/lib/code/extensions/git/dist/main.js:2:989441)
	at V1.<anonymous> (file:///usr/lib/code/out/vs/workbench/api/node/extensionHostProcess.js:108:19994)
	at V1.dispose (file:///usr/lib/code/out/vs/workbench/api/node/extensionHostProcess.js:108:20090)
	at V1.<anonymous> (/usr/lib/code/extensions/git/dist/main.js:2:964255)
	at V1.dispose (file:///usr/lib/code/out/vs/workbench/api/node/extensionHostProcess.js:108:20090)
	at ci (file:///usr/lib/code/out/vs/workbench/api/node/extensionHostProcess.js:24:699)
	at file:///usr/lib/code/out/vs/workbench/api/node/extensionHostProcess.js:118:14992
	at file:///usr/lib/code/out/vs/workbench/api/node/extensionHostProcess.js:24:1009
	at Object.dispose (file:///usr/lib/code/out/vs/workbench/api/node/extensionHostProcess.js:7:2146)
	at z_.eb (file:///usr/lib/code/out/vs/workbench/api/node/extensionHostProcess.js:118:11919)
	at file:///usr/lib/code/out/vs/workbench/api/node/extensionHostProcess.js:118:9874
	at Array.map (<anonymous>)
	at z_.$ (file:///usr/lib/code/out/vs/workbench/api/node/extensionHostProcess.js:118:9862)
	at z_.terminate (file:///usr/lib/code/out/vs/workbench/api/node/extensionHostProcess.js:118:10105)
	at EC.terminate (file:///usr/lib/code/out/vs/workbench/api/node/extensionHostProcess.js:119:1424)
	at Zi (file:///usr/lib/code/out/vs/workbench/api/node/extensionHostProcess.js:174:15063)
	at MessagePortMain.<anonymous> (file:///usr/lib/code/out/vs/workbench/api/node/extensionHostProcess.js:174:11611)
	at MessagePortMain.emit (node:events:519:28)
	at MessagePortMain._internalPort.emit (node:electron/js2c/utility_init:2:2949) setContext undefined
2024-10-31 19:43:37.077 [error] Canceled: Canceled
	at new tT (file:///usr/lib/code/out/vs/workbench/api/node/extensionHostProcess.js:31:108738)
	at py.U (file:///usr/lib/code/out/vs/workbench/api/node/extensionHostProcess.js:31:113348)
	at s.<computed>.n.charCodeAt.s.<computed> (file:///usr/lib/code/out/vs/workbench/api/node/extensionHostProcess.js:31:110842)
	at Y0.g (file:///usr/lib/code/out/vs/workbench/api/node/extensionHostProcess.js:114:32313)
	at Y0.executeCommand (file:///usr/lib/code/out/vs/workbench/api/node/extensionHostProcess.js:114:31817)
	at r.registerCommand.description (file:///usr/lib/code/out/vs/workbench/api/node/extensionHostProcess.js:114:31147)
	at Y0.h (file:///usr/lib/code/out/vs/workbench/api/node/extensionHostProcess.js:114:32833)
	at Y0.g (file:///usr/lib/code/out/vs/workbench/api/node/extensionHostProcess.js:114:31910)
	at Y0.executeCommand (file:///usr/lib/code/out/vs/workbench/api/node/extensionHostProcess.js:114:31817)
	at Object.executeCommand (file:///usr/lib/code/out/vs/workbench/api/node/extensionHostProcess.js:156:37246)
	at set hasGitHubRepositories (/usr/lib/code/extensions/github/dist/extension.js:2:328633)
	at /usr/lib/code/extensions/github/dist/extension.js:2:329592
	at mh.value (/usr/lib/code/extensions/git/dist/main.js:2:1073936)
	at D.B (file:///usr/lib/code/out/vs/workbench/api/node/extensionHostProcess.js:29:746)
	at D.C (file:///usr/lib/code/out/vs/workbench/api/node/extensionHostProcess.js:29:816)
	at D.fire (file:///usr/lib/code/out/vs/workbench/api/node/extensionHostProcess.js:29:1033)
	at Object.p [as dispose] (/usr/lib/code/extensions/git/dist/main.js:2:983333)
	at /usr/lib/code/extensions/git/dist/main.js:2:989455
	at Array.forEach (<anonymous>)
	at b.dispose (/usr/lib/code/extensions/git/dist/main.js:2:989441)
	at V1.<anonymous> (file:///usr/lib/code/out/vs/workbench/api/node/extensionHostProcess.js:108:19994)
	at V1.dispose (file:///usr/lib/code/out/vs/workbench/api/node/extensionHostProcess.js:108:20090)
	at V1.<anonymous> (/usr/lib/code/extensions/git/dist/main.js:2:964255)
	at V1.dispose (file:///usr/lib/code/out/vs/workbench/api/node/extensionHostProcess.js:108:20090)
	at ci (file:///usr/lib/code/out/vs/workbench/api/node/extensionHostProcess.js:24:699)
	at file:///usr/lib/code/out/vs/workbench/api/node/extensionHostProcess.js:118:14992
	at file:///usr/lib/code/out/vs/workbench/api/node/extensionHostProcess.js:24:1009
	at Object.dispose (file:///usr/lib/code/out/vs/workbench/api/node/extensionHostProcess.js:7:2146)
	at z_.eb (file:///usr/lib/code/out/vs/workbench/api/node/extensionHostProcess.js:118:11919)
	at file:///usr/lib/code/out/vs/workbench/api/node/extensionHostProcess.js:118:9874
	at Array.map (<anonymous>)
	at z_.$ (file:///usr/lib/code/out/vs/workbench/api/node/extensionHostProcess.js:118:9862)
	at z_.terminate (file:///usr/lib/code/out/vs/workbench/api/node/extensionHostProcess.js:118:10105)
	at EC.terminate (file:///usr/lib/code/out/vs/workbench/api/node/extensionHostProcess.js:119:1424)
	at Zi (file:///usr/lib/code/out/vs/workbench/api/node/extensionHostProcess.js:174:15063)
	at MessagePortMain.<anonymous> (file:///usr/lib/code/out/vs/workbench/api/node/extensionHostProcess.js:174:11611)
	at MessagePortMain.emit (node:events:519:28)
	at MessagePortMain._internalPort.emit (node:electron/js2c/utility_init:2:2949) setContext undefined
2024-10-31 19:43:37.078 [error] Canceled: Canceled
	at new tT (file:///usr/lib/code/out/vs/workbench/api/node/extensionHostProcess.js:31:108738)
	at py.U (file:///usr/lib/code/out/vs/workbench/api/node/extensionHostProcess.js:31:113348)
	at s.<computed>.n.charCodeAt.s.<computed> (file:///usr/lib/code/out/vs/workbench/api/node/extensionHostProcess.js:31:110842)
	at Y0.g (file:///usr/lib/code/out/vs/workbench/api/node/extensionHostProcess.js:114:32313)
	at Y0.executeCommand (file:///usr/lib/code/out/vs/workbench/api/node/extensionHostProcess.js:114:31817)
	at r.registerCommand.description (file:///usr/lib/code/out/vs/workbench/api/node/extensionHostProcess.js:114:31147)
	at Y0.h (file:///usr/lib/code/out/vs/workbench/api/node/extensionHostProcess.js:114:32833)
	at Y0.g (file:///usr/lib/code/out/vs/workbench/api/node/extensionHostProcess.js:114:31910)
	at Y0.executeCommand (file:///usr/lib/code/out/vs/workbench/api/node/extensionHostProcess.js:114:31817)
	at Object.executeCommand (file:///usr/lib/code/out/vs/workbench/api/node/extensionHostProcess.js:156:37246)
	at mh.O [as value] (/usr/lib/code/extensions/git/dist/main.js:2:961845)
	at D.B (file:///usr/lib/code/out/vs/workbench/api/node/extensionHostProcess.js:29:746)
	at D.C (file:///usr/lib/code/out/vs/workbench/api/node/extensionHostProcess.js:29:816)
	at D.fire (file:///usr/lib/code/out/vs/workbench/api/node/extensionHostProcess.js:29:1033)
	at Object.p [as dispose] (/usr/lib/code/extensions/git/dist/main.js:2:983333)
	at /usr/lib/code/extensions/git/dist/main.js:2:989455
	at Array.forEach (<anonymous>)
	at b.dispose (/usr/lib/code/extensions/git/dist/main.js:2:989441)
	at V1.<anonymous> (file:///usr/lib/code/out/vs/workbench/api/node/extensionHostProcess.js:108:19994)
	at V1.dispose (file:///usr/lib/code/out/vs/workbench/api/node/extensionHostProcess.js:108:20090)
	at V1.<anonymous> (/usr/lib/code/extensions/git/dist/main.js:2:964255)
	at V1.dispose (file:///usr/lib/code/out/vs/workbench/api/node/extensionHostProcess.js:108:20090)
	at ci (file:///usr/lib/code/out/vs/workbench/api/node/extensionHostProcess.js:24:699)
	at file:///usr/lib/code/out/vs/workbench/api/node/extensionHostProcess.js:118:14992
	at file:///usr/lib/code/out/vs/workbench/api/node/extensionHostProcess.js:24:1009
	at Object.dispose (file:///usr/lib/code/out/vs/workbench/api/node/extensionHostProcess.js:7:2146)
	at z_.eb (file:///usr/lib/code/out/vs/workbench/api/node/extensionHostProcess.js:118:11919)
	at file:///usr/lib/code/out/vs/workbench/api/node/extensionHostProcess.js:118:9874
	at Array.map (<anonymous>)
	at z_.$ (file:///usr/lib/code/out/vs/workbench/api/node/extensionHostProcess.js:118:9862)
	at z_.terminate (file:///usr/lib/code/out/vs/workbench/api/node/extensionHostProcess.js:118:10105)
	at EC.terminate (file:///usr/lib/code/out/vs/workbench/api/node/extensionHostProcess.js:119:1424)
	at Zi (file:///usr/lib/code/out/vs/workbench/api/node/extensionHostProcess.js:174:15063)
	at MessagePortMain.<anonymous> (file:///usr/lib/code/out/vs/workbench/api/node/extensionHostProcess.js:174:11611)
	at MessagePortMain.emit (node:events:519:28)
	at MessagePortMain._internalPort.emit (node:electron/js2c/utility_init:2:2949) setContext undefined
2024-10-31 19:43:37.078 [error] Canceled: Canceled
	at new tT (file:///usr/lib/code/out/vs/workbench/api/node/extensionHostProcess.js:31:108738)
	at py.U (file:///usr/lib/code/out/vs/workbench/api/node/extensionHostProcess.js:31:113348)
	at s.<computed>.n.charCodeAt.s.<computed> (file:///usr/lib/code/out/vs/workbench/api/node/extensionHostProcess.js:31:110842)
	at Y0.g (file:///usr/lib/code/out/vs/workbench/api/node/extensionHostProcess.js:114:32313)
	at Y0.executeCommand (file:///usr/lib/code/out/vs/workbench/api/node/extensionHostProcess.js:114:31817)
	at r.registerCommand.description (file:///usr/lib/code/out/vs/workbench/api/node/extensionHostProcess.js:114:31147)
	at Y0.h (file:///usr/lib/code/out/vs/workbench/api/node/extensionHostProcess.js:114:32833)
	at Y0.g (file:///usr/lib/code/out/vs/workbench/api/node/extensionHostProcess.js:114:31910)
	at Y0.executeCommand (file:///usr/lib/code/out/vs/workbench/api/node/extensionHostProcess.js:114:31817)
	at Object.executeCommand (file:///usr/lib/code/out/vs/workbench/api/node/extensionHostProcess.js:156:37246)
	at set hasGitHubRepositories (/usr/lib/code/extensions/github/dist/extension.js:2:328633)
	at /usr/lib/code/extensions/github/dist/extension.js:2:329592
	at mh.value (/usr/lib/code/extensions/git/dist/main.js:2:1073936)
	at D.B (file:///usr/lib/code/out/vs/workbench/api/node/extensionHostProcess.js:29:746)
	at D.C (file:///usr/lib/code/out/vs/workbench/api/node/extensionHostProcess.js:29:816)
	at D.fire (file:///usr/lib/code/out/vs/workbench/api/node/extensionHostProcess.js:29:1033)
	at Object.p [as dispose] (/usr/lib/code/extensions/git/dist/main.js:2:983333)
	at /usr/lib/code/extensions/git/dist/main.js:2:989455
	at Array.forEach (<anonymous>)
	at b.dispose (/usr/lib/code/extensions/git/dist/main.js:2:989441)
	at V1.<anonymous> (file:///usr/lib/code/out/vs/workbench/api/node/extensionHostProcess.js:108:19994)
	at V1.dispose (file:///usr/lib/code/out/vs/workbench/api/node/extensionHostProcess.js:108:20090)
	at V1.<anonymous> (/usr/lib/code/extensions/git/dist/main.js:2:964255)
	at V1.dispose (file:///usr/lib/code/out/vs/workbench/api/node/extensionHostProcess.js:108:20090)
	at ci (file:///usr/lib/code/out/vs/workbench/api/node/extensionHostProcess.js:24:699)
	at file:///usr/lib/code/out/vs/workbench/api/node/extensionHostProcess.js:118:14992
	at file:///usr/lib/code/out/vs/workbench/api/node/extensionHostProcess.js:24:1009
	at Object.dispose (file:///usr/lib/code/out/vs/workbench/api/node/extensionHostProcess.js:7:2146)
	at z_.eb (file:///usr/lib/code/out/vs/workbench/api/node/extensionHostProcess.js:118:11919)
	at file:///usr/lib/code/out/vs/workbench/api/node/extensionHostProcess.js:118:9874
	at Array.map (<anonymous>)
	at z_.$ (file:///usr/lib/code/out/vs/workbench/api/node/extensionHostProcess.js:118:9862)
	at z_.terminate (file:///usr/lib/code/out/vs/workbench/api/node/extensionHostProcess.js:118:10105)
	at EC.terminate (file:///usr/lib/code/out/vs/workbench/api/node/extensionHostProcess.js:119:1424)
	at Zi (file:///usr/lib/code/out/vs/workbench/api/node/extensionHostProcess.js:174:15063)
	at MessagePortMain.<anonymous> (file:///usr/lib/code/out/vs/workbench/api/node/extensionHostProcess.js:174:11611)
	at MessagePortMain.emit (node:events:519:28)
	at MessagePortMain._internalPort.emit (node:electron/js2c/utility_init:2:2949) setContext undefined
2024-10-31 19:43:37.079 [error] Canceled: Canceled
	at new tT (file:///usr/lib/code/out/vs/workbench/api/node/extensionHostProcess.js:31:108738)
	at py.U (file:///usr/lib/code/out/vs/workbench/api/node/extensionHostProcess.js:31:113348)
	at s.<computed>.n.charCodeAt.s.<computed> (file:///usr/lib/code/out/vs/workbench/api/node/extensionHostProcess.js:31:110842)
	at Y0.g (file:///usr/lib/code/out/vs/workbench/api/node/extensionHostProcess.js:114:32313)
	at Y0.executeCommand (file:///usr/lib/code/out/vs/workbench/api/node/extensionHostProcess.js:114:31817)
	at r.registerCommand.description (file:///usr/lib/code/out/vs/workbench/api/node/extensionHostProcess.js:114:31147)
	at Y0.h (file:///usr/lib/code/out/vs/workbench/api/node/extensionHostProcess.js:114:32833)
	at Y0.g (file:///usr/lib/code/out/vs/workbench/api/node/extensionHostProcess.js:114:31910)
	at Y0.executeCommand (file:///usr/lib/code/out/vs/workbench/api/node/extensionHostProcess.js:114:31817)
	at Object.executeCommand (file:///usr/lib/code/out/vs/workbench/api/node/extensionHostProcess.js:156:37246)
	at f (/home/jvp/.vscode-oss/extensions/eamodio.gitlens-15.6.2-universal/dist/gitlens.js:1492:13980)
	at c (/home/jvp/.vscode-oss/extensions/eamodio.gitlens-15.6.2-universal/dist/gitlens.js:1492:18539)
	at ActionRunners._updateContextKeys (/home/jvp/.vscode-oss/extensions/eamodio.gitlens-15.6.2-universal/dist/gitlens.js:1107:65658)
	at s (/home/jvp/.vscode-oss/extensions/eamodio.gitlens-15.6.2-universal/dist/gitlens.js:1107:64102)
	at RegisteredActionRunner.unregister (/home/jvp/.vscode-oss/extensions/eamodio.gitlens-15.6.2-universal/dist/gitlens.js:1107:64245)
	at RegisteredActionRunner.dispose (/home/jvp/.vscode-oss/extensions/eamodio.gitlens-15.6.2-universal/dist/gitlens.js:1107:62899)
	at ActionRunners.dispose (/home/jvp/.vscode-oss/extensions/eamodio.gitlens-15.6.2-universal/dist/gitlens.js:1107:63685)
	at /home/jvp/.vscode-oss/extensions/eamodio.gitlens-15.6.2-universal/dist/gitlens.js:1448:19218
	at Array.forEach (<anonymous>)
	at Object.dispose (/home/jvp/.vscode-oss/extensions/eamodio.gitlens-15.6.2-universal/dist/gitlens.js:1448:19200)
	at ci (file:///usr/lib/code/out/vs/workbench/api/node/extensionHostProcess.js:24:699)
	at file:///usr/lib/code/out/vs/workbench/api/node/extensionHostProcess.js:118:14992
	at file:///usr/lib/code/out/vs/workbench/api/node/extensionHostProcess.js:24:1009
	at Object.dispose (file:///usr/lib/code/out/vs/workbench/api/node/extensionHostProcess.js:7:2146)
	at z_.eb (file:///usr/lib/code/out/vs/workbench/api/node/extensionHostProcess.js:118:11919)
	at file:///usr/lib/code/out/vs/workbench/api/node/extensionHostProcess.js:118:9874
	at Array.map (<anonymous>)
	at z_.$ (file:///usr/lib/code/out/vs/workbench/api/node/extensionHostProcess.js:118:9862)
	at z_.terminate (file:///usr/lib/code/out/vs/workbench/api/node/extensionHostProcess.js:118:10105)
	at EC.terminate (file:///usr/lib/code/out/vs/workbench/api/node/extensionHostProcess.js:119:1424)
	at Zi (file:///usr/lib/code/out/vs/workbench/api/node/extensionHostProcess.js:174:15063)
	at MessagePortMain.<anonymous> (file:///usr/lib/code/out/vs/workbench/api/node/extensionHostProcess.js:174:11611)
	at MessagePortMain.emit (node:events:519:28)
	at MessagePortMain._internalPort.emit (node:electron/js2c/utility_init:2:2949) setContext undefined
2024-10-31 19:43:37.079 [error] Canceled: Canceled
	at new tT (file:///usr/lib/code/out/vs/workbench/api/node/extensionHostProcess.js:31:108738)
	at py.U (file:///usr/lib/code/out/vs/workbench/api/node/extensionHostProcess.js:31:113348)
	at s.<computed>.n.charCodeAt.s.<computed> (file:///usr/lib/code/out/vs/workbench/api/node/extensionHostProcess.js:31:110842)
	at Y0.g (file:///usr/lib/code/out/vs/workbench/api/node/extensionHostProcess.js:114:32313)
	at Y0.executeCommand (file:///usr/lib/code/out/vs/workbench/api/node/extensionHostProcess.js:114:31817)
	at r.registerCommand.description (file:///usr/lib/code/out/vs/workbench/api/node/extensionHostProcess.js:114:31147)
	at Y0.h (file:///usr/lib/code/out/vs/workbench/api/node/extensionHostProcess.js:114:32833)
	at Y0.g (file:///usr/lib/code/out/vs/workbench/api/node/extensionHostProcess.js:114:31910)
	at Y0.executeCommand (file:///usr/lib/code/out/vs/workbench/api/node/extensionHostProcess.js:114:31817)
	at Object.executeCommand (file:///usr/lib/code/out/vs/workbench/api/node/extensionHostProcess.js:156:37246)
	at f (/home/jvp/.vscode-oss/extensions/eamodio.gitlens-15.6.2-universal/dist/gitlens.js:1492:13980)
	at c (/home/jvp/.vscode-oss/extensions/eamodio.gitlens-15.6.2-universal/dist/gitlens.js:1492:18539)
	at ActionRunners._updateContextKeys (/home/jvp/.vscode-oss/extensions/eamodio.gitlens-15.6.2-universal/dist/gitlens.js:1107:65658)
	at s (/home/jvp/.vscode-oss/extensions/eamodio.gitlens-15.6.2-universal/dist/gitlens.js:1107:64102)
	at RegisteredActionRunner.unregister (/home/jvp/.vscode-oss/extensions/eamodio.gitlens-15.6.2-universal/dist/gitlens.js:1107:64245)
	at RegisteredActionRunner.dispose (/home/jvp/.vscode-oss/extensions/eamodio.gitlens-15.6.2-universal/dist/gitlens.js:1107:62899)
	at ActionRunners.dispose (/home/jvp/.vscode-oss/extensions/eamodio.gitlens-15.6.2-universal/dist/gitlens.js:1107:63685)
	at /home/jvp/.vscode-oss/extensions/eamodio.gitlens-15.6.2-universal/dist/gitlens.js:1448:19218
	at Array.forEach (<anonymous>)
	at Object.dispose (/home/jvp/.vscode-oss/extensions/eamodio.gitlens-15.6.2-universal/dist/gitlens.js:1448:19200)
	at ci (file:///usr/lib/code/out/vs/workbench/api/node/extensionHostProcess.js:24:699)
	at file:///usr/lib/code/out/vs/workbench/api/node/extensionHostProcess.js:118:14992
	at file:///usr/lib/code/out/vs/workbench/api/node/extensionHostProcess.js:24:1009
	at Object.dispose (file:///usr/lib/code/out/vs/workbench/api/node/extensionHostProcess.js:7:2146)
	at z_.eb (file:///usr/lib/code/out/vs/workbench/api/node/extensionHostProcess.js:118:11919)
	at file:///usr/lib/code/out/vs/workbench/api/node/extensionHostProcess.js:118:9874
	at Array.map (<anonymous>)
	at z_.$ (file:///usr/lib/code/out/vs/workbench/api/node/extensionHostProcess.js:118:9862)
	at z_.terminate (file:///usr/lib/code/out/vs/workbench/api/node/extensionHostProcess.js:118:10105)
	at EC.terminate (file:///usr/lib/code/out/vs/workbench/api/node/extensionHostProcess.js:119:1424)
	at Zi (file:///usr/lib/code/out/vs/workbench/api/node/extensionHostProcess.js:174:15063)
	at MessagePortMain.<anonymous> (file:///usr/lib/code/out/vs/workbench/api/node/extensionHostProcess.js:174:11611)
	at MessagePortMain.emit (node:events:519:28)
	at MessagePortMain._internalPort.emit (node:electron/js2c/utility_init:2:2949) setContext undefined
2024-10-31 19:43:37.079 [error] Canceled: Canceled
	at new tT (file:///usr/lib/code/out/vs/workbench/api/node/extensionHostProcess.js:31:108738)
	at py.U (file:///usr/lib/code/out/vs/workbench/api/node/extensionHostProcess.js:31:113348)
	at s.<computed>.n.charCodeAt.s.<computed> (file:///usr/lib/code/out/vs/workbench/api/node/extensionHostProcess.js:31:110842)
	at Y0.g (file:///usr/lib/code/out/vs/workbench/api/node/extensionHostProcess.js:114:32313)
	at Y0.executeCommand (file:///usr/lib/code/out/vs/workbench/api/node/extensionHostProcess.js:114:31817)
	at r.registerCommand.description (file:///usr/lib/code/out/vs/workbench/api/node/extensionHostProcess.js:114:31147)
	at Y0.h (file:///usr/lib/code/out/vs/workbench/api/node/extensionHostProcess.js:114:32833)
	at Y0.g (file:///usr/lib/code/out/vs/workbench/api/node/extensionHostProcess.js:114:31910)
	at Y0.executeCommand (file:///usr/lib/code/out/vs/workbench/api/node/extensionHostProcess.js:114:31817)
	at Object.executeCommand (file:///usr/lib/code/out/vs/workbench/api/node/extensionHostProcess.js:156:37246)
	at f (/home/jvp/.vscode-oss/extensions/eamodio.gitlens-15.6.2-universal/dist/gitlens.js:1492:13980)
	at c (/home/jvp/.vscode-oss/extensions/eamodio.gitlens-15.6.2-universal/dist/gitlens.js:1492:18539)
	at ActionRunners._updateContextKeys (/home/jvp/.vscode-oss/extensions/eamodio.gitlens-15.6.2-universal/dist/gitlens.js:1107:65658)
	at s (/home/jvp/.vscode-oss/extensions/eamodio.gitlens-15.6.2-universal/dist/gitlens.js:1107:64102)
	at RegisteredActionRunner.unregister (/home/jvp/.vscode-oss/extensions/eamodio.gitlens-15.6.2-universal/dist/gitlens.js:1107:64245)
	at RegisteredActionRunner.dispose (/home/jvp/.vscode-oss/extensions/eamodio.gitlens-15.6.2-universal/dist/gitlens.js:1107:62899)
	at ActionRunners.dispose (/home/jvp/.vscode-oss/extensions/eamodio.gitlens-15.6.2-universal/dist/gitlens.js:1107:63685)
	at /home/jvp/.vscode-oss/extensions/eamodio.gitlens-15.6.2-universal/dist/gitlens.js:1448:19218
	at Array.forEach (<anonymous>)
	at Object.dispose (/home/jvp/.vscode-oss/extensions/eamodio.gitlens-15.6.2-universal/dist/gitlens.js:1448:19200)
	at ci (file:///usr/lib/code/out/vs/workbench/api/node/extensionHostProcess.js:24:699)
	at file:///usr/lib/code/out/vs/workbench/api/node/extensionHostProcess.js:118:14992
	at file:///usr/lib/code/out/vs/workbench/api/node/extensionHostProcess.js:24:1009
	at Object.dispose (file:///usr/lib/code/out/vs/workbench/api/node/extensionHostProcess.js:7:2146)
	at z_.eb (file:///usr/lib/code/out/vs/workbench/api/node/extensionHostProcess.js:118:11919)
	at file:///usr/lib/code/out/vs/workbench/api/node/extensionHostProcess.js:118:9874
	at Array.map (<anonymous>)
	at z_.$ (file:///usr/lib/code/out/vs/workbench/api/node/extensionHostProcess.js:118:9862)
	at z_.terminate (file:///usr/lib/code/out/vs/workbench/api/node/extensionHostProcess.js:118:10105)
	at EC.terminate (file:///usr/lib/code/out/vs/workbench/api/node/extensionHostProcess.js:119:1424)
	at Zi (file:///usr/lib/code/out/vs/workbench/api/node/extensionHostProcess.js:174:15063)
	at MessagePortMain.<anonymous> (file:///usr/lib/code/out/vs/workbench/api/node/extensionHostProcess.js:174:11611)
	at MessagePortMain.emit (node:events:519:28)
	at MessagePortMain._internalPort.emit (node:electron/js2c/utility_init:2:2949) setContext undefined
2024-10-31 19:43:37.080 [info] Extension host with pid 11010 exiting with code 0
2024-10-31 19:43:37.567 [info] Extension host with pid 12202 started
2024-10-31 19:43:37.567 [info] Skipping acquiring lock for /home/jvp/.config/Code - OSS/User/workspaceStorage/9d34552fc4c68fd941606091df6d2049.
2024-10-31 19:43:37.575 [info] ExtensionService#_doActivateExtension vscode.github-authentication, startup: false, activationEvent: 'onAuthenticationRequest:github'
2024-10-31 19:43:37.607 [info] ExtensionService#_doActivateExtension vscode.npm, startup: false, activationEvent: 'onTerminalQuickFixRequest:ms-vscode.npm-command'
2024-10-31 19:43:37.631 [info] ExtensionService#_doActivateExtension vscode.emmet, startup: false, activationEvent: 'onLanguage'
2024-10-31 19:43:37.646 [info] ExtensionService#_doActivateExtension vscode.git-base, startup: false, activationEvent: 'onFileSystem:git', root cause: vscode.git
2024-10-31 19:43:37.667 [info] ExtensionService#_doActivateExtension vscode.git, startup: false, activationEvent: 'onFileSystem:git'
2024-10-31 19:43:37.825 [info] ExtensionService#_doActivateExtension vscode.github, startup: true, activationEvent: '*'
2024-10-31 19:43:37.854 [info] Eager extensions activated
2024-10-31 19:43:37.879 [info] ExtensionService#_doActivateExtension vscode.debug-auto-launch, startup: false, activationEvent: 'onStartupFinished'
2024-10-31 19:43:37.880 [info] ExtensionService#_doActivateExtension vscode.merge-conflict, startup: false, activationEvent: 'onStartupFinished'
2024-10-31 19:43:37.896 [info] ExtensionService#_doActivateExtension antfu.slidev, startup: false, activationEvent: 'onStartupFinished'
2024-10-31 19:43:37.943 [info] ExtensionService#_doActivateExtension antfu.unocss, startup: false, activationEvent: 'onStartupFinished'
2024-10-31 19:43:38.061 [info] ExtensionService#_doActivateExtension dbaeumer.vscode-eslint, startup: false, activationEvent: 'onStartupFinished'
2024-10-31 19:43:38.089 [info] ExtensionService#_doActivateExtension drcika.apc-extension, startup: false, activationEvent: 'onStartupFinished'
2024-10-31 19:43:38.092 [error] Activating extension drcika.apc-extension failed due to an error:
2024-10-31 19:43:38.092 [error] TypeError: Cannot read properties of undefined (reading 'filename')
	at Object.<anonymous> (/home/jvp/.vscode-oss/extensions/drcika.apc-extension-0.4.1-universal/dist/patch.js:17:52)
	at Module._compile (node:internal/modules/cjs/loader:1484:14)
	at Module._extensions..js (node:internal/modules/cjs/loader:1564:10)
	at Module.load (node:internal/modules/cjs/loader:1295:32)
	at Module._load (node:internal/modules/cjs/loader:1111:12)
	at c._load (node:electron/js2c/node_init:2:16955)
	at e._load (file:///usr/lib/code/out/vs/workbench/api/node/extensionHostProcess.js:174:10879)
	at t._load (file:///usr/lib/code/out/vs/workbench/api/node/extensionHostProcess.js:166:22433)
	at i._load (file:///usr/lib/code/out/vs/workbench/api/node/extensionHostProcess.js:158:4651)
	at Module.require (node:internal/modules/cjs/loader:1318:19)
	at require (node:internal/modules/helpers:179:18)
	at Object.<anonymous> (/home/jvp/.vscode-oss/extensions/drcika.apc-extension-0.4.1-universal/dist/extension.js:7:17)
	at Module._compile (node:internal/modules/cjs/loader:1484:14)
	at Module._extensions..js (node:internal/modules/cjs/loader:1564:10)
	at Module.load (node:internal/modules/cjs/loader:1295:32)
	at Module._load (node:internal/modules/cjs/loader:1111:12)
	at c._load (node:electron/js2c/node_init:2:16955)
	at e._load (file:///usr/lib/code/out/vs/workbench/api/node/extensionHostProcess.js:174:10879)
	at t._load (file:///usr/lib/code/out/vs/workbench/api/node/extensionHostProcess.js:166:22433)
	at i._load (file:///usr/lib/code/out/vs/workbench/api/node/extensionHostProcess.js:158:4651)
	at Module.require (node:internal/modules/cjs/loader:1318:19)
	at require (node:internal/modules/helpers:179:18)
	at z_.xb (file:///usr/lib/code/out/vs/workbench/api/node/extensionHostProcess.js:166:23753)
	at async Promise.all (index 0)
2024-10-31 19:43:38.092 [info] ExtensionService#_doActivateExtension dsznajder.es7-react-js-snippets, startup: false, activationEvent: 'onStartupFinished'
2024-10-31 19:43:38.451 [info] ExtensionService#_doActivateExtension eamodio.gitlens, startup: false, activationEvent: 'onStartupFinished'
2024-10-31 19:43:38.570 [info] ExtensionService#_doActivateExtension esbenp.prettier-vscode, startup: false, activationEvent: 'onStartupFinished'
2024-10-31 19:43:38.626 [info] ExtensionService#_doActivateExtension PKief.material-icon-theme, startup: false, activationEvent: 'onStartupFinished'
2024-10-31 19:43:38.648 [info] ExtensionService#_doActivateExtension sainnhe.gruvbox-material, startup: false, activationEvent: 'onStartupFinished'
2024-10-31 19:43:42.790 [info] ExtensionService#_doActivateExtension vscode.configuration-editing, startup: false, activationEvent: 'onLanguage:json'
2024-10-31 19:43:42.801 [info] ExtensionService#_doActivateExtension vscode.extension-editing, startup: false, activationEvent: 'onLanguage:json'
2024-10-31 19:43:42.813 [info] ExtensionService#_doActivateExtension vscode.json-language-features, startup: false, activationEvent: 'onLanguage:json'
2024-10-31 19:43:55.253 [info] ExtensionService#_doActivateExtension NomicFoundation.hardhat-solidity, startup: false, activationEvent: 'onLanguage:solidity'
2024-10-31 19:43:59.840 [warning] vscode.json-language-features - Code actions of kind 'source.fixAll.eslint' requested but returned code action is of kind 'source.sort.json'. Code action will be dropped. Please check 'CodeActionContext.only' to only return requested code actions.
2024-10-31 19:43:59.848 [info] ExtensionService#_doActivateExtension vscode.typescript-language-features, startup: false, activationEvent: 'onLanguage:jsonc'
2024-10-31 19:48:16.018 [info] ExtensionService#_doActivateExtension bungcip.better-toml, startup: false, activationEvent: 'onLanguage:toml'
2024-10-31 19:48:49.505 [warning] vscode.json-language-features - Code actions of kind 'source.fixAll.eslint' requested but returned code action is of kind 'source.sort.json'. Code action will be dropped. Please check 'CodeActionContext.only' to only return requested code actions.
2024-10-31 19:49:16.292 [warning] TextEditor is closed/disposed
2024-10-31 19:49:31.548 [warning] vscode.json-language-features - Code actions of kind 'source.fixAll.eslint' requested but returned code action is of kind 'source.sort.json'. Code action will be dropped. Please check 'CodeActionContext.only' to only return requested code actions.
2024-10-31 19:49:44.862 [warning] TextEditor is closed/disposed
2024-10-31 19:49:49.116 [warning] TextEditor is closed/disposed
2024-10-31 19:49:54.285 [warning] TextEditor is closed/disposed
2024-10-31 19:49:55.653 [warning] TextEditor is closed/disposed
2024-10-31 19:50:02.291 [warning] TextEditor is closed/disposed
2024-10-31 19:50:14.963 [warning] TextEditor is closed/disposed
2024-10-31 19:51:16.620 [warning] vscode.json-language-features - Code actions of kind 'source.fixAll.eslint' requested but returned code action is of kind 'source.sort.json'. Code action will be dropped. Please check 'CodeActionContext.only' to only return requested code actions.
2024-10-31 19:51:17.634 [warning] vscode.json-language-features - Code actions of kind 'source.fixAll.eslint' requested but returned code action is of kind 'source.sort.json'. Code action will be dropped. Please check 'CodeActionContext.only' to only return requested code actions.
2024-10-31 19:51:18.583 [warning] vscode.json-language-features - Code actions of kind 'source.fixAll.eslint' requested but returned code action is of kind 'source.sort.json'. Code action will be dropped. Please check 'CodeActionContext.only' to only return requested code actions.
2024-10-31 22:00:45.599 [info] Extension host terminating: renderer closed the MessagePort
2024-10-31 22:00:45.640 [error] Canceled: Canceled
	at new tT (file:///usr/lib/code/out/vs/workbench/api/node/extensionHostProcess.js:31:108738)
	at py.U (file:///usr/lib/code/out/vs/workbench/api/node/extensionHostProcess.js:31:113348)
	at s.<computed>.n.charCodeAt.s.<computed> (file:///usr/lib/code/out/vs/workbench/api/node/extensionHostProcess.js:31:110842)
	at Y0.g (file:///usr/lib/code/out/vs/workbench/api/node/extensionHostProcess.js:114:32313)
	at Y0.executeCommand (file:///usr/lib/code/out/vs/workbench/api/node/extensionHostProcess.js:114:31817)
	at r.registerCommand.description (file:///usr/lib/code/out/vs/workbench/api/node/extensionHostProcess.js:114:31147)
	at Y0.h (file:///usr/lib/code/out/vs/workbench/api/node/extensionHostProcess.js:114:32833)
	at Y0.g (file:///usr/lib/code/out/vs/workbench/api/node/extensionHostProcess.js:114:31910)
	at Y0.executeCommand (file:///usr/lib/code/out/vs/workbench/api/node/extensionHostProcess.js:114:31817)
	at Object.executeCommand (file:///usr/lib/code/out/vs/workbench/api/node/extensionHostProcess.js:156:37246)
	at mh.O [as value] (/usr/lib/code/extensions/git/dist/main.js:2:961845)
	at D.B (file:///usr/lib/code/out/vs/workbench/api/node/extensionHostProcess.js:29:746)
	at D.C (file:///usr/lib/code/out/vs/workbench/api/node/extensionHostProcess.js:29:816)
	at D.fire (file:///usr/lib/code/out/vs/workbench/api/node/extensionHostProcess.js:29:1033)
	at Object.p [as dispose] (/usr/lib/code/extensions/git/dist/main.js:2:983333)
	at /usr/lib/code/extensions/git/dist/main.js:2:989455
	at Array.forEach (<anonymous>)
	at b.dispose (/usr/lib/code/extensions/git/dist/main.js:2:989441)
	at V1.<anonymous> (file:///usr/lib/code/out/vs/workbench/api/node/extensionHostProcess.js:108:19994)
	at V1.dispose (file:///usr/lib/code/out/vs/workbench/api/node/extensionHostProcess.js:108:20090)
	at V1.<anonymous> (/usr/lib/code/extensions/git/dist/main.js:2:964255)
	at V1.dispose (file:///usr/lib/code/out/vs/workbench/api/node/extensionHostProcess.js:108:20090)
	at ci (file:///usr/lib/code/out/vs/workbench/api/node/extensionHostProcess.js:24:699)
	at file:///usr/lib/code/out/vs/workbench/api/node/extensionHostProcess.js:118:14992
	at file:///usr/lib/code/out/vs/workbench/api/node/extensionHostProcess.js:24:1009
	at Object.dispose (file:///usr/lib/code/out/vs/workbench/api/node/extensionHostProcess.js:7:2146)
	at z_.eb (file:///usr/lib/code/out/vs/workbench/api/node/extensionHostProcess.js:118:11919)
	at file:///usr/lib/code/out/vs/workbench/api/node/extensionHostProcess.js:118:9874
	at Array.map (<anonymous>)
	at z_.$ (file:///usr/lib/code/out/vs/workbench/api/node/extensionHostProcess.js:118:9862)
	at z_.terminate (file:///usr/lib/code/out/vs/workbench/api/node/extensionHostProcess.js:118:10105)
	at EC.terminate (file:///usr/lib/code/out/vs/workbench/api/node/extensionHostProcess.js:119:1424)
	at Zi (file:///usr/lib/code/out/vs/workbench/api/node/extensionHostProcess.js:174:15063)
	at MessagePortMain.<anonymous> (file:///usr/lib/code/out/vs/workbench/api/node/extensionHostProcess.js:174:11611)
	at MessagePortMain.emit (node:events:519:28)
	at MessagePortMain.emit (node:domain:488:12)
	at MessagePortMain._internalPort.emit (node:electron/js2c/utility_init:2:2949) setContext undefined
2024-10-31 22:00:45.642 [error] Canceled: Canceled
	at new tT (file:///usr/lib/code/out/vs/workbench/api/node/extensionHostProcess.js:31:108738)
	at py.U (file:///usr/lib/code/out/vs/workbench/api/node/extensionHostProcess.js:31:113348)
	at s.<computed>.n.charCodeAt.s.<computed> (file:///usr/lib/code/out/vs/workbench/api/node/extensionHostProcess.js:31:110842)
	at Y0.g (file:///usr/lib/code/out/vs/workbench/api/node/extensionHostProcess.js:114:32313)
	at Y0.executeCommand (file:///usr/lib/code/out/vs/workbench/api/node/extensionHostProcess.js:114:31817)
	at r.registerCommand.description (file:///usr/lib/code/out/vs/workbench/api/node/extensionHostProcess.js:114:31147)
	at Y0.h (file:///usr/lib/code/out/vs/workbench/api/node/extensionHostProcess.js:114:32833)
	at Y0.g (file:///usr/lib/code/out/vs/workbench/api/node/extensionHostProcess.js:114:31910)
	at Y0.executeCommand (file:///usr/lib/code/out/vs/workbench/api/node/extensionHostProcess.js:114:31817)
	at Object.executeCommand (file:///usr/lib/code/out/vs/workbench/api/node/extensionHostProcess.js:156:37246)
	at set hasGitHubRepositories (/usr/lib/code/extensions/github/dist/extension.js:2:328633)
	at /usr/lib/code/extensions/github/dist/extension.js:2:329592
	at mh.value (/usr/lib/code/extensions/git/dist/main.js:2:1073936)
	at D.B (file:///usr/lib/code/out/vs/workbench/api/node/extensionHostProcess.js:29:746)
	at D.C (file:///usr/lib/code/out/vs/workbench/api/node/extensionHostProcess.js:29:816)
	at D.fire (file:///usr/lib/code/out/vs/workbench/api/node/extensionHostProcess.js:29:1033)
	at Object.p [as dispose] (/usr/lib/code/extensions/git/dist/main.js:2:983333)
	at /usr/lib/code/extensions/git/dist/main.js:2:989455
	at Array.forEach (<anonymous>)
	at b.dispose (/usr/lib/code/extensions/git/dist/main.js:2:989441)
	at V1.<anonymous> (file:///usr/lib/code/out/vs/workbench/api/node/extensionHostProcess.js:108:19994)
	at V1.dispose (file:///usr/lib/code/out/vs/workbench/api/node/extensionHostProcess.js:108:20090)
	at V1.<anonymous> (/usr/lib/code/extensions/git/dist/main.js:2:964255)
	at V1.dispose (file:///usr/lib/code/out/vs/workbench/api/node/extensionHostProcess.js:108:20090)
	at ci (file:///usr/lib/code/out/vs/workbench/api/node/extensionHostProcess.js:24:699)
	at file:///usr/lib/code/out/vs/workbench/api/node/extensionHostProcess.js:118:14992
	at file:///usr/lib/code/out/vs/workbench/api/node/extensionHostProcess.js:24:1009
	at Object.dispose (file:///usr/lib/code/out/vs/workbench/api/node/extensionHostProcess.js:7:2146)
	at z_.eb (file:///usr/lib/code/out/vs/workbench/api/node/extensionHostProcess.js:118:11919)
	at file:///usr/lib/code/out/vs/workbench/api/node/extensionHostProcess.js:118:9874
	at Array.map (<anonymous>)
	at z_.$ (file:///usr/lib/code/out/vs/workbench/api/node/extensionHostProcess.js:118:9862)
	at z_.terminate (file:///usr/lib/code/out/vs/workbench/api/node/extensionHostProcess.js:118:10105)
	at EC.terminate (file:///usr/lib/code/out/vs/workbench/api/node/extensionHostProcess.js:119:1424)
	at Zi (file:///usr/lib/code/out/vs/workbench/api/node/extensionHostProcess.js:174:15063)
	at MessagePortMain.<anonymous> (file:///usr/lib/code/out/vs/workbench/api/node/extensionHostProcess.js:174:11611)
	at MessagePortMain.emit (node:events:519:28)
	at MessagePortMain.emit (node:domain:488:12)
	at MessagePortMain._internalPort.emit (node:electron/js2c/utility_init:2:2949) setContext undefined
2024-10-31 22:00:45.642 [error] Canceled: Canceled
	at new tT (file:///usr/lib/code/out/vs/workbench/api/node/extensionHostProcess.js:31:108738)
	at py.U (file:///usr/lib/code/out/vs/workbench/api/node/extensionHostProcess.js:31:113348)
	at s.<computed>.n.charCodeAt.s.<computed> (file:///usr/lib/code/out/vs/workbench/api/node/extensionHostProcess.js:31:110842)
	at Y0.g (file:///usr/lib/code/out/vs/workbench/api/node/extensionHostProcess.js:114:32313)
	at Y0.executeCommand (file:///usr/lib/code/out/vs/workbench/api/node/extensionHostProcess.js:114:31817)
	at r.registerCommand.description (file:///usr/lib/code/out/vs/workbench/api/node/extensionHostProcess.js:114:31147)
	at Y0.h (file:///usr/lib/code/out/vs/workbench/api/node/extensionHostProcess.js:114:32833)
	at Y0.g (file:///usr/lib/code/out/vs/workbench/api/node/extensionHostProcess.js:114:31910)
	at Y0.executeCommand (file:///usr/lib/code/out/vs/workbench/api/node/extensionHostProcess.js:114:31817)
	at Object.executeCommand (file:///usr/lib/code/out/vs/workbench/api/node/extensionHostProcess.js:156:37246)
	at mh.O [as value] (/usr/lib/code/extensions/git/dist/main.js:2:961845)
	at D.B (file:///usr/lib/code/out/vs/workbench/api/node/extensionHostProcess.js:29:746)
	at D.C (file:///usr/lib/code/out/vs/workbench/api/node/extensionHostProcess.js:29:816)
	at D.fire (file:///usr/lib/code/out/vs/workbench/api/node/extensionHostProcess.js:29:1033)
	at Object.p [as dispose] (/usr/lib/code/extensions/git/dist/main.js:2:983333)
	at /usr/lib/code/extensions/git/dist/main.js:2:989455
	at Array.forEach (<anonymous>)
	at b.dispose (/usr/lib/code/extensions/git/dist/main.js:2:989441)
	at V1.<anonymous> (file:///usr/lib/code/out/vs/workbench/api/node/extensionHostProcess.js:108:19994)
	at V1.dispose (file:///usr/lib/code/out/vs/workbench/api/node/extensionHostProcess.js:108:20090)
	at V1.<anonymous> (/usr/lib/code/extensions/git/dist/main.js:2:964255)
	at V1.dispose (file:///usr/lib/code/out/vs/workbench/api/node/extensionHostProcess.js:108:20090)
	at ci (file:///usr/lib/code/out/vs/workbench/api/node/extensionHostProcess.js:24:699)
	at file:///usr/lib/code/out/vs/workbench/api/node/extensionHostProcess.js:118:14992
	at file:///usr/lib/code/out/vs/workbench/api/node/extensionHostProcess.js:24:1009
	at Object.dispose (file:///usr/lib/code/out/vs/workbench/api/node/extensionHostProcess.js:7:2146)
	at z_.eb (file:///usr/lib/code/out/vs/workbench/api/node/extensionHostProcess.js:118:11919)
	at file:///usr/lib/code/out/vs/workbench/api/node/extensionHostProcess.js:118:9874
	at Array.map (<anonymous>)
	at z_.$ (file:///usr/lib/code/out/vs/workbench/api/node/extensionHostProcess.js:118:9862)
	at z_.terminate (file:///usr/lib/code/out/vs/workbench/api/node/extensionHostProcess.js:118:10105)
	at EC.terminate (file:///usr/lib/code/out/vs/workbench/api/node/extensionHostProcess.js:119:1424)
	at Zi (file:///usr/lib/code/out/vs/workbench/api/node/extensionHostProcess.js:174:15063)
	at MessagePortMain.<anonymous> (file:///usr/lib/code/out/vs/workbench/api/node/extensionHostProcess.js:174:11611)
	at MessagePortMain.emit (node:events:519:28)
	at MessagePortMain.emit (node:domain:488:12)
	at MessagePortMain._internalPort.emit (node:electron/js2c/utility_init:2:2949) setContext undefined
2024-10-31 22:00:45.642 [error] Canceled: Canceled
	at new tT (file:///usr/lib/code/out/vs/workbench/api/node/extensionHostProcess.js:31:108738)
	at py.U (file:///usr/lib/code/out/vs/workbench/api/node/extensionHostProcess.js:31:113348)
	at s.<computed>.n.charCodeAt.s.<computed> (file:///usr/lib/code/out/vs/workbench/api/node/extensionHostProcess.js:31:110842)
	at Y0.g (file:///usr/lib/code/out/vs/workbench/api/node/extensionHostProcess.js:114:32313)
	at Y0.executeCommand (file:///usr/lib/code/out/vs/workbench/api/node/extensionHostProcess.js:114:31817)
	at r.registerCommand.description (file:///usr/lib/code/out/vs/workbench/api/node/extensionHostProcess.js:114:31147)
	at Y0.h (file:///usr/lib/code/out/vs/workbench/api/node/extensionHostProcess.js:114:32833)
	at Y0.g (file:///usr/lib/code/out/vs/workbench/api/node/extensionHostProcess.js:114:31910)
	at Y0.executeCommand (file:///usr/lib/code/out/vs/workbench/api/node/extensionHostProcess.js:114:31817)
	at Object.executeCommand (file:///usr/lib/code/out/vs/workbench/api/node/extensionHostProcess.js:156:37246)
	at set hasGitHubRepositories (/usr/lib/code/extensions/github/dist/extension.js:2:328633)
	at /usr/lib/code/extensions/github/dist/extension.js:2:329592
	at mh.value (/usr/lib/code/extensions/git/dist/main.js:2:1073936)
	at D.B (file:///usr/lib/code/out/vs/workbench/api/node/extensionHostProcess.js:29:746)
	at D.C (file:///usr/lib/code/out/vs/workbench/api/node/extensionHostProcess.js:29:816)
	at D.fire (file:///usr/lib/code/out/vs/workbench/api/node/extensionHostProcess.js:29:1033)
	at Object.p [as dispose] (/usr/lib/code/extensions/git/dist/main.js:2:983333)
	at /usr/lib/code/extensions/git/dist/main.js:2:989455
	at Array.forEach (<anonymous>)
	at b.dispose (/usr/lib/code/extensions/git/dist/main.js:2:989441)
	at V1.<anonymous> (file:///usr/lib/code/out/vs/workbench/api/node/extensionHostProcess.js:108:19994)
	at V1.dispose (file:///usr/lib/code/out/vs/workbench/api/node/extensionHostProcess.js:108:20090)
	at V1.<anonymous> (/usr/lib/code/extensions/git/dist/main.js:2:964255)
	at V1.dispose (file:///usr/lib/code/out/vs/workbench/api/node/extensionHostProcess.js:108:20090)
	at ci (file:///usr/lib/code/out/vs/workbench/api/node/extensionHostProcess.js:24:699)
	at file:///usr/lib/code/out/vs/workbench/api/node/extensionHostProcess.js:118:14992
	at file:///usr/lib/code/out/vs/workbench/api/node/extensionHostProcess.js:24:1009
	at Object.dispose (file:///usr/lib/code/out/vs/workbench/api/node/extensionHostProcess.js:7:2146)
	at z_.eb (file:///usr/lib/code/out/vs/workbench/api/node/extensionHostProcess.js:118:11919)
	at file:///usr/lib/code/out/vs/workbench/api/node/extensionHostProcess.js:118:9874
	at Array.map (<anonymous>)
	at z_.$ (file:///usr/lib/code/out/vs/workbench/api/node/extensionHostProcess.js:118:9862)
	at z_.terminate (file:///usr/lib/code/out/vs/workbench/api/node/extensionHostProcess.js:118:10105)
	at EC.terminate (file:///usr/lib/code/out/vs/workbench/api/node/extensionHostProcess.js:119:1424)
	at Zi (file:///usr/lib/code/out/vs/workbench/api/node/extensionHostProcess.js:174:15063)
	at MessagePortMain.<anonymous> (file:///usr/lib/code/out/vs/workbench/api/node/extensionHostProcess.js:174:11611)
	at MessagePortMain.emit (node:events:519:28)
	at MessagePortMain.emit (node:domain:488:12)
	at MessagePortMain._internalPort.emit (node:electron/js2c/utility_init:2:2949) setContext undefined
2024-10-31 22:00:45.645 [error] Canceled: Canceled
	at new tT (file:///usr/lib/code/out/vs/workbench/api/node/extensionHostProcess.js:31:108738)
	at py.U (file:///usr/lib/code/out/vs/workbench/api/node/extensionHostProcess.js:31:113348)
	at s.<computed>.n.charCodeAt.s.<computed> (file:///usr/lib/code/out/vs/workbench/api/node/extensionHostProcess.js:31:110842)
	at Y0.g (file:///usr/lib/code/out/vs/workbench/api/node/extensionHostProcess.js:114:32313)
	at Y0.executeCommand (file:///usr/lib/code/out/vs/workbench/api/node/extensionHostProcess.js:114:31817)
	at r.registerCommand.description (file:///usr/lib/code/out/vs/workbench/api/node/extensionHostProcess.js:114:31147)
	at Y0.h (file:///usr/lib/code/out/vs/workbench/api/node/extensionHostProcess.js:114:32833)
	at Y0.g (file:///usr/lib/code/out/vs/workbench/api/node/extensionHostProcess.js:114:31910)
	at Y0.executeCommand (file:///usr/lib/code/out/vs/workbench/api/node/extensionHostProcess.js:114:31817)
	at Object.executeCommand (file:///usr/lib/code/out/vs/workbench/api/node/extensionHostProcess.js:156:37246)
	at f (/home/jvp/.vscode-oss/extensions/eamodio.gitlens-15.6.2-universal/dist/gitlens.js:1492:13980)
	at c (/home/jvp/.vscode-oss/extensions/eamodio.gitlens-15.6.2-universal/dist/gitlens.js:1492:18539)
	at ActionRunners._updateContextKeys (/home/jvp/.vscode-oss/extensions/eamodio.gitlens-15.6.2-universal/dist/gitlens.js:1107:65658)
	at s (/home/jvp/.vscode-oss/extensions/eamodio.gitlens-15.6.2-universal/dist/gitlens.js:1107:64102)
	at RegisteredActionRunner.unregister (/home/jvp/.vscode-oss/extensions/eamodio.gitlens-15.6.2-universal/dist/gitlens.js:1107:64245)
	at RegisteredActionRunner.dispose (/home/jvp/.vscode-oss/extensions/eamodio.gitlens-15.6.2-universal/dist/gitlens.js:1107:62899)
	at ActionRunners.dispose (/home/jvp/.vscode-oss/extensions/eamodio.gitlens-15.6.2-universal/dist/gitlens.js:1107:63685)
	at /home/jvp/.vscode-oss/extensions/eamodio.gitlens-15.6.2-universal/dist/gitlens.js:1448:19218
	at Array.forEach (<anonymous>)
	at Object.dispose (/home/jvp/.vscode-oss/extensions/eamodio.gitlens-15.6.2-universal/dist/gitlens.js:1448:19200)
	at ci (file:///usr/lib/code/out/vs/workbench/api/node/extensionHostProcess.js:24:699)
	at file:///usr/lib/code/out/vs/workbench/api/node/extensionHostProcess.js:118:14992
	at file:///usr/lib/code/out/vs/workbench/api/node/extensionHostProcess.js:24:1009
	at Object.dispose (file:///usr/lib/code/out/vs/workbench/api/node/extensionHostProcess.js:7:2146)
	at z_.eb (file:///usr/lib/code/out/vs/workbench/api/node/extensionHostProcess.js:118:11919)
	at file:///usr/lib/code/out/vs/workbench/api/node/extensionHostProcess.js:118:9874
	at Array.map (<anonymous>)
	at z_.$ (file:///usr/lib/code/out/vs/workbench/api/node/extensionHostProcess.js:118:9862)
	at z_.terminate (file:///usr/lib/code/out/vs/workbench/api/node/extensionHostProcess.js:118:10105)
	at EC.terminate (file:///usr/lib/code/out/vs/workbench/api/node/extensionHostProcess.js:119:1424)
	at Zi (file:///usr/lib/code/out/vs/workbench/api/node/extensionHostProcess.js:174:15063)
	at MessagePortMain.<anonymous> (file:///usr/lib/code/out/vs/workbench/api/node/extensionHostProcess.js:174:11611)
	at MessagePortMain.emit (node:events:519:28)
	at MessagePortMain.emit (node:domain:488:12)
	at MessagePortMain._internalPort.emit (node:electron/js2c/utility_init:2:2949) setContext undefined
2024-10-31 22:00:45.645 [error] Canceled: Canceled
	at new tT (file:///usr/lib/code/out/vs/workbench/api/node/extensionHostProcess.js:31:108738)
	at py.U (file:///usr/lib/code/out/vs/workbench/api/node/extensionHostProcess.js:31:113348)
	at s.<computed>.n.charCodeAt.s.<computed> (file:///usr/lib/code/out/vs/workbench/api/node/extensionHostProcess.js:31:110842)
	at Y0.g (file:///usr/lib/code/out/vs/workbench/api/node/extensionHostProcess.js:114:32313)
	at Y0.executeCommand (file:///usr/lib/code/out/vs/workbench/api/node/extensionHostProcess.js:114:31817)
	at r.registerCommand.description (file:///usr/lib/code/out/vs/workbench/api/node/extensionHostProcess.js:114:31147)
	at Y0.h (file:///usr/lib/code/out/vs/workbench/api/node/extensionHostProcess.js:114:32833)
	at Y0.g (file:///usr/lib/code/out/vs/workbench/api/node/extensionHostProcess.js:114:31910)
	at Y0.executeCommand (file:///usr/lib/code/out/vs/workbench/api/node/extensionHostProcess.js:114:31817)
	at Object.executeCommand (file:///usr/lib/code/out/vs/workbench/api/node/extensionHostProcess.js:156:37246)
	at f (/home/jvp/.vscode-oss/extensions/eamodio.gitlens-15.6.2-universal/dist/gitlens.js:1492:13980)
	at c (/home/jvp/.vscode-oss/extensions/eamodio.gitlens-15.6.2-universal/dist/gitlens.js:1492:18539)
	at ActionRunners._updateContextKeys (/home/jvp/.vscode-oss/extensions/eamodio.gitlens-15.6.2-universal/dist/gitlens.js:1107:65658)
	at s (/home/jvp/.vscode-oss/extensions/eamodio.gitlens-15.6.2-universal/dist/gitlens.js:1107:64102)
	at RegisteredActionRunner.unregister (/home/jvp/.vscode-oss/extensions/eamodio.gitlens-15.6.2-universal/dist/gitlens.js:1107:64245)
	at RegisteredActionRunner.dispose (/home/jvp/.vscode-oss/extensions/eamodio.gitlens-15.6.2-universal/dist/gitlens.js:1107:62899)
	at ActionRunners.dispose (/home/jvp/.vscode-oss/extensions/eamodio.gitlens-15.6.2-universal/dist/gitlens.js:1107:63685)
	at /home/jvp/.vscode-oss/extensions/eamodio.gitlens-15.6.2-universal/dist/gitlens.js:1448:19218
	at Array.forEach (<anonymous>)
	at Object.dispose (/home/jvp/.vscode-oss/extensions/eamodio.gitlens-15.6.2-universal/dist/gitlens.js:1448:19200)
	at ci (file:///usr/lib/code/out/vs/workbench/api/node/extensionHostProcess.js:24:699)
	at file:///usr/lib/code/out/vs/workbench/api/node/extensionHostProcess.js:118:14992
	at file:///usr/lib/code/out/vs/workbench/api/node/extensionHostProcess.js:24:1009
	at Object.dispose (file:///usr/lib/code/out/vs/workbench/api/node/extensionHostProcess.js:7:2146)
	at z_.eb (file:///usr/lib/code/out/vs/workbench/api/node/extensionHostProcess.js:118:11919)
	at file:///usr/lib/code/out/vs/workbench/api/node/extensionHostProcess.js:118:9874
	at Array.map (<anonymous>)
	at z_.$ (file:///usr/lib/code/out/vs/workbench/api/node/extensionHostProcess.js:118:9862)
	at z_.terminate (file:///usr/lib/code/out/vs/workbench/api/node/extensionHostProcess.js:118:10105)
	at EC.terminate (file:///usr/lib/code/out/vs/workbench/api/node/extensionHostProcess.js:119:1424)
	at Zi (file:///usr/lib/code/out/vs/workbench/api/node/extensionHostProcess.js:174:15063)
	at MessagePortMain.<anonymous> (file:///usr/lib/code/out/vs/workbench/api/node/extensionHostProcess.js:174:11611)
	at MessagePortMain.emit (node:events:519:28)
	at MessagePortMain.emit (node:domain:488:12)
	at MessagePortMain._internalPort.emit (node:electron/js2c/utility_init:2:2949) setContext undefined
2024-10-31 22:00:45.645 [error] Canceled: Canceled
	at new tT (file:///usr/lib/code/out/vs/workbench/api/node/extensionHostProcess.js:31:108738)
	at py.U (file:///usr/lib/code/out/vs/workbench/api/node/extensionHostProcess.js:31:113348)
	at s.<computed>.n.charCodeAt.s.<computed> (file:///usr/lib/code/out/vs/workbench/api/node/extensionHostProcess.js:31:110842)
	at Y0.g (file:///usr/lib/code/out/vs/workbench/api/node/extensionHostProcess.js:114:32313)
	at Y0.executeCommand (file:///usr/lib/code/out/vs/workbench/api/node/extensionHostProcess.js:114:31817)
	at r.registerCommand.description (file:///usr/lib/code/out/vs/workbench/api/node/extensionHostProcess.js:114:31147)
	at Y0.h (file:///usr/lib/code/out/vs/workbench/api/node/extensionHostProcess.js:114:32833)
	at Y0.g (file:///usr/lib/code/out/vs/workbench/api/node/extensionHostProcess.js:114:31910)
	at Y0.executeCommand (file:///usr/lib/code/out/vs/workbench/api/node/extensionHostProcess.js:114:31817)
	at Object.executeCommand (file:///usr/lib/code/out/vs/workbench/api/node/extensionHostProcess.js:156:37246)
	at f (/home/jvp/.vscode-oss/extensions/eamodio.gitlens-15.6.2-universal/dist/gitlens.js:1492:13980)
	at c (/home/jvp/.vscode-oss/extensions/eamodio.gitlens-15.6.2-universal/dist/gitlens.js:1492:18539)
	at ActionRunners._updateContextKeys (/home/jvp/.vscode-oss/extensions/eamodio.gitlens-15.6.2-universal/dist/gitlens.js:1107:65658)
	at s (/home/jvp/.vscode-oss/extensions/eamodio.gitlens-15.6.2-universal/dist/gitlens.js:1107:64102)
	at RegisteredActionRunner.unregister (/home/jvp/.vscode-oss/extensions/eamodio.gitlens-15.6.2-universal/dist/gitlens.js:1107:64245)
	at RegisteredActionRunner.dispose (/home/jvp/.vscode-oss/extensions/eamodio.gitlens-15.6.2-universal/dist/gitlens.js:1107:62899)
	at ActionRunners.dispose (/home/jvp/.vscode-oss/extensions/eamodio.gitlens-15.6.2-universal/dist/gitlens.js:1107:63685)
	at /home/jvp/.vscode-oss/extensions/eamodio.gitlens-15.6.2-universal/dist/gitlens.js:1448:19218
	at Array.forEach (<anonymous>)
	at Object.dispose (/home/jvp/.vscode-oss/extensions/eamodio.gitlens-15.6.2-universal/dist/gitlens.js:1448:19200)
	at ci (file:///usr/lib/code/out/vs/workbench/api/node/extensionHostProcess.js:24:699)
	at file:///usr/lib/code/out/vs/workbench/api/node/extensionHostProcess.js:118:14992
	at file:///usr/lib/code/out/vs/workbench/api/node/extensionHostProcess.js:24:1009
	at Object.dispose (file:///usr/lib/code/out/vs/workbench/api/node/extensionHostProcess.js:7:2146)
	at z_.eb (file:///usr/lib/code/out/vs/workbench/api/node/extensionHostProcess.js:118:11919)
	at file:///usr/lib/code/out/vs/workbench/api/node/extensionHostProcess.js:118:9874
	at Array.map (<anonymous>)
	at z_.$ (file:///usr/lib/code/out/vs/workbench/api/node/extensionHostProcess.js:118:9862)
	at z_.terminate (file:///usr/lib/code/out/vs/workbench/api/node/extensionHostProcess.js:118:10105)
	at EC.terminate (file:///usr/lib/code/out/vs/workbench/api/node/extensionHostProcess.js:119:1424)
	at Zi (file:///usr/lib/code/out/vs/workbench/api/node/extensionHostProcess.js:174:15063)
	at MessagePortMain.<anonymous> (file:///usr/lib/code/out/vs/workbench/api/node/extensionHostProcess.js:174:11611)
	at MessagePortMain.emit (node:events:519:28)
	at MessagePortMain.emit (node:domain:488:12)
	at MessagePortMain._internalPort.emit (node:electron/js2c/utility_init:2:2949) setContext undefined
2024-10-31 22:00:45.648 [info] Extension host with pid 12202 exiting with code 0
