2024-11-04 16:52:38.571 [info] Reading sessions from keychain...
2024-11-04 16:52:38.571 [info] Getting sessions for all scopes...
2024-11-04 16:52:38.571 [info] Getting sessions for all scopes...
2024-11-04 16:52:38.571 [info] Got stored sessions!
2024-11-04 16:52:38.571 [info] Got 1 verified sessions.
2024-11-04 16:52:38.571 [info] Got 1 sessions for ...
2024-11-04 16:52:38.571 [info] Got 1 sessions for ...
2024-11-04 16:52:38.571 [info] Getting sessions for read:user,repo,user:email...
2024-11-04 16:52:38.571 [info] Got 0 sessions for read:user,repo,user:email...
2024-11-04 16:52:38.571 [info] Getting sessions for all scopes...
2024-11-04 16:52:38.571 [info] Got 1 sessions for ...
2024-11-04 16:52:38.571 [info] Getting sessions for all scopes...
2024-11-04 16:52:38.571 [info] Got 1 sessions for ...
2024-11-04 16:52:40.031 [info] Getting sessions for read:user,repo,user:email,workflow...
2024-11-04 16:52:40.031 [info] Got 1 sessions for read:user,repo,user:email,workflow...
2024-11-04 16:52:40.946 [info] Getting sessions for all scopes...
2024-11-04 16:52:40.946 [info] Got 1 sessions for ...
2024-11-04 17:19:04.030 [info] Getting sessions for all scopes...
2024-11-04 17:19:04.030 [info] Got 1 sessions for ...
2024-11-04 17:19:15.136 [info] Getting sessions for all scopes...
2024-11-04 17:19:15.136 [info] Got 1 sessions for ...
2024-11-04 17:29:18.762 [info] Getting sessions for all scopes...
2024-11-04 17:29:18.762 [info] Got 1 sessions for ...
2024-11-04 17:29:22.007 [info] Getting sessions for all scopes...
2024-11-04 17:29:22.007 [info] Got 1 sessions for ...
