2024-11-05 14:06:06.695 [info] [main] Log level: Info
2024-11-05 14:06:06.695 [info] [main] Validating found git in: "git"
2024-11-05 14:06:06.695 [info] [main] Using git "2.47.0" from "git"
2024-11-05 14:06:06.695 [info] [Model][doInitialScan] Initial repository scan started
2024-11-05 14:06:06.695 [info] > git rev-parse --show-toplevel [3ms]
2024-11-05 14:06:06.695 [info] > git rev-parse --git-dir --git-common-dir [458ms]
2024-11-05 14:06:06.695 [info] [Model][openRepository] Opened repository: /home/jvp/Desktop/projects/foundry-project
2024-11-05 14:06:06.718 [info] > git rev-parse --show-toplevel [9ms]
2024-11-05 14:06:06.718 [info] > git config --get commit.template [16ms]
2024-11-05 14:06:06.729 [info] [Git][getRemotes] No remotes found in the git config file
2024-11-05 14:06:06.738 [info] > git for-each-ref --format=%(refname)%00%(upstream:short)%00%(objectname)%00%(upstream:track)%00%(upstream:remotename)%00%(upstream:remoteref) refs/heads/master refs/remotes/master [8ms]
2024-11-05 14:06:06.781 [info] > git for-each-ref --sort -committerdate --format %(refname) %(objectname) %(*objectname) [27ms]
2024-11-05 14:06:06.781 [info] > git rev-parse --show-toplevel [45ms]
2024-11-05 14:06:06.792 [info] > git rev-parse --show-toplevel [1ms]
2024-11-05 14:06:06.800 [info] > git rev-parse --show-toplevel [1ms]
2024-11-05 14:06:06.808 [info] > git rev-parse --show-toplevel [2ms]
2024-11-05 14:06:06.815 [info] > git rev-parse --show-toplevel [1ms]
2024-11-05 14:06:06.823 [info] > git rev-parse --show-toplevel [1ms]
2024-11-05 14:06:06.831 [info] > git rev-parse --show-toplevel [1ms]
2024-11-05 14:06:06.833 [info] [Model][doInitialScan] Initial repository scan completed - repositories (1), closed repositories (0), parent repositories (0), unsafe repositories (0)
2024-11-05 14:06:06.965 [info] > git show --textconv :test/FundMeTest.t.sol [12ms]
2024-11-05 14:06:06.967 [info] > git ls-files --stage -- /home/jvp/Desktop/projects/foundry-project/test/FundMeTest.t.sol [3ms]
2024-11-05 14:06:07.222 [info] > git status -z -uall [476ms]
2024-11-05 14:06:07.246 [info] > git check-ignore -v -z --stdin [24ms]
2024-11-05 14:06:07.246 [info] > git for-each-ref --format=%(refname)%00%(upstream:short)%00%(objectname)%00%(upstream:track)%00%(upstream:remotename)%00%(upstream:remoteref) refs/heads/master refs/remotes/master [11ms]
2024-11-05 14:06:07.256 [info] > git config --local branch.master.vscode-merge-base [2ms]
2024-11-05 14:06:07.256 [warning] [Git][config] git config failed: Failed to execute git
2024-11-05 14:06:07.264 [info] > git config --get commit.template [19ms]
2024-11-05 14:06:07.276 [info] [Git][getRemotes] No remotes found in the git config file
2024-11-05 14:06:07.276 [info] > git reflog master --grep-reflog=branch: Created from *. [12ms]
2024-11-05 14:06:07.283 [info] > git for-each-ref --format=%(refname)%00%(upstream:short)%00%(objectname)%00%(upstream:track)%00%(upstream:remotename)%00%(upstream:remoteref) refs/heads/master refs/remotes/master [8ms]
2024-11-05 14:06:07.298 [info] > git symbolic-ref --short refs/remotes/origin/HEAD [16ms]
2024-11-05 14:06:07.298 [info] fatal: ref refs/remotes/origin/HEAD is not a symbolic ref
2024-11-05 14:06:07.298 [warning] [Repository][getDefaultBranch] Failed to get default branch details: Failed to execute git.
2024-11-05 14:06:07.299 [info] > git for-each-ref --sort -committerdate --format %(refname) %(objectname) %(*objectname) [3ms]
2024-11-05 14:06:07.361 [info] > git status -z -uall [72ms]
2024-11-05 14:06:07.871 [info] > git rev-parse --show-toplevel [1ms]
2024-11-05 14:06:07.880 [info] > git rev-parse --git-dir --git-common-dir [1ms]
2024-11-05 14:06:07.882 [info] [Model][openRepository] Opened repository: /home/jvp/Desktop/projects/foundry-project/lib/forge-std
2024-11-05 14:06:07.899 [info] > git config --get commit.template [9ms]
2024-11-05 14:06:07.899 [info] > git rev-parse --show-toplevel [1ms]
2024-11-05 14:06:07.918 [info] > git for-each-ref --format %(refname) %(objectname) %(*objectname) refs/tags [9ms]
2024-11-05 14:06:07.940 [info] > git status -z -uall [14ms]
2024-11-05 14:06:07.941 [info] > git rev-parse --git-dir --git-common-dir [24ms]
2024-11-05 14:06:07.943 [info] [Model][openRepository] Opened repository: /home/jvp/Desktop/projects/foundry-project/lib/chainlink-brownie-contracts
2024-11-05 14:06:07.952 [info] > git for-each-ref --sort -committerdate --format %(refname) %(objectname) %(*objectname) [16ms]
2024-11-05 14:06:07.965 [info] > git config --get commit.template [13ms]
2024-11-05 14:06:07.966 [info] > git config --get commit.template [3ms]
2024-11-05 14:06:08.004 [info] > git for-each-ref --format %(refname) %(objectname) %(*objectname) refs/tags [30ms]
2024-11-05 14:06:08.023 [info] > git for-each-ref --format %(refname) %(objectname) %(*objectname) refs/tags [19ms]
2024-11-05 14:06:08.043 [info] > git status -z -uall [12ms]
2024-11-05 14:06:08.043 [info] > git for-each-ref --sort -committerdate --format %(refname) %(objectname) %(*objectname) [21ms]
2024-11-05 14:06:08.044 [info] > git for-each-ref --sort -committerdate --format %(refname) %(objectname) %(*objectname) [3ms]
2024-11-05 14:06:08.078 [info] > git status -z -uall [65ms]
2024-11-05 14:06:08.096 [info] > git config --get commit.template [9ms]
2024-11-05 14:06:08.097 [info] > git for-each-ref --format %(refname) %(objectname) %(*objectname) refs/tags [1ms]
2024-11-05 14:06:08.116 [info] > git for-each-ref --sort -committerdate --format %(refname) %(objectname) %(*objectname) [2ms]
2024-11-05 14:06:08.170 [info] > git status -z -uall [64ms]
2024-11-05 14:06:09.127 [info] > git check-ignore -v -z --stdin [2ms]
2024-11-05 14:06:10.079 [info] > git check-ignore -v -z --stdin [0ms]
2024-11-05 14:06:10.240 [info] > git show --textconv :script/DeployFundMe.s.sol [12ms]
2024-11-05 14:06:10.241 [info] > git ls-files --stage -- /home/jvp/Desktop/projects/foundry-project/script/DeployFundMe.s.sol [1ms]
2024-11-05 14:06:13.103 [info] > git show --textconv :test/FundMeTest.t.sol [9ms]
2024-11-05 14:06:13.104 [info] > git ls-files --stage -- /home/jvp/Desktop/projects/foundry-project/test/FundMeTest.t.sol [1ms]
2024-11-05 14:06:15.115 [info] > git check-ignore -v -z --stdin [1ms]
2024-11-05 14:06:15.381 [info] > git show --textconv :src/FundMe.sol [9ms]
2024-11-05 14:06:15.382 [info] > git ls-files --stage -- /home/jvp/Desktop/projects/foundry-project/src/FundMe.sol [1ms]
2024-11-05 14:07:11.321 [info] > git show --textconv :test/FundMeTest.t.sol [11ms]
2024-11-05 14:07:11.322 [info] > git ls-files --stage -- /home/jvp/Desktop/projects/foundry-project/test/FundMeTest.t.sol [2ms]
2024-11-05 14:07:51.259 [info] [Git][getRemotes] No remotes found in the git config file
2024-11-05 14:07:51.260 [info] > git config --get commit.template [14ms]
2024-11-05 14:07:51.260 [info] > git for-each-ref --format=%(refname)%00%(upstream:short)%00%(objectname)%00%(upstream:track)%00%(upstream:remotename)%00%(upstream:remoteref) refs/heads/master refs/remotes/master [2ms]
2024-11-05 14:07:51.286 [info] > git for-each-ref --sort -committerdate --format %(refname) %(objectname) %(*objectname) [1ms]
2024-11-05 14:07:51.348 [info] > git status -z -uall [76ms]
2024-11-05 14:10:05.497 [info] [Git][getRemotes] No remotes found in the git config file
2024-11-05 14:10:05.498 [info] > git config --get commit.template [16ms]
2024-11-05 14:10:05.499 [info] > git for-each-ref --format=%(refname)%00%(upstream:short)%00%(objectname)%00%(upstream:track)%00%(upstream:remotename)%00%(upstream:remoteref) refs/heads/master refs/remotes/master [2ms]
2024-11-05 14:10:05.524 [info] > git for-each-ref --sort -committerdate --format %(refname) %(objectname) %(*objectname) [1ms]
2024-11-05 14:10:05.586 [info] > git status -z -uall [76ms]
2024-11-05 14:17:59.623 [info] > git show --textconv :.env [10ms]
2024-11-05 14:17:59.624 [info] > git ls-files --stage -- /home/jvp/Desktop/projects/foundry-project/.env [2ms]
2024-11-05 14:17:59.888 [info] > git check-ignore -v -z --stdin [1ms]
2024-11-05 14:18:01.095 [info] [Git][getRemotes] No remotes found in the git config file
2024-11-05 14:18:01.095 [info] > git config --get commit.template [12ms]
2024-11-05 14:18:01.096 [info] > git for-each-ref --format=%(refname)%00%(upstream:short)%00%(objectname)%00%(upstream:track)%00%(upstream:remotename)%00%(upstream:remoteref) refs/heads/master refs/remotes/master [2ms]
2024-11-05 14:18:01.115 [info] > git for-each-ref --sort -committerdate --format %(refname) %(objectname) %(*objectname) [2ms]
2024-11-05 14:18:01.176 [info] > git status -z -uall [72ms]
2024-11-05 14:18:09.417 [info] [Git][getRemotes] No remotes found in the git config file
2024-11-05 14:18:09.428 [info] > git config --get commit.template [11ms]
2024-11-05 14:18:09.428 [info] > git for-each-ref --format=%(refname)%00%(upstream:short)%00%(objectname)%00%(upstream:track)%00%(upstream:remotename)%00%(upstream:remoteref) refs/heads/master refs/remotes/master [1ms]
2024-11-05 14:18:09.448 [info] > git for-each-ref --sort -committerdate --format %(refname) %(objectname) %(*objectname) [0ms]
2024-11-05 14:18:09.509 [info] > git status -z -uall [72ms]
2024-11-05 14:18:16.375 [info] > git config --get commit.template [2ms]
2024-11-05 14:18:16.387 [info] [Git][getRemotes] No remotes found in the git config file
2024-11-05 14:18:16.388 [info] > git for-each-ref --format=%(refname)%00%(upstream:short)%00%(objectname)%00%(upstream:track)%00%(upstream:remotename)%00%(upstream:remoteref) refs/heads/master refs/remotes/master [1ms]
2024-11-05 14:18:16.412 [info] > git for-each-ref --sort -committerdate --format %(refname) %(objectname) %(*objectname) [2ms]
2024-11-05 14:18:16.469 [info] > git status -z -uall [70ms]
2024-11-05 14:18:17.843 [info] > git show --textconv :.gitignore [17ms]
2024-11-05 14:18:17.843 [info] > git ls-files --stage -- /home/jvp/Desktop/projects/foundry-project/.gitignore [1ms]
2024-11-05 14:18:17.857 [info] > git cat-file -s 85198aaa55b84c0390b360ea2ba730087a9fcf49 [2ms]
2024-11-05 14:19:29.632 [info] > git config --get commit.template [2ms]
2024-11-05 14:19:29.644 [info] [Git][getRemotes] No remotes found in the git config file
2024-11-05 14:19:29.645 [info] > git for-each-ref --format=%(refname)%00%(upstream:short)%00%(objectname)%00%(upstream:track)%00%(upstream:remotename)%00%(upstream:remoteref) refs/heads/master refs/remotes/master [2ms]
2024-11-05 14:19:29.670 [info] > git for-each-ref --sort -committerdate --format %(refname) %(objectname) %(*objectname) [2ms]
2024-11-05 14:19:29.727 [info] > git status -z -uall [70ms]
2024-11-05 14:19:30.744 [info] > git ls-files --stage -- /home/jvp/Desktop/projects/foundry-project/.gitignore [2ms]
2024-11-05 14:19:30.754 [info] > git cat-file -s 85198aaa55b84c0390b360ea2ba730087a9fcf49 [1ms]
2024-11-05 14:19:30.765 [info] > git show --textconv :.gitignore [2ms]
2024-11-05 14:19:52.068 [info] > git show --textconv :test/FundMeTest.t.sol [12ms]
2024-11-05 14:19:52.068 [info] > git ls-files --stage -- /home/jvp/Desktop/projects/foundry-project/test/FundMeTest.t.sol [1ms]
2024-11-05 14:21:26.042 [info] [Git][getRemotes] No remotes found in the git config file
2024-11-05 14:21:26.043 [info] > git config --get commit.template [13ms]
2024-11-05 14:21:26.044 [info] > git for-each-ref --format=%(refname)%00%(upstream:short)%00%(objectname)%00%(upstream:track)%00%(upstream:remotename)%00%(upstream:remoteref) refs/heads/master refs/remotes/master [2ms]
2024-11-05 14:21:26.066 [info] > git for-each-ref --sort -committerdate --format %(refname) %(objectname) %(*objectname) [1ms]
2024-11-05 14:21:26.127 [info] > git status -z -uall [73ms]
2024-11-05 14:21:34.330 [info] [Git][getRemotes] No remotes found in the git config file
2024-11-05 14:21:34.331 [info] > git config --get commit.template [12ms]
2024-11-05 14:21:34.331 [info] > git for-each-ref --format=%(refname)%00%(upstream:short)%00%(objectname)%00%(upstream:track)%00%(upstream:remotename)%00%(upstream:remoteref) refs/heads/master refs/remotes/master [1ms]
2024-11-05 14:21:34.359 [info] > git for-each-ref --sort -committerdate --format %(refname) %(objectname) %(*objectname) [2ms]
2024-11-05 14:21:34.420 [info] > git status -z -uall [78ms]
2024-11-05 14:23:05.790 [info] [Git][getRemotes] No remotes found in the git config file
2024-11-05 14:23:05.791 [info] > git config --get commit.template [13ms]
2024-11-05 14:23:05.791 [info] > git for-each-ref --format=%(refname)%00%(upstream:short)%00%(objectname)%00%(upstream:track)%00%(upstream:remotename)%00%(upstream:remoteref) refs/heads/master refs/remotes/master [1ms]
2024-11-05 14:23:05.813 [info] > git for-each-ref --sort -committerdate --format %(refname) %(objectname) %(*objectname) [1ms]
2024-11-05 14:23:05.877 [info] > git status -z -uall [73ms]
2024-11-05 14:27:52.273 [info] > git show --textconv :src/PriceConverter.sol [10ms]
2024-11-05 14:27:52.274 [info] > git ls-files --stage -- /home/jvp/Desktop/projects/foundry-project/src/PriceConverter.sol [2ms]
2024-11-05 14:28:09.192 [info] > git show --textconv :src/FundMe.sol [14ms]
2024-11-05 14:28:09.193 [info] > git ls-files --stage -- /home/jvp/Desktop/projects/foundry-project/src/FundMe.sol [2ms]
2024-11-05 14:28:16.106 [info] > git show --textconv :src/PriceConverter.sol [11ms]
2024-11-05 14:28:16.106 [info] > git ls-files --stage -- /home/jvp/Desktop/projects/foundry-project/src/PriceConverter.sol [1ms]
2024-11-05 14:28:43.162 [info] > git show --textconv :src/FundMe.sol [12ms]
2024-11-05 14:28:43.163 [info] > git ls-files --stage -- /home/jvp/Desktop/projects/foundry-project/src/FundMe.sol [2ms]
2024-11-05 14:29:20.732 [info] [Git][getRemotes] No remotes found in the git config file
2024-11-05 14:29:20.733 [info] > git config --get commit.template [14ms]
2024-11-05 14:29:20.733 [info] > git for-each-ref --format=%(refname)%00%(upstream:short)%00%(objectname)%00%(upstream:track)%00%(upstream:remotename)%00%(upstream:remoteref) refs/heads/master refs/remotes/master [1ms]
2024-11-05 14:29:20.758 [info] > git for-each-ref --sort -committerdate --format %(refname) %(objectname) %(*objectname) [1ms]
2024-11-05 14:29:20.820 [info] > git status -z -uall [75ms]
2024-11-05 14:29:30.329 [info] > git config --get commit.template [1ms]
2024-11-05 14:29:30.337 [info] [Git][getRemotes] No remotes found in the git config file
2024-11-05 14:29:30.338 [info] > git for-each-ref --format=%(refname)%00%(upstream:short)%00%(objectname)%00%(upstream:track)%00%(upstream:remotename)%00%(upstream:remoteref) refs/heads/master refs/remotes/master [1ms]
2024-11-05 14:29:30.358 [info] > git for-each-ref --sort -committerdate --format %(refname) %(objectname) %(*objectname) [2ms]
2024-11-05 14:29:30.417 [info] > git status -z -uall [70ms]
2024-11-05 14:29:42.516 [info] [Git][getRemotes] No remotes found in the git config file
2024-11-05 14:29:42.526 [info] > git config --get commit.template [10ms]
2024-11-05 14:29:42.526 [info] > git for-each-ref --format=%(refname)%00%(upstream:short)%00%(objectname)%00%(upstream:track)%00%(upstream:remotename)%00%(upstream:remoteref) refs/heads/master refs/remotes/master [1ms]
2024-11-05 14:29:42.547 [info] > git for-each-ref --sort -committerdate --format %(refname) %(objectname) %(*objectname) [2ms]
2024-11-05 14:29:42.610 [info] > git status -z -uall [72ms]
2024-11-05 14:29:54.195 [info] [Git][getRemotes] No remotes found in the git config file
2024-11-05 14:29:54.205 [info] > git config --get commit.template [11ms]
2024-11-05 14:29:54.206 [info] > git for-each-ref --format=%(refname)%00%(upstream:short)%00%(objectname)%00%(upstream:track)%00%(upstream:remotename)%00%(upstream:remoteref) refs/heads/master refs/remotes/master [1ms]
2024-11-05 14:29:54.231 [info] > git for-each-ref --sort -committerdate --format %(refname) %(objectname) %(*objectname) [1ms]
2024-11-05 14:29:54.293 [info] > git status -z -uall [75ms]
2024-11-05 14:30:17.531 [info] [Git][getRemotes] No remotes found in the git config file
2024-11-05 14:30:17.543 [info] > git config --get commit.template [12ms]
2024-11-05 14:30:17.544 [info] > git for-each-ref --format=%(refname)%00%(upstream:short)%00%(objectname)%00%(upstream:track)%00%(upstream:remotename)%00%(upstream:remoteref) refs/heads/master refs/remotes/master [1ms]
2024-11-05 14:30:17.568 [info] > git for-each-ref --sort -committerdate --format %(refname) %(objectname) %(*objectname) [1ms]
2024-11-05 14:30:17.628 [info] > git status -z -uall [73ms]
2024-11-05 14:30:24.618 [info] [Git][getRemotes] No remotes found in the git config file
2024-11-05 14:30:24.619 [info] > git config --get commit.template [16ms]
2024-11-05 14:30:24.620 [info] > git for-each-ref --format=%(refname)%00%(upstream:short)%00%(objectname)%00%(upstream:track)%00%(upstream:remotename)%00%(upstream:remoteref) refs/heads/master refs/remotes/master [2ms]
2024-11-05 14:30:24.645 [info] > git for-each-ref --sort -committerdate --format %(refname) %(objectname) %(*objectname) [1ms]
2024-11-05 14:30:24.709 [info] > git status -z -uall [76ms]
2024-11-05 14:30:26.100 [info] > git show --textconv :src/PriceConverter.sol [11ms]
2024-11-05 14:30:26.101 [info] > git ls-files --stage -- /home/jvp/Desktop/projects/foundry-project/src/PriceConverter.sol [1ms]
2024-11-05 14:31:02.757 [info] [Git][getRemotes] No remotes found in the git config file
2024-11-05 14:31:02.771 [info] > git config --get commit.template [15ms]
2024-11-05 14:31:02.771 [info] > git for-each-ref --format=%(refname)%00%(upstream:short)%00%(objectname)%00%(upstream:track)%00%(upstream:remotename)%00%(upstream:remoteref) refs/heads/master refs/remotes/master [1ms]
2024-11-05 14:31:02.794 [info] > git for-each-ref --sort -committerdate --format %(refname) %(objectname) %(*objectname) [1ms]
2024-11-05 14:31:02.858 [info] > git status -z -uall [76ms]
2024-11-05 14:31:11.925 [info] [Git][getRemotes] No remotes found in the git config file
2024-11-05 14:31:11.926 [info] > git config --get commit.template [16ms]
2024-11-05 14:31:11.926 [info] > git for-each-ref --format=%(refname)%00%(upstream:short)%00%(objectname)%00%(upstream:track)%00%(upstream:remotename)%00%(upstream:remoteref) refs/heads/master refs/remotes/master [1ms]
2024-11-05 14:31:11.954 [info] > git for-each-ref --sort -committerdate --format %(refname) %(objectname) %(*objectname) [2ms]
2024-11-05 14:31:12.014 [info] > git status -z -uall [74ms]
2024-11-05 14:31:28.909 [info] [Git][getRemotes] No remotes found in the git config file
2024-11-05 14:31:28.911 [info] > git config --get commit.template [14ms]
2024-11-05 14:31:28.911 [info] > git for-each-ref --format=%(refname)%00%(upstream:short)%00%(objectname)%00%(upstream:track)%00%(upstream:remotename)%00%(upstream:remoteref) refs/heads/master refs/remotes/master [2ms]
2024-11-05 14:31:28.937 [info] > git for-each-ref --sort -committerdate --format %(refname) %(objectname) %(*objectname) [1ms]
2024-11-05 14:31:29.003 [info] > git status -z -uall [79ms]
2024-11-05 14:31:37.753 [info] [Git][getRemotes] No remotes found in the git config file
2024-11-05 14:31:37.754 [info] > git config --get commit.template [11ms]
2024-11-05 14:31:37.754 [info] > git for-each-ref --format=%(refname)%00%(upstream:short)%00%(objectname)%00%(upstream:track)%00%(upstream:remotename)%00%(upstream:remoteref) refs/heads/master refs/remotes/master [1ms]
2024-11-05 14:31:37.777 [info] > git for-each-ref --sort -committerdate --format %(refname) %(objectname) %(*objectname) [1ms]
2024-11-05 14:31:37.837 [info] > git status -z -uall [72ms]
2024-11-05 14:31:41.817 [info] > git show --textconv :src/FundMe.sol [15ms]
2024-11-05 14:31:41.819 [info] > git ls-files --stage -- /home/jvp/Desktop/projects/foundry-project/src/FundMe.sol [2ms]
2024-11-05 14:32:42.994 [info] [Git][getRemotes] No remotes found in the git config file
2024-11-05 14:32:42.995 [info] > git config --get commit.template [13ms]
2024-11-05 14:32:42.996 [info] > git for-each-ref --format=%(refname)%00%(upstream:short)%00%(objectname)%00%(upstream:track)%00%(upstream:remotename)%00%(upstream:remoteref) refs/heads/master refs/remotes/master [2ms]
2024-11-05 14:32:43.024 [info] > git for-each-ref --sort -committerdate --format %(refname) %(objectname) %(*objectname) [1ms]
2024-11-05 14:32:43.083 [info] > git status -z -uall [74ms]
2024-11-05 14:32:44.261 [info] > git show --textconv :test/FundMeTest.t.sol [11ms]
2024-11-05 14:32:44.261 [info] > git ls-files --stage -- /home/jvp/Desktop/projects/foundry-project/test/FundMeTest.t.sol [1ms]
2024-11-05 14:32:45.337 [info] > git show --textconv :src/PriceConverter.sol [14ms]
2024-11-05 14:32:45.339 [info] > git ls-files --stage -- /home/jvp/Desktop/projects/foundry-project/src/PriceConverter.sol [3ms]
2024-11-05 14:32:51.701 [info] > git show --textconv :src/FundMe.sol [12ms]
2024-11-05 14:32:51.703 [info] > git ls-files --stage -- /home/jvp/Desktop/projects/foundry-project/src/FundMe.sol [1ms]
2024-11-05 14:33:44.818 [info] > git show --textconv :script/DeployFundMe.s.sol [11ms]
2024-11-05 14:33:44.818 [info] > git ls-files --stage -- /home/jvp/Desktop/projects/foundry-project/script/DeployFundMe.s.sol [1ms]
2024-11-05 14:33:58.634 [info] > git show --textconv :src/FundMe.sol [12ms]
2024-11-05 14:33:58.635 [info] > git ls-files --stage -- /home/jvp/Desktop/projects/foundry-project/src/FundMe.sol [1ms]
2024-11-05 14:34:02.279 [info] > git show --textconv :src/PriceConverter.sol [12ms]
2024-11-05 14:34:02.281 [info] > git ls-files --stage -- /home/jvp/Desktop/projects/foundry-project/src/PriceConverter.sol [2ms]
2024-11-05 14:34:09.843 [info] > git show --textconv :test/FundMeTest.t.sol [12ms]
2024-11-05 14:34:09.844 [info] > git ls-files --stage -- /home/jvp/Desktop/projects/foundry-project/test/FundMeTest.t.sol [1ms]
2024-11-05 14:34:12.744 [info] > git show --textconv :.env [13ms]
2024-11-05 14:34:12.744 [info] > git ls-files --stage -- /home/jvp/Desktop/projects/foundry-project/.env [1ms]
2024-11-05 14:34:13.943 [info] > git show --textconv :test/FundMeTest.t.sol [10ms]
2024-11-05 14:34:13.944 [info] > git ls-files --stage -- /home/jvp/Desktop/projects/foundry-project/test/FundMeTest.t.sol [1ms]
2024-11-05 14:34:20.442 [info] > git show --textconv :src/PriceConverter.sol [10ms]
2024-11-05 14:34:20.443 [info] > git ls-files --stage -- /home/jvp/Desktop/projects/foundry-project/src/PriceConverter.sol [1ms]
2024-11-05 14:34:24.944 [info] > git show --textconv :script/DeployFundMe.s.sol [10ms]
2024-11-05 14:34:24.945 [info] > git ls-files --stage -- /home/jvp/Desktop/projects/foundry-project/script/DeployFundMe.s.sol [1ms]
2024-11-05 14:35:48.307 [info] [Git][getRemotes] No remotes found in the git config file
2024-11-05 14:35:48.308 [info] > git config --get commit.template [16ms]
2024-11-05 14:35:48.308 [info] > git for-each-ref --format=%(refname)%00%(upstream:short)%00%(objectname)%00%(upstream:track)%00%(upstream:remotename)%00%(upstream:remoteref) refs/heads/master refs/remotes/master [1ms]
2024-11-05 14:35:48.340 [info] > git for-each-ref --sort -committerdate --format %(refname) %(objectname) %(*objectname) [2ms]
2024-11-05 14:35:48.400 [info] > git status -z -uall [74ms]
2024-11-05 14:35:54.916 [info] > git show --textconv :test/FundMeTest.t.sol [11ms]
2024-11-05 14:35:54.917 [info] > git ls-files --stage -- /home/jvp/Desktop/projects/foundry-project/test/FundMeTest.t.sol [1ms]
2024-11-05 14:36:06.682 [info] > git config --get commit.template [2ms]
2024-11-05 14:36:06.695 [info] [Git][getRemotes] No remotes found in the git config file
2024-11-05 14:36:06.696 [info] > git for-each-ref --format=%(refname)%00%(upstream:short)%00%(objectname)%00%(upstream:track)%00%(upstream:remotename)%00%(upstream:remoteref) refs/heads/master refs/remotes/master [1ms]
2024-11-05 14:36:06.722 [info] > git for-each-ref --sort -committerdate --format %(refname) %(objectname) %(*objectname) [1ms]
2024-11-05 14:36:06.784 [info] > git status -z -uall [77ms]
2024-11-05 14:36:51.869 [info] > git config --get commit.template [1ms]
2024-11-05 14:36:51.883 [info] [Git][getRemotes] No remotes found in the git config file
2024-11-05 14:36:51.885 [info] > git for-each-ref --format=%(refname)%00%(upstream:short)%00%(objectname)%00%(upstream:track)%00%(upstream:remotename)%00%(upstream:remoteref) refs/heads/master refs/remotes/master [2ms]
2024-11-05 14:36:51.904 [info] > git for-each-ref --sort -committerdate --format %(refname) %(objectname) %(*objectname) [1ms]
2024-11-05 14:36:51.963 [info] > git status -z -uall [69ms]
2024-11-05 14:37:06.597 [info] [Git][getRemotes] No remotes found in the git config file
2024-11-05 14:37:06.598 [info] > git config --get commit.template [15ms]
2024-11-05 14:37:06.598 [info] > git for-each-ref --format=%(refname)%00%(upstream:short)%00%(objectname)%00%(upstream:track)%00%(upstream:remotename)%00%(upstream:remoteref) refs/heads/master refs/remotes/master [1ms]
2024-11-05 14:37:06.625 [info] > git for-each-ref --sort -committerdate --format %(refname) %(objectname) %(*objectname) [4ms]
2024-11-05 14:37:06.685 [info] > git status -z -uall [75ms]
2024-11-05 14:37:18.647 [info] > git show --textconv :script/DeployFundMe.s.sol [10ms]
2024-11-05 14:37:18.648 [info] > git ls-files --stage -- /home/jvp/Desktop/projects/foundry-project/script/DeployFundMe.s.sol [1ms]
2024-11-05 14:37:23.838 [info] > git show --textconv :test/FundMeTest.t.sol [15ms]
2024-11-05 14:37:23.839 [info] > git ls-files --stage -- /home/jvp/Desktop/projects/foundry-project/test/FundMeTest.t.sol [2ms]
2024-11-05 14:37:42.282 [info] > git config --get commit.template [2ms]
2024-11-05 14:37:42.297 [info] [Git][getRemotes] No remotes found in the git config file
2024-11-05 14:37:42.298 [info] > git for-each-ref --format=%(refname)%00%(upstream:short)%00%(objectname)%00%(upstream:track)%00%(upstream:remotename)%00%(upstream:remoteref) refs/heads/master refs/remotes/master [2ms]
2024-11-05 14:37:42.324 [info] > git for-each-ref --sort -committerdate --format %(refname) %(objectname) %(*objectname) [1ms]
2024-11-05 14:37:42.386 [info] > git status -z -uall [75ms]
2024-11-05 14:37:45.380 [info] > git show --textconv :script/DeployFundMe.s.sol [11ms]
2024-11-05 14:37:45.381 [info] > git ls-files --stage -- /home/jvp/Desktop/projects/foundry-project/script/DeployFundMe.s.sol [1ms]
2024-11-05 14:38:09.908 [info] [Git][getRemotes] No remotes found in the git config file
2024-11-05 14:38:09.920 [info] > git config --get commit.template [11ms]
2024-11-05 14:38:09.920 [info] > git for-each-ref --format=%(refname)%00%(upstream:short)%00%(objectname)%00%(upstream:track)%00%(upstream:remotename)%00%(upstream:remoteref) refs/heads/master refs/remotes/master [2ms]
2024-11-05 14:38:09.942 [info] > git for-each-ref --sort -committerdate --format %(refname) %(objectname) %(*objectname) [2ms]
2024-11-05 14:38:10.004 [info] > git status -z -uall [74ms]
2024-11-05 14:38:41.644 [info] [Git][getRemotes] No remotes found in the git config file
2024-11-05 14:38:41.645 [info] > git config --get commit.template [11ms]
2024-11-05 14:38:41.645 [info] > git for-each-ref --format=%(refname)%00%(upstream:short)%00%(objectname)%00%(upstream:track)%00%(upstream:remotename)%00%(upstream:remoteref) refs/heads/master refs/remotes/master [1ms]
2024-11-05 14:38:41.669 [info] > git for-each-ref --sort -committerdate --format %(refname) %(objectname) %(*objectname) [1ms]
2024-11-05 14:38:41.733 [info] > git status -z -uall [75ms]
2024-11-05 14:38:57.885 [info] [Git][getRemotes] No remotes found in the git config file
2024-11-05 14:38:57.885 [info] > git config --get commit.template [14ms]
2024-11-05 14:38:57.886 [info] > git for-each-ref --format=%(refname)%00%(upstream:short)%00%(objectname)%00%(upstream:track)%00%(upstream:remotename)%00%(upstream:remoteref) refs/heads/master refs/remotes/master [2ms]
2024-11-05 14:38:57.909 [info] > git for-each-ref --sort -committerdate --format %(refname) %(objectname) %(*objectname) [1ms]
2024-11-05 14:38:57.973 [info] > git status -z -uall [77ms]
2024-11-05 14:38:59.366 [info] > git show --textconv :test/FundMeTest.t.sol [13ms]
2024-11-05 14:38:59.367 [info] > git ls-files --stage -- /home/jvp/Desktop/projects/foundry-project/test/FundMeTest.t.sol [1ms]
2024-11-05 14:39:26.813 [info] [Git][getRemotes] No remotes found in the git config file
2024-11-05 14:39:26.814 [info] > git config --get commit.template [12ms]
2024-11-05 14:39:26.814 [info] > git for-each-ref --format=%(refname)%00%(upstream:short)%00%(objectname)%00%(upstream:track)%00%(upstream:remotename)%00%(upstream:remoteref) refs/heads/master refs/remotes/master [1ms]
2024-11-05 14:39:26.841 [info] > git for-each-ref --sort -committerdate --format %(refname) %(objectname) %(*objectname) [2ms]
2024-11-05 14:39:26.902 [info] > git status -z -uall [75ms]
2024-11-05 14:39:36.298 [info] [Git][getRemotes] No remotes found in the git config file
2024-11-05 14:39:36.298 [info] > git config --get commit.template [11ms]
2024-11-05 14:39:36.299 [info] > git for-each-ref --format=%(refname)%00%(upstream:short)%00%(objectname)%00%(upstream:track)%00%(upstream:remotename)%00%(upstream:remoteref) refs/heads/master refs/remotes/master [1ms]
2024-11-05 14:39:36.318 [info] > git for-each-ref --sort -committerdate --format %(refname) %(objectname) %(*objectname) [1ms]
2024-11-05 14:39:36.377 [info] > git status -z -uall [69ms]
2024-11-05 14:40:03.009 [info] > git config --get commit.template [1ms]
2024-11-05 14:40:03.021 [info] [Git][getRemotes] No remotes found in the git config file
2024-11-05 14:40:03.022 [info] > git for-each-ref --format=%(refname)%00%(upstream:short)%00%(objectname)%00%(upstream:track)%00%(upstream:remotename)%00%(upstream:remoteref) refs/heads/master refs/remotes/master [1ms]
2024-11-05 14:40:03.047 [info] > git for-each-ref --sort -committerdate --format %(refname) %(objectname) %(*objectname) [2ms]
2024-11-05 14:40:03.109 [info] > git status -z -uall [76ms]
2024-11-05 14:40:11.567 [info] > git config --get commit.template [2ms]
2024-11-05 14:40:11.579 [info] [Git][getRemotes] No remotes found in the git config file
2024-11-05 14:40:11.580 [info] > git for-each-ref --format=%(refname)%00%(upstream:short)%00%(objectname)%00%(upstream:track)%00%(upstream:remotename)%00%(upstream:remoteref) refs/heads/master refs/remotes/master [1ms]
2024-11-05 14:40:11.607 [info] > git for-each-ref --sort -committerdate --format %(refname) %(objectname) %(*objectname) [2ms]
2024-11-05 14:40:11.662 [info] > git status -z -uall [70ms]
2024-11-05 14:40:12.679 [info] > git ls-files --stage -- /home/jvp/Desktop/projects/foundry-project/test/FundMeTest.t.sol [1ms]
2024-11-05 14:40:12.691 [info] > git show --textconv :test/FundMeTest.t.sol [1ms]
2024-11-05 14:40:32.034 [info] > git show --textconv :src/PriceConverter.sol [10ms]
2024-11-05 14:40:32.034 [info] > git ls-files --stage -- /home/jvp/Desktop/projects/foundry-project/src/PriceConverter.sol [1ms]
2024-11-05 14:40:35.347 [info] > git show --textconv :src/FundMe.sol [12ms]
2024-11-05 14:40:35.348 [info] > git ls-files --stage -- /home/jvp/Desktop/projects/foundry-project/src/FundMe.sol [2ms]
2024-11-05 14:40:40.290 [info] > git show --textconv :test/FundMeTest.t.sol [12ms]
2024-11-05 14:40:40.290 [info] > git ls-files --stage -- /home/jvp/Desktop/projects/foundry-project/test/FundMeTest.t.sol [1ms]
2024-11-05 14:40:54.250 [info] [Git][getRemotes] No remotes found in the git config file
2024-11-05 14:40:54.250 [info] > git config --get commit.template [15ms]
2024-11-05 14:40:54.251 [info] > git for-each-ref --format=%(refname)%00%(upstream:short)%00%(objectname)%00%(upstream:track)%00%(upstream:remotename)%00%(upstream:remoteref) refs/heads/master refs/remotes/master [2ms]
2024-11-05 14:40:54.273 [info] > git for-each-ref --sort -committerdate --format %(refname) %(objectname) %(*objectname) [1ms]
2024-11-05 14:40:54.333 [info] > git status -z -uall [73ms]
2024-11-05 14:41:49.809 [info] > git show --textconv :src/PriceConverter.sol [12ms]
2024-11-05 14:41:49.810 [info] > git ls-files --stage -- /home/jvp/Desktop/projects/foundry-project/src/PriceConverter.sol [2ms]
2024-11-05 14:41:57.591 [info] [Git][getRemotes] No remotes found in the git config file
2024-11-05 14:41:57.601 [info] > git config --get commit.template [11ms]
2024-11-05 14:41:57.602 [info] > git for-each-ref --format=%(refname)%00%(upstream:short)%00%(objectname)%00%(upstream:track)%00%(upstream:remotename)%00%(upstream:remoteref) refs/heads/master refs/remotes/master [2ms]
2024-11-05 14:41:57.619 [info] > git for-each-ref --sort -committerdate --format %(refname) %(objectname) %(*objectname) [1ms]
2024-11-05 14:41:57.680 [info] > git status -z -uall [70ms]
2024-11-05 14:42:06.069 [info] > git show --textconv :script/DeployFundMe.s.sol [13ms]
2024-11-05 14:42:06.071 [info] > git ls-files --stage -- /home/jvp/Desktop/projects/foundry-project/script/DeployFundMe.s.sol [1ms]
2024-11-05 14:42:14.977 [info] [Git][getRemotes] No remotes found in the git config file
2024-11-05 14:42:14.977 [info] > git config --get commit.template [12ms]
2024-11-05 14:42:14.978 [info] > git for-each-ref --format=%(refname)%00%(upstream:short)%00%(objectname)%00%(upstream:track)%00%(upstream:remotename)%00%(upstream:remoteref) refs/heads/master refs/remotes/master [1ms]
2024-11-05 14:42:15.000 [info] > git for-each-ref --sort -committerdate --format %(refname) %(objectname) %(*objectname) [1ms]
2024-11-05 14:42:15.061 [info] > git status -z -uall [73ms]
2024-11-05 14:42:20.087 [info] [Git][getRemotes] No remotes found in the git config file
2024-11-05 14:42:20.088 [info] > git config --get commit.template [11ms]
2024-11-05 14:42:20.088 [info] > git for-each-ref --format=%(refname)%00%(upstream:short)%00%(objectname)%00%(upstream:track)%00%(upstream:remotename)%00%(upstream:remoteref) refs/heads/master refs/remotes/master [1ms]
2024-11-05 14:42:20.113 [info] > git for-each-ref --sort -committerdate --format %(refname) %(objectname) %(*objectname) [1ms]
2024-11-05 14:42:20.170 [info] > git status -z -uall [70ms]
