2024-11-01 09:26:53.700 [info] Added views:outline in workbench.view.explorer
2024-11-01 09:26:53.700 [info] Added views:workbench.view.search in workbench.view.search
2024-11-01 09:26:53.700 [info] Added views:workbench.scm in workbench.view.scm
2024-11-01 09:26:53.700 [info] Added views:workbench.panel.markers.view in workbench.panel.markers
2024-11-01 09:26:53.700 [info] Added views:workbench.panel.output in workbench.panel.output
2024-11-01 09:26:53.700 [info] Added views:terminal in terminal
2024-11-01 09:26:53.700 [info] Added views:timeline in workbench.view.explorer
2024-11-01 09:26:53.701 [info] Added views:workbench.explorer.fileView in workbench.view.explorer
2024-11-01 09:26:53.871 [info] Added views:workbench.debug.welcome in workbench.view.debug
2024-11-01 09:26:54.245 [info] Added views:gitlens.views.home,gitlens.views.workspaces in workbench.view.extension.gitlens
2024-11-01 09:26:54.245 [info] Added views:gitlens.views.commitDetails,gitlens.views.lineHistory,gitlens.views.fileHistory,gitlens.views.searchAndCompare in workbench.view.extension.gitlensInspect
2024-11-01 09:26:54.245 [info] Added views:gitlens.views.commits,gitlens.views.branches,gitlens.views.remotes,gitlens.views.stashes,gitlens.views.tags,gitlens.views.contributors in workbench.view.scm
2024-11-01 09:26:54.494 [info] Added views:workbench.panel.repl.view in workbench.panel.repl
2024-11-01 09:26:54.722 [info] Added views:~remote.forwardedPorts in ~remote.forwardedPortsContainer
2024-11-01 09:26:55.789 [info] Added views:workbench.scm.history in workbench.view.scm
2024-11-01 09:26:55.941 [info] Added views:gitlens.views.drafts in workbench.view.extension.gitlens
2024-11-01 09:26:56.729 [info] Added views:gitlens.views.graph,gitlens.views.graphDetails in workbench.view.extension.gitlensPanel
2024-11-01 09:26:56.730 [info] Added views:gitlens.views.timeline in workbench.view.extension.gitlensInspect
2024-11-01 09:26:56.731 [info] Added views:gitlens.views.worktrees in workbench.view.scm
2024-11-01 09:27:17.335 [info] Added views:workbench.views.extensions.installed,workbench.views.extensions.popular,extensions.recommendedList in workbench.view.extensions
2024-11-01 09:27:17.338 [info] Removed views:workbench.views.extensions.popular from workbench.view.extensions
2024-11-01 09:27:18.527 [info] Removed views:workbench.scm.history from workbench.view.scm
2024-11-01 09:27:18.883 [info] Removed views:workbench.panel.repl.view from workbench.panel.repl
2024-11-01 09:27:19.020 [info] Added views:workbench.panel.repl.view in workbench.panel.repl
2024-11-01 09:27:20.217 [info] Added views:workbench.scm.history in workbench.view.scm
2024-11-01 09:28:18.234 [info] Removed views:timeline from workbench.view.explorer
2024-11-01 09:28:20.271 [info] Removed views:outline from workbench.view.explorer
2024-11-01 09:49:01.725 [info] Added views:workbench.view.testing in workbench.view.extension.test
