2024-10-31 19:43:35.432 [info] Uninstalling extension from the profile: juanblanco.solidity@0.0.177 vscode-userdata:/home/jvp/.vscode-oss/extensions/extensions.json
2024-10-31 19:43:35.466 [info] Marked extension as uninstalled juanblanco.solidity-0.0.177-universal
2024-10-31 19:43:35.533 [error] [uncaught exception in sharedProcess]: Error: ENOENT: no such file or directory, stat '/home/jvp/.vscode-oss/extensions/extensions.json.vsctmp': EntryNotFound (FileSystemError): Error: ENOENT: no such file or directory, stat '/home/jvp/.vscode-oss/extensions/extensions.json.vsctmp'
    at hm.create (file:///usr/lib/code/out/vs/code/electron-utility/sharedProcess/sharedProcessMain.js:35:39254)
    at Es (file:///usr/lib/code/out/vs/code/electron-utility/sharedProcess/sharedProcessMain.js:35:39361)
    at Fr.ib (file:///usr/lib/code/out/vs/code/electron-utility/sharedProcess/sharedProcessMain.js:71:22677)
    at Fr.stat (file:///usr/lib/code/out/vs/code/electron-utility/sharedProcess/sharedProcessMain.js:71:16010)
    at async Zl.stat (file:///usr/lib/code/out/vs/code/electron-utility/sharedProcess/sharedProcessMain.js:70:84491)
    at async Jl.yb (file:///usr/lib/code/out/vs/code/electron-utility/sharedProcess/sharedProcessMain.js:70:66605)
2024-10-31 19:43:35.928 [info] Successfully uninstalled extension from the profile juanblanco.solidity@0.0.177 vscode-userdata:/home/jvp/.vscode-oss/extensions/extensions.json
2024-10-31 19:43:45.112 [info] Getting Manifest... nomicfoundation.hardhat-solidity
2024-10-31 19:43:46.062 [info] Installing extension: nomicfoundation.hardhat-solidity {"isMachineScoped":false,"installPreReleaseVersion":false,"pinned":false,"profileLocation":{"$mid":1,"external":"vscode-userdata:/home/jvp/.vscode-oss/extensions/extensions.json","path":"/home/jvp/.vscode-oss/extensions/extensions.json","scheme":"vscode-userdata"},"installOnlyNewlyAddedFromExtensionPack":true,"isApplicationScoped":false,"productVersion":{"version":"1.95.0","date":"2024-10-30T10:28:58.606Z"}}
2024-10-31 19:43:54.575 [error] Could not load vsce-sign module Cannot find package '@vscode/vsce-sign' imported from /usr/lib/code/out/vs/code/electron-utility/sharedProcess/sharedProcessMain.js
2024-10-31 19:43:54.576 [info] Extension signature verification is not done: nomicfoundation.hardhat-solidity
2024-10-31 19:43:55.010 [info] Extracted extension to file:///home/jvp/.vscode-oss/extensions/nomicfoundation.hardhat-solidity-0.8.6-universal: nomicfoundation.hardhat-solidity
2024-10-31 19:43:55.013 [info] Renamed to /home/jvp/.vscode-oss/extensions/nomicfoundation.hardhat-solidity-0.8.6-universal
2024-10-31 19:43:55.034 [info] Extension installed successfully: nomicfoundation.hardhat-solidity vscode-userdata:/home/jvp/.vscode-oss/extensions/extensions.json
2024-10-31 19:43:55.095 [error] [uncaught exception in sharedProcess]: Error: ENOENT: no such file or directory, stat '/home/jvp/.vscode-oss/extensions/extensions.json.vsctmp': EntryNotFound (FileSystemError): Error: ENOENT: no such file or directory, stat '/home/jvp/.vscode-oss/extensions/extensions.json.vsctmp'
    at hm.create (file:///usr/lib/code/out/vs/code/electron-utility/sharedProcess/sharedProcessMain.js:35:39254)
    at Es (file:///usr/lib/code/out/vs/code/electron-utility/sharedProcess/sharedProcessMain.js:35:39361)
    at Fr.ib (file:///usr/lib/code/out/vs/code/electron-utility/sharedProcess/sharedProcessMain.js:71:22677)
    at Fr.stat (file:///usr/lib/code/out/vs/code/electron-utility/sharedProcess/sharedProcessMain.js:71:16010)
    at async Zl.stat (file:///usr/lib/code/out/vs/code/electron-utility/sharedProcess/sharedProcessMain.js:70:84491)
    at async Jl.yb (file:///usr/lib/code/out/vs/code/electron-utility/sharedProcess/sharedProcessMain.js:70:66605)
2024-10-31 19:48:07.890 [info] Getting Manifest... bungcip.better-toml
2024-10-31 19:48:09.168 [info] Installing extension: bungcip.better-toml {"isMachineScoped":false,"installPreReleaseVersion":false,"pinned":false,"profileLocation":{"$mid":1,"external":"vscode-userdata:/home/jvp/.vscode-oss/extensions/extensions.json","path":"/home/jvp/.vscode-oss/extensions/extensions.json","scheme":"vscode-userdata"},"installOnlyNewlyAddedFromExtensionPack":true,"isApplicationScoped":false,"productVersion":{"version":"1.95.0","date":"2024-10-30T10:28:58.606Z"}}
2024-10-31 19:48:10.600 [error] Could not load vsce-sign module Cannot find package '@vscode/vsce-sign' imported from /usr/lib/code/out/vs/code/electron-utility/sharedProcess/sharedProcessMain.js
2024-10-31 19:48:10.600 [info] Extension signature verification is not done: bungcip.better-toml
2024-10-31 19:48:10.656 [info] Extracted extension to file:///home/jvp/.vscode-oss/extensions/bungcip.better-toml-0.3.2-universal: bungcip.better-toml
2024-10-31 19:48:10.659 [info] Renamed to /home/jvp/.vscode-oss/extensions/bungcip.better-toml-0.3.2-universal
2024-10-31 19:48:10.676 [info] Extension installed successfully: bungcip.better-toml vscode-userdata:/home/jvp/.vscode-oss/extensions/extensions.json
2024-10-31 19:48:10.738 [error] [uncaught exception in sharedProcess]: Error: ENOENT: no such file or directory, stat '/home/jvp/.vscode-oss/extensions/extensions.json.vsctmp': EntryNotFound (FileSystemError): Error: ENOENT: no such file or directory, stat '/home/jvp/.vscode-oss/extensions/extensions.json.vsctmp'
    at hm.create (file:///usr/lib/code/out/vs/code/electron-utility/sharedProcess/sharedProcessMain.js:35:39254)
    at Es (file:///usr/lib/code/out/vs/code/electron-utility/sharedProcess/sharedProcessMain.js:35:39361)
    at Fr.ib (file:///usr/lib/code/out/vs/code/electron-utility/sharedProcess/sharedProcessMain.js:71:22677)
    at Fr.stat (file:///usr/lib/code/out/vs/code/electron-utility/sharedProcess/sharedProcessMain.js:71:16010)
    at async Zl.stat (file:///usr/lib/code/out/vs/code/electron-utility/sharedProcess/sharedProcessMain.js:70:84491)
    at async Jl.yb (file:///usr/lib/code/out/vs/code/electron-utility/sharedProcess/sharedProcessMain.js:70:66605)
