2024-11-05 20:14:57.398 [info] Added views:workbench.view.search in workbench.view.search
2024-11-05 20:14:57.398 [info] Added views:workbench.scm in workbench.view.scm
2024-11-05 20:14:57.398 [info] Added views:workbench.panel.markers.view in workbench.panel.markers
2024-11-05 20:14:57.398 [info] Added views:workbench.panel.output in workbench.panel.output
2024-11-05 20:14:57.398 [info] Added views:terminal in terminal
2024-11-05 20:14:57.398 [info] Added views:workbench.explorer.fileView in workbench.view.explorer
2024-11-05 20:14:57.687 [info] Added views:codeium.chatPanelView in workbench.view.extension.codeium
2024-11-05 20:14:57.798 [info] Added views:workbench.debug.welcome in workbench.view.debug
2024-11-05 20:14:57.811 [info] Added views:workbench.panel.repl.view in workbench.panel.repl
2024-11-05 20:14:57.984 [info] Added views:workbench.scm.history in workbench.view.scm
2024-11-05 20:14:59.057 [info] Added views:~remote.forwardedPorts in ~remote.forwardedPortsContainer
2024-11-05 20:15:00.839 [info] Added views:workbench.panel.comments in workbench.panel.comments
2024-11-05 20:16:06.467 [info] Added views:workbench.views.extensions.installed,workbench.views.extensions.popular,extensions.recommendedList in workbench.view.extensions
2024-11-05 20:16:06.470 [info] Removed views:workbench.views.extensions.popular from workbench.view.extensions
2024-11-05 20:16:08.670 [info] Removed views:extensions.recommendedList,workbench.views.extensions.installed from workbench.view.extensions
2024-11-05 20:16:08.675 [info] Added views:workbench.views.extensions.marketplace in workbench.view.extensions
2024-11-05 20:16:14.979 [info] Added views:gitlens.views.home,gitlens.views.workspaces in workbench.view.extension.gitlens
2024-11-05 20:16:14.982 [info] Added views:gitlens.views.commitDetails,gitlens.views.lineHistory,gitlens.views.fileHistory,gitlens.views.searchAndCompare in workbench.view.extension.gitlensInspect
2024-11-05 20:16:14.999 [info] Added views:gitlens.views.commits,gitlens.views.branches,gitlens.views.remotes,gitlens.views.stashes,gitlens.views.tags,gitlens.views.contributors in workbench.view.scm
2024-11-05 20:16:39.000 [info] Showing view gitlens.views.repositories in the container workbench.view.scm
2024-11-05 20:16:39.011 [info] Added views:gitlens.views.repositories in workbench.view.scm
2024-11-05 20:16:51.071 [info] Removed views:workbench.scm.history from workbench.view.scm
