2024-10-31 19:45:18.423 [info] read schema from vscode: vscode://schemas/settings/user
2024-10-31 19:45:18.533 [info] schema change detected vscode://schemas/settings/user
2024-10-31 19:45:18.574 [info] read schema from vscode: vscode://schemas/settings/resourceLanguage
2024-10-31 19:45:18.586 [info] read schema from vscode: vscode://schemas/launch
2024-10-31 19:45:18.587 [info] read schema from vscode: vscode://schemas/token-styling
2024-10-31 19:45:18.587 [info] read schema from vscode: vscode://schemas/textmate-colors
2024-10-31 19:45:18.588 [info] read schema from vscode: vscode://schemas/workbench-colors
2024-10-31 19:45:18.723 [info] cancelled
2024-10-31 19:45:18.763 [info] read schema from vscode: vscode://schemas/settings/user
2024-10-31 19:47:53.298 [info] schema change detected vscode://schemas/settings/user
2024-10-31 19:47:53.300 [info] read schema from vscode: vscode://schemas/settings/user
2024-10-31 19:48:10.708 [info] read schema from vscode: vscode://schemas/settings/user
2024-10-31 19:48:10.846 [info] schema change detected vscode://schemas/settings/user
2024-10-31 19:48:10.886 [info] read schema from vscode: vscode://schemas/settings/resourceLanguage
2024-10-31 19:48:10.893 [info] read schema from vscode: vscode://schemas/launch
2024-10-31 19:48:10.897 [info] read schema from vscode: vscode://schemas/token-styling
2024-10-31 19:48:10.897 [info] read schema from vscode: vscode://schemas/textmate-colors
2024-10-31 19:48:10.897 [info] read schema from vscode: vscode://schemas/workbench-colors
2024-10-31 19:48:11.013 [info] cancelled
2024-10-31 19:48:11.014 [info] read schema from vscode: vscode://schemas/settings/user
