2024-11-05 20:14:58.001 [info] [main] Log level: Info
2024-11-05 20:14:58.001 [info] [main] Validating found git in: "git"
2024-11-05 20:14:58.001 [info] [main] Using git "2.47.0" from "git"
2024-11-05 20:14:58.001 [info] [Model][doInitialScan] Initial repository scan started
2024-11-05 20:14:58.001 [info] > git rev-parse --show-toplevel [5ms]
2024-11-05 20:14:58.001 [info] > git rev-parse --git-dir --git-common-dir [2ms]
2024-11-05 20:14:58.001 [info] [Model][openRepository] Opened repository: /home/jvp/Desktop/projects/foundry-project
2024-11-05 20:14:58.002 [info] > git config --get commit.template [4ms]
2024-11-05 20:14:58.090 [info] > git rev-parse --show-toplevel [37ms]
2024-11-05 20:14:58.107 [info] > git for-each-ref --format=%(refname)%00%(upstream:short)%00%(objectname)%00%(upstream:track)%00%(upstream:remotename)%00%(upstream:remoteref) refs/heads/main refs/remotes/main [18ms]
2024-11-05 20:14:58.121 [info] > git rev-parse --show-toplevel [14ms]
2024-11-05 20:14:58.127 [info] > git for-each-ref --sort -committerdate --format %(refname) %(objectname) %(*objectname) [8ms]
2024-11-05 20:14:58.129 [info] > git status -z -uall [15ms]
2024-11-05 20:14:58.129 [info] > git rev-parse --show-toplevel [2ms]
2024-11-05 20:14:58.166 [info] > git for-each-ref --format=%(refname)%00%(upstream:short)%00%(objectname)%00%(upstream:track)%00%(upstream:remotename)%00%(upstream:remoteref) refs/heads/main refs/remotes/main [30ms]
2024-11-05 20:14:58.174 [info] > git config --local branch.main.vscode-merge-base [2ms]
2024-11-05 20:14:58.174 [warning] [Git][config] git config failed: Failed to execute git
2024-11-05 20:14:58.181 [info] > git config --get commit.template [25ms]
2024-11-05 20:14:58.181 [info] > git rev-parse --show-toplevel [31ms]
2024-11-05 20:14:58.662 [info] > git reflog main --grep-reflog=branch: Created from *. [481ms]
2024-11-05 20:14:58.740 [info] > git check-ignore -v -z --stdin [64ms]
2024-11-05 20:14:58.741 [info] > git symbolic-ref --short refs/remotes/origin/HEAD [72ms]
2024-11-05 20:14:58.741 [info] fatal: ref refs/remotes/origin/HEAD is not a symbolic ref
2024-11-05 20:14:58.741 [warning] [Repository][getDefaultBranch] Failed to get default branch details: Failed to execute git.
2024-11-05 20:14:58.742 [info] > git rev-parse --show-toplevel [81ms]
2024-11-05 20:14:58.762 [info] > git for-each-ref --format=%(refname)%00%(upstream:short)%00%(objectname)%00%(upstream:track)%00%(upstream:remotename)%00%(upstream:remoteref) refs/heads/main refs/remotes/main [23ms]
2024-11-05 20:14:58.781 [info] > git status -z -uall [11ms]
2024-11-05 20:14:58.781 [info] > git for-each-ref --sort -committerdate --format %(refname) %(objectname) %(*objectname) [2ms]
2024-11-05 20:14:58.783 [info] > git rev-parse --show-toplevel [24ms]
2024-11-05 20:14:58.785 [info] [Model][doInitialScan] Initial repository scan completed - repositories (1), closed repositories (2), parent repositories (0), unsafe repositories (0)
2024-11-05 20:14:58.818 [info] > git fetch [827ms]
2024-11-05 20:14:58.831 [info] > git show --textconv 6893fd0a6660ca8376e36fc71eee2f3533095496:lib/forge-std [38ms]
2024-11-05 20:14:58.831 [info] > git show --textconv a3f3c5a910b0b2f12b35f6f4c21a090877774656:lib/forge-std [29ms]
2024-11-05 20:14:58.831 [info] > git ls-tree -l a3f3c5a910b0b2f12b35f6f4c21a090877774656 -- /home/jvp/Desktop/projects/foundry-project/lib/forge-std [14ms]
2024-11-05 20:14:58.831 [info] fatal: not a tree object
2024-11-05 20:14:58.832 [info] > git ls-tree -l 6893fd0a6660ca8376e36fc71eee2f3533095496 -- /home/jvp/Desktop/projects/foundry-project/lib/forge-std [22ms]
2024-11-05 20:14:58.832 [info] fatal: not a tree object
2024-11-05 20:14:58.836 [info] > git config --get commit.template [6ms]
2024-11-05 20:14:58.846 [info] > git for-each-ref --format=%(refname)%00%(upstream:short)%00%(objectname)%00%(upstream:track)%00%(upstream:remotename)%00%(upstream:remoteref) refs/heads/main refs/remotes/main [1ms]
2024-11-05 20:14:58.862 [info] > git status -z -uall [9ms]
2024-11-05 20:14:58.862 [info] > git for-each-ref --sort -committerdate --format %(refname) %(objectname) %(*objectname) [2ms]
2024-11-05 20:15:01.201 [info] > git config --get commit.template [10ms]
2024-11-05 20:15:01.202 [info] > git for-each-ref --format=%(refname)%00%(upstream:short)%00%(objectname)%00%(upstream:track)%00%(upstream:remotename)%00%(upstream:remoteref) refs/heads/main refs/remotes/main [1ms]
2024-11-05 20:15:01.221 [info] > git status -z -uall [10ms]
2024-11-05 20:15:01.222 [info] > git for-each-ref --sort -committerdate --format %(refname) %(objectname) %(*objectname) [1ms]
2024-11-05 20:15:01.301 [info] > git ls-tree -l 6893fd0a6660ca8376e36fc71eee2f3533095496 -- /home/jvp/Desktop/projects/foundry-project/lib/forge-std [8ms]
2024-11-05 20:15:01.301 [info] fatal: not a tree object
2024-11-05 20:15:01.301 [info] > git ls-tree -l a3f3c5a910b0b2f12b35f6f4c21a090877774656 -- /home/jvp/Desktop/projects/foundry-project/lib/forge-std [1ms]
2024-11-05 20:15:01.301 [info] fatal: not a tree object
2024-11-05 20:15:01.318 [info] > git show --textconv 6893fd0a6660ca8376e36fc71eee2f3533095496:lib/forge-std [7ms]
2024-11-05 20:15:01.318 [info] > git show --textconv a3f3c5a910b0b2f12b35f6f4c21a090877774656:lib/forge-std [1ms]
2024-11-05 20:15:06.244 [info] > git config --get commit.template [9ms]
2024-11-05 20:15:06.244 [info] > git for-each-ref --format=%(refname)%00%(upstream:short)%00%(objectname)%00%(upstream:track)%00%(upstream:remotename)%00%(upstream:remoteref) refs/heads/main refs/remotes/main [1ms]
2024-11-05 20:15:06.264 [info] > git status -z -uall [10ms]
2024-11-05 20:15:06.265 [info] > git for-each-ref --sort -committerdate --format %(refname) %(objectname) %(*objectname) [2ms]
2024-11-05 20:15:06.283 [info] > git log --format=%H%n%aN%n%aE%n%at%n%ct%n%P%n%D%n%B -z --shortstat --diff-merges=first-parent -n50 --skip=0 --topo-order --decorate=full --stdin [146ms]
2024-11-05 20:15:08.002 [info] > git diff-tree -r --name-status -z --diff-filter=ADMR fc1de7290d02cfbc2b461b4bba691bdb08bcd10f 344736253760b8d796a4b0b66322ede067a95fb0 [1ms]
2024-11-05 20:15:08.057 [info] > git show --textconv fc1de7290d02cfbc2b461b4bba691bdb08bcd10f:.gitmodules [31ms]
2024-11-05 20:15:08.057 [info] > git show --textconv 344736253760b8d796a4b0b66322ede067a95fb0:.gitmodules [20ms]
2024-11-05 20:15:08.057 [info] > git ls-tree -l 344736253760b8d796a4b0b66322ede067a95fb0 -- /home/jvp/Desktop/projects/foundry-project/.gitmodules [2ms]
2024-11-05 20:15:08.057 [info] > git ls-tree -l fc1de7290d02cfbc2b461b4bba691bdb08bcd10f -- /home/jvp/Desktop/projects/foundry-project/.gitmodules [11ms]
2024-11-05 20:15:08.568 [info] > git check-ignore -v -z --stdin [2ms]
2024-11-05 20:15:10.613 [info] > git hash-object -t tree /dev/null [1ms]
2024-11-05 20:15:10.638 [info] > git diff-tree -r --name-status -z --diff-filter=ADMR 4b825dc642cb6eb9a060e54bf8d69288fbee4904 fc1de7290d02cfbc2b461b4bba691bdb08bcd10f [8ms]
2024-11-05 20:15:13.293 [info] > git show --textconv 4b825dc642cb6eb9a060e54bf8d69288fbee4904:.gitignore [1933ms]
2024-11-05 20:15:13.294 [info] > git show --textconv fc1de7290d02cfbc2b461b4bba691bdb08bcd10f:.gitignore [1925ms]
2024-11-05 20:15:13.294 [info] > git show --textconv 4b825dc642cb6eb9a060e54bf8d69288fbee4904:.gitmodules [1916ms]
2024-11-05 20:15:13.294 [info] > git show --textconv 4b825dc642cb6eb9a060e54bf8d69288fbee4904:README.md [1907ms]
2024-11-05 20:15:13.294 [info] > git show --textconv fc1de7290d02cfbc2b461b4bba691bdb08bcd10f:README.md [1895ms]
2024-11-05 20:15:13.294 [info] > git show --textconv 4b825dc642cb6eb9a060e54bf8d69288fbee4904:foundry.toml [1886ms]
2024-11-05 20:15:13.294 [info] > git show --textconv fc1de7290d02cfbc2b461b4bba691bdb08bcd10f:foundry.toml [1876ms]
2024-11-05 20:15:13.294 [info] > git show --textconv 4b825dc642cb6eb9a060e54bf8d69288fbee4904:lib/chainlink-brownie-contracts/.github/workflows/add-and-commit.yml [1865ms]
2024-11-05 20:15:13.294 [info] > git show --textconv fc1de7290d02cfbc2b461b4bba691bdb08bcd10f:lib/chainlink-brownie-contracts/.github/workflows/add-and-commit.yml [1857ms]
2024-11-05 20:15:13.294 [info] > git show --textconv 4b825dc642cb6eb9a060e54bf8d69288fbee4904:lib/chainlink-brownie-contracts/.gitignore [1847ms]
2024-11-05 20:15:13.294 [info] > git show --textconv fc1de7290d02cfbc2b461b4bba691bdb08bcd10f:lib/chainlink-brownie-contracts/.gitignore [1838ms]
2024-11-05 20:15:13.294 [info] > git show --textconv 4b825dc642cb6eb9a060e54bf8d69288fbee4904:lib/chainlink-brownie-contracts/README.md [1829ms]
2024-11-05 20:15:13.294 [info] > git show --textconv fc1de7290d02cfbc2b461b4bba691bdb08bcd10f:lib/chainlink-brownie-contracts/README.md [1818ms]
2024-11-05 20:15:13.294 [info] > git show --textconv 4b825dc642cb6eb9a060e54bf8d69288fbee4904:lib/chainlink-brownie-contracts/contracts/.gitignore [1808ms]
2024-11-05 20:15:13.294 [info] > git show --textconv fc1de7290d02cfbc2b461b4bba691bdb08bcd10f:lib/chainlink-brownie-contracts/contracts/.gitignore [1799ms]
2024-11-05 20:15:13.294 [info] > git show --textconv 4b825dc642cb6eb9a060e54bf8d69288fbee4904:lib/chainlink-brownie-contracts/contracts/.prettierignore [1789ms]
2024-11-05 20:15:13.294 [info] > git show --textconv fc1de7290d02cfbc2b461b4bba691bdb08bcd10f:lib/chainlink-brownie-contracts/contracts/.prettierignore [1777ms]
2024-11-05 20:15:13.294 [info] > git show --textconv 4b825dc642cb6eb9a060e54bf8d69288fbee4904:lib/chainlink-brownie-contracts/contracts/.prettierrc [1768ms]
2024-11-05 20:15:13.294 [info] > git show --textconv fc1de7290d02cfbc2b461b4bba691bdb08bcd10f:lib/chainlink-brownie-contracts/contracts/.prettierrc [1759ms]
2024-11-05 20:15:13.294 [info] > git show --textconv 4b825dc642cb6eb9a060e54bf8d69288fbee4904:lib/chainlink-brownie-contracts/contracts/.solhint.json [1749ms]
2024-11-05 20:15:13.294 [info] > git show --textconv fc1de7290d02cfbc2b461b4bba691bdb08bcd10f:lib/chainlink-brownie-contracts/contracts/.solhint.json [1739ms]
2024-11-05 20:15:13.294 [info] > git show --textconv 4b825dc642cb6eb9a060e54bf8d69288fbee4904:lib/chainlink-brownie-contracts/contracts/.solhintignore [1730ms]
2024-11-05 20:15:13.294 [info] > git show --textconv fc1de7290d02cfbc2b461b4bba691bdb08bcd10f:lib/chainlink-brownie-contracts/contracts/.solhintignore [1719ms]
2024-11-05 20:15:13.294 [info] > git show --textconv 4b825dc642cb6eb9a060e54bf8d69288fbee4904:lib/chainlink-brownie-contracts/contracts/CHANGELOG.md [1708ms]
2024-11-05 20:15:13.294 [info] > git show --textconv fc1de7290d02cfbc2b461b4bba691bdb08bcd10f:lib/chainlink-brownie-contracts/contracts/CHANGELOG.md [1698ms]
2024-11-05 20:15:13.294 [info] > git show --textconv 4b825dc642cb6eb9a060e54bf8d69288fbee4904:lib/chainlink-brownie-contracts/contracts/README.md [1687ms]
2024-11-05 20:15:13.294 [info] > git show --textconv fc1de7290d02cfbc2b461b4bba691bdb08bcd10f:lib/chainlink-brownie-contracts/contracts/README.md [1674ms]
2024-11-05 20:15:13.294 [info] > git show --textconv 4b825dc642cb6eb9a060e54bf8d69288fbee4904:lib/chainlink-brownie-contracts/contracts/abi/@eth-optimism/contracts/L1/messaging/IL1CrossDomainMessenger.sol/IL1CrossDomainMessenger.json [1663ms]
2024-11-05 20:15:13.294 [info] > git show --textconv fc1de7290d02cfbc2b461b4bba691bdb08bcd10f:lib/chainlink-brownie-contracts/contracts/abi/@eth-optimism/contracts/L1/messaging/IL1CrossDomainMessenger.sol/IL1CrossDomainMessenger.json [1650ms]
2024-11-05 20:15:13.294 [info] > git show --textconv 4b825dc642cb6eb9a060e54bf8d69288fbee4904:lib/chainlink-brownie-contracts/contracts/abi/@eth-optimism/contracts/L2/messaging/IL2CrossDomainMessenger.sol/IL2CrossDomainMessenger.json [1638ms]
2024-11-05 20:15:13.294 [info] > git show --textconv fc1de7290d02cfbc2b461b4bba691bdb08bcd10f:lib/chainlink-brownie-contracts/contracts/abi/@eth-optimism/contracts/L2/messaging/IL2CrossDomainMessenger.sol/IL2CrossDomainMessenger.json [1627ms]
2024-11-05 20:15:13.294 [info] > git show --textconv 4b825dc642cb6eb9a060e54bf8d69288fbee4904:lib/chainlink-brownie-contracts/contracts/abi/@eth-optimism/contracts/libraries/bridge/ICrossDomainMessenger.sol/ICrossDomainMessenger.json [1615ms]
2024-11-05 20:15:13.294 [info] > git show --textconv fc1de7290d02cfbc2b461b4bba691bdb08bcd10f:lib/chainlink-brownie-contracts/contracts/abi/@eth-optimism/contracts/libraries/bridge/ICrossDomainMessenger.sol/ICrossDomainMessenger.json [1603ms]
2024-11-05 20:15:13.294 [info] > git show --textconv 4b825dc642cb6eb9a060e54bf8d69288fbee4904:lib/chainlink-brownie-contracts/contracts/abi/@openzeppelin/contracts-upgradeable-4.7.3/proxy/utils/Initializable.sol/Initializable.json [1591ms]
2024-11-05 20:15:13.294 [info] > git show --textconv fc1de7290d02cfbc2b461b4bba691bdb08bcd10f:lib/chainlink-brownie-contracts/contracts/abi/@openzeppelin/contracts-upgradeable-4.7.3/proxy/utils/Initializable.sol/Initializable.json [1579ms]
2024-11-05 20:15:13.294 [info] > git show --textconv 4b825dc642cb6eb9a060e54bf8d69288fbee4904:lib/chainlink-brownie-contracts/contracts/abi/@openzeppelin/contracts-upgradeable/proxy/utils/Initializable.sol/Initializable.json [1567ms]
2024-11-05 20:15:13.294 [info] > git show --textconv fc1de7290d02cfbc2b461b4bba691bdb08bcd10f:lib/chainlink-brownie-contracts/contracts/abi/@openzeppelin/contracts-upgradeable/proxy/utils/Initializable.sol/Initializable.json [1555ms]
2024-11-05 20:15:13.294 [info] > git show --textconv 4b825dc642cb6eb9a060e54bf8d69288fbee4904:lib/chainlink-brownie-contracts/contracts/abi/@openzeppelin/contracts/access/Ownable.sol/Ownable.json [1543ms]
2024-11-05 20:15:13.294 [info] > git show --textconv fc1de7290d02cfbc2b461b4bba691bdb08bcd10f:lib/chainlink-brownie-contracts/contracts/abi/@openzeppelin/contracts/access/Ownable.sol/Ownable.json [1531ms]
2024-11-05 20:15:13.294 [info] > git show --textconv 4b825dc642cb6eb9a060e54bf8d69288fbee4904:lib/chainlink-brownie-contracts/contracts/abi/@openzeppelin/contracts/proxy/ERC1967/ERC1967Proxy.sol/ERC1967Proxy.json [1519ms]
2024-11-05 20:15:13.294 [info] > git show --textconv fc1de7290d02cfbc2b461b4bba691bdb08bcd10f:lib/chainlink-brownie-contracts/contracts/abi/@openzeppelin/contracts/proxy/ERC1967/ERC1967Proxy.sol/ERC1967Proxy.json [1508ms]
2024-11-05 20:15:13.294 [info] > git show --textconv 4b825dc642cb6eb9a060e54bf8d69288fbee4904:lib/chainlink-brownie-contracts/contracts/abi/@openzeppelin/contracts/proxy/ERC1967/ERC1967Upgrade.sol/ERC1967Upgrade.json [1495ms]
2024-11-05 20:15:13.294 [info] > git show --textconv fc1de7290d02cfbc2b461b4bba691bdb08bcd10f:lib/chainlink-brownie-contracts/contracts/abi/@openzeppelin/contracts/proxy/ERC1967/ERC1967Upgrade.sol/ERC1967Upgrade.json [1482ms]
2024-11-05 20:15:13.294 [info] > git show --textconv 4b825dc642cb6eb9a060e54bf8d69288fbee4904:lib/chainlink-brownie-contracts/contracts/abi/@openzeppelin/contracts/proxy/Proxy.sol/Proxy.json [1472ms]
2024-11-05 20:15:13.294 [info] > git show --textconv fc1de7290d02cfbc2b461b4bba691bdb08bcd10f:lib/chainlink-brownie-contracts/contracts/abi/@openzeppelin/contracts/proxy/Proxy.sol/Proxy.json [1460ms]
2024-11-05 20:15:13.294 [info] > git show --textconv 4b825dc642cb6eb9a060e54bf8d69288fbee4904:lib/chainlink-brownie-contracts/contracts/abi/@openzeppelin/contracts/proxy/beacon/IBeacon.sol/IBeacon.json [1448ms]
2024-11-05 20:15:13.294 [info] > git show --textconv fc1de7290d02cfbc2b461b4bba691bdb08bcd10f:lib/chainlink-brownie-contracts/contracts/abi/@openzeppelin/contracts/proxy/beacon/IBeacon.sol/IBeacon.json [1435ms]
2024-11-05 20:15:13.294 [info] > git show --textconv 4b825dc642cb6eb9a060e54bf8d69288fbee4904:lib/chainlink-brownie-contracts/contracts/abi/@openzeppelin/contracts/proxy/transparent/ProxyAdmin.sol/ProxyAdmin.json [1423ms]
2024-11-05 20:15:13.294 [info] > git show --textconv fc1de7290d02cfbc2b461b4bba691bdb08bcd10f:lib/chainlink-brownie-contracts/contracts/abi/@openzeppelin/contracts/proxy/transparent/ProxyAdmin.sol/ProxyAdmin.json [1411ms]
2024-11-05 20:15:13.294 [info] > git show --textconv 4b825dc642cb6eb9a060e54bf8d69288fbee4904:lib/chainlink-brownie-contracts/contracts/abi/@openzeppelin/contracts/proxy/transparent/TransparentUpgradeableProxy.sol/TransparentUpgradeableProxy.json [1398ms]
2024-11-05 20:15:13.294 [info] > git show --textconv fc1de7290d02cfbc2b461b4bba691bdb08bcd10f:lib/chainlink-brownie-contracts/contracts/abi/@openzeppelin/contracts/proxy/transparent/TransparentUpgradeableProxy.sol/TransparentUpgradeableProxy.json [1386ms]
2024-11-05 20:15:13.294 [info] > git show --textconv 4b825dc642cb6eb9a060e54bf8d69288fbee4904:lib/chainlink-brownie-contracts/contracts/abi/@openzeppelin/contracts/security/Pausable.sol/Pausable.json [1374ms]
2024-11-05 20:15:13.294 [info] > git show --textconv fc1de7290d02cfbc2b461b4bba691bdb08bcd10f:lib/chainlink-brownie-contracts/contracts/abi/@openzeppelin/contracts/security/Pausable.sol/Pausable.json [1364ms]
2024-11-05 20:15:13.294 [info] > git show --textconv 4b825dc642cb6eb9a060e54bf8d69288fbee4904:lib/chainlink-brownie-contracts/contracts/abi/v0.4/Aggregator.json [1355ms]
2024-11-05 20:15:13.294 [info] > git show --textconv fc1de7290d02cfbc2b461b4bba691bdb08bcd10f:lib/chainlink-brownie-contracts/contracts/abi/v0.4/Aggregator.json [1344ms]
2024-11-05 20:15:13.294 [info] > git show --textconv 4b825dc642cb6eb9a060e54bf8d69288fbee4904:lib/chainlink-brownie-contracts/contracts/abi/v0.4/AggregatorInterface.json [1334ms]
2024-11-05 20:15:13.294 [info] > git show --textconv fc1de7290d02cfbc2b461b4bba691bdb08bcd10f:lib/chainlink-brownie-contracts/contracts/abi/v0.4/AggregatorInterface.json [1324ms]
2024-11-05 20:15:13.294 [info] > git show --textconv 4b825dc642cb6eb9a060e54bf8d69288fbee4904:lib/chainlink-brownie-contracts/contracts/abi/v0.4/AggregatorV3Interface.json [1314ms]
2024-11-05 20:15:13.294 [info] > git show --textconv fc1de7290d02cfbc2b461b4bba691bdb08bcd10f:lib/chainlink-brownie-contracts/contracts/abi/v0.4/AggregatorV3Interface.json [1304ms]
2024-11-05 20:15:13.294 [info] > git show --textconv 4b825dc642cb6eb9a060e54bf8d69288fbee4904:lib/chainlink-brownie-contracts/contracts/abi/v0.4/BasicConsumer.json [1294ms]
2024-11-05 20:15:13.294 [info] > git show --textconv fc1de7290d02cfbc2b461b4bba691bdb08bcd10f:lib/chainlink-brownie-contracts/contracts/abi/v0.4/BasicConsumer.json [1285ms]
2024-11-05 20:15:13.294 [info] > git show --textconv 4b825dc642cb6eb9a060e54bf8d69288fbee4904:lib/chainlink-brownie-contracts/contracts/abi/v0.4/BasicToken.json [1276ms]
2024-11-05 20:15:13.294 [info] > git show --textconv fc1de7290d02cfbc2b461b4bba691bdb08bcd10f:lib/chainlink-brownie-contracts/contracts/abi/v0.4/BasicToken.json [1267ms]
2024-11-05 20:15:13.294 [info] > git show --textconv 4b825dc642cb6eb9a060e54bf8d69288fbee4904:lib/chainlink-brownie-contracts/contracts/abi/v0.4/ChainlinkClient.json [1257ms]
2024-11-05 20:15:13.294 [info] > git show --textconv fc1de7290d02cfbc2b461b4bba691bdb08bcd10f:lib/chainlink-brownie-contracts/contracts/abi/v0.4/ChainlinkClient.json [1248ms]
2024-11-05 20:15:13.294 [info] > git show --textconv 4b825dc642cb6eb9a060e54bf8d69288fbee4904:lib/chainlink-brownie-contracts/contracts/abi/v0.4/ChainlinkRequestInterface.json [1238ms]
2024-11-05 20:15:13.294 [info] > git show --textconv fc1de7290d02cfbc2b461b4bba691bdb08bcd10f:lib/chainlink-brownie-contracts/contracts/abi/v0.4/ChainlinkRequestInterface.json [1228ms]
2024-11-05 20:15:13.295 [info] > git show --textconv 4b825dc642cb6eb9a060e54bf8d69288fbee4904:lib/chainlink-brownie-contracts/contracts/abi/v0.4/Chainlinked.json [1219ms]
2024-11-05 20:15:13.295 [info] > git show --textconv fc1de7290d02cfbc2b461b4bba691bdb08bcd10f:lib/chainlink-brownie-contracts/contracts/abi/v0.4/Chainlinked.json [1209ms]
2024-11-05 20:15:13.295 [info] > git show --textconv 4b825dc642cb6eb9a060e54bf8d69288fbee4904:lib/chainlink-brownie-contracts/contracts/abi/v0.4/ConcreteChainlink.json [1197ms]
2024-11-05 20:15:13.295 [info] > git show --textconv fc1de7290d02cfbc2b461b4bba691bdb08bcd10f:lib/chainlink-brownie-contracts/contracts/abi/v0.4/ConcreteChainlink.json [1187ms]
2024-11-05 20:15:13.295 [info] > git show --textconv 4b825dc642cb6eb9a060e54bf8d69288fbee4904:lib/chainlink-brownie-contracts/contracts/abi/v0.4/ConcreteChainlinked.json [1175ms]
2024-11-05 20:15:13.295 [info] > git show --textconv fc1de7290d02cfbc2b461b4bba691bdb08bcd10f:lib/chainlink-brownie-contracts/contracts/abi/v0.4/ConcreteChainlinked.json [1165ms]
2024-11-05 20:15:13.295 [info] > git show --textconv 4b825dc642cb6eb9a060e54bf8d69288fbee4904:lib/chainlink-brownie-contracts/contracts/abi/v0.4/Consumer.json [1154ms]
2024-11-05 20:15:13.295 [info] > git show --textconv fc1de7290d02cfbc2b461b4bba691bdb08bcd10f:lib/chainlink-brownie-contracts/contracts/abi/v0.4/Consumer.json [1144ms]
2024-11-05 20:15:13.295 [info] > git show --textconv 4b825dc642cb6eb9a060e54bf8d69288fbee4904:lib/chainlink-brownie-contracts/contracts/abi/v0.4/ENS.json [1134ms]
2024-11-05 20:15:13.295 [info] > git show --textconv fc1de7290d02cfbc2b461b4bba691bdb08bcd10f:lib/chainlink-brownie-contracts/contracts/abi/v0.4/ENS.json [1123ms]
2024-11-05 20:15:13.295 [info] > git show --textconv 4b825dc642cb6eb9a060e54bf8d69288fbee4904:lib/chainlink-brownie-contracts/contracts/abi/v0.4/ENSInterface.json [1112ms]
2024-11-05 20:15:13.295 [info] > git show --textconv fc1de7290d02cfbc2b461b4bba691bdb08bcd10f:lib/chainlink-brownie-contracts/contracts/abi/v0.4/ENSInterface.json [1098ms]
2024-11-05 20:15:13.295 [info] > git show --textconv 4b825dc642cb6eb9a060e54bf8d69288fbee4904:lib/chainlink-brownie-contracts/contracts/abi/v0.4/ENSRegistry.json [1088ms]
2024-11-05 20:15:13.295 [info] > git show --textconv fc1de7290d02cfbc2b461b4bba691bdb08bcd10f:lib/chainlink-brownie-contracts/contracts/abi/v0.4/ENSRegistry.json [1077ms]
2024-11-05 20:15:13.295 [info] > git show --textconv 4b825dc642cb6eb9a060e54bf8d69288fbee4904:lib/chainlink-brownie-contracts/contracts/abi/v0.4/ENSResolver.json [1066ms]
2024-11-05 20:15:13.295 [info] > git show --textconv fc1de7290d02cfbc2b461b4bba691bdb08bcd10f:lib/chainlink-brownie-contracts/contracts/abi/v0.4/ENSResolver.json [1056ms]
2024-11-05 20:15:13.295 [info] > git show --textconv 4b825dc642cb6eb9a060e54bf8d69288fbee4904:lib/chainlink-brownie-contracts/contracts/abi/v0.4/ERC20.json [1047ms]
2024-11-05 20:15:13.295 [info] > git show --textconv fc1de7290d02cfbc2b461b4bba691bdb08bcd10f:lib/chainlink-brownie-contracts/contracts/abi/v0.4/ERC20.json [1037ms]
2024-11-05 20:15:13.295 [info] > git show --textconv 4b825dc642cb6eb9a060e54bf8d69288fbee4904:lib/chainlink-brownie-contracts/contracts/abi/v0.4/ERC20Basic.json [1027ms]
2024-11-05 20:15:13.295 [info] > git show --textconv fc1de7290d02cfbc2b461b4bba691bdb08bcd10f:lib/chainlink-brownie-contracts/contracts/abi/v0.4/ERC20Basic.json [1018ms]
2024-11-05 20:15:13.295 [info] > git show --textconv 4b825dc642cb6eb9a060e54bf8d69288fbee4904:lib/chainlink-brownie-contracts/contracts/abi/v0.4/ERC677.json [1008ms]
2024-11-05 20:15:13.295 [info] > git show --textconv fc1de7290d02cfbc2b461b4bba691bdb08bcd10f:lib/chainlink-brownie-contracts/contracts/abi/v0.4/ERC677.json [998ms]
2024-11-05 20:15:13.295 [info] > git show --textconv 4b825dc642cb6eb9a060e54bf8d69288fbee4904:lib/chainlink-brownie-contracts/contracts/abi/v0.4/ERC677Receiver.json [987ms]
2024-11-05 20:15:13.295 [info] > git show --textconv fc1de7290d02cfbc2b461b4bba691bdb08bcd10f:lib/chainlink-brownie-contracts/contracts/abi/v0.4/ERC677Receiver.json [977ms]
2024-11-05 20:15:13.295 [info] > git show --textconv 4b825dc642cb6eb9a060e54bf8d69288fbee4904:lib/chainlink-brownie-contracts/contracts/abi/v0.4/ERC677Token.json [925ms]
2024-11-05 20:15:13.295 [info] > git show --textconv fc1de7290d02cfbc2b461b4bba691bdb08bcd10f:lib/chainlink-brownie-contracts/contracts/abi/v0.4/ERC677Token.json [914ms]
2024-11-05 20:15:13.295 [info] > git show --textconv 4b825dc642cb6eb9a060e54bf8d69288fbee4904:lib/chainlink-brownie-contracts/contracts/abi/v0.4/EmptyOracle.json [904ms]
2024-11-05 20:15:13.295 [info] > git show --textconv fc1de7290d02cfbc2b461b4bba691bdb08bcd10f:lib/chainlink-brownie-contracts/contracts/abi/v0.4/EmptyOracle.json [896ms]
2024-11-05 20:15:13.295 [info] > git show --textconv 4b825dc642cb6eb9a060e54bf8d69288fbee4904:lib/chainlink-brownie-contracts/contracts/abi/v0.4/FlagsInterface.json [887ms]
2024-11-05 20:15:13.295 [info] > git show --textconv fc1de7290d02cfbc2b461b4bba691bdb08bcd10f:lib/chainlink-brownie-contracts/contracts/abi/v0.4/FlagsInterface.json [878ms]
2024-11-05 20:15:13.295 [info] > git show --textconv 4b825dc642cb6eb9a060e54bf8d69288fbee4904:lib/chainlink-brownie-contracts/contracts/abi/v0.4/GetterSetter.json [869ms]
2024-11-05 20:15:13.295 [info] > git show --textconv fc1de7290d02cfbc2b461b4bba691bdb08bcd10f:lib/chainlink-brownie-contracts/contracts/abi/v0.4/GetterSetter.json [860ms]
2024-11-05 20:15:13.295 [info] > git show --textconv 4b825dc642cb6eb9a060e54bf8d69288fbee4904:lib/chainlink-brownie-contracts/contracts/abi/v0.4/LinkToken.json [851ms]
2024-11-05 20:15:13.295 [info] > git show --textconv fc1de7290d02cfbc2b461b4bba691bdb08bcd10f:lib/chainlink-brownie-contracts/contracts/abi/v0.4/LinkToken.json [842ms]
2024-11-05 20:15:13.295 [info] > git show --textconv 4b825dc642cb6eb9a060e54bf8d69288fbee4904:lib/chainlink-brownie-contracts/contracts/abi/v0.4/LinkTokenInterface.json [833ms]
2024-11-05 20:15:13.295 [info] > git show --textconv fc1de7290d02cfbc2b461b4bba691bdb08bcd10f:lib/chainlink-brownie-contracts/contracts/abi/v0.4/LinkTokenInterface.json [824ms]
2024-11-05 20:15:13.295 [info] > git show --textconv 4b825dc642cb6eb9a060e54bf8d69288fbee4904:lib/chainlink-brownie-contracts/contracts/abi/v0.4/MaliciousChainlinked.json [815ms]
2024-11-05 20:15:13.295 [info] > git show --textconv fc1de7290d02cfbc2b461b4bba691bdb08bcd10f:lib/chainlink-brownie-contracts/contracts/abi/v0.4/MaliciousChainlinked.json [806ms]
2024-11-05 20:15:13.295 [info] > git show --textconv 4b825dc642cb6eb9a060e54bf8d69288fbee4904:lib/chainlink-brownie-contracts/contracts/abi/v0.4/MaliciousConsumer.json [797ms]
2024-11-05 20:15:13.295 [info] > git show --textconv fc1de7290d02cfbc2b461b4bba691bdb08bcd10f:lib/chainlink-brownie-contracts/contracts/abi/v0.4/MaliciousConsumer.json [788ms]
2024-11-05 20:15:13.295 [info] > git show --textconv 4b825dc642cb6eb9a060e54bf8d69288fbee4904:lib/chainlink-brownie-contracts/contracts/abi/v0.4/MaliciousRequester.json [779ms]
2024-11-05 20:15:13.295 [info] > git show --textconv fc1de7290d02cfbc2b461b4bba691bdb08bcd10f:lib/chainlink-brownie-contracts/contracts/abi/v0.4/MaliciousRequester.json [770ms]
2024-11-05 20:15:13.295 [info] > git show --textconv 4b825dc642cb6eb9a060e54bf8d69288fbee4904:lib/chainlink-brownie-contracts/contracts/abi/v0.4/Migrations.json [760ms]
2024-11-05 20:15:13.295 [info] > git show --textconv fc1de7290d02cfbc2b461b4bba691bdb08bcd10f:lib/chainlink-brownie-contracts/contracts/abi/v0.4/Migrations.json [752ms]
2024-11-05 20:15:13.295 [info] > git show --textconv 4b825dc642cb6eb9a060e54bf8d69288fbee4904:lib/chainlink-brownie-contracts/contracts/abi/v0.4/Oracle.json [743ms]
2024-11-05 20:15:13.295 [info] > git show --textconv fc1de7290d02cfbc2b461b4bba691bdb08bcd10f:lib/chainlink-brownie-contracts/contracts/abi/v0.4/Oracle.json [734ms]
2024-11-05 20:15:13.295 [info] > git show --textconv 4b825dc642cb6eb9a060e54bf8d69288fbee4904:lib/chainlink-brownie-contracts/contracts/abi/v0.4/OracleInterface.json [725ms]
2024-11-05 20:15:13.295 [info] > git show --textconv fc1de7290d02cfbc2b461b4bba691bdb08bcd10f:lib/chainlink-brownie-contracts/contracts/abi/v0.4/OracleInterface.json [716ms]
2024-11-05 20:15:13.295 [info] > git show --textconv 4b825dc642cb6eb9a060e54bf8d69288fbee4904:lib/chainlink-brownie-contracts/contracts/abi/v0.4/Ownable.json [707ms]
2024-11-05 20:15:13.295 [info] > git show --textconv fc1de7290d02cfbc2b461b4bba691bdb08bcd10f:lib/chainlink-brownie-contracts/contracts/abi/v0.4/Ownable.json [698ms]
2024-11-05 20:15:13.295 [info] > git show --textconv 4b825dc642cb6eb9a060e54bf8d69288fbee4904:lib/chainlink-brownie-contracts/contracts/abi/v0.4/Pointer.json [689ms]
2024-11-05 20:15:13.295 [info] > git show --textconv fc1de7290d02cfbc2b461b4bba691bdb08bcd10f:lib/chainlink-brownie-contracts/contracts/abi/v0.4/Pointer.json [681ms]
2024-11-05 20:15:13.295 [info] > git show --textconv 4b825dc642cb6eb9a060e54bf8d69288fbee4904:lib/chainlink-brownie-contracts/contracts/abi/v0.4/PointerInterface.json [672ms]
2024-11-05 20:15:13.295 [info] > git show --textconv fc1de7290d02cfbc2b461b4bba691bdb08bcd10f:lib/chainlink-brownie-contracts/contracts/abi/v0.4/PointerInterface.json [663ms]
2024-11-05 20:15:13.295 [info] > git show --textconv 4b825dc642cb6eb9a060e54bf8d69288fbee4904:lib/chainlink-brownie-contracts/contracts/abi/v0.4/PublicResolver.json [654ms]
2024-11-05 20:15:13.295 [info] > git show --textconv fc1de7290d02cfbc2b461b4bba691bdb08bcd10f:lib/chainlink-brownie-contracts/contracts/abi/v0.4/PublicResolver.json [644ms]
2024-11-05 20:15:13.295 [info] > git show --textconv 4b825dc642cb6eb9a060e54bf8d69288fbee4904:lib/chainlink-brownie-contracts/contracts/abi/v0.4/StandardToken.json [635ms]
2024-11-05 20:15:13.295 [info] > git show --textconv fc1de7290d02cfbc2b461b4bba691bdb08bcd10f:lib/chainlink-brownie-contracts/contracts/abi/v0.4/StandardToken.json [626ms]
2024-11-05 20:15:13.295 [info] > git show --textconv 4b825dc642cb6eb9a060e54bf8d69288fbee4904:lib/chainlink-brownie-contracts/contracts/abi/v0.4/UpdatableConsumer.json [617ms]
2024-11-05 20:15:13.295 [info] > git show --textconv fc1de7290d02cfbc2b461b4bba691bdb08bcd10f:lib/chainlink-brownie-contracts/contracts/abi/v0.4/UpdatableConsumer.json [608ms]
2024-11-05 20:15:13.295 [info] > git show --textconv 4b825dc642cb6eb9a060e54bf8d69288fbee4904:lib/chainlink-brownie-contracts/contracts/abi/v0.5/AggregatorInterface.json [598ms]
2024-11-05 20:15:13.295 [info] > git show --textconv fc1de7290d02cfbc2b461b4bba691bdb08bcd10f:lib/chainlink-brownie-contracts/contracts/abi/v0.5/AggregatorInterface.json [589ms]
2024-11-05 20:15:13.295 [info] > git show --textconv 4b825dc642cb6eb9a060e54bf8d69288fbee4904:lib/chainlink-brownie-contracts/contracts/abi/v0.5/AggregatorV2V3Interface.json [580ms]
2024-11-05 20:15:13.295 [info] > git show --textconv fc1de7290d02cfbc2b461b4bba691bdb08bcd10f:lib/chainlink-brownie-contracts/contracts/abi/v0.5/AggregatorV2V3Interface.json [571ms]
2024-11-05 20:15:13.295 [info] > git show --textconv 4b825dc642cb6eb9a060e54bf8d69288fbee4904:lib/chainlink-brownie-contracts/contracts/abi/v0.5/AggregatorV3Interface.json [562ms]
2024-11-05 20:15:13.295 [info] > git show --textconv fc1de7290d02cfbc2b461b4bba691bdb08bcd10f:lib/chainlink-brownie-contracts/contracts/abi/v0.5/AggregatorV3Interface.json [552ms]
2024-11-05 20:15:13.295 [info] > git show --textconv 4b825dc642cb6eb9a060e54bf8d69288fbee4904:lib/chainlink-brownie-contracts/contracts/abi/v0.5/BasicConsumer.json [543ms]
2024-11-05 20:15:13.295 [info] > git show --textconv fc1de7290d02cfbc2b461b4bba691bdb08bcd10f:lib/chainlink-brownie-contracts/contracts/abi/v0.5/BasicConsumer.json [534ms]
2024-11-05 20:15:13.295 [info] > git show --textconv 4b825dc642cb6eb9a060e54bf8d69288fbee4904:lib/chainlink-brownie-contracts/contracts/abi/v0.5/ChainlinkClient.json [525ms]
2024-11-05 20:15:13.295 [info] > git show --textconv fc1de7290d02cfbc2b461b4bba691bdb08bcd10f:lib/chainlink-brownie-contracts/contracts/abi/v0.5/ChainlinkClient.json [515ms]
2024-11-05 20:15:13.295 [info] > git show --textconv 4b825dc642cb6eb9a060e54bf8d69288fbee4904:lib/chainlink-brownie-contracts/contracts/abi/v0.5/ChainlinkRequestInterface.json [503ms]
2024-11-05 20:15:13.295 [info] > git show --textconv fc1de7290d02cfbc2b461b4bba691bdb08bcd10f:lib/chainlink-brownie-contracts/contracts/abi/v0.5/ChainlinkRequestInterface.json [494ms]
2024-11-05 20:15:13.295 [info] > git show --textconv 4b825dc642cb6eb9a060e54bf8d69288fbee4904:lib/chainlink-brownie-contracts/contracts/abi/v0.5/ChainlinkTestHelper.json [484ms]
2024-11-05 20:15:13.295 [info] > git show --textconv fc1de7290d02cfbc2b461b4bba691bdb08bcd10f:lib/chainlink-brownie-contracts/contracts/abi/v0.5/ChainlinkTestHelper.json [475ms]
2024-11-05 20:15:13.295 [info] > git show --textconv 4b825dc642cb6eb9a060e54bf8d69288fbee4904:lib/chainlink-brownie-contracts/contracts/abi/v0.5/Consumer.json [465ms]
2024-11-05 20:15:13.295 [info] > git show --textconv fc1de7290d02cfbc2b461b4bba691bdb08bcd10f:lib/chainlink-brownie-contracts/contracts/abi/v0.5/Consumer.json [456ms]
2024-11-05 20:15:13.295 [info] > git show --textconv 4b825dc642cb6eb9a060e54bf8d69288fbee4904:lib/chainlink-brownie-contracts/contracts/abi/v0.5/Coordinator.json [446ms]
2024-11-05 20:15:13.295 [info] > git show --textconv fc1de7290d02cfbc2b461b4bba691bdb08bcd10f:lib/chainlink-brownie-contracts/contracts/abi/v0.5/Coordinator.json [437ms]
2024-11-05 20:15:13.295 [info] > git show --textconv 4b825dc642cb6eb9a060e54bf8d69288fbee4904:lib/chainlink-brownie-contracts/contracts/abi/v0.5/CoordinatorInterface.json [428ms]
2024-11-05 20:15:13.295 [info] > git show --textconv fc1de7290d02cfbc2b461b4bba691bdb08bcd10f:lib/chainlink-brownie-contracts/contracts/abi/v0.5/CoordinatorInterface.json [419ms]
2024-11-05 20:15:13.295 [info] > git show --textconv 4b825dc642cb6eb9a060e54bf8d69288fbee4904:lib/chainlink-brownie-contracts/contracts/abi/v0.5/ENSInterface.json [410ms]
2024-11-05 20:15:13.295 [info] > git show --textconv fc1de7290d02cfbc2b461b4bba691bdb08bcd10f:lib/chainlink-brownie-contracts/contracts/abi/v0.5/ENSInterface.json [401ms]
2024-11-05 20:15:13.295 [info] > git show --textconv 4b825dc642cb6eb9a060e54bf8d69288fbee4904:lib/chainlink-brownie-contracts/contracts/abi/v0.5/ENSResolver.json [390ms]
2024-11-05 20:15:13.295 [info] > git show --textconv fc1de7290d02cfbc2b461b4bba691bdb08bcd10f:lib/chainlink-brownie-contracts/contracts/abi/v0.5/ENSResolver.json [379ms]
2024-11-05 20:15:13.295 [info] > git show --textconv 4b825dc642cb6eb9a060e54bf8d69288fbee4904:lib/chainlink-brownie-contracts/contracts/abi/v0.5/EmptyAggregator.json [367ms]
2024-11-05 20:15:13.295 [info] > git show --textconv fc1de7290d02cfbc2b461b4bba691bdb08bcd10f:lib/chainlink-brownie-contracts/contracts/abi/v0.5/EmptyAggregator.json [357ms]
2024-11-05 20:15:13.295 [info] > git show --textconv 4b825dc642cb6eb9a060e54bf8d69288fbee4904:lib/chainlink-brownie-contracts/contracts/abi/v0.5/FlagsInterface.json [345ms]
2024-11-05 20:15:13.295 [info] > git show --textconv fc1de7290d02cfbc2b461b4bba691bdb08bcd10f:lib/chainlink-brownie-contracts/contracts/abi/v0.5/FlagsInterface.json [334ms]
2024-11-05 20:15:13.295 [info] > git show --textconv 4b825dc642cb6eb9a060e54bf8d69288fbee4904:lib/chainlink-brownie-contracts/contracts/abi/v0.5/GetterSetter.json [324ms]
2024-11-05 20:15:13.295 [info] > git show --textconv fc1de7290d02cfbc2b461b4bba691bdb08bcd10f:lib/chainlink-brownie-contracts/contracts/abi/v0.5/GetterSetter.json [314ms]
2024-11-05 20:15:13.295 [info] > git show --textconv 4b825dc642cb6eb9a060e54bf8d69288fbee4904:lib/chainlink-brownie-contracts/contracts/abi/v0.5/LinkTokenInterface.json [305ms]
2024-11-05 20:15:13.295 [info] > git show --textconv fc1de7290d02cfbc2b461b4bba691bdb08bcd10f:lib/chainlink-brownie-contracts/contracts/abi/v0.5/LinkTokenInterface.json [295ms]
2024-11-05 20:15:13.295 [info] > git show --textconv 4b825dc642cb6eb9a060e54bf8d69288fbee4904:lib/chainlink-brownie-contracts/contracts/abi/v0.5/LinkTokenReceiver.json [285ms]
2024-11-05 20:15:13.295 [info] > git show --textconv fc1de7290d02cfbc2b461b4bba691bdb08bcd10f:lib/chainlink-brownie-contracts/contracts/abi/v0.5/LinkTokenReceiver.json [273ms]
2024-11-05 20:15:13.295 [info] > git show --textconv 4b825dc642cb6eb9a060e54bf8d69288fbee4904:lib/chainlink-brownie-contracts/contracts/abi/v0.5/MaliciousChainlinkClient.json [263ms]
2024-11-05 20:15:13.295 [info] > git show --textconv fc1de7290d02cfbc2b461b4bba691bdb08bcd10f:lib/chainlink-brownie-contracts/contracts/abi/v0.5/MaliciousChainlinkClient.json [251ms]
2024-11-05 20:15:13.295 [info] > git show --textconv 4b825dc642cb6eb9a060e54bf8d69288fbee4904:lib/chainlink-brownie-contracts/contracts/abi/v0.5/MaliciousConsumer.json [239ms]
2024-11-05 20:15:13.296 [info] > git show --textconv fc1de7290d02cfbc2b461b4bba691bdb08bcd10f:lib/chainlink-brownie-contracts/contracts/abi/v0.5/MaliciousConsumer.json [228ms]
2024-11-05 20:15:13.296 [info] > git show --textconv 4b825dc642cb6eb9a060e54bf8d69288fbee4904:lib/chainlink-brownie-contracts/contracts/abi/v0.5/MaliciousRequester.json [219ms]
2024-11-05 20:15:13.296 [info] > git show --textconv fc1de7290d02cfbc2b461b4bba691bdb08bcd10f:lib/chainlink-brownie-contracts/contracts/abi/v0.5/MaliciousRequester.json [209ms]
2024-11-05 20:15:13.296 [info] > git show --textconv 4b825dc642cb6eb9a060e54bf8d69288fbee4904:lib/chainlink-brownie-contracts/contracts/abi/v0.5/MeanAggregator.json [199ms]
2024-11-05 20:15:13.296 [info] > git show --textconv fc1de7290d02cfbc2b461b4bba691bdb08bcd10f:lib/chainlink-brownie-contracts/contracts/abi/v0.5/MeanAggregator.json [191ms]
2024-11-05 20:15:13.296 [info] > git show --textconv 4b825dc642cb6eb9a060e54bf8d69288fbee4904:lib/chainlink-brownie-contracts/contracts/abi/v0.5/MedianTestHelper.json [182ms]
2024-11-05 20:15:13.296 [info] > git show --textconv fc1de7290d02cfbc2b461b4bba691bdb08bcd10f:lib/chainlink-brownie-contracts/contracts/abi/v0.5/MedianTestHelper.json [173ms]
2024-11-05 20:15:13.296 [info] > git show --textconv 4b825dc642cb6eb9a060e54bf8d69288fbee4904:lib/chainlink-brownie-contracts/contracts/abi/v0.5/Migrations.json [163ms]
2024-11-05 20:15:13.296 [info] > git show --textconv fc1de7290d02cfbc2b461b4bba691bdb08bcd10f:lib/chainlink-brownie-contracts/contracts/abi/v0.5/Migrations.json [154ms]
2024-11-05 20:15:13.296 [info] > git show --textconv 4b825dc642cb6eb9a060e54bf8d69288fbee4904:lib/chainlink-brownie-contracts/contracts/abi/v0.5/Oracle.json [145ms]
2024-11-05 20:15:13.296 [info] > git show --textconv fc1de7290d02cfbc2b461b4bba691bdb08bcd10f:lib/chainlink-brownie-contracts/contracts/abi/v0.5/Oracle.json [133ms]
2024-11-05 20:15:13.296 [info] > git show --textconv 4b825dc642cb6eb9a060e54bf8d69288fbee4904:lib/chainlink-brownie-contracts/contracts/abi/v0.5/OracleInterface.json [124ms]
2024-11-05 20:15:13.296 [info] > git show --textconv fc1de7290d02cfbc2b461b4bba691bdb08bcd10f:lib/chainlink-brownie-contracts/contracts/abi/v0.5/OracleInterface.json [114ms]
2024-11-05 20:15:13.296 [info] > git show --textconv 4b825dc642cb6eb9a060e54bf8d69288fbee4904:lib/chainlink-brownie-contracts/contracts/abi/v0.5/Ownable.json [103ms]
2024-11-05 20:15:13.296 [info] > git show --textconv fc1de7290d02cfbc2b461b4bba691bdb08bcd10f:lib/chainlink-brownie-contracts/contracts/abi/v0.5/Ownable.json [93ms]
2024-11-05 20:15:13.296 [info] > git show --textconv 4b825dc642cb6eb9a060e54bf8d69288fbee4904:lib/chainlink-brownie-contracts/contracts/abi/v0.5/PointerInterface.json [82ms]
2024-11-05 20:15:13.296 [info] > git show --textconv fc1de7290d02cfbc2b461b4bba691bdb08bcd10f:lib/chainlink-brownie-contracts/contracts/abi/v0.5/PointerInterface.json [72ms]
2024-11-05 20:15:13.296 [info] > git show --textconv 4b825dc642cb6eb9a060e54bf8d69288fbee4904:lib/chainlink-brownie-contracts/contracts/abi/v0.5/SchnorrSECP256K1.json [62ms]
2024-11-05 20:15:13.296 [info] > git show --textconv fc1de7290d02cfbc2b461b4bba691bdb08bcd10f:lib/chainlink-brownie-contracts/contracts/abi/v0.5/SchnorrSECP256K1.json [53ms]
2024-11-05 20:15:13.296 [info] > git show --textconv 4b825dc642cb6eb9a060e54bf8d69288fbee4904:lib/chainlink-brownie-contracts/contracts/abi/v0.5/ServiceAgreementConsumer.json [43ms]
2024-11-05 20:15:13.296 [info] > git show --textconv fc1de7290d02cfbc2b461b4bba691bdb08bcd10f:lib/chainlink-brownie-contracts/contracts/abi/v0.5/ServiceAgreementConsumer.json [34ms]
2024-11-05 20:15:13.296 [info] > git show --textconv 4b825dc642cb6eb9a060e54bf8d69288fbee4904:lib/chainlink-brownie-contracts/contracts/abi/v0.5/WithdrawalInterface.json [25ms]
2024-11-05 20:15:13.296 [info] > git show --textconv fc1de7290d02cfbc2b461b4bba691bdb08bcd10f:lib/chainlink-brownie-contracts/contracts/abi/v0.5/WithdrawalInterface.json [14ms]
