2024-10-31 19:31:32.631 [info] Started local extension host with pid 9697.
2024-10-31 19:31:32.867 [error] Extension 'ms-python.debugpy CANNOT USE these API proposals 'portsAttributes, contribIssueReporter, debugVisualization, contribViewsWelcome'. You MUST start in extension development mode or use the --enable-proposed-api command line flag
2024-10-31 19:31:32.867 [error] Extension 'ms-python.python CANNOT USE these API proposals 'contribEditorContentMenu, quickPickSortByLabel, testObserver, quickPickItemTooltip, terminalDataWriteEvent, terminalExecuteCommandEvent, contribIssueReporter, codeActionAI, notebookReplDocument, notebookVariableProvider'. You MUST start in extension development mode or use the --enable-proposed-api command line flag
2024-10-31 19:31:32.902 [error] [ms-python.debugpy]: issue/reporter is a proposed menu identifier. It requires 'package.json#enabledApiProposals: ["contribIssueReporter"]' and is only available when running out of dev or with the following command line switch: --enable-proposed-api ms-python.debugpy
2024-10-31 19:31:32.902 [error] [ms-python.python]: issue/reporter is a proposed menu identifier. It requires 'package.json#enabledApiProposals: ["contribIssueReporter"]' and is only available when running out of dev or with the following command line switch: --enable-proposed-api ms-python.python
2024-10-31 19:31:32.902 [error] [ms-python.python]: editor/content is a proposed menu identifier. It requires 'package.json#enabledApiProposals: ["contribEditorContentMenu"]' and is only available when running out of dev or with the following command line switch: --enable-proposed-api ms-python.python
2024-10-31 19:31:35.353 [info] [perf] Render performance baseline is 26ms
2024-10-31 19:35:19.577 [info] Started local extension host with pid 10479.
2024-10-31 19:35:19.787 [error] Extension 'ms-python.debugpy CANNOT USE these API proposals 'portsAttributes, contribIssueReporter, debugVisualization, contribViewsWelcome'. You MUST start in extension development mode or use the --enable-proposed-api command line flag
2024-10-31 19:35:19.787 [error] Extension 'ms-python.python CANNOT USE these API proposals 'contribEditorContentMenu, quickPickSortByLabel, testObserver, quickPickItemTooltip, terminalDataWriteEvent, terminalExecuteCommandEvent, contribIssueReporter, codeActionAI, notebookReplDocument, notebookVariableProvider'. You MUST start in extension development mode or use the --enable-proposed-api command line flag
2024-10-31 19:35:19.809 [error] [ms-python.debugpy]: issue/reporter is a proposed menu identifier. It requires 'package.json#enabledApiProposals: ["contribIssueReporter"]' and is only available when running out of dev or with the following command line switch: --enable-proposed-api ms-python.debugpy
2024-10-31 19:35:19.809 [error] [ms-python.python]: issue/reporter is a proposed menu identifier. It requires 'package.json#enabledApiProposals: ["contribIssueReporter"]' and is only available when running out of dev or with the following command line switch: --enable-proposed-api ms-python.python
2024-10-31 19:35:19.810 [error] [ms-python.python]: editor/content is a proposed menu identifier. It requires 'package.json#enabledApiProposals: ["contribEditorContentMenu"]' and is only available when running out of dev or with the following command line switch: --enable-proposed-api ms-python.python
2024-10-31 19:35:22.267 [info] [perf] Render performance baseline is 26ms
2024-10-31 19:37:01.853 [info] Started local extension host with pid 11010.
2024-10-31 19:37:02.055 [error] Extension 'ms-python.debugpy CANNOT USE these API proposals 'portsAttributes, contribIssueReporter, debugVisualization, contribViewsWelcome'. You MUST start in extension development mode or use the --enable-proposed-api command line flag
2024-10-31 19:37:02.055 [error] Extension 'ms-python.python CANNOT USE these API proposals 'contribEditorContentMenu, quickPickSortByLabel, testObserver, quickPickItemTooltip, terminalDataWriteEvent, terminalExecuteCommandEvent, contribIssueReporter, codeActionAI, notebookReplDocument, notebookVariableProvider'. You MUST start in extension development mode or use the --enable-proposed-api command line flag
2024-10-31 19:37:02.079 [error] [ms-python.debugpy]: issue/reporter is a proposed menu identifier. It requires 'package.json#enabledApiProposals: ["contribIssueReporter"]' and is only available when running out of dev or with the following command line switch: --enable-proposed-api ms-python.debugpy
2024-10-31 19:37:02.079 [error] [ms-python.python]: issue/reporter is a proposed menu identifier. It requires 'package.json#enabledApiProposals: ["contribIssueReporter"]' and is only available when running out of dev or with the following command line switch: --enable-proposed-api ms-python.python
2024-10-31 19:37:02.079 [error] [ms-python.python]: editor/content is a proposed menu identifier. It requires 'package.json#enabledApiProposals: ["contribEditorContentMenu"]' and is only available when running out of dev or with the following command line switch: --enable-proposed-api ms-python.python
2024-10-31 19:37:04.546 [info] [perf] Render performance baseline is 28ms
2024-10-31 19:43:37.104 [error] [ms-python.debugpy]: issue/reporter is a proposed menu identifier. It requires 'package.json#enabledApiProposals: ["contribIssueReporter"]' and is only available when running out of dev or with the following command line switch: --enable-proposed-api ms-python.debugpy
2024-10-31 19:43:37.104 [error] [ms-python.python]: issue/reporter is a proposed menu identifier. It requires 'package.json#enabledApiProposals: ["contribIssueReporter"]' and is only available when running out of dev or with the following command line switch: --enable-proposed-api ms-python.python
2024-10-31 19:43:37.105 [error] [ms-python.python]: editor/content is a proposed menu identifier. It requires 'package.json#enabledApiProposals: ["contribEditorContentMenu"]' and is only available when running out of dev or with the following command line switch: --enable-proposed-api ms-python.python
2024-10-31 19:43:37.225 [info] Started local extension host with pid 12202.
2024-10-31 19:43:37.796 [error] No registered selector for ID: ms-vscode.npm-command
2024-10-31 19:43:55.061 [error] [ms-python.debugpy]: issue/reporter is a proposed menu identifier. It requires 'package.json#enabledApiProposals: ["contribIssueReporter"]' and is only available when running out of dev or with the following command line switch: --enable-proposed-api ms-python.debugpy
2024-10-31 19:43:55.061 [error] [ms-python.python]: issue/reporter is a proposed menu identifier. It requires 'package.json#enabledApiProposals: ["contribIssueReporter"]' and is only available when running out of dev or with the following command line switch: --enable-proposed-api ms-python.python
2024-10-31 19:43:55.061 [error] [ms-python.python]: editor/content is a proposed menu identifier. It requires 'package.json#enabledApiProposals: ["contribEditorContentMenu"]' and is only available when running out of dev or with the following command line switch: --enable-proposed-api ms-python.python
