2024-10-31 19:31:32.563 [info] Added views:outline in workbench.view.explorer
2024-10-31 19:31:32.563 [info] Added views:workbench.view.search in workbench.view.search
2024-10-31 19:31:32.563 [info] Added views:workbench.scm in workbench.view.scm
2024-10-31 19:31:32.563 [info] Added views:workbench.panel.markers.view in workbench.panel.markers
2024-10-31 19:31:32.563 [info] Added views:workbench.panel.output in workbench.panel.output
2024-10-31 19:31:32.563 [info] Added views:terminal in terminal
2024-10-31 19:31:32.563 [info] Added views:timeline in workbench.view.explorer
2024-10-31 19:31:32.563 [info] Added views:workbench.explorer.fileView in workbench.view.explorer
2024-10-31 19:31:32.858 [info] Added views:workbench.debug.welcome in workbench.view.debug
2024-10-31 19:31:32.942 [info] Added views:gitlens.views.home,gitlens.views.workspaces in workbench.view.extension.gitlens
2024-10-31 19:31:32.943 [info] Added views:gitlens.views.commitDetails,gitlens.views.lineHistory,gitlens.views.fileHistory,gitlens.views.searchAndCompare in workbench.view.extension.gitlensInspect
2024-10-31 19:31:32.943 [info] Added views:gitlens.views.commits,gitlens.views.branches,gitlens.views.remotes,gitlens.views.stashes,gitlens.views.tags,gitlens.views.contributors in workbench.view.scm
2024-10-31 19:31:33.203 [info] Added views:workbench.panel.repl.view in workbench.panel.repl
2024-10-31 19:31:33.252 [info] Added views:~remote.forwardedPorts in ~remote.forwardedPortsContainer
2024-10-31 19:31:33.440 [info] Added views:workbench.scm.history in workbench.view.scm
2024-10-31 19:31:34.481 [info] Added views:gitlens.views.drafts in workbench.view.extension.gitlens
2024-10-31 19:31:35.239 [info] Added views:gitlens.views.graph,gitlens.views.graphDetails in workbench.view.extension.gitlensPanel
2024-10-31 19:31:35.239 [info] Added views:gitlens.views.timeline in workbench.view.extension.gitlensInspect
2024-10-31 19:31:35.240 [info] Added views:gitlens.views.worktrees in workbench.view.scm
2024-10-31 19:35:19.063 [info] Removed views:workbench.scm.history from workbench.view.scm
2024-10-31 19:35:19.537 [info] Added views:outline in workbench.view.explorer
2024-10-31 19:35:19.537 [info] Added views:workbench.view.search in workbench.view.search
2024-10-31 19:35:19.537 [info] Added views:workbench.scm in workbench.view.scm
2024-10-31 19:35:19.537 [info] Added views:workbench.panel.markers.view in workbench.panel.markers
2024-10-31 19:35:19.537 [info] Added views:workbench.panel.output in workbench.panel.output
2024-10-31 19:35:19.537 [info] Added views:terminal in terminal
2024-10-31 19:35:19.537 [info] Added views:timeline in workbench.view.explorer
2024-10-31 19:35:19.537 [info] Added views:workbench.explorer.fileView in workbench.view.explorer
2024-10-31 19:35:19.843 [info] Added views:gitlens.views.home,gitlens.views.workspaces in workbench.view.extension.gitlens
2024-10-31 19:35:19.843 [info] Added views:gitlens.views.commitDetails,gitlens.views.lineHistory,gitlens.views.fileHistory,gitlens.views.searchAndCompare in workbench.view.extension.gitlensInspect
2024-10-31 19:35:19.843 [info] Added views:gitlens.views.commits,gitlens.views.branches,gitlens.views.remotes,gitlens.views.stashes,gitlens.views.tags,gitlens.views.contributors in workbench.view.scm
2024-10-31 19:35:20.006 [info] Added views:workbench.debug.variablesView,workbench.debug.watchExpressionsView,workbench.debug.callStackView,workbench.debug.breakPointsView in workbench.view.debug
2024-10-31 19:35:20.052 [info] Added views:workbench.panel.repl.view in workbench.panel.repl
2024-10-31 19:35:20.052 [info] Removed views:workbench.debug.breakPointsView,workbench.debug.callStackView,workbench.debug.watchExpressionsView,workbench.debug.variablesView from workbench.view.debug
2024-10-31 19:35:20.053 [info] Added views:workbench.debug.welcome in workbench.view.debug
2024-10-31 19:35:20.098 [info] Added views:~remote.forwardedPorts in ~remote.forwardedPortsContainer
2024-10-31 19:35:21.193 [info] Removed views:gitlens.views.searchAndCompare,gitlens.views.fileHistory,gitlens.views.lineHistory,gitlens.views.commitDetails from workbench.view.extension.gitlensInspect
2024-10-31 19:35:21.194 [info] Removed views:gitlens.views.contributors,gitlens.views.tags,gitlens.views.stashes,gitlens.views.remotes,gitlens.views.branches,gitlens.views.commits from workbench.view.scm
2024-10-31 19:35:21.264 [info] Added views:gitlens.views.drafts in workbench.view.extension.gitlens
2024-10-31 19:37:01.820 [info] Added views:outline in workbench.view.explorer
2024-10-31 19:37:01.820 [info] Added views:workbench.view.search in workbench.view.search
2024-10-31 19:37:01.820 [info] Added views:workbench.scm in workbench.view.scm
2024-10-31 19:37:01.820 [info] Added views:workbench.panel.markers.view in workbench.panel.markers
2024-10-31 19:37:01.820 [info] Added views:workbench.panel.output in workbench.panel.output
2024-10-31 19:37:01.820 [info] Added views:terminal in terminal
2024-10-31 19:37:01.820 [info] Added views:timeline in workbench.view.explorer
2024-10-31 19:37:01.820 [info] Added views:workbench.explorer.fileView in workbench.view.explorer
2024-10-31 19:37:02.123 [info] Added views:gitlens.views.home,gitlens.views.workspaces in workbench.view.extension.gitlens
2024-10-31 19:37:02.124 [info] Added views:gitlens.views.commitDetails,gitlens.views.lineHistory,gitlens.views.fileHistory,gitlens.views.searchAndCompare in workbench.view.extension.gitlensInspect
2024-10-31 19:37:02.124 [info] Added views:gitlens.views.commits,gitlens.views.branches,gitlens.views.remotes,gitlens.views.stashes,gitlens.views.tags,gitlens.views.contributors in workbench.view.scm
2024-10-31 19:37:02.351 [info] Added views:workbench.debug.variablesView,workbench.debug.watchExpressionsView,workbench.debug.callStackView,workbench.debug.breakPointsView in workbench.view.debug
2024-10-31 19:37:02.376 [info] Added views:workbench.panel.repl.view in workbench.panel.repl
2024-10-31 19:37:02.377 [info] Removed views:workbench.debug.breakPointsView,workbench.debug.callStackView,workbench.debug.watchExpressionsView,workbench.debug.variablesView from workbench.view.debug
2024-10-31 19:37:02.378 [info] Added views:workbench.debug.welcome in workbench.view.debug
2024-10-31 19:37:02.423 [info] Added views:~remote.forwardedPorts in ~remote.forwardedPortsContainer
2024-10-31 19:37:03.476 [info] Removed views:gitlens.views.searchAndCompare,gitlens.views.fileHistory,gitlens.views.lineHistory,gitlens.views.commitDetails from workbench.view.extension.gitlensInspect
2024-10-31 19:37:03.477 [info] Removed views:gitlens.views.contributors,gitlens.views.tags,gitlens.views.stashes,gitlens.views.remotes,gitlens.views.branches,gitlens.views.commits from workbench.view.scm
2024-10-31 19:37:03.546 [info] Added views:gitlens.views.drafts in workbench.view.extension.gitlens
2024-10-31 19:38:42.300 [info] Added views:gitlens.views.graph,gitlens.views.graphDetails in workbench.view.extension.gitlensPanel
2024-10-31 19:38:42.301 [info] Added views:gitlens.views.commitDetails,gitlens.views.lineHistory,gitlens.views.fileHistory,gitlens.views.timeline,gitlens.views.searchAndCompare in workbench.view.extension.gitlensInspect
2024-10-31 19:38:42.302 [info] Added views:gitlens.views.commits,gitlens.views.branches,gitlens.views.remotes,gitlens.views.stashes,gitlens.views.tags,gitlens.views.worktrees,gitlens.views.contributors in workbench.view.scm
2024-10-31 19:38:42.337 [info] Added views:workbench.scm.history in workbench.view.scm
2024-10-31 19:43:30.842 [info] Added views:workbench.views.extensions.installed,workbench.views.extensions.popular,extensions.recommendedList in workbench.view.extensions
2024-10-31 19:43:30.845 [info] Removed views:workbench.views.extensions.popular from workbench.view.extensions
2024-10-31 19:43:37.063 [info] Removed views:workbench.scm.history from workbench.view.scm
2024-10-31 19:43:37.426 [info] Removed views:workbench.panel.repl.view from workbench.panel.repl
2024-10-31 19:43:37.578 [info] Added views:workbench.panel.repl.view in workbench.panel.repl
2024-10-31 19:43:37.802 [info] Added views:workbench.scm.history in workbench.view.scm
2024-10-31 19:43:41.319 [info] Removed views:extensions.recommendedList,workbench.views.extensions.installed from workbench.view.extensions
2024-10-31 19:43:41.327 [info] Added views:workbench.views.extensions.marketplace in workbench.view.extensions
2024-10-31 22:00:45.610 [info] Removed views:workbench.scm.history from workbench.view.scm
