2024-11-04 16:52:35.906 [info] Started local extension host with pid 43261.
2024-11-04 16:52:36.372 [error] Extension 'ms-python.debugpy CANNOT USE these API proposals 'portsAttributes, contribIssueReporter, debugVisualization, contribViewsWelcome'. You MUST start in extension development mode or use the --enable-proposed-api command line flag
2024-11-04 16:52:36.372 [error] Extension 'ms-python.python CANNOT USE these API proposals 'contribEditorContentMenu, quickPickSortByLabel, testObserver, quickPickItemTooltip, terminalDataWriteEvent, terminalExecuteCommandEvent, contribIssueReporter, codeActionAI, notebookReplDocument, notebookVariableProvider'. You MUST start in extension development mode or use the --enable-proposed-api command line flag
2024-11-04 16:52:36.426 [error] [ms-python.debugpy]: issue/reporter is a proposed menu identifier. It requires 'package.json#enabledApiProposals: ["contribIssueReporter"]' and is only available when running out of dev or with the following command line switch: --enable-proposed-api ms-python.debugpy
2024-11-04 16:52:36.426 [error] [ms-python.python]: issue/reporter is a proposed menu identifier. It requires 'package.json#enabledApiProposals: ["contribIssueReporter"]' and is only available when running out of dev or with the following command line switch: --enable-proposed-api ms-python.python
2024-11-04 16:52:36.426 [error] [ms-python.python]: editor/content is a proposed menu identifier. It requires 'package.json#enabledApiProposals: ["contribEditorContentMenu"]' and is only available when running out of dev or with the following command line switch: --enable-proposed-api ms-python.python
2024-11-04 16:52:37.104 [error] [ExtensionListenerError] Extension 'NomicFoundation.hardhat-solidity' FAILED to handle event: Error: Language client is not ready yet: Error: [ExtensionListenerError] Extension 'NomicFoundation.hardhat-solidity' FAILED to handle event: Error: Language client is not ready yet
	at mh.value (file:///usr/lib/code/out/vs/workbench/api/node/extensionHostProcess.js:156:35379)
	at D.B (file:///usr/lib/code/out/vs/workbench/api/node/extensionHostProcess.js:29:746)
	at D.C (file:///usr/lib/code/out/vs/workbench/api/node/extensionHostProcess.js:29:816)
	at D.fire (file:///usr/lib/code/out/vs/workbench/api/node/extensionHostProcess.js:29:1033)
	at BF.$acceptConfigurationChanged (file:///usr/lib/code/out/vs/workbench/api/node/extensionHostProcess.js:112:3150)
	at file:///usr/lib/code/out/vs/workbench/api/node/extensionHostProcess.js:112:2700
2024-11-04 16:52:38.107 [error] [ExtensionListenerError] Extension 'NomicFoundation.hardhat-solidity' FAILED to handle event: Error: Language client is not ready yet: Error: [ExtensionListenerError] Extension 'NomicFoundation.hardhat-solidity' FAILED to handle event: Error: Language client is not ready yet
	at mh.value (file:///usr/lib/code/out/vs/workbench/api/node/extensionHostProcess.js:156:35379)
	at D.B (file:///usr/lib/code/out/vs/workbench/api/node/extensionHostProcess.js:29:746)
	at D.C (file:///usr/lib/code/out/vs/workbench/api/node/extensionHostProcess.js:29:816)
	at D.fire (file:///usr/lib/code/out/vs/workbench/api/node/extensionHostProcess.js:29:1033)
	at BF.$acceptConfigurationChanged (file:///usr/lib/code/out/vs/workbench/api/node/extensionHostProcess.js:112:3150)
	at file:///usr/lib/code/out/vs/workbench/api/node/extensionHostProcess.js:112:2700
2024-11-04 16:52:38.668 [info] [perf] Render performance baseline is 28ms
2024-11-04 18:32:07.106 [error] [network] #4: https://open-vsx.org/vscode/gallery/extensionquery - error POST Canceled
2024-11-04 18:32:43.338 [error] [network] #6: https://open-vsx.org/vscode/gallery/extensionquery - error POST Canceled
