2024-11-04 16:52:35.778 [info] Added views:workbench.view.search in workbench.view.search
2024-11-04 16:52:35.778 [info] Added views:workbench.scm in workbench.view.scm
2024-11-04 16:52:35.778 [info] Added views:workbench.panel.markers.view in workbench.panel.markers
2024-11-04 16:52:35.778 [info] Added views:workbench.panel.output in workbench.panel.output
2024-11-04 16:52:35.778 [info] Added views:terminal in terminal
2024-11-04 16:52:35.778 [info] Added views:workbench.explorer.fileView in workbench.view.explorer
2024-11-04 16:52:35.972 [info] Added views:workbench.debug.welcome in workbench.view.debug
2024-11-04 16:52:36.469 [info] Added views:gitlens.views.home,gitlens.views.workspaces in workbench.view.extension.gitlens
2024-11-04 16:52:36.470 [info] Added views:gitlens.views.commitDetails,gitlens.views.lineHistory,gitlens.views.fileHistory,gitlens.views.searchAndCompare in workbench.view.extension.gitlensInspect
2024-11-04 16:52:36.470 [info] Added views:gitlens.views.commits,gitlens.views.branches,gitlens.views.remotes,gitlens.views.stashes,gitlens.views.tags,gitlens.views.contributors in workbench.view.scm
2024-11-04 16:52:36.718 [info] Added views:workbench.panel.repl.view in workbench.panel.repl
2024-11-04 16:52:37.183 [info] Added views:~remote.forwardedPorts in ~remote.forwardedPortsContainer
2024-11-04 16:52:38.212 [info] Added views:gitlens.views.drafts in workbench.view.extension.gitlens
2024-11-04 16:52:38.277 [info] Added views:workbench.scm.history in workbench.view.scm
2024-11-04 16:52:39.155 [info] Added views:gitlens.views.graph,gitlens.views.graphDetails in workbench.view.extension.gitlensPanel
2024-11-04 16:52:39.155 [info] Added views:gitlens.views.timeline in workbench.view.extension.gitlensInspect
2024-11-04 16:52:39.156 [info] Added views:gitlens.views.worktrees in workbench.view.scm
2024-11-04 18:31:32.424 [info] Added views:workbench.views.extensions.installed,workbench.views.extensions.popular,extensions.recommendedList in workbench.view.extensions
2024-11-04 18:31:32.425 [info] Removed views:workbench.views.extensions.popular from workbench.view.extensions
2024-11-04 18:31:43.597 [info] Removed views:extensions.recommendedList,workbench.views.extensions.installed from workbench.view.extensions
2024-11-04 18:31:43.607 [info] Added views:workbench.views.extensions.marketplace in workbench.view.extensions
2024-11-04 18:32:07.094 [info] Removed views:workbench.views.extensions.marketplace from workbench.view.extensions
2024-11-04 18:32:07.105 [info] Added views:workbench.views.extensions.installed,extensions.recommendedList in workbench.view.extensions
2024-11-04 18:32:10.035 [info] Removed views:extensions.recommendedList,workbench.views.extensions.installed from workbench.view.extensions
2024-11-04 18:32:10.045 [info] Added views:workbench.views.extensions.marketplace in workbench.view.extensions
2024-11-04 18:32:57.636 [info] Removed views:workbench.scm.history from workbench.view.scm
