(VSCode) 2024-11-05 20:17:00.081 [INFO]: No proxy settings found
(VSCode) 2024-11-05 20:17:00.956 [INFO]: Checking network connection...
(VSCode) 2024-11-05 20:17:06.936 [ERROR]: 
      Network Test Response Summary:
      Code: ECONNRESET,
      Message: Request timed out,
      Error Message: socket hang up
      Proxy Headers: undefined,
      Certificate Info:
        Valid From: ,
        Valid To: ,
      Expired: false,
      
(VSCode) 2024-11-05 20:17:07.660 [INFO]: Creating manager directory: /tmp/c9e09d57-a3ea-41b5-b3b2-8e0746b158a5/codeium/manager
(VSCode) 2024-11-05 20:17:07.952 [INFO]: Using cached LS with valid crc32: /home/jvp/.vscode/extensions/codeium.codeium-1.22.5/dist/1347d6f7fffdaec404d99b3f0ca3d8854448c787/language_server_linux_x64
(VSCode) 2024-11-05 20:17:07.962 [INFO]: Language server started
2024/11/05 20:17:07 maxprocs: Leaving GOMAXPROCS=12: CPU quota undefined
I1105 20:17:08.030268 76138 main.go:553] [Language Server Manager] Setting GOMAXPROCS to 12
I1105 20:17:08.030322 76138 main.go:667] [Language Server Manager] Release 1.22.5 (1347d6f7fffdaec404d99b3f0ca3d8854448c787)
I1105 20:17:08.030337 76138 main.go:746] [Language Server Manager] Starting language server manager with pid 76138
I1105 20:17:08.030405 76138 main.go:120] [Language Server Manager] Manager acquired its lock file /tmp/c9e09d57-a3ea-41b5-b3b2-8e0746b158a5/codeium/manager/locks/manager.lock
I1105 20:17:08.030768 76138 main.go:259] [Language Server Manager] Waiting for random port file in /tmp/c9e09d57-a3ea-41b5-b3b2-8e0746b158a5/codeium/manager/child_random_port_1730848628030466194_9010697127256909762 to be created
2024/11/05 20:17:08 maxprocs: Leaving GOMAXPROCS=12: CPU quota undefined
I1105 20:17:08.099370 76153 main.go:553] Setting GOMAXPROCS to 4
I1105 20:17:08.099463 76153 main.go:740] Starting language server process with pid 76153
I1105 20:17:08.099483 76153 server.go:183] Language server will attempt to listen on host 127.0.0.1
I1105 20:17:08.099603 76153 server.go:190] Language server listening on random port at 36569
I1105 20:17:08.650956 76153 unleash.go:93] Initializing Unleash
I1105 20:17:09.180485 76153 unleash.go:113] Successfully initialized Unleash
E1105 20:17:09.194288 76153 client_manager.go:275] Metadata is nil when trying to refresh user JWT
I1105 20:17:09.194956 76153 server.go:441] Successfully created API server client
I1105 20:17:09.242838 76153 server.go:456] Successfully initialized tokenizer
I1105 20:17:09.326366 76153 server.go:613] Local search is enabled, will index local files.
I1105 20:17:09.326387 76153 server.go:617] Using 3 indexer workers
I1105 20:17:09.334077 76153 sqlite_faiss_db_client.go:64] Successfully created embedding search database in 7ms
I1105 20:17:09.334281 76153 indexer.go:213] Using 4 embed workers
I1105 20:17:09.334306 76153 search_provider.go:274] Successfully created and started indexer
I1105 20:17:09.334344 76153 search_provider.go:304] Successfully created embedding search provider
I1105 20:17:09.340777 76153 server.go:703] Successfully created completion provider
I1105 20:17:09.340799 76153 server.go:752] Child process attempting to acquire lock file /tmp/c9e09d57-a3ea-41b5-b3b2-8e0746b158a5/codeium/manager/locks/child_lock_1730848628030509586_933247219298781572
I1105 20:17:09.340836 76153 server.go:760] Child process acquired lock file /tmp/c9e09d57-a3ea-41b5-b3b2-8e0746b158a5/codeium/manager/locks/child_lock_1730848628030509586_933247219298781572
I1105 20:17:09.344581 76153 server.go:265] LSP listening on random port at 37295
I1105 20:17:09.350215 76153 web_server.go:259] Chat Web Server listening at ws://127.0.0.1:45681
37295
I1105 20:17:09.436433 76138 main.go:295] [Language Server Manager] Found random server port 36569
I1105 20:17:09.436456 76138 main.go:296] [Language Server Manager] Found random lsp port 37295
I1105 20:17:09.436481 76138 main.go:303] [Language Server Manager] Attempting to connect to language server at 127.0.0.1:36569
I1105 20:17:09.447979 76138 main.go:174] [Language Server Manager] Fixing language server port at 36569
I1105 20:17:09.447993 76138 main.go:355] [Language Server Manager] Successfully connected to new language server at 127.0.0.1:36569
(VSCode) 2024-11-05 20:17:09.466 [INFO]: Found language server running on port 36569
I1105 20:17:09.485563 76153 utils.go:227] Analyzing workspace files for /home/jvp/Desktop/projects/foundry-project
I1105 20:17:09.571480 76153 utils.go:281] Done analyzing workspace files for /home/jvp/Desktop/projects/foundry-project
(VSCode) 2024-11-05 20:17:09.635 [INFO]: openAllTextDocuments took 4.937501999998858ms
I1105 20:17:09.981769 76153 lazy_model.go:31] Successfully created embedding store
(VSCode) 2024-11-05 20:31:04.369 [INFO]: Disposing language server process
(VSCode) 2024-11-05 20:31:04.369 [INFO]: Deleting manager directory: /tmp/c9e09d57-a3ea-41b5-b3b2-8e0746b158a5/codeium/manager
(VSCode) 2024-11-05 20:31:04.370 [INFO]: Successfully disposed language server
W1105 20:31:04.369777 76138 main.go:124] [Language Server Manager] Got signal terminated, shutting down
