2024-11-03 14:13:08.336 [info] Started local extension host with pid 64093.
2024-11-03 14:13:08.568 [error] Extension 'ms-python.debugpy CANNOT USE these API proposals 'portsAttributes, contribIssueReporter, debugVisualization, contribViewsWelcome'. You MUST start in extension development mode or use the --enable-proposed-api command line flag
2024-11-03 14:13:08.568 [error] Extension 'ms-python.python CANNOT USE these API proposals 'contribEditorContentMenu, quickPickSortByLabel, testObserver, quickPickItemTooltip, terminalDataWriteEvent, terminalExecuteCommandEvent, contribIssueReporter, codeActionAI, notebookReplDocument, notebookVariableProvider'. You MUST start in extension development mode or use the --enable-proposed-api command line flag
2024-11-03 14:13:08.599 [error] [ms-python.debugpy]: issue/reporter is a proposed menu identifier. It requires 'package.json#enabledApiProposals: ["contribIssueReporter"]' and is only available when running out of dev or with the following command line switch: --enable-proposed-api ms-python.debugpy
2024-11-03 14:13:08.599 [error] [ms-python.python]: issue/reporter is a proposed menu identifier. It requires 'package.json#enabledApiProposals: ["contribIssueReporter"]' and is only available when running out of dev or with the following command line switch: --enable-proposed-api ms-python.python
2024-11-03 14:13:08.599 [error] [ms-python.python]: editor/content is a proposed menu identifier. It requires 'package.json#enabledApiProposals: ["contribEditorContentMenu"]' and is only available when running out of dev or with the following command line switch: --enable-proposed-api ms-python.python
2024-11-03 14:13:10.731 [error] [ExtensionListenerError] Extension 'NomicFoundation.hardhat-solidity' FAILED to handle event: Error: Language client is not ready yet: Error: [ExtensionListenerError] Extension 'NomicFoundation.hardhat-solidity' FAILED to handle event: Error: Language client is not ready yet
	at mh.value (file:///usr/lib/code/out/vs/workbench/api/node/extensionHostProcess.js:156:35379)
	at D.B (file:///usr/lib/code/out/vs/workbench/api/node/extensionHostProcess.js:29:746)
	at D.C (file:///usr/lib/code/out/vs/workbench/api/node/extensionHostProcess.js:29:816)
	at D.fire (file:///usr/lib/code/out/vs/workbench/api/node/extensionHostProcess.js:29:1033)
	at BF.$acceptConfigurationChanged (file:///usr/lib/code/out/vs/workbench/api/node/extensionHostProcess.js:112:3150)
	at file:///usr/lib/code/out/vs/workbench/api/node/extensionHostProcess.js:112:2700
2024-11-03 14:13:11.310 [info] [perf] Render performance baseline is 30ms
2024-11-03 14:14:10.401 [info] Started local extension host with pid 64543.
2024-11-03 14:14:10.614 [error] Extension 'ms-python.debugpy CANNOT USE these API proposals 'portsAttributes, contribIssueReporter, debugVisualization, contribViewsWelcome'. You MUST start in extension development mode or use the --enable-proposed-api command line flag
2024-11-03 14:14:10.614 [error] Extension 'ms-python.python CANNOT USE these API proposals 'contribEditorContentMenu, quickPickSortByLabel, testObserver, quickPickItemTooltip, terminalDataWriteEvent, terminalExecuteCommandEvent, contribIssueReporter, codeActionAI, notebookReplDocument, notebookVariableProvider'. You MUST start in extension development mode or use the --enable-proposed-api command line flag
2024-11-03 14:14:10.637 [error] [ms-python.debugpy]: issue/reporter is a proposed menu identifier. It requires 'package.json#enabledApiProposals: ["contribIssueReporter"]' and is only available when running out of dev or with the following command line switch: --enable-proposed-api ms-python.debugpy
2024-11-03 14:14:10.637 [error] [ms-python.python]: issue/reporter is a proposed menu identifier. It requires 'package.json#enabledApiProposals: ["contribIssueReporter"]' and is only available when running out of dev or with the following command line switch: --enable-proposed-api ms-python.python
2024-11-03 14:14:10.637 [error] [ms-python.python]: editor/content is a proposed menu identifier. It requires 'package.json#enabledApiProposals: ["contribEditorContentMenu"]' and is only available when running out of dev or with the following command line switch: --enable-proposed-api ms-python.python
2024-11-03 14:14:13.091 [info] [perf] Render performance baseline is 25ms
2024-11-03 14:26:04.896 [error] spawn /home/jvp/.vscode-oss/extensions/ms-python.python-2024.18.0-universal/python-env-tools/bin/pet ENOENT: Error: spawn /home/jvp/.vscode-oss/extensions/ms-python.python-2024.18.0-universal/python-env-tools/bin/pet ENOENT
	at ChildProcess._handle.onexit (node:internal/child_process:286:19)
	at onErrorNT (node:internal/child_process:484:16)
	at process.processTicksAndRejections (node:internal/process/task_queues:82:21)
