2024-11-04 18:36:33.593 [info] Reading sessions from keychain...
2024-11-04 18:36:33.593 [info] Getting sessions for all scopes...
2024-11-04 18:36:33.593 [info] Getting sessions for all scopes...
2024-11-04 18:36:33.593 [info] Got stored sessions!
2024-11-04 18:36:33.593 [info] Got 1 verified sessions.
2024-11-04 18:36:33.593 [info] Got 1 sessions for ...
2024-11-04 18:36:33.593 [info] Got 1 sessions for ...
2024-11-04 18:36:33.593 [info] Getting sessions for read:user,repo,user:email...
2024-11-04 18:36:33.593 [info] Got 0 sessions for read:user,repo,user:email...
2024-11-04 18:36:33.730 [info] Getting sessions for all scopes...
2024-11-04 18:36:33.730 [info] Got 1 sessions for ...
2024-11-04 18:36:33.768 [info] Getting sessions for all scopes...
2024-11-04 18:36:33.768 [info] Got 1 sessions for ...
2024-11-04 18:36:34.301 [info] Getting sessions for read:user,repo,user:email,workflow...
2024-11-04 18:36:34.301 [info] Got 1 sessions for read:user,repo,user:email,workflow...
2024-11-04 18:36:34.368 [info] Getting sessions for read:user,repo,user:email,workflow...
2024-11-04 18:36:34.368 [info] Got 1 sessions for read:user,repo,user:email,workflow...
2024-11-04 18:36:51.849 [info] Reading sessions from keychain...
2024-11-04 18:36:51.849 [info] Getting sessions for all scopes...
2024-11-04 18:36:51.849 [info] Getting sessions for all scopes...
2024-11-04 18:36:51.849 [info] Got stored sessions!
2024-11-04 18:36:51.849 [info] Got 1 verified sessions.
2024-11-04 18:36:51.849 [info] Got 1 sessions for ...
2024-11-04 18:36:51.849 [info] Got 1 sessions for ...
2024-11-04 18:36:53.450 [info] Getting sessions for read:user,repo,user:email,workflow...
2024-11-04 18:36:53.450 [info] Got 1 sessions for read:user,repo,user:email,workflow...
2024-11-04 18:36:53.526 [info] Getting sessions for read:user,repo,user:email,workflow...
2024-11-04 18:36:53.526 [info] Got 1 sessions for read:user,repo,user:email,workflow...
