2024-10-31 15:16:21.553 [info] Added views:outline in workbench.view.explorer
2024-10-31 15:16:21.553 [info] Added views:workbench.view.search in workbench.view.search
2024-10-31 15:16:21.553 [info] Added views:workbench.scm in workbench.view.scm
2024-10-31 15:16:21.553 [info] Added views:workbench.panel.markers.view in workbench.panel.markers
2024-10-31 15:16:21.553 [info] Added views:workbench.panel.output in workbench.panel.output
2024-10-31 15:16:21.553 [info] Added views:terminal in terminal
2024-10-31 15:16:21.553 [info] Added views:timeline in workbench.view.explorer
2024-10-31 15:16:21.553 [info] Added views:workbench.explorer.fileView in workbench.view.explorer
2024-10-31 15:16:21.650 [info] Added views:workbench.debug.welcome in workbench.view.debug
2024-10-31 15:16:22.159 [info] Added views:gitlens.views.home,gitlens.views.workspaces in workbench.view.extension.gitlens
2024-10-31 15:16:22.159 [info] Added views:gitlens.views.commitDetails,gitlens.views.lineHistory,gitlens.views.fileHistory,gitlens.views.searchAndCompare in workbench.view.extension.gitlensInspect
2024-10-31 15:16:22.159 [info] Added views:gitlens.views.commits,gitlens.views.branches,gitlens.views.remotes,gitlens.views.stashes,gitlens.views.tags,gitlens.views.contributors in workbench.view.scm
2024-10-31 15:16:22.422 [info] Added views:workbench.panel.repl.view in workbench.panel.repl
2024-10-31 15:16:23.067 [info] Added views:~remote.forwardedPorts in ~remote.forwardedPortsContainer
2024-10-31 15:16:24.135 [info] Added views:gitlens.views.drafts in workbench.view.extension.gitlens
2024-10-31 15:16:24.270 [info] Added views:workbench.scm.history in workbench.view.scm
2024-10-31 15:16:24.910 [info] Added views:gitlens.views.graph,gitlens.views.graphDetails in workbench.view.extension.gitlensPanel
2024-10-31 15:16:24.911 [info] Added views:gitlens.views.timeline in workbench.view.extension.gitlensInspect
2024-10-31 15:16:24.912 [info] Added views:gitlens.views.worktrees in workbench.view.scm
2024-10-31 15:31:34.857 [info] Removed views:workbench.scm.history from workbench.view.scm
2024-10-31 15:31:35.411 [info] Added views:outline in workbench.view.explorer
2024-10-31 15:31:35.411 [info] Added views:workbench.view.search in workbench.view.search
2024-10-31 15:31:35.411 [info] Added views:workbench.scm in workbench.view.scm
2024-10-31 15:31:35.411 [info] Added views:workbench.panel.markers.view in workbench.panel.markers
2024-10-31 15:31:35.411 [info] Added views:workbench.panel.output in workbench.panel.output
2024-10-31 15:31:35.411 [info] Added views:terminal in terminal
2024-10-31 15:31:35.411 [info] Added views:timeline in workbench.view.explorer
2024-10-31 15:31:35.411 [info] Added views:workbench.explorer.fileView in workbench.view.explorer
2024-10-31 15:31:35.545 [info] Added views:workbench.debug.welcome in workbench.view.debug
2024-10-31 15:31:35.888 [info] Added views:gitlens.views.home,gitlens.views.workspaces in workbench.view.extension.gitlens
2024-10-31 15:31:35.889 [info] Added views:gitlens.views.commitDetails,gitlens.views.lineHistory,gitlens.views.fileHistory,gitlens.views.searchAndCompare in workbench.view.extension.gitlensInspect
2024-10-31 15:31:35.889 [info] Added views:gitlens.views.commits,gitlens.views.branches,gitlens.views.remotes,gitlens.views.stashes,gitlens.views.tags,gitlens.views.contributors in workbench.view.scm
2024-10-31 15:31:36.112 [info] Added views:workbench.panel.repl.view in workbench.panel.repl
2024-10-31 15:31:36.420 [info] Added views:~remote.forwardedPorts in ~remote.forwardedPortsContainer
2024-10-31 15:31:37.515 [info] Added views:gitlens.views.drafts in workbench.view.extension.gitlens
2024-10-31 15:31:37.572 [info] Added views:workbench.scm.history in workbench.view.scm
2024-10-31 15:31:38.267 [info] Added views:gitlens.views.graph,gitlens.views.graphDetails in workbench.view.extension.gitlensPanel
2024-10-31 15:31:38.267 [info] Added views:gitlens.views.timeline in workbench.view.extension.gitlensInspect
2024-10-31 15:31:38.268 [info] Added views:gitlens.views.worktrees in workbench.view.scm
2024-10-31 15:41:39.288 [info] Removed views:workbench.scm.history from workbench.view.scm
