2024-11-05 20:16:59.211 [info] [main] Log level: Info
2024-11-05 20:16:59.211 [info] [main] Validating found git in: "git"
2024-11-05 20:16:59.211 [info] [main] Using git "2.47.0" from "git"
2024-11-05 20:16:59.211 [info] [Model][doInitialScan] Initial repository scan started
2024-11-05 20:16:59.211 [info] > git rev-parse --show-toplevel [5ms]
2024-11-05 20:16:59.211 [info] > git rev-parse --git-dir --git-common-dir [1ms]
2024-11-05 20:16:59.224 [info] [Model][openRepository] Opened repository: /home/jvp/Desktop/projects/foundry-project
2024-11-05 20:16:59.240 [info] > git config --get commit.template [6ms]
2024-11-05 20:16:59.240 [info] > git rev-parse --show-toplevel [2ms]
2024-11-05 20:16:59.252 [info] > git for-each-ref --format=%(refname)%00%(upstream:short)%00%(objectname)%00%(upstream:track)%00%(upstream:remotename)%00%(upstream:remoteref) refs/heads/main refs/remotes/main [7ms]
2024-11-05 20:16:59.266 [info] > git rev-parse --show-toplevel [14ms]
2024-11-05 20:16:59.273 [info] > git status -z -uall [15ms]
2024-11-05 20:16:59.274 [info] > git for-each-ref --sort -committerdate --format %(refname) %(objectname) %(*objectname) [9ms]
2024-11-05 20:16:59.289 [info] > git for-each-ref --format=%(refname)%00%(upstream:short)%00%(objectname)%00%(upstream:track)%00%(upstream:remotename)%00%(upstream:remoteref) refs/heads/main refs/remotes/main [8ms]
2024-11-05 20:16:59.296 [info] > git rev-parse --show-toplevel [22ms]
2024-11-05 20:16:59.306 [info] > git config --local branch.main.vscode-merge-base [10ms]
2024-11-05 20:16:59.306 [warning] [Git][config] git config failed: Failed to execute git
2024-11-05 20:16:59.312 [info] > git config --get commit.template [23ms]
2024-11-05 20:16:59.313 [info] > git rev-parse --show-toplevel [8ms]
2024-11-05 20:16:59.327 [info] > git for-each-ref --format=%(refname)%00%(upstream:short)%00%(objectname)%00%(upstream:track)%00%(upstream:remotename)%00%(upstream:remoteref) refs/heads/main refs/remotes/main [7ms]
2024-11-05 20:16:59.340 [info] > git reflog main --grep-reflog=branch: Created from *. [27ms]
2024-11-05 20:16:59.371 [info] > git status -z -uall [38ms]
2024-11-05 20:16:59.372 [info] > git symbolic-ref --short refs/remotes/origin/HEAD [27ms]
2024-11-05 20:16:59.372 [info] fatal: ref refs/remotes/origin/HEAD is not a symbolic ref
2024-11-05 20:16:59.372 [warning] [Repository][getDefaultBranch] Failed to get default branch details: Failed to execute git.
2024-11-05 20:16:59.373 [info] > git for-each-ref --sort -committerdate --format %(refname) %(objectname) %(*objectname) [34ms]
2024-11-05 20:16:59.374 [info] > git rev-parse --show-toplevel [48ms]
2024-11-05 20:16:59.433 [info] > git rev-parse --show-toplevel [52ms]
2024-11-05 20:16:59.436 [info] [Model][doInitialScan] Initial repository scan completed - repositories (1), closed repositories (2), parent repositories (0), unsafe repositories (0)
2024-11-05 20:17:00.050 [info] > git fetch [826ms]
2024-11-05 20:17:00.206 [info] > git check-ignore -v -z --stdin [147ms]
2024-11-05 20:17:00.251 [info] > git config --get commit.template [49ms]
2024-11-05 20:17:00.309 [info] > git for-each-ref --format=%(refname)%00%(upstream:short)%00%(objectname)%00%(upstream:track)%00%(upstream:remotename)%00%(upstream:remoteref) refs/heads/main refs/remotes/main [3ms]
2024-11-05 20:17:00.330 [info] > git status -z -uall [12ms]
2024-11-05 20:17:00.331 [info] > git for-each-ref --sort -committerdate --format %(refname) %(objectname) %(*objectname) [3ms]
2024-11-05 20:17:01.728 [info] > git config --get commit.template [12ms]
2024-11-05 20:17:01.729 [info] > git for-each-ref --format=%(refname)%00%(upstream:short)%00%(objectname)%00%(upstream:track)%00%(upstream:remotename)%00%(upstream:remoteref) refs/heads/main refs/remotes/main [2ms]
2024-11-05 20:17:01.749 [info] > git status -z -uall [10ms]
2024-11-05 20:17:01.750 [info] > git for-each-ref --sort -committerdate --format %(refname) %(objectname) %(*objectname) [1ms]
2024-11-05 20:17:38.555 [info] > git check-ignore -v -z --stdin [2ms]
2024-11-05 20:17:39.429 [info] > git check-ignore -v -z --stdin [2ms]
2024-11-05 20:17:50.195 [info] > git push -u origin main [561ms]
2024-11-05 20:17:50.195 [info] To https://github.com/Khetreiqcer/FOUNDRY-class.git
 ! [rejected]        main -> main (non-fast-forward)
error: failed to push some refs to 'https://github.com/Khetreiqcer/FOUNDRY-class.git'
hint: Updates were rejected because the tip of your current branch is behind
hint: its remote counterpart. If you want to integrate the remote changes,
hint: use 'git pull' before pushing again.
hint: See the 'Note about fast-forwards' in 'git push --help' for details.
2024-11-05 20:17:50.208 [info] > git config --get commit.template [1ms]
2024-11-05 20:17:50.219 [info] > git for-each-ref --format=%(refname)%00%(upstream:short)%00%(objectname)%00%(upstream:track)%00%(upstream:remotename)%00%(upstream:remoteref) refs/heads/main refs/remotes/main [1ms]
2024-11-05 20:17:50.239 [info] > git status -z -uall [11ms]
2024-11-05 20:17:50.240 [info] > git for-each-ref --sort -committerdate --format %(refname) %(objectname) %(*objectname) [2ms]
2024-11-05 20:17:59.811 [info] > git log --format=%H%n%aN%n%aE%n%at%n%ct%n%P%n%D%n%B -z --shortstat --diff-merges=first-parent -n50 --skip=0 --topo-order --decorate=full --stdin [137ms]
2024-11-05 20:18:01.661 [info] > git for-each-ref --sort -committerdate --format %(refname) %(objectname) %(*objectname) [2ms]
2024-11-05 20:18:51.513 [info] > git diff-tree -r --name-status -z --diff-filter=ADMR fc1de7290d02cfbc2b461b4bba691bdb08bcd10f 344736253760b8d796a4b0b66322ede067a95fb0 [2ms]
2024-11-05 20:18:51.554 [info] > git show --textconv fc1de7290d02cfbc2b461b4bba691bdb08bcd10f:.gitmodules [9ms]
2024-11-05 20:18:51.574 [info] > git show --textconv 344736253760b8d796a4b0b66322ede067a95fb0:.gitmodules [20ms]
2024-11-05 20:18:51.574 [info] > git ls-tree -l 344736253760b8d796a4b0b66322ede067a95fb0 -- /home/jvp/Desktop/projects/foundry-project/.gitmodules [1ms]
2024-11-05 20:18:51.575 [info] > git ls-tree -l fc1de7290d02cfbc2b461b4bba691bdb08bcd10f -- /home/jvp/Desktop/projects/foundry-project/.gitmodules [11ms]
2024-11-05 20:18:52.091 [info] > git check-ignore -v -z --stdin [3ms]
2024-11-05 20:19:55.210 [info] > git ls-tree -l fc1de7290d02cfbc2b461b4bba691bdb08bcd10f -- /home/jvp/Desktop/projects/foundry-project/.gitmodules [10ms]
2024-11-05 20:19:55.212 [info] > git ls-tree -l 344736253760b8d796a4b0b66322ede067a95fb0 -- /home/jvp/Desktop/projects/foundry-project/.gitmodules [3ms]
2024-11-05 20:20:01.130 [info] > git fetch [788ms]
2024-11-05 20:20:01.151 [info] > git config --get commit.template [11ms]
2024-11-05 20:20:01.151 [info] > git for-each-ref --format=%(refname)%00%(upstream:short)%00%(objectname)%00%(upstream:track)%00%(upstream:remotename)%00%(upstream:remoteref) refs/heads/main refs/remotes/main [1ms]
2024-11-05 20:20:01.172 [info] > git status -z -uall [10ms]
2024-11-05 20:20:01.173 [info] > git for-each-ref --sort -committerdate --format %(refname) %(objectname) %(*objectname) [2ms]
2024-11-05 20:20:02.212 [info] > git config --get commit.template [1ms]
2024-11-05 20:20:02.226 [info] > git for-each-ref --format=%(refname)%00%(upstream:short)%00%(objectname)%00%(upstream:track)%00%(upstream:remotename)%00%(upstream:remoteref) refs/heads/main refs/remotes/main [2ms]
2024-11-05 20:20:02.250 [info] > git status -z -uall [12ms]
2024-11-05 20:20:02.252 [info] > git for-each-ref --sort -committerdate --format %(refname) %(objectname) %(*objectname) [3ms]
2024-11-05 20:20:02.328 [info] > git ls-tree -l fc1de7290d02cfbc2b461b4bba691bdb08bcd10f -- /home/jvp/Desktop/projects/foundry-project/.gitmodules [12ms]
2024-11-05 20:20:02.329 [info] > git ls-tree -l 344736253760b8d796a4b0b66322ede067a95fb0 -- /home/jvp/Desktop/projects/foundry-project/.gitmodules [1ms]
2024-11-05 20:20:02.349 [info] > git show --textconv fc1de7290d02cfbc2b461b4bba691bdb08bcd10f:.gitmodules [10ms]
2024-11-05 20:20:02.349 [info] > git show --textconv 344736253760b8d796a4b0b66322ede067a95fb0:.gitmodules [1ms]
2024-11-05 20:20:21.597 [info] > git ls-tree -l fc1de7290d02cfbc2b461b4bba691bdb08bcd10f -- /home/jvp/Desktop/projects/foundry-project/.gitmodules [9ms]
2024-11-05 20:20:21.598 [info] > git config --get commit.template [21ms]
2024-11-05 20:20:21.598 [info] > git ls-tree -l 344736253760b8d796a4b0b66322ede067a95fb0 -- /home/jvp/Desktop/projects/foundry-project/.gitmodules [2ms]
2024-11-05 20:20:21.609 [info] > git for-each-ref --format=%(refname)%00%(upstream:short)%00%(objectname)%00%(upstream:track)%00%(upstream:remotename)%00%(upstream:remoteref) refs/heads/main refs/remotes/main [1ms]
2024-11-05 20:20:21.629 [info] > git status -z -uall [12ms]
2024-11-05 20:20:21.630 [info] > git for-each-ref --sort -committerdate --format %(refname) %(objectname) %(*objectname) [2ms]
2024-11-05 20:20:30.372 [info] > git check-ignore -v -z --stdin [1ms]
2024-11-05 20:20:31.246 [info] > git check-ignore -v -z --stdin [3ms]
2024-11-05 20:20:32.317 [info] > git check-ignore -v -z --stdin [1ms]
2024-11-05 20:20:33.545 [info] > git check-ignore -v -z --stdin [1ms]
2024-11-05 20:20:37.834 [info] > git show --textconv :.env [10ms]
2024-11-05 20:20:37.835 [info] > git ls-files --stage -- /home/jvp/Desktop/projects/foundry-project/.env [1ms]
2024-11-05 20:20:38.964 [info] > git show --textconv :.gitignore [12ms]
2024-11-05 20:20:38.965 [info] > git ls-files --stage -- /home/jvp/Desktop/projects/foundry-project/.gitignore [2ms]
2024-11-05 20:20:38.978 [info] > git cat-file -s 85198aaa55b84c0390b360ea2ba730087a9fcf49 [1ms]
2024-11-05 20:20:42.284 [info] > git show --textconv :foundry.toml [12ms]
2024-11-05 20:20:42.286 [info] > git ls-files --stage -- /home/jvp/Desktop/projects/foundry-project/foundry.toml [3ms]
2024-11-05 20:20:42.301 [info] > git cat-file -s d1e492999d0cfc281bc6e018e0c2e7da2964542a [2ms]
2024-11-05 20:20:46.465 [info] > git show --textconv :README.md [13ms]
2024-11-05 20:20:46.467 [info] > git ls-files --stage -- /home/jvp/Desktop/projects/foundry-project/README.md [2ms]
2024-11-05 20:20:46.490 [info] > git cat-file -s 9265b4558406aee6c1a1554f2379ffa4d897be46 [12ms]
2024-11-05 20:21:56.564 [info] > git ls-tree -l fc1de7290d02cfbc2b461b4bba691bdb08bcd10f -- /home/jvp/Desktop/projects/foundry-project/.gitmodules [14ms]
2024-11-05 20:21:56.565 [info] > git ls-tree -l 344736253760b8d796a4b0b66322ede067a95fb0 -- /home/jvp/Desktop/projects/foundry-project/.gitmodules [2ms]
2024-11-05 20:21:59.095 [info] > git log --format=%H%n%aN%n%aE%n%at%n%ct%n%P%n%D%n%B -z --shortstat --diff-merges=first-parent -n50 --skip=0 --topo-order --decorate=full --stdin [132ms]
2024-11-05 20:22:08.654 [info] > git config --get commit.template [13ms]
2024-11-05 20:22:08.654 [info] > git for-each-ref --format=%(refname)%00%(upstream:short)%00%(objectname)%00%(upstream:track)%00%(upstream:remotename)%00%(upstream:remoteref) refs/heads/main refs/remotes/main [1ms]
2024-11-05 20:22:08.679 [info] > git status -z -uall [13ms]
2024-11-05 20:22:08.680 [info] > git for-each-ref --sort -committerdate --format %(refname) %(objectname) %(*objectname) [2ms]
2024-11-05 20:22:08.756 [info] > git ls-tree -l 344736253760b8d796a4b0b66322ede067a95fb0 -- /home/jvp/Desktop/projects/foundry-project/.gitmodules [10ms]
2024-11-05 20:22:08.757 [info] > git ls-tree -l fc1de7290d02cfbc2b461b4bba691bdb08bcd10f -- /home/jvp/Desktop/projects/foundry-project/.gitmodules [21ms]
2024-11-05 20:22:08.757 [info] > git ls-files --stage -- /home/jvp/Desktop/projects/foundry-project/README.md [1ms]
2024-11-05 20:22:08.786 [info] > git show --textconv 344736253760b8d796a4b0b66322ede067a95fb0:.gitmodules [10ms]
2024-11-05 20:22:08.787 [info] > git cat-file -s 9265b4558406aee6c1a1554f2379ffa4d897be46 [20ms]
2024-11-05 20:22:08.788 [info] > git show --textconv fc1de7290d02cfbc2b461b4bba691bdb08bcd10f:.gitmodules [2ms]
2024-11-05 20:22:08.802 [info] > git show --textconv :README.md [2ms]
2024-11-05 20:22:13.385 [info] > git ls-tree -l 344736253760b8d796a4b0b66322ede067a95fb0 -- /home/jvp/Desktop/projects/foundry-project/.gitmodules [9ms]
2024-11-05 20:22:13.385 [info] > git ls-tree -l fc1de7290d02cfbc2b461b4bba691bdb08bcd10f -- /home/jvp/Desktop/projects/foundry-project/.gitmodules [18ms]
2024-11-05 20:22:13.395 [info] > git ls-files --stage -- /home/jvp/Desktop/projects/foundry-project/README.md [10ms]
2024-11-05 20:22:13.416 [info] > git show --textconv 344736253760b8d796a4b0b66322ede067a95fb0:.gitmodules [22ms]
2024-11-05 20:22:13.416 [info] > git cat-file -s 9265b4558406aee6c1a1554f2379ffa4d897be46 [9ms]
2024-11-05 20:22:13.426 [info] > git show --textconv fc1de7290d02cfbc2b461b4bba691bdb08bcd10f:.gitmodules [10ms]
2024-11-05 20:22:13.429 [info] > git show --textconv :README.md [3ms]
2024-11-05 20:22:13.710 [info] > git config --get commit.template [15ms]
2024-11-05 20:22:13.710 [info] > git for-each-ref --format=%(refname)%00%(upstream:short)%00%(objectname)%00%(upstream:track)%00%(upstream:remotename)%00%(upstream:remoteref) refs/heads/main refs/remotes/main [1ms]
2024-11-05 20:22:13.737 [info] > git status -z -uall [14ms]
2024-11-05 20:22:13.737 [info] > git for-each-ref --sort -committerdate --format %(refname) %(objectname) %(*objectname) [1ms]
2024-11-05 20:22:18.287 [info] > git ls-tree -l 344736253760b8d796a4b0b66322ede067a95fb0 -- /home/jvp/Desktop/projects/foundry-project/.gitmodules [10ms]
2024-11-05 20:22:18.287 [info] > git ls-tree -l fc1de7290d02cfbc2b461b4bba691bdb08bcd10f -- /home/jvp/Desktop/projects/foundry-project/.gitmodules [20ms]
2024-11-05 20:22:18.288 [info] > git ls-files --stage -- /home/jvp/Desktop/projects/foundry-project/README.md [2ms]
2024-11-05 20:22:18.317 [info] > git cat-file -s 9265b4558406aee6c1a1554f2379ffa4d897be46 [15ms]
2024-11-05 20:22:18.329 [info] > git show --textconv 344736253760b8d796a4b0b66322ede067a95fb0:.gitmodules [12ms]
2024-11-05 20:22:18.344 [info] > git show --textconv fc1de7290d02cfbc2b461b4bba691bdb08bcd10f:.gitmodules [15ms]
2024-11-05 20:22:18.346 [info] > git show --textconv :README.md [2ms]
2024-11-05 20:22:18.753 [info] > git config --get commit.template [1ms]
2024-11-05 20:22:18.765 [info] > git for-each-ref --format=%(refname)%00%(upstream:short)%00%(objectname)%00%(upstream:track)%00%(upstream:remotename)%00%(upstream:remoteref) refs/heads/main refs/remotes/main [1ms]
2024-11-05 20:22:18.788 [info] > git status -z -uall [10ms]
2024-11-05 20:22:18.789 [info] > git for-each-ref --sort -committerdate --format %(refname) %(objectname) %(*objectname) [1ms]
2024-11-05 20:22:23.397 [info] > git push -u origin main [562ms]
2024-11-05 20:22:23.397 [info] To https://github.com/Khetreiqcer/FOUNDRY-class.git
 ! [rejected]        main -> main (non-fast-forward)
error: failed to push some refs to 'https://github.com/Khetreiqcer/FOUNDRY-class.git'
hint: Updates were rejected because the tip of your current branch is behind
hint: its remote counterpart. If you want to integrate the remote changes,
hint: use 'git pull' before pushing again.
hint: See the 'Note about fast-forwards' in 'git push --help' for details.
2024-11-05 20:22:23.419 [info] > git config --get commit.template [8ms]
2024-11-05 20:22:23.419 [info] > git for-each-ref --format=%(refname)%00%(upstream:short)%00%(objectname)%00%(upstream:track)%00%(upstream:remotename)%00%(upstream:remoteref) refs/heads/main refs/remotes/main [1ms]
2024-11-05 20:22:23.437 [info] > git status -z -uall [9ms]
2024-11-05 20:22:23.438 [info] > git for-each-ref --sort -committerdate --format %(refname) %(objectname) %(*objectname) [2ms]
2024-11-05 20:22:23.566 [info] > git ls-tree -l fc1de7290d02cfbc2b461b4bba691bdb08bcd10f -- /home/jvp/Desktop/projects/foundry-project/.gitmodules [9ms]
2024-11-05 20:22:23.567 [info] > git ls-tree -l 344736253760b8d796a4b0b66322ede067a95fb0 -- /home/jvp/Desktop/projects/foundry-project/.gitmodules [1ms]
2024-11-05 20:22:23.814 [info] > git config --get commit.template [12ms]
2024-11-05 20:22:23.838 [info] > git for-each-ref --format=%(refname)%00%(upstream:short)%00%(objectname)%00%(upstream:track)%00%(upstream:remotename)%00%(upstream:remoteref) refs/heads/main refs/remotes/main [12ms]
2024-11-05 20:22:23.859 [info] > git status -z -uall [11ms]
2024-11-05 20:22:23.861 [info] > git for-each-ref --sort -committerdate --format %(refname) %(objectname) %(*objectname) [3ms]
2024-11-05 20:22:24.906 [info] > git ls-tree -l fc1de7290d02cfbc2b461b4bba691bdb08bcd10f -- /home/jvp/Desktop/projects/foundry-project/.gitmodules [13ms]
2024-11-05 20:22:24.907 [info] > git ls-tree -l 344736253760b8d796a4b0b66322ede067a95fb0 -- /home/jvp/Desktop/projects/foundry-project/.gitmodules [2ms]
2024-11-05 20:22:33.049 [info] > git push -u origin main [575ms]
2024-11-05 20:22:33.049 [info] To https://github.com/Khetreiqcer/FOUNDRY-class.git
 ! [rejected]        main -> main (non-fast-forward)
error: failed to push some refs to 'https://github.com/Khetreiqcer/FOUNDRY-class.git'
hint: Updates were rejected because the tip of your current branch is behind
hint: its remote counterpart. If you want to integrate the remote changes,
hint: use 'git pull' before pushing again.
hint: See the 'Note about fast-forwards' in 'git push --help' for details.
2024-11-05 20:22:33.069 [info] > git config --get commit.template [9ms]
2024-11-05 20:22:33.069 [info] > git for-each-ref --format=%(refname)%00%(upstream:short)%00%(objectname)%00%(upstream:track)%00%(upstream:remotename)%00%(upstream:remoteref) refs/heads/main refs/remotes/main [1ms]
2024-11-05 20:22:33.088 [info] > git status -z -uall [9ms]
2024-11-05 20:22:33.089 [info] > git for-each-ref --sort -committerdate --format %(refname) %(objectname) %(*objectname) [2ms]
2024-11-05 20:22:33.584 [info] > git ls-tree -l fc1de7290d02cfbc2b461b4bba691bdb08bcd10f -- /home/jvp/Desktop/projects/foundry-project/.gitmodules [13ms]
2024-11-05 20:22:33.585 [info] > git ls-tree -l 344736253760b8d796a4b0b66322ede067a95fb0 -- /home/jvp/Desktop/projects/foundry-project/.gitmodules [2ms]
2024-11-05 20:22:36.649 [info] > git ls-tree -l fc1de7290d02cfbc2b461b4bba691bdb08bcd10f -- /home/jvp/Desktop/projects/foundry-project/.gitmodules [12ms]
2024-11-05 20:22:36.653 [info] > git ls-tree -l 344736253760b8d796a4b0b66322ede067a95fb0 -- /home/jvp/Desktop/projects/foundry-project/.gitmodules [5ms]
2024-11-05 20:23:03.418 [info] > git ls-tree -l fc1de7290d02cfbc2b461b4bba691bdb08bcd10f -- /home/jvp/Desktop/projects/foundry-project/.gitmodules [10ms]
2024-11-05 20:23:03.419 [info] > git ls-tree -l 344736253760b8d796a4b0b66322ede067a95fb0 -- /home/jvp/Desktop/projects/foundry-project/.gitmodules [1ms]
2024-11-05 20:23:04.109 [info] > git fetch [713ms]
2024-11-05 20:23:04.128 [info] > git config --get commit.template [10ms]
2024-11-05 20:23:04.128 [info] > git for-each-ref --format=%(refname)%00%(upstream:short)%00%(objectname)%00%(upstream:track)%00%(upstream:remotename)%00%(upstream:remoteref) refs/heads/main refs/remotes/main [1ms]
2024-11-05 20:23:04.147 [info] > git status -z -uall [10ms]
2024-11-05 20:23:04.147 [info] > git for-each-ref --sort -committerdate --format %(refname) %(objectname) %(*objectname) [1ms]
2024-11-05 20:23:04.600 [info] > git ls-tree -l fc1de7290d02cfbc2b461b4bba691bdb08bcd10f -- /home/jvp/Desktop/projects/foundry-project/.gitmodules [12ms]
2024-11-05 20:23:04.601 [info] > git ls-tree -l 344736253760b8d796a4b0b66322ede067a95fb0 -- /home/jvp/Desktop/projects/foundry-project/.gitmodules [2ms]
2024-11-05 20:23:05.858 [info] > git ls-tree -l 344736253760b8d796a4b0b66322ede067a95fb0 -- /home/jvp/Desktop/projects/foundry-project/.gitmodules [1ms]
2024-11-05 20:23:05.859 [info] > git ls-tree -l fc1de7290d02cfbc2b461b4bba691bdb08bcd10f -- /home/jvp/Desktop/projects/foundry-project/.gitmodules [16ms]
2024-11-05 20:23:05.859 [info] > git config --get commit.template [30ms]
2024-11-05 20:23:05.889 [info] > git ls-tree -l fc1de7290d02cfbc2b461b4bba691bdb08bcd10f -- /home/jvp/Desktop/projects/foundry-project/.gitmodules [15ms]
2024-11-05 20:23:05.919 [info] > git show --textconv 344736253760b8d796a4b0b66322ede067a95fb0:.gitmodules [20ms]
2024-11-05 20:23:05.919 [info] > git show --textconv fc1de7290d02cfbc2b461b4bba691bdb08bcd10f:.gitmodules [10ms]
2024-11-05 20:23:05.920 [info] > git ls-tree -l 344736253760b8d796a4b0b66322ede067a95fb0 -- /home/jvp/Desktop/projects/foundry-project/.gitmodules [32ms]
2024-11-05 20:23:05.932 [info] > git show --textconv fc1de7290d02cfbc2b461b4bba691bdb08bcd10f:.gitmodules [2ms]
2024-11-05 20:23:05.932 [info] > git for-each-ref --format=%(refname)%00%(upstream:short)%00%(objectname)%00%(upstream:track)%00%(upstream:remotename)%00%(upstream:remoteref) refs/heads/main refs/remotes/main [13ms]
2024-11-05 20:23:05.962 [info] > git status -z -uall [20ms]
2024-11-05 20:23:05.962 [info] > git for-each-ref --sort -committerdate --format %(refname) %(objectname) %(*objectname) [12ms]
2024-11-05 20:23:05.963 [info] > git show --textconv 344736253760b8d796a4b0b66322ede067a95fb0:.gitmodules [2ms]
2024-11-05 20:23:07.578 [info] > git ls-tree -l fc1de7290d02cfbc2b461b4bba691bdb08bcd10f -- /home/jvp/Desktop/projects/foundry-project/.gitmodules [14ms]
2024-11-05 20:23:07.579 [info] > git ls-tree -l 344736253760b8d796a4b0b66322ede067a95fb0 -- /home/jvp/Desktop/projects/foundry-project/.gitmodules [2ms]
2024-11-05 20:23:13.201 [info] > git config --get commit.template [10ms]
2024-11-05 20:23:13.201 [info] > git for-each-ref --format=%(refname)%00%(upstream:short)%00%(objectname)%00%(upstream:track)%00%(upstream:remotename)%00%(upstream:remoteref) refs/heads/main refs/remotes/main [1ms]
2024-11-05 20:23:13.224 [info] > git status -z -uall [11ms]
2024-11-05 20:23:13.224 [info] > git for-each-ref --sort -committerdate --format %(refname) %(objectname) %(*objectname) [1ms]
2024-11-05 20:23:13.299 [info] > git ls-tree -l fc1de7290d02cfbc2b461b4bba691bdb08bcd10f -- /home/jvp/Desktop/projects/foundry-project/.gitmodules [12ms]
2024-11-05 20:23:13.299 [info] > git ls-tree -l 344736253760b8d796a4b0b66322ede067a95fb0 -- /home/jvp/Desktop/projects/foundry-project/.gitmodules [1ms]
2024-11-05 20:23:13.318 [info] > git show --textconv fc1de7290d02cfbc2b461b4bba691bdb08bcd10f:.gitmodules [10ms]
2024-11-05 20:23:13.319 [info] > git show --textconv 344736253760b8d796a4b0b66322ede067a95fb0:.gitmodules [1ms]
2024-11-05 20:23:16.591 [info] > git ls-tree -l fc1de7290d02cfbc2b461b4bba691bdb08bcd10f -- /home/jvp/Desktop/projects/foundry-project/.gitmodules [13ms]
2024-11-05 20:23:16.592 [info] > git ls-tree -l 344736253760b8d796a4b0b66322ede067a95fb0 -- /home/jvp/Desktop/projects/foundry-project/.gitmodules [2ms]
2024-11-05 20:23:18.252 [info] > git config --get commit.template [12ms]
2024-11-05 20:23:18.252 [info] > git for-each-ref --format=%(refname)%00%(upstream:short)%00%(objectname)%00%(upstream:track)%00%(upstream:remotename)%00%(upstream:remoteref) refs/heads/main refs/remotes/main [1ms]
2024-11-05 20:23:18.280 [info] > git status -z -uall [12ms]
2024-11-05 20:23:18.281 [info] > git for-each-ref --sort -committerdate --format %(refname) %(objectname) %(*objectname) [2ms]
2024-11-05 20:23:52.011 [info] > git ls-tree -l fc1de7290d02cfbc2b461b4bba691bdb08bcd10f -- /home/jvp/Desktop/projects/foundry-project/.gitmodules [14ms]
2024-11-05 20:23:52.012 [info] > git ls-tree -l 344736253760b8d796a4b0b66322ede067a95fb0 -- /home/jvp/Desktop/projects/foundry-project/.gitmodules [2ms]
2024-11-05 20:31:01.634 [info] > git ls-tree -l fc1de7290d02cfbc2b461b4bba691bdb08bcd10f -- /home/jvp/Desktop/projects/foundry-project/.gitmodules [16ms]
2024-11-05 20:31:01.634 [info] > git config --get commit.template [29ms]
2024-11-05 20:31:01.635 [info] > git ls-tree -l 344736253760b8d796a4b0b66322ede067a95fb0 -- /home/jvp/Desktop/projects/foundry-project/.gitmodules [3ms]
2024-11-05 20:31:01.650 [info] > git for-each-ref --format=%(refname)%00%(upstream:short)%00%(objectname)%00%(upstream:track)%00%(upstream:remotename)%00%(upstream:remoteref) refs/heads/main refs/remotes/main [1ms]
2024-11-05 20:31:01.677 [info] > git status -z -uall [14ms]
2024-11-05 20:31:01.679 [info] > git for-each-ref --sort -committerdate --format %(refname) %(objectname) %(*objectname) [2ms]
2024-11-05 20:31:01.698 [info] > git merge-base refs/heads/main refs/remotes/origin/main [1ms]
2024-11-05 20:31:01.726 [info] > git diff --name-status -z --diff-filter=ADMR 344736253760b8d796a4b0b66322ede067a95fb0...refs/remotes/origin/main [13ms]
2024-11-05 20:31:01.892 [info] > git log --format=%H%n%aN%n%aE%n%at%n%ct%n%P%n%D%n%B -z --shortstat --diff-merges=first-parent -n50 --skip=0 --topo-order --decorate=full --stdin [167ms]
2024-11-05 20:31:02.315 [info] > git fetch [724ms]
2024-11-05 20:31:02.336 [info] > git config --get commit.template [10ms]
2024-11-05 20:31:02.337 [info] > git for-each-ref --format=%(refname)%00%(upstream:short)%00%(objectname)%00%(upstream:track)%00%(upstream:remotename)%00%(upstream:remoteref) refs/heads/main refs/remotes/main [1ms]
2024-11-05 20:31:02.358 [info] > git status -z -uall [11ms]
2024-11-05 20:31:02.359 [info] > git for-each-ref --sort -committerdate --format %(refname) %(objectname) %(*objectname) [2ms]
2024-11-05 20:31:03.957 [info] > git ls-tree -l fc1de7290d02cfbc2b461b4bba691bdb08bcd10f -- /home/jvp/Desktop/projects/foundry-project/.gitmodules [10ms]
2024-11-05 20:31:03.958 [info] > git ls-tree -l 344736253760b8d796a4b0b66322ede067a95fb0 -- /home/jvp/Desktop/projects/foundry-project/.gitmodules [1ms]
