2024-10-31 16:49:38.573 [info] [main] Log level: Info
2024-10-31 16:49:38.573 [info] [main] Validating found git in: "git"
2024-10-31 16:49:38.573 [info] [main] Using git "2.47.0" from "git"
2024-10-31 16:49:38.573 [info] [Model][doInitialScan] Initial repository scan started
2024-10-31 16:49:38.573 [info] > git rev-parse --show-toplevel [8ms]
2024-10-31 16:49:38.573 [info] > git rev-parse --git-dir --git-common-dir [4ms]
2024-10-31 16:49:38.573 [info] [Model][openRepository] Opened repository: /home/jvp/Desktop/projects/site2.0
2024-10-31 16:49:38.578 [info] > git rev-parse --show-toplevel [1047ms]
2024-10-31 16:49:38.578 [info] > git config --get commit.template [1055ms]
2024-10-31 16:49:38.578 [info] > git fetch [1067ms]
2024-10-31 16:49:38.885 [info] > git config --get commit.template [109ms]
2024-10-31 16:49:38.885 [info] > git rev-parse --show-toplevel [117ms]
2024-10-31 16:49:38.931 [info] > git for-each-ref --format=%(refname)%00%(upstream:short)%00%(objectname)%00%(upstream:track)%00%(upstream:remotename)%00%(upstream:remoteref) refs/heads/main refs/remotes/main [64ms]
2024-10-31 16:49:38.945 [info] > git rev-parse --show-toplevel [16ms]
2024-10-31 16:49:38.946 [info] [Model][doInitialScan] Initial repository scan completed - repositories (1), closed repositories (0), parent repositories (0), unsafe repositories (0)
2024-10-31 16:49:38.967 [info] > git show --textconv :front/app/components/Gundam.tsx [11ms]
2024-10-31 16:49:38.968 [info] > git for-each-ref --format=%(refname)%00%(upstream:short)%00%(objectname)%00%(upstream:track)%00%(upstream:remotename)%00%(upstream:remoteref) refs/heads/main refs/remotes/main [25ms]
2024-10-31 16:49:38.970 [info] > git ls-files --stage -- /home/jvp/Desktop/projects/site2.0/front/app/components/Gundam.tsx [6ms]
2024-10-31 16:49:39.018 [info] > git for-each-ref --format=%(refname)%00%(upstream:short)%00%(objectname)%00%(upstream:track)%00%(upstream:remotename)%00%(upstream:remoteref) refs/heads/main refs/remotes/main [19ms]
2024-10-31 16:49:39.027 [info] > git cat-file -s 5592f0759f2fdfe46691fce17ca3ac5ac3ab9786 [49ms]
2024-10-31 16:49:39.040 [info] > git config --local branch.main.vscode-merge-base [13ms]
2024-10-31 16:49:39.048 [info] > git config --get commit.template [35ms]
2024-10-31 16:49:39.081 [info] > git for-each-ref --format=%(refname)%00%(upstream:short)%00%(objectname)%00%(upstream:track)%00%(upstream:remotename)%00%(upstream:remoteref) refs/heads/origin/main refs/remotes/origin/main [33ms]
2024-10-31 16:49:39.090 [info] > git for-each-ref --format=%(refname)%00%(upstream:short)%00%(objectname)%00%(upstream:track)%00%(upstream:remotename)%00%(upstream:remoteref) refs/heads/main refs/remotes/main [52ms]
2024-10-31 16:49:39.118 [info] > git check-ignore -v -z --stdin [12ms]
2024-10-31 16:49:39.119 [info] > git config --local branch.main.vscode-merge-base [21ms]
2024-10-31 16:49:39.127 [info] > git merge-base refs/heads/main refs/remotes/origin/main [38ms]
2024-10-31 16:49:39.142 [info] > git diff --name-status -z --diff-filter=ADMR 33a8e4670dafa0e20e275c5e3d33f63f299d73e4...refs/remotes/origin/main [7ms]
2024-10-31 16:49:39.142 [info] > git for-each-ref --format=%(refname)%00%(upstream:short)%00%(objectname)%00%(upstream:track)%00%(upstream:remotename)%00%(upstream:remoteref) refs/heads/origin/main refs/remotes/origin/main [15ms]
2024-10-31 16:49:39.142 [info] > git for-each-ref --format=%(refname)%00%(upstream:short)%00%(objectname)%00%(upstream:track)%00%(upstream:remotename)%00%(upstream:remoteref) refs/heads/main refs/remotes/main [25ms]
2024-10-31 16:49:39.190 [info] > git status -z -uall [9ms]
2024-10-31 16:49:39.191 [info] > git for-each-ref --sort -committerdate --format %(refname) %(objectname) %(*objectname) [3ms]
2024-10-31 16:49:39.769 [info] > git ls-files --stage -- /home/jvp/Desktop/projects/site2.0/front/app/components/Gundam.tsx [1ms]
2024-10-31 16:49:39.778 [info] > git cat-file -s 5592f0759f2fdfe46691fce17ca3ac5ac3ab9786 [1ms]
2024-10-31 16:49:39.789 [info] > git show --textconv :front/app/components/Gundam.tsx [2ms]
2024-10-31 16:53:07.294 [info] > git fetch [412ms]
2024-10-31 16:53:07.306 [info] > git config --get commit.template [2ms]
2024-10-31 16:53:07.314 [info] > git for-each-ref --format=%(refname)%00%(upstream:short)%00%(objectname)%00%(upstream:track)%00%(upstream:remotename)%00%(upstream:remoteref) refs/heads/main refs/remotes/main [1ms]
2024-10-31 16:53:07.330 [info] > git status -z -uall [9ms]
2024-10-31 16:53:07.331 [info] > git for-each-ref --sort -committerdate --format %(refname) %(objectname) %(*objectname) [2ms]
2024-10-31 17:07:56.561 [info] > git config --get commit.template [11ms]
2024-10-31 17:07:56.561 [info] > git for-each-ref --format=%(refname)%00%(upstream:short)%00%(objectname)%00%(upstream:track)%00%(upstream:remotename)%00%(upstream:remoteref) refs/heads/main refs/remotes/main [2ms]
2024-10-31 17:07:56.580 [info] > git status -z -uall [9ms]
2024-10-31 17:07:56.581 [info] > git for-each-ref --sort -committerdate --format %(refname) %(objectname) %(*objectname) [1ms]
2024-10-31 17:07:56.926 [info] > git fetch [387ms]
2024-10-31 17:07:56.942 [info] > git config --get commit.template [8ms]
2024-10-31 17:07:56.943 [info] > git for-each-ref --format=%(refname)%00%(upstream:short)%00%(objectname)%00%(upstream:track)%00%(upstream:remotename)%00%(upstream:remoteref) refs/heads/main refs/remotes/main [1ms]
2024-10-31 17:07:56.961 [info] > git status -z -uall [9ms]
2024-10-31 17:07:56.962 [info] > git for-each-ref --sort -committerdate --format %(refname) %(objectname) %(*objectname) [1ms]
2024-10-31 17:09:03.172 [info] > git config --get commit.template [14ms]
2024-10-31 17:09:03.173 [info] > git for-each-ref --format=%(refname)%00%(upstream:short)%00%(objectname)%00%(upstream:track)%00%(upstream:remotename)%00%(upstream:remoteref) refs/heads/main refs/remotes/main [2ms]
2024-10-31 17:09:03.193 [info] > git status -z -uall [11ms]
2024-10-31 17:09:03.194 [info] > git for-each-ref --sort -committerdate --format %(refname) %(objectname) %(*objectname) [1ms]
2024-10-31 17:10:57.377 [info] > git fetch [399ms]
2024-10-31 17:10:57.395 [info] > git config --get commit.template [8ms]
2024-10-31 17:10:57.396 [info] > git for-each-ref --format=%(refname)%00%(upstream:short)%00%(objectname)%00%(upstream:track)%00%(upstream:remotename)%00%(upstream:remoteref) refs/heads/main refs/remotes/main [1ms]
2024-10-31 17:10:57.414 [info] > git status -z -uall [10ms]
2024-10-31 17:10:57.414 [info] > git for-each-ref --sort -committerdate --format %(refname) %(objectname) %(*objectname) [1ms]
2024-10-31 17:10:58.518 [info] > git config --get commit.template [8ms]
2024-10-31 17:10:58.519 [info] > git for-each-ref --format=%(refname)%00%(upstream:short)%00%(objectname)%00%(upstream:track)%00%(upstream:remotename)%00%(upstream:remoteref) refs/heads/main refs/remotes/main [1ms]
2024-10-31 17:10:58.538 [info] > git status -z -uall [9ms]
2024-10-31 17:10:58.539 [info] > git for-each-ref --sort -committerdate --format %(refname) %(objectname) %(*objectname) [2ms]
