2024-11-04 19:22:44.482 [info] read schema from vscode: vscode://schemas/settings/user
2024-11-04 19:22:44.555 [info] schema change detected vscode://schemas/settings/user
2024-11-04 19:22:44.604 [info] read schema from vscode: vscode://schemas/settings/resourceLanguage
2024-11-04 19:22:44.604 [info] read schema from vscode: vscode://schemas/ignoredSettings
2024-11-04 19:22:44.610 [info] read schema from vscode: vscode://schemas/launch
2024-11-04 19:22:44.612 [info] read schema from vscode: vscode://schemas/token-styling
2024-11-04 19:22:44.612 [info] read schema from vscode: vscode://schemas/textmate-colors
2024-11-04 19:22:44.612 [info] read schema from vscode: vscode://schemas/workbench-colors
2024-11-04 19:22:44.724 [info] cancelled
2024-11-04 19:22:44.725 [info] read schema from vscode: vscode://schemas/settings/user
2024-11-04 19:23:00.890 [info] schema change detected vscode://schemas/settings/user
2024-11-04 19:23:00.892 [info] read schema from vscode: vscode://schemas/settings/user
2024-11-04 19:24:03.067 [info] schema change detected vscode://schemas/settings/user
2024-11-04 19:24:03.069 [info] read schema from vscode: vscode://schemas/settings/user
2024-11-04 19:27:39.200 [info] schema change detected vscode://schemas/settings/user
2024-11-04 19:27:39.203 [info] read schema from vscode: vscode://schemas/settings/user
2024-11-04 19:31:35.595 [info] schema change detected vscode://schemas/settings/user
2024-11-04 19:31:35.596 [info] read schema from vscode: vscode://schemas/settings/user
2024-11-04 19:31:44.749 [info] schema change detected vscode://schemas/settings/user
2024-11-04 19:31:44.750 [info] read schema from vscode: vscode://schemas/settings/user
