2024-11-04 19:07:49.111 [info] read schema from vscode: vscode://schemas/vscode-extensions
2024-11-04 19:07:49.218 [info] read schema from vscode: vscode://schemas/toolsParameters
2024-11-04 19:07:49.219 [info] read schema from vscode: vscode://schemas/settings/configurationDefaults
2024-11-04 19:07:49.287 [info] read schema from vscode: vscode://schemas/settings/resourceLanguage
2024-11-04 19:07:49.293 [info] read schema from vscode: vscode://schemas/token-styling
2024-11-04 19:07:49.294 [info] read schema from vscode: vscode://schemas/textmate-colors
2024-11-04 19:07:49.294 [info] read schema from vscode: vscode://schemas/workbench-colors
2024-11-04 19:07:54.411 [info] schema change detected vscode://schemas/settings/configurationDefaults
2024-11-04 19:07:54.551 [info] schema change detected vscode://schemas/workbench-colors
2024-11-04 19:07:55.366 [info] schema change detected vscode://schemas/settings/configurationDefaults
2024-11-04 19:08:06.181 [info] schema change detected vscode://schemas/settings/configurationDefaults
2024-11-04 19:08:06.418 [info] schema change detected vscode://schemas/workbench-colors
2024-11-04 19:08:07.151 [info] schema change detected vscode://schemas/settings/configurationDefaults
2024-11-04 19:09:19.676 [info] schema change detected vscode://schemas/settings/configurationDefaults
2024-11-04 19:09:20.664 [info] schema change detected vscode://schemas/settings/configurationDefaults
2024-11-04 19:09:35.402 [info] schema change detected vscode://schemas/settings/configurationDefaults
2024-11-04 19:09:35.624 [info] schema change detected vscode://schemas/workbench-colors
2024-11-04 19:09:36.386 [info] schema change detected vscode://schemas/settings/configurationDefaults
2024-11-04 19:10:27.753 [info] schema change detected vscode://schemas/settings/configurationDefaults
2024-11-04 19:10:28.732 [info] schema change detected vscode://schemas/settings/configurationDefaults
