[Info  - 5:18:06 PM] Solidity by Nomic Foundation Starting ...
[Info  - 5:18:06 PM] env: production
[Info  - 5:18:06 PM] Client starting
[Info  - 5:18:07 PM] Language server starting
[Info  - 5:18:07 PM]   Release: hardhat-solidity@0.8.6
[Info  - 5:18:07 PM]   Environment: production
[Info  - 5:18:07 PM]   Telemetry Enabled: false
[Info  - 5:18:07 PM]   Telemetry Tracking Id: 9359307963...
[Info  - 5:18:07 PM]   Workspace Folders:
[Info  - 5:18:07 PM]     foundry-project (file:///home/jvp/Desktop/projects/foundry-project)
[Info  - 5:18:07 PM] Fetching latest solidity versions
[Info  - 5:18:07 PM] Language server ready
[Info  - 5:18:07 PM] [indexing] Found projects:
[Info  - 5:18:07 PM] [indexing] -  Type: Hardhat
[Info  - 5:18:07 PM] [indexing]    Base path: /home/jvp/Desktop/projects/foundry-project/lib/chainlink-brownie-contracts/contracts
[Info  - 5:18:07 PM] [indexing]    Config file: /home/jvp/Desktop/projects/foundry-project/lib/chainlink-brownie-contracts/contracts/hardhat.config.ts
[Info  - 5:18:07 PM] [indexing] -  Type: Foundry
[Info  - 5:18:07 PM] [indexing]    Base path: /home/jvp/Desktop/projects/foundry-project
[Info  - 5:18:07 PM] [indexing]    Config file: /home/jvp/Desktop/projects/foundry-project/foundry.toml
[Info  - 5:18:07 PM] [indexing] Initializing /home/jvp/Desktop/projects/foundry-project/lib/chainlink-brownie-contracts/contracts/hardhat.config.ts
[Info  - 5:18:07 PM] [contracts] Error loading HRE: Error: Cannot find module 'hardhat'
Require stack:
- /home/jvp/.vscode/extensions/nomicfoundation.hardhat-solidity-0.8.6/server/out/worker/WorkerProcess.js
[Info  - 5:18:07 PM] [contracts] Child process exited: 1
[Info  - 5:18:07 PM] [indexing] Done /home/jvp/Desktop/projects/foundry-project/lib/chainlink-brownie-contracts/contracts/hardhat.config.ts
[Info  - 5:18:07 PM] [indexing] Initializing /home/jvp/Desktop/projects/foundry-project/foundry.toml
[Info  - 5:18:07 PM] [indexing] Done /home/jvp/Desktop/projects/foundry-project/foundry.toml
[Info  - 5:18:07 PM] [indexing] Scanning workspace folders for sol files
[Info  - 5:18:07 PM] [indexing] Scan complete, 1269 sol files found
[Info  - 5:18:07 PM] [indexing] Analyzing 2 solidity files
[Info  - 5:21:29 PM] No Slang-supported version (latest: 0.8.26) for Solidity found that satisfies the pragma directives: '^0.8.'.
[Error - 5:23:48 PM] Cannot read properties of undefined (reading 'split')
[Error - 6:21:19 PM] Cannot read properties of undefined (reading 'split')
[Info  - 6:25:08 PM] No Slang-supported version (latest: 0.8.26) for Solidity found that satisfies the pragma directives: '^0.8.'.
[Info  - 6:25:08 PM] No Slang-supported version (latest: 0.8.26) for Solidity found that satisfies the pragma directives: '^0.8.'.
[Info  - 6:25:08 PM] No Slang-supported version (latest: 0.8.26) for Solidity found that satisfies the pragma directives: '^0.8.'.
[Info  - 7:48:21 PM] Telemetry disabled
[Info  - 7:48:23 PM] Telemetry disabled
[Info  - 7:48:27 PM] Telemetry disabled
[Info  - 7:52:38 PM] Telemetry disabled
[Info  - 7:55:14 PM] Reinitializing foundry project: /home/jvp/Desktop/projects/foundry-project/foundry.toml
[Info  - 7:55:34 PM] Reinitializing foundry project: /home/jvp/Desktop/projects/foundry-project/foundry.toml
[Info  - 7:56:47 PM] Telemetry disabled
[Info  - 7:56:51 PM] Telemetry disabled
[Info  - 7:56:56 PM] Telemetry disabled
