[Info  - 3:31:37 PM] ESLint server is starting.
[Info  - 3:31:37 PM] ESLint server running in node v20.18.0
[Info  - 3:31:37 PM] ESLint server is running.
[Warn  - 3:31:38 PM] Detected package manager() differs from the one in the deprecated packageManager setting(npm). We will honor this setting until it is removed.
[object Object]
[Info  - 3:31:38 PM] 
Failed to load the ESLint library for the document /home/jvp/Desktop/projects/site2.0/front/theme/index.ts

To use ESLint please install eslint by running npm install eslint in the workspace folder site2.0
or globally using 'npm install -g eslint'. You need to reopen the workspace after installing eslint.

Alternatively you can disable ESLint for the workspace folder site2.0 by executing the 'Disable ESLint' command.
[Warn  - 3:31:38 PM] Detected package manager() differs from the one in the deprecated packageManager setting(npm). We will honor this setting until it is removed.
[object Object]
[Info  - 3:31:38 PM] 
Failed to load the ESLint library for the document /home/jvp/Desktop/projects/site2.0/front/theme/index.ts

To use ESLint please install eslint by running npm install eslint in the workspace folder site2.0
or globally using 'npm install -g eslint'. You need to reopen the workspace after installing eslint.

Alternatively you can disable ESLint for the workspace folder site2.0 by executing the 'Disable ESLint' command.
[Warn  - 3:31:38 PM] Detected package manager() differs from the one in the deprecated packageManager setting(npm). We will honor this setting until it is removed.
[object Object]
[Info  - 3:31:38 PM] 
Failed to load the ESLint library for the document /home/jvp/Desktop/projects/site2.0/README.md

To use ESLint please install eslint by running npm install eslint in the workspace folder site2.0
or globally using 'npm install -g eslint'. You need to reopen the workspace after installing eslint.

Alternatively you can disable ESLint for the workspace folder site2.0 by executing the 'Disable ESLint' command.
[Warn  - 3:35:54 PM] Detected package manager() differs from the one in the deprecated packageManager setting(npm). We will honor this setting until it is removed.
[object Object]
[Info  - 3:35:54 PM] 
Failed to load the ESLint library for the document /home/jvp/Desktop/projects/site2.0/README.md

To use ESLint please install eslint by running npm install eslint in the workspace folder site2.0
or globally using 'npm install -g eslint'. You need to reopen the workspace after installing eslint.

Alternatively you can disable ESLint for the workspace folder site2.0 by executing the 'Disable ESLint' command.
[Info  - 3:41:39 PM] ESLint server stopped.
