2024-10-31 16:21:17.069 [info] Added views:outline in workbench.view.explorer
2024-10-31 16:21:17.069 [info] Added views:workbench.view.search in workbench.view.search
2024-10-31 16:21:17.069 [info] Added views:workbench.scm in workbench.view.scm
2024-10-31 16:21:17.069 [info] Added views:workbench.panel.markers.view in workbench.panel.markers
2024-10-31 16:21:17.070 [info] Added views:workbench.panel.output in workbench.panel.output
2024-10-31 16:21:17.070 [info] Added views:terminal in terminal
2024-10-31 16:21:17.070 [info] Added views:timeline in workbench.view.explorer
2024-10-31 16:21:17.070 [info] Added views:workbench.explorer.fileView in workbench.view.explorer
2024-10-31 16:21:17.167 [info] Added views:workbench.debug.welcome in workbench.view.debug
2024-10-31 16:21:17.673 [info] Added views:gitlens.views.home,gitlens.views.workspaces in workbench.view.extension.gitlens
2024-10-31 16:21:17.673 [info] Added views:gitlens.views.commitDetails,gitlens.views.lineHistory,gitlens.views.fileHistory,gitlens.views.searchAndCompare in workbench.view.extension.gitlensInspect
2024-10-31 16:21:17.674 [info] Added views:gitlens.views.commits,gitlens.views.branches,gitlens.views.remotes,gitlens.views.stashes,gitlens.views.tags,gitlens.views.contributors in workbench.view.scm
2024-10-31 16:21:17.936 [info] Added views:workbench.panel.repl.view in workbench.panel.repl
2024-10-31 16:21:18.462 [info] Added views:~remote.forwardedPorts in ~remote.forwardedPortsContainer
2024-10-31 16:21:18.704 [info] Added views:workbench.scm.history in workbench.view.scm
2024-10-31 16:21:19.474 [info] Added views:gitlens.views.drafts in workbench.view.extension.gitlens
2024-10-31 16:21:20.259 [info] Added views:gitlens.views.graph,gitlens.views.graphDetails in workbench.view.extension.gitlensPanel
2024-10-31 16:21:20.259 [info] Added views:gitlens.views.timeline in workbench.view.extension.gitlensInspect
2024-10-31 16:21:20.271 [info] Added views:gitlens.views.worktrees in workbench.view.scm
2024-10-31 16:21:22.529 [info] Added views:workbench.views.extensions.installed,workbench.views.extensions.popular,extensions.recommendedList in workbench.view.extensions
2024-10-31 16:21:22.533 [info] Removed views:workbench.views.extensions.popular from workbench.view.extensions
2024-10-31 16:21:39.024 [info] Removed views:extensions.recommendedList,workbench.views.extensions.installed from workbench.view.extensions
2024-10-31 16:21:39.035 [info] Added views:workbench.views.extensions.marketplace in workbench.view.extensions
2024-10-31 16:21:59.813 [info] Removed views:workbench.views.extensions.marketplace from workbench.view.extensions
2024-10-31 16:21:59.828 [info] Added views:workbench.views.extensions.installed,extensions.recommendedList in workbench.view.extensions
