2024-11-04 18:33:03.808 [info] [main] Log level: Info
2024-11-04 18:33:03.808 [info] [main] Validating found git in: "git"
2024-11-04 18:33:03.808 [info] [main] Using git "2.47.0" from "git"
2024-11-04 18:33:03.808 [info] [Model][doInitialScan] Initial repository scan started
2024-11-04 18:33:03.808 [info] > git rev-parse --show-toplevel [2ms]
2024-11-04 18:33:03.808 [info] > git rev-parse --git-dir --git-common-dir [2ms]
2024-11-04 18:33:03.808 [info] [Model][openRepository] Opened repository: /home/jvp/Desktop/projects/foundry-project
2024-11-04 18:33:03.824 [info] > git fetch [804ms]
2024-11-04 18:33:04.074 [info] > git rev-parse --show-toplevel [252ms]
2024-11-04 18:33:04.075 [info] > git config --get commit.template [260ms]
2024-11-04 18:33:04.140 [info] > git config --get commit.template [91ms]
2024-11-04 18:33:04.158 [info] [Git][getRemotes] No remotes found in the git config file
2024-11-04 18:33:04.174 [info] [Git][getRemotes] No remotes found in the git config file
2024-11-04 18:33:04.175 [info] > git rev-parse --show-toplevel [17ms]
2024-11-04 18:33:04.175 [info] > git for-each-ref --format=%(refname)%00%(upstream:short)%00%(objectname)%00%(upstream:track)%00%(upstream:remotename)%00%(upstream:remoteref) refs/heads/master refs/remotes/master [26ms]
2024-11-04 18:33:04.237 [info] > git for-each-ref --format=%(refname)%00%(upstream:short)%00%(objectname)%00%(upstream:track)%00%(upstream:remotename)%00%(upstream:remoteref) refs/heads/master refs/remotes/master [52ms]
2024-11-04 18:33:04.248 [info] > git for-each-ref --format=%(refname)%00%(upstream:short)%00%(objectname)%00%(upstream:track)%00%(upstream:remotename)%00%(upstream:remoteref) refs/heads/master refs/remotes/master [74ms]
2024-11-04 18:33:04.263 [info] > git for-each-ref --format=%(refname)%00%(upstream:short)%00%(objectname)%00%(upstream:track)%00%(upstream:remotename)%00%(upstream:remoteref) refs/heads/master refs/remotes/master [6ms]
2024-11-04 18:33:04.272 [info] > git config --local branch.master.vscode-merge-base [24ms]
2024-11-04 18:33:04.272 [warning] [Git][config] git config failed: Failed to execute git
2024-11-04 18:33:04.282 [info] > git config --get commit.template [45ms]
2024-11-04 18:33:04.282 [info] > git rev-parse --show-toplevel [56ms]
2024-11-04 18:33:04.303 [info] > git config --local branch.master.vscode-merge-base [32ms]
2024-11-04 18:33:04.304 [warning] [Git][config] git config failed: Failed to execute git
2024-11-04 18:33:04.326 [info] [Git][getRemotes] No remotes found in the git config file
2024-11-04 18:33:04.327 [info] > git reflog master --grep-reflog=branch: Created from *. [15ms]
2024-11-04 18:33:04.337 [info] > git rev-parse --show-toplevel [34ms]
2024-11-04 18:33:04.338 [info] > git reflog master --grep-reflog=branch: Created from *. [57ms]
2024-11-04 18:33:04.355 [info] > git symbolic-ref --short refs/remotes/origin/HEAD [18ms]
2024-11-04 18:33:04.356 [info] fatal: ref refs/remotes/origin/HEAD is not a symbolic ref
2024-11-04 18:33:04.356 [warning] [Repository][getDefaultBranch] Failed to get default branch details: Failed to execute git.
2024-11-04 18:33:04.356 [info] > git for-each-ref --format=%(refname)%00%(upstream:short)%00%(objectname)%00%(upstream:track)%00%(upstream:remotename)%00%(upstream:remoteref) refs/heads/master refs/remotes/master [30ms]
2024-11-04 18:33:04.376 [info] > git rev-parse --show-toplevel [21ms]
2024-11-04 18:33:04.376 [info] > git symbolic-ref --short refs/remotes/origin/HEAD [30ms]
2024-11-04 18:33:04.376 [info] fatal: ref refs/remotes/origin/HEAD is not a symbolic ref
2024-11-04 18:33:04.376 [warning] [Repository][getDefaultBranch] Failed to get default branch details: Failed to execute git.
2024-11-04 18:33:04.387 [info] > git for-each-ref --sort -committerdate --format %(refname) %(objectname) %(*objectname) [13ms]
2024-11-04 18:33:04.389 [info] > git rev-parse --show-toplevel [3ms]
2024-11-04 18:33:04.431 [info] > git rev-parse --show-toplevel [33ms]
2024-11-04 18:33:04.459 [info] > git status -z -uall [94ms]
2024-11-04 18:33:04.459 [info] > git check-ignore -v -z --stdin [20ms]
2024-11-04 18:33:04.460 [info] > git rev-parse --show-toplevel [12ms]
2024-11-04 18:33:04.461 [info] [Model][doInitialScan] Initial repository scan completed - repositories (1), closed repositories (0), parent repositories (0), unsafe repositories (0)
2024-11-04 18:33:04.492 [info] > git show --textconv :test/FundMeTest.t.sol [21ms]
2024-11-04 18:33:04.493 [info] > git ls-files --stage -- /home/jvp/Desktop/projects/foundry-project/test/FundMeTest.t.sol [14ms]
2024-11-04 18:33:04.991 [info] > git rev-parse --show-toplevel [1ms]
2024-11-04 18:33:05.001 [info] > git rev-parse --git-dir --git-common-dir [1ms]
2024-11-04 18:33:05.012 [info] [Model][openRepository] Opened repository: /home/jvp/Desktop/projects/foundry-project/lib/forge-std
2024-11-04 18:33:05.031 [info] > git config --get commit.template [9ms]
2024-11-04 18:33:05.031 [info] > git rev-parse --show-toplevel [1ms]
2024-11-04 18:33:05.046 [info] > git for-each-ref --format %(refname) %(objectname) %(*objectname) refs/tags [7ms]
2024-11-04 18:33:05.064 [info] > git status -z -uall [9ms]
2024-11-04 18:33:05.064 [info] > git rev-parse --git-dir --git-common-dir [18ms]
2024-11-04 18:33:05.075 [info] [Model][openRepository] Opened repository: /home/jvp/Desktop/projects/foundry-project/lib/chainlink-brownie-contracts
2024-11-04 18:33:05.085 [info] > git for-each-ref --sort -committerdate --format %(refname) %(objectname) %(*objectname) [22ms]
2024-11-04 18:33:05.097 [info] > git config --get commit.template [13ms]
2024-11-04 18:33:05.098 [info] > git config --get commit.template [1ms]
2024-11-04 18:33:05.116 [info] > git for-each-ref --format %(refname) %(objectname) %(*objectname) refs/tags [9ms]
2024-11-04 18:33:05.135 [info] > git for-each-ref --format %(refname) %(objectname) %(*objectname) refs/tags [20ms]
2024-11-04 18:33:05.154 [info] > git status -z -uall [11ms]
2024-11-04 18:33:05.154 [info] > git for-each-ref --sort -committerdate --format %(refname) %(objectname) %(*objectname) [20ms]
2024-11-04 18:33:05.155 [info] > git for-each-ref --sort -committerdate --format %(refname) %(objectname) %(*objectname) [2ms]
2024-11-04 18:33:05.191 [info] > git status -z -uall [66ms]
2024-11-04 18:33:05.212 [info] > git config --get commit.template [9ms]
2024-11-04 18:33:05.213 [info] > git for-each-ref --format %(refname) %(objectname) %(*objectname) refs/tags [1ms]
2024-11-04 18:33:05.232 [info] > git for-each-ref --sort -committerdate --format %(refname) %(objectname) %(*objectname) [2ms]
2024-11-04 18:33:05.288 [info] > git status -z -uall [66ms]
2024-11-04 18:33:05.483 [info] > git fetch [408ms]
2024-11-04 18:33:05.503 [info] > git config --get commit.template [9ms]
2024-11-04 18:33:05.503 [info] > git for-each-ref --format %(refname) %(objectname) %(*objectname) refs/tags [1ms]
2024-11-04 18:33:05.521 [info] > git for-each-ref --sort -committerdate --format %(refname) %(objectname) %(*objectname) [2ms]
2024-11-04 18:33:05.575 [info] > git status -z -uall [63ms]
2024-11-04 18:33:05.632 [info] > git ls-files --stage -- /home/jvp/Desktop/projects/foundry-project/test/FundMeTest.t.sol [4ms]
2024-11-04 18:33:05.677 [info] > git show --textconv :test/FundMeTest.t.sol [22ms]
2024-11-04 18:33:06.149 [info] > git check-ignore -v -z --stdin [1ms]
2024-11-04 18:33:06.665 [info] > git config --get commit.template [13ms]
2024-11-04 18:33:06.666 [info] > git for-each-ref --format %(refname) %(objectname) %(*objectname) refs/tags [2ms]
2024-11-04 18:33:06.683 [info] > git for-each-ref --sort -committerdate --format %(refname) %(objectname) %(*objectname) [1ms]
2024-11-04 18:33:06.737 [info] > git status -z -uall [64ms]
2024-11-04 18:33:07.207 [info] > git fetch [2195ms]
2024-11-04 18:33:07.226 [info] > git config --get commit.template [10ms]
2024-11-04 18:33:07.228 [info] > git for-each-ref --format %(refname) %(objectname) %(*objectname) refs/tags [2ms]
2024-11-04 18:33:07.249 [info] > git status -z -uall [12ms]
2024-11-04 18:33:07.251 [info] > git for-each-ref --sort -committerdate --format %(refname) %(objectname) %(*objectname) [2ms]
2024-11-04 18:33:08.299 [info] > git config --get commit.template [9ms]
2024-11-04 18:33:08.300 [info] > git for-each-ref --format %(refname) %(objectname) %(*objectname) refs/tags [1ms]
2024-11-04 18:33:08.318 [info] > git status -z -uall [10ms]
2024-11-04 18:33:08.319 [info] > git for-each-ref --sort -committerdate --format %(refname) %(objectname) %(*objectname) [2ms]
2024-11-04 18:34:04.015 [info] > git log --format=%H%n%aN%n%aE%n%at%n%ct%n%P%n%D%n%B -z --shortstat --diff-merges=first-parent -n50 --skip=0 --topo-order --decorate=full --stdin [3ms]
2024-11-04 18:34:04.710 [info] > git check-ignore -v -z --stdin [9ms]
2024-11-04 18:34:04.711 [info] > git check-ignore -v -z --stdin [2ms]
2024-11-04 18:34:06.485 [info] > git check-ignore -v -z --stdin [1ms]
2024-11-04 18:34:25.882 [info] > git show --textconv :test/FundMeTest.t.sol [12ms]
2024-11-04 18:34:25.883 [info] > git ls-files --stage -- /home/jvp/Desktop/projects/foundry-project/test/FundMeTest.t.sol [3ms]
2024-11-04 18:34:42.963 [info] [main] Log level: Info
2024-11-04 18:34:42.963 [info] [main] Validating found git in: "git"
2024-11-04 18:34:42.963 [info] [main] Using git "2.47.0" from "git"
2024-11-04 18:34:42.963 [info] [Model][doInitialScan] Initial repository scan started
2024-11-04 18:34:42.963 [info] > git rev-parse --show-toplevel [31ms]
2024-11-04 18:34:43.754 [info] > git rev-parse --git-dir --git-common-dir [784ms]
2024-11-04 18:34:43.772 [info] [Model][openRepository] Opened repository: /home/jvp/Desktop/projects/foundry-project
2024-11-04 18:34:43.935 [info] > git fetch [163ms]
2024-11-04 18:34:43.987 [info] > git config --get commit.template [74ms]
2024-11-04 18:34:43.993 [info] > git config --get commit.template [11ms]
2024-11-04 18:34:44.011 [info] [Git][getRemotes] No remotes found in the git config file
2024-11-04 18:34:44.021 [info] [Git][getRemotes] No remotes found in the git config file
2024-11-04 18:34:44.022 [info] > git for-each-ref --format=%(refname)%00%(upstream:short)%00%(objectname)%00%(upstream:track)%00%(upstream:remotename)%00%(upstream:remoteref) refs/heads/master refs/remotes/master [12ms]
2024-11-04 18:34:44.033 [info] > git rev-parse --show-toplevel [30ms]
2024-11-04 18:34:44.050 [info] > git for-each-ref --format=%(refname)%00%(upstream:short)%00%(objectname)%00%(upstream:track)%00%(upstream:remotename)%00%(upstream:remoteref) refs/heads/master refs/remotes/master [19ms]
2024-11-04 18:34:44.059 [info] > git for-each-ref --format=%(refname)%00%(upstream:short)%00%(objectname)%00%(upstream:track)%00%(upstream:remotename)%00%(upstream:remoteref) refs/heads/master refs/remotes/master [38ms]
2024-11-04 18:34:44.080 [info] > git for-each-ref --format=%(refname)%00%(upstream:short)%00%(objectname)%00%(upstream:track)%00%(upstream:remotename)%00%(upstream:remoteref) refs/heads/master refs/remotes/master [12ms]
2024-11-04 18:34:44.089 [info] > git config --local branch.master.vscode-merge-base [31ms]
2024-11-04 18:34:44.089 [warning] [Git][config] git config failed: Failed to execute git
2024-11-04 18:34:44.097 [info] > git rev-parse --show-toplevel [48ms]
2024-11-04 18:34:44.098 [info] > git config --get commit.template [57ms]
2024-11-04 18:34:44.107 [info] > git config --local branch.master.vscode-merge-base [18ms]
2024-11-04 18:34:44.107 [warning] [Git][config] git config failed: Failed to execute git
2024-11-04 18:34:44.125 [info] [Git][getRemotes] No remotes found in the git config file
2024-11-04 18:34:44.125 [info] > git rev-parse --show-toplevel [19ms]
2024-11-04 18:34:44.126 [info] > git reflog master --grep-reflog=branch: Created from *. [29ms]
2024-11-04 18:34:44.143 [info] > git for-each-ref --format=%(refname)%00%(upstream:short)%00%(objectname)%00%(upstream:track)%00%(upstream:remotename)%00%(upstream:remoteref) refs/heads/master refs/remotes/master [18ms]
2024-11-04 18:34:44.159 [info] > git reflog master --grep-reflog=branch: Created from *. [44ms]
2024-11-04 18:34:44.169 [info] > git for-each-ref --sort -committerdate --format %(refname) %(objectname) %(*objectname) [10ms]
2024-11-04 18:34:44.170 [info] > git rev-parse --show-toplevel [28ms]
2024-11-04 18:34:44.170 [info] > git symbolic-ref --short refs/remotes/origin/HEAD [37ms]
2024-11-04 18:34:44.170 [info] fatal: ref refs/remotes/origin/HEAD is not a symbolic ref
2024-11-04 18:34:44.170 [warning] [Repository][getDefaultBranch] Failed to get default branch details: Failed to execute git.
2024-11-04 18:34:44.180 [info] > git symbolic-ref --short refs/remotes/origin/HEAD [12ms]
2024-11-04 18:34:44.180 [info] fatal: ref refs/remotes/origin/HEAD is not a symbolic ref
2024-11-04 18:34:44.180 [warning] [Repository][getDefaultBranch] Failed to get default branch details: Failed to execute git.
2024-11-04 18:34:44.181 [info] > git rev-parse --show-toplevel [1ms]
2024-11-04 18:34:44.211 [info] > git rev-parse --show-toplevel [2ms]
2024-11-04 18:34:44.234 [info] > git status -z -uall [83ms]
2024-11-04 18:34:44.234 [info] > git rev-parse --show-toplevel [6ms]
2024-11-04 18:34:44.234 [info] [Model][doInitialScan] Initial repository scan completed - repositories (1), closed repositories (0), parent repositories (0), unsafe repositories (0)
2024-11-04 18:34:44.451 [info] > git check-ignore -v -z --stdin [1ms]
2024-11-04 18:34:44.748 [info] > git rev-parse --show-toplevel [3ms]
2024-11-04 18:34:44.757 [info] > git rev-parse --git-dir --git-common-dir [1ms]
2024-11-04 18:34:44.768 [info] [Model][openRepository] Opened repository: /home/jvp/Desktop/projects/foundry-project/lib/forge-std
2024-11-04 18:34:44.788 [info] > git rev-parse --show-toplevel [3ms]
2024-11-04 18:34:44.788 [info] > git config --get commit.template [10ms]
2024-11-04 18:34:44.806 [info] > git rev-parse --git-dir --git-common-dir [9ms]
2024-11-04 18:34:44.817 [info] [Model][openRepository] Opened repository: /home/jvp/Desktop/projects/foundry-project/lib/chainlink-brownie-contracts
2024-11-04 18:34:44.828 [info] > git for-each-ref --format %(refname) %(objectname) %(*objectname) refs/tags [23ms]
2024-11-04 18:34:44.846 [info] > git status -z -uall [9ms]
2024-11-04 18:34:44.846 [info] > git config --get commit.template [19ms]
2024-11-04 18:34:44.848 [info] > git for-each-ref --sort -committerdate --format %(refname) %(objectname) %(*objectname) [4ms]
2024-11-04 18:34:44.871 [info] > git config --get commit.template [2ms]
2024-11-04 18:34:44.871 [info] > git for-each-ref --format %(refname) %(objectname) %(*objectname) refs/tags [11ms]
2024-11-04 18:34:44.901 [info] > git for-each-ref --sort -committerdate --format %(refname) %(objectname) %(*objectname) [10ms]
2024-11-04 18:34:44.922 [info] > git for-each-ref --format %(refname) %(objectname) %(*objectname) refs/tags [20ms]
2024-11-04 18:34:44.944 [info] > git status -z -uall [12ms]
2024-11-04 18:34:44.945 [info] > git for-each-ref --sort -committerdate --format %(refname) %(objectname) %(*objectname) [2ms]
2024-11-04 18:34:44.950 [info] > git status -z -uall [70ms]
2024-11-04 18:34:44.963 [info] > git config --get commit.template [1ms]
2024-11-04 18:34:44.975 [info] > git for-each-ref --format %(refname) %(objectname) %(*objectname) refs/tags [1ms]
2024-11-04 18:34:44.996 [info] > git for-each-ref --sort -committerdate --format %(refname) %(objectname) %(*objectname) [3ms]
2024-11-04 18:34:45.053 [info] > git status -z -uall [69ms]
2024-11-04 18:34:45.299 [info] > git check-ignore -v -z --stdin [1ms]
2024-11-04 18:34:45.498 [info] > git fetch [681ms]
2024-11-04 18:34:45.517 [info] > git config --get commit.template [9ms]
2024-11-04 18:34:45.518 [info] > git for-each-ref --format %(refname) %(objectname) %(*objectname) refs/tags [1ms]
2024-11-04 18:34:45.539 [info] > git fetch [771ms]
2024-11-04 18:34:45.550 [info] > git for-each-ref --sort -committerdate --format %(refname) %(objectname) %(*objectname) [12ms]
2024-11-04 18:34:45.552 [info] > git config --get commit.template [2ms]
2024-11-04 18:34:45.563 [info] > git for-each-ref --format %(refname) %(objectname) %(*objectname) refs/tags [2ms]
2024-11-04 18:34:45.583 [info] > git status -z -uall [11ms]
2024-11-04 18:34:45.585 [info] > git for-each-ref --sort -committerdate --format %(refname) %(objectname) %(*objectname) [2ms]
2024-11-04 18:34:45.601 [info] > git status -z -uall [74ms]
2024-11-04 18:34:46.678 [info] > git config --get commit.template [9ms]
2024-11-04 18:34:46.679 [info] > git for-each-ref --format %(refname) %(objectname) %(*objectname) refs/tags [1ms]
2024-11-04 18:34:46.698 [info] > git status -z -uall [10ms]
2024-11-04 18:34:46.699 [info] > git for-each-ref --sort -committerdate --format %(refname) %(objectname) %(*objectname) [2ms]
2024-11-04 18:34:56.369 [info] [main] Log level: Info
2024-11-04 18:34:56.369 [info] [main] Validating found git in: "git"
2024-11-04 18:34:56.369 [info] [main] Using git "2.47.0" from "git"
2024-11-04 18:34:56.369 [info] [Model][doInitialScan] Initial repository scan started
2024-11-04 18:34:56.369 [info] > git rev-parse --show-toplevel [23ms]
2024-11-04 18:34:56.378 [info] > git rev-parse --git-dir --git-common-dir [3ms]
2024-11-04 18:34:56.393 [info] [Model][openRepository] Opened repository: /home/jvp/Desktop/projects/foundry-project
2024-11-04 18:34:57.076 [info] > git fetch [683ms]
2024-11-04 18:34:57.276 [info] > git config --get commit.template [201ms]
2024-11-04 18:34:57.313 [info] > git config --get commit.template [58ms]
2024-11-04 18:34:57.323 [info] [Git][getRemotes] No remotes found in the git config file
2024-11-04 18:34:57.341 [info] [Git][getRemotes] No remotes found in the git config file
2024-11-04 18:34:57.342 [info] > git rev-parse --show-toplevel [11ms]
2024-11-04 18:34:57.342 [info] > git for-each-ref --format=%(refname)%00%(upstream:short)%00%(objectname)%00%(upstream:track)%00%(upstream:remotename)%00%(upstream:remoteref) refs/heads/master refs/remotes/master [20ms]
2024-11-04 18:34:57.372 [info] > git for-each-ref --format=%(refname)%00%(upstream:short)%00%(objectname)%00%(upstream:track)%00%(upstream:remotename)%00%(upstream:remoteref) refs/heads/master refs/remotes/master [20ms]
2024-11-04 18:34:57.382 [info] > git for-each-ref --format=%(refname)%00%(upstream:short)%00%(objectname)%00%(upstream:track)%00%(upstream:remotename)%00%(upstream:remoteref) refs/heads/master refs/remotes/master [41ms]
2024-11-04 18:34:57.395 [info] > git for-each-ref --format=%(refname)%00%(upstream:short)%00%(objectname)%00%(upstream:track)%00%(upstream:remotename)%00%(upstream:remoteref) refs/heads/master refs/remotes/master [2ms]
2024-11-04 18:34:57.404 [info] > git config --local branch.master.vscode-merge-base [22ms]
2024-11-04 18:34:57.404 [warning] [Git][config] git config failed: Failed to execute git
2024-11-04 18:34:57.414 [info] > git config --get commit.template [42ms]
2024-11-04 18:34:57.414 [info] > git rev-parse --show-toplevel [52ms]
2024-11-04 18:34:57.436 [info] > git config --local branch.master.vscode-merge-base [32ms]
2024-11-04 18:34:57.436 [warning] [Git][config] git config failed: Failed to execute git
2024-11-04 18:34:57.454 [info] [Git][getRemotes] No remotes found in the git config file
2024-11-04 18:34:57.455 [info] > git rev-parse --show-toplevel [19ms]
2024-11-04 18:34:57.456 [info] > git reflog master --grep-reflog=branch: Created from *. [43ms]
2024-11-04 18:34:57.476 [info] > git for-each-ref --format=%(refname)%00%(upstream:short)%00%(objectname)%00%(upstream:track)%00%(upstream:remotename)%00%(upstream:remoteref) refs/heads/master refs/remotes/master [22ms]
2024-11-04 18:34:57.497 [info] > git reflog master --grep-reflog=branch: Created from *. [52ms]
2024-11-04 18:34:57.507 [info] > git for-each-ref --sort -committerdate --format %(refname) %(objectname) %(*objectname) [11ms]
2024-11-04 18:34:57.508 [info] > git rev-parse --show-toplevel [33ms]
2024-11-04 18:34:57.508 [info] > git symbolic-ref --short refs/remotes/origin/HEAD [42ms]
2024-11-04 18:34:57.508 [info] fatal: ref refs/remotes/origin/HEAD is not a symbolic ref
2024-11-04 18:34:57.508 [warning] [Repository][getDefaultBranch] Failed to get default branch details: Failed to execute git.
2024-11-04 18:34:57.519 [info] > git symbolic-ref --short refs/remotes/origin/HEAD [13ms]
2024-11-04 18:34:57.519 [info] fatal: ref refs/remotes/origin/HEAD is not a symbolic ref
2024-11-04 18:34:57.519 [warning] [Repository][getDefaultBranch] Failed to get default branch details: Failed to execute git.
2024-11-04 18:34:57.520 [info] > git rev-parse --show-toplevel [2ms]
2024-11-04 18:34:57.552 [info] > git rev-parse --show-toplevel [22ms]
2024-11-04 18:34:57.564 [info] > git status -z -uall [78ms]
2024-11-04 18:34:57.564 [info] > git rev-parse --show-toplevel [2ms]
2024-11-04 18:34:57.564 [info] [Model][doInitialScan] Initial repository scan completed - repositories (1), closed repositories (0), parent repositories (0), unsafe repositories (0)
2024-11-04 18:34:57.595 [info] > git check-ignore -v -z --stdin [3ms]
2024-11-04 18:34:58.077 [info] > git rev-parse --show-toplevel [1ms]
2024-11-04 18:34:58.088 [info] > git rev-parse --git-dir --git-common-dir [2ms]
2024-11-04 18:34:58.099 [info] [Model][openRepository] Opened repository: /home/jvp/Desktop/projects/foundry-project/lib/forge-std
2024-11-04 18:34:58.119 [info] > git rev-parse --show-toplevel [3ms]
2024-11-04 18:34:58.119 [info] > git config --get commit.template [11ms]
2024-11-04 18:34:58.135 [info] > git rev-parse --git-dir --git-common-dir [8ms]
2024-11-04 18:34:58.146 [info] [Model][openRepository] Opened repository: /home/jvp/Desktop/projects/foundry-project/lib/chainlink-brownie-contracts
2024-11-04 18:34:58.156 [info] > git for-each-ref --format %(refname) %(objectname) %(*objectname) refs/tags [22ms]
2024-11-04 18:34:58.176 [info] > git status -z -uall [11ms]
2024-11-04 18:34:58.176 [info] > git for-each-ref --sort -committerdate --format %(refname) %(objectname) %(*objectname) [3ms]
2024-11-04 18:34:58.179 [info] > git config --get commit.template [24ms]
2024-11-04 18:34:58.199 [info] > git config --get commit.template [11ms]
2024-11-04 18:34:58.210 [info] > git for-each-ref --format %(refname) %(objectname) %(*objectname) refs/tags [12ms]
2024-11-04 18:34:58.229 [info] > git for-each-ref --format %(refname) %(objectname) %(*objectname) refs/tags [20ms]
2024-11-04 18:34:58.264 [info] > git status -z -uall [28ms]
2024-11-04 18:34:58.264 [info] > git for-each-ref --sort -committerdate --format %(refname) %(objectname) %(*objectname) [20ms]
2024-11-04 18:34:58.266 [info] > git for-each-ref --sort -committerdate --format %(refname) %(objectname) %(*objectname) [38ms]
2024-11-04 18:34:58.284 [info] > git status -z -uall [65ms]
2024-11-04 18:34:58.298 [info] > git config --get commit.template [2ms]
2024-11-04 18:34:58.312 [info] > git for-each-ref --format %(refname) %(objectname) %(*objectname) refs/tags [2ms]
2024-11-04 18:34:58.333 [info] > git for-each-ref --sort -committerdate --format %(refname) %(objectname) %(*objectname) [2ms]
2024-11-04 18:34:58.397 [info] > git status -z -uall [75ms]
2024-11-04 18:34:58.466 [info] > git fetch [367ms]
2024-11-04 18:34:58.484 [info] > git config --get commit.template [9ms]
2024-11-04 18:34:58.485 [info] > git for-each-ref --format %(refname) %(objectname) %(*objectname) refs/tags [1ms]
2024-11-04 18:34:58.504 [info] > git status -z -uall [10ms]
2024-11-04 18:34:58.505 [info] > git for-each-ref --sort -committerdate --format %(refname) %(objectname) %(*objectname) [2ms]
2024-11-04 18:34:58.630 [info] > git check-ignore -v -z --stdin [1ms]
2024-11-04 18:34:59.608 [info] > git config --get commit.template [3ms]
2024-11-04 18:34:59.620 [info] > git for-each-ref --format %(refname) %(objectname) %(*objectname) refs/tags [2ms]
2024-11-04 18:34:59.636 [info] > git status -z -uall [8ms]
2024-11-04 18:34:59.638 [info] > git for-each-ref --sort -committerdate --format %(refname) %(objectname) %(*objectname) [2ms]
2024-11-04 18:35:02.935 [info] > git fetch [4789ms]
2024-11-04 18:35:02.959 [info] > git config --get commit.template [12ms]
2024-11-04 18:35:02.961 [info] > git for-each-ref --format %(refname) %(objectname) %(*objectname) refs/tags [3ms]
2024-11-04 18:35:02.979 [info] > git for-each-ref --sort -committerdate --format %(refname) %(objectname) %(*objectname) [2ms]
2024-11-04 18:35:03.031 [info] > git status -z -uall [63ms]
2024-11-04 18:35:49.492 [info] > git check-ignore -v -z --stdin [1ms]
2024-11-04 18:35:50.524 [info] > git show --textconv :src/PriceConverter.sol [11ms]
2024-11-04 18:35:50.524 [info] > git ls-files --stage -- /home/jvp/Desktop/projects/foundry-project/src/PriceConverter.sol [1ms]
2024-11-04 18:35:51.623 [info] > git show --textconv :test/FundMeTest.t.sol [10ms]
2024-11-04 18:35:51.624 [info] > git ls-files --stage -- /home/jvp/Desktop/projects/foundry-project/test/FundMeTest.t.sol [1ms]
2024-11-04 18:36:07.327 [info] > git show --textconv :src/PriceConverter.sol [13ms]
2024-11-04 18:36:07.328 [info] > git ls-files --stage -- /home/jvp/Desktop/projects/foundry-project/src/PriceConverter.sol [1ms]
2024-11-04 18:36:08.116 [info] > git show --textconv :test/FundMeTest.t.sol [12ms]
2024-11-04 18:36:08.117 [info] > git ls-files --stage -- /home/jvp/Desktop/projects/foundry-project/test/FundMeTest.t.sol [1ms]
