2024-11-03 14:13:09.319 [info] [main] Log level: Info
2024-11-03 14:13:09.319 [info] [main] Validating found git in: "git"
2024-11-03 14:13:09.319 [info] [main] Using git "2.47.0" from "git"
2024-11-03 14:13:09.320 [info] [Model][doInitialScan] Initial repository scan started
2024-11-03 14:13:09.320 [info] > git rev-parse --show-toplevel [2ms]
2024-11-03 14:13:09.320 [info] > git rev-parse --git-dir --git-common-dir [1ms]
2024-11-03 14:13:09.320 [info] [Model][openRepository] Opened repository: /home/jvp/Desktop/projects/foundry-setup/foundry-simple-storage-f23
2024-11-03 14:13:09.320 [info] > git config --get commit.template [7ms]
2024-11-03 14:13:09.320 [info] > git rev-parse --show-toplevel [45ms]
2024-11-03 14:13:09.320 [info] [Git][getRemotes] No remotes found in the git config file
2024-11-03 14:13:09.320 [info] > git rev-parse --show-toplevel [3ms]
2024-11-03 14:13:09.320 [info] > git for-each-ref --format=%(refname)%00%(upstream:short)%00%(objectname)%00%(upstream:track)%00%(upstream:remotename)%00%(upstream:remoteref) refs/heads/master refs/remotes/master [10ms]
2024-11-03 14:13:09.320 [info] > git rev-parse --show-toplevel [3ms]
2024-11-03 14:13:09.320 [info] > git for-each-ref --sort -committerdate --format %(refname) %(objectname) %(*objectname) [11ms]
2024-11-03 14:13:09.320 [info] > git rev-parse --show-toplevel [1ms]
2024-11-03 14:13:09.327 [info] > git status -z -uall [32ms]
2024-11-03 14:13:09.376 [info] > git fetch [29ms]
2024-11-03 14:13:09.376 [info] > git for-each-ref --format=%(refname)%00%(upstream:short)%00%(objectname)%00%(upstream:track)%00%(upstream:remotename)%00%(upstream:remoteref) refs/heads/master refs/remotes/master [38ms]
2024-11-03 14:13:09.384 [info] > git rev-parse --show-toplevel [58ms]
2024-11-03 14:13:09.430 [info] > git config --local branch.master.vscode-merge-base [45ms]
2024-11-03 14:13:09.430 [warning] [Git][config] git config failed: Failed to execute git
2024-11-03 14:13:09.437 [info] > git config --get commit.template [62ms]
2024-11-03 14:13:09.471 [info] > git reflog master --grep-reflog=branch: Created from *. [34ms]
2024-11-03 14:13:09.476 [info] > git rev-parse --show-toplevel [52ms]
2024-11-03 14:13:09.476 [info] > git config --get commit.template [59ms]
2024-11-03 14:13:09.484 [info] [Git][getRemotes] No remotes found in the git config file
2024-11-03 14:13:09.495 [info] [Git][getRemotes] No remotes found in the git config file
2024-11-03 14:13:09.495 [info] > git for-each-ref --format=%(refname)%00%(upstream:short)%00%(objectname)%00%(upstream:track)%00%(upstream:remotename)%00%(upstream:remoteref) refs/heads/master refs/remotes/master [12ms]
2024-11-03 14:13:09.503 [info] > git symbolic-ref --short refs/remotes/origin/HEAD [27ms]
2024-11-03 14:13:09.503 [info] fatal: ref refs/remotes/origin/HEAD is not a symbolic ref
2024-11-03 14:13:09.503 [warning] [Repository][getDefaultBranch] Failed to get default branch details: Failed to execute git.
2024-11-03 14:13:09.505 [info] > git for-each-ref --format=%(refname)%00%(upstream:short)%00%(objectname)%00%(upstream:track)%00%(upstream:remotename)%00%(upstream:remoteref) refs/heads/master refs/remotes/master [3ms]
2024-11-03 14:13:09.511 [info] > git for-each-ref --format=%(refname)%00%(upstream:short)%00%(objectname)%00%(upstream:track)%00%(upstream:remotename)%00%(upstream:remoteref) refs/heads/master refs/remotes/master [16ms]
2024-11-03 14:13:09.525 [info] > git rev-parse --show-toplevel [36ms]
2024-11-03 14:13:09.526 [info] [Model][doInitialScan] Initial repository scan completed - repositories (1), closed repositories (0), parent repositories (0), unsafe repositories (0)
2024-11-03 14:13:09.527 [info] > git status -z -uall [9ms]
2024-11-03 14:13:09.527 [info] > git for-each-ref --sort -committerdate --format %(refname) %(objectname) %(*objectname) [2ms]
2024-11-03 14:13:09.530 [info] > git config --local branch.master.vscode-merge-base [19ms]
2024-11-03 14:13:09.530 [warning] [Git][config] git config failed: Failed to execute git
2024-11-03 14:13:09.538 [info] > git reflog master --grep-reflog=branch: Created from *. [3ms]
2024-11-03 14:13:09.565 [info] > git symbolic-ref --short refs/remotes/origin/HEAD [20ms]
2024-11-03 14:13:09.565 [info] fatal: ref refs/remotes/origin/HEAD is not a symbolic ref
2024-11-03 14:13:09.565 [warning] [Repository][getDefaultBranch] Failed to get default branch details: Failed to execute git.
2024-11-03 14:13:10.648 [info] > git check-ignore -v -z --stdin [137ms]
2024-11-03 14:13:10.712 [info] > git rev-parse --show-toplevel [68ms]
2024-11-03 14:13:10.733 [info] > git rev-parse --git-dir --git-common-dir [11ms]
2024-11-03 14:13:10.736 [info] [Model][openRepository] Opened repository: /home/jvp/Desktop/projects/foundry-setup/foundry-simple-storage-f23/lib/forge-std
2024-11-03 14:13:10.786 [info] > git config --get commit.template [6ms]
2024-11-03 14:13:10.813 [info] > git for-each-ref --format %(refname) %(objectname) %(*objectname) refs/tags [4ms]
2024-11-03 14:13:10.831 [info] > git status -z -uall [9ms]
2024-11-03 14:13:10.833 [info] > git for-each-ref --sort -committerdate --format %(refname) %(objectname) %(*objectname) [2ms]
2024-11-03 14:13:10.845 [info] > git config --get commit.template [1ms]
2024-11-03 14:13:10.877 [info] > git for-each-ref --format %(refname) %(objectname) %(*objectname) refs/tags [3ms]
2024-11-03 14:13:10.921 [info] > git status -z -uall [36ms]
2024-11-03 14:13:10.921 [info] > git for-each-ref --sort -committerdate --format %(refname) %(objectname) %(*objectname) [28ms]
2024-11-03 14:13:11.296 [info] > git check-ignore -v -z --stdin [1ms]
2024-11-03 14:13:17.169 [info] > git fetch [402ms]
2024-11-03 14:13:17.190 [info] > git config --get commit.template [11ms]
2024-11-03 14:13:17.191 [info] > git for-each-ref --format %(refname) %(objectname) %(*objectname) refs/tags [2ms]
2024-11-03 14:13:17.214 [info] > git status -z -uall [11ms]
2024-11-03 14:13:17.215 [info] > git for-each-ref --sort -committerdate --format %(refname) %(objectname) %(*objectname) [2ms]
2024-11-03 14:13:36.515 [info] > git config --get commit.template [10ms]
2024-11-03 14:13:36.516 [info] > git for-each-ref --format %(refname) %(objectname) %(*objectname) refs/tags [2ms]
2024-11-03 14:13:36.534 [info] > git status -z -uall [10ms]
2024-11-03 14:13:36.535 [info] > git for-each-ref --sort -committerdate --format %(refname) %(objectname) %(*objectname) [2ms]
2024-11-03 14:14:11.050 [info] [main] Log level: Info
2024-11-03 14:14:11.050 [info] [main] Validating found git in: "git"
2024-11-03 14:14:11.050 [info] [main] Using git "2.47.0" from "git"
2024-11-03 14:14:11.050 [info] [Model][doInitialScan] Initial repository scan started
2024-11-03 14:14:11.053 [info] > git rev-parse --show-toplevel [1ms]
2024-11-03 14:14:11.053 [info] fatal: not a git repository (or any of the parent directories): .git
2024-11-03 14:14:11.053 [info] [Model][doInitialScan] Initial repository scan completed - repositories (0), closed repositories (0), parent repositories (0), unsafe repositories (0)
2024-11-03 14:14:12.107 [info] > git rev-parse --show-toplevel [154ms]
2024-11-03 14:14:12.107 [info] fatal: not a git repository (or any of the parent directories): .git
2024-11-03 14:14:12.184 [info] > git rev-parse --show-toplevel [43ms]
2024-11-03 14:14:12.184 [info] fatal: not a git repository (or any of the parent directories): .git
2024-11-03 14:14:12.901 [info] > git rev-parse --show-toplevel [1ms]
2024-11-03 14:14:12.901 [info] fatal: not a git repository (or any of the parent directories): .git
2024-11-03 14:14:16.867 [info] > git rev-parse --show-toplevel [1ms]
2024-11-03 14:14:16.867 [info] fatal: not a git repository (or any of the parent directories): .git
2024-11-03 14:14:30.012 [info] > git rev-parse --show-toplevel [1ms]
2024-11-03 14:14:30.051 [info] > git rev-parse --git-dir --git-common-dir [31ms]
2024-11-03 14:14:30.067 [info] [Model][openRepository] Opened repository: /home/jvp/Desktop/projects/foundry-project
2024-11-03 14:14:30.085 [info] > git config --get commit.template [9ms]
2024-11-03 14:14:30.085 [info] > git fetch [19ms]
2024-11-03 14:14:30.119 [info] [Git][getRemotes] No remotes found in the git config file
2024-11-03 14:14:30.119 [info] > git config --get commit.template [25ms]
2024-11-03 14:14:30.129 [info] > git for-each-ref --format=%(refname)%00%(upstream:short)%00%(objectname)%00%(upstream:track)%00%(upstream:remotename)%00%(upstream:remoteref) refs/heads/master refs/remotes/master [11ms]
2024-11-03 14:14:30.151 [info] [Git][getRemotes] No remotes found in the git config file
2024-11-03 14:14:30.160 [info] > git for-each-ref --format=%(refname)%00%(upstream:short)%00%(objectname)%00%(upstream:track)%00%(upstream:remotename)%00%(upstream:remoteref) refs/heads/master refs/remotes/master [20ms]
2024-11-03 14:14:30.171 [info] > git config --local branch.master.vscode-merge-base [2ms]
2024-11-03 14:14:30.171 [warning] [Git][config] git config failed: Failed to execute git
2024-11-03 14:14:30.181 [info] > git config --get commit.template [21ms]
2024-11-03 14:14:30.181 [info] > git for-each-ref --format=%(refname)%00%(upstream:short)%00%(objectname)%00%(upstream:track)%00%(upstream:remotename)%00%(upstream:remoteref) refs/heads/master refs/remotes/master [30ms]
2024-11-03 14:14:30.190 [info] > git reflog master --grep-reflog=branch: Created from *. [9ms]
2024-11-03 14:14:30.217 [info] [Git][getRemotes] No remotes found in the git config file
2024-11-03 14:14:30.217 [info] > git symbolic-ref --short refs/remotes/origin/HEAD [19ms]
2024-11-03 14:14:30.217 [info] fatal: ref refs/remotes/origin/HEAD is not a symbolic ref
2024-11-03 14:14:30.218 [warning] [Repository][getDefaultBranch] Failed to get default branch details: Failed to execute git.
2024-11-03 14:14:30.218 [info] > git for-each-ref --format=%(refname)%00%(upstream:short)%00%(objectname)%00%(upstream:track)%00%(upstream:remotename)%00%(upstream:remoteref) refs/heads/master refs/remotes/master [29ms]
2024-11-03 14:14:30.229 [info] > git config --local branch.master.vscode-merge-base [2ms]
2024-11-03 14:14:30.229 [warning] [Git][config] git config failed: Failed to execute git
2024-11-03 14:14:30.237 [info] > git for-each-ref --format=%(refname)%00%(upstream:short)%00%(objectname)%00%(upstream:track)%00%(upstream:remotename)%00%(upstream:remoteref) refs/heads/master refs/remotes/master [20ms]
2024-11-03 14:14:30.261 [info] > git status -z -uall [18ms]
2024-11-03 14:14:30.261 [info] > git for-each-ref --sort -committerdate --format %(refname) %(objectname) %(*objectname) [10ms]
2024-11-03 14:14:30.263 [info] > git reflog master --grep-reflog=branch: Created from *. [26ms]
2024-11-03 14:14:30.273 [info] > git symbolic-ref --short refs/remotes/origin/HEAD [2ms]
2024-11-03 14:14:30.273 [info] fatal: ref refs/remotes/origin/HEAD is not a symbolic ref
2024-11-03 14:14:30.273 [warning] [Repository][getDefaultBranch] Failed to get default branch details: Failed to execute git.
2024-11-03 14:14:30.491 [info] > git rev-parse --show-toplevel [1ms]
2024-11-03 14:14:30.504 [info] > git rev-parse --git-dir --git-common-dir [1ms]
2024-11-03 14:14:30.508 [info] [Model][openRepository] Opened repository: /home/jvp/Desktop/projects/foundry-project/lib/forge-std
2024-11-03 14:14:30.520 [info] > git config --get commit.template [2ms]
2024-11-03 14:14:30.529 [warning] [Git][getHEAD] Failed to parse HEAD file: Repository is using reftable format.
2024-11-03 14:14:30.531 [info] > git symbolic-ref --short HEAD [2ms]
2024-11-03 14:14:30.531 [info] fatal: No such ref: HEAD
2024-11-03 14:14:30.540 [info] > git rev-parse HEAD [1ms]
2024-11-03 14:14:30.540 [info] fatal: ambiguous argument 'HEAD': unknown revision or path not in the working tree.
Use '--' to separate paths from revisions, like this:
'git <command> [<revision>...] -- [<file>...]'
2024-11-03 14:14:30.561 [info] > git status -z -uall [10ms]
2024-11-03 14:14:30.562 [info] > git for-each-ref --sort -committerdate --format %(refname) %(objectname) %(*objectname) [1ms]
2024-11-03 14:14:30.585 [info] > git symbolic-ref --short HEAD [11ms]
2024-11-03 14:14:30.585 [info] fatal: No such ref: HEAD
2024-11-03 14:14:30.594 [info] > git config --get commit.template [10ms]
2024-11-03 14:14:30.595 [info] > git rev-parse HEAD [2ms]
2024-11-03 14:14:30.595 [info] fatal: ambiguous argument 'HEAD': unknown revision or path not in the working tree.
Use '--' to separate paths from revisions, like this:
'git <command> [<revision>...] -- [<file>...]'
2024-11-03 14:14:30.637 [info] > git status -z -uall [33ms]
2024-11-03 14:14:30.637 [info] > git for-each-ref --sort -committerdate --format %(refname) %(objectname) %(*objectname) [22ms]
2024-11-03 14:14:30.904 [info] > git check-ignore -v -z --stdin [1ms]
2024-11-03 14:15:10.675 [info] > git config --get commit.template [11ms]
2024-11-03 14:15:10.675 [info] > git symbolic-ref --short HEAD [23ms]
2024-11-03 14:15:10.675 [info] fatal: ref HEAD is not a symbolic ref
2024-11-03 14:15:10.686 [info] > git config --get commit.template [13ms]
2024-11-03 14:15:10.696 [info] [Git][getRemotes] No remotes found in the git config file
2024-11-03 14:15:10.697 [info] > git rev-parse HEAD [12ms]
2024-11-03 14:15:10.705 [info] > git for-each-ref --format=%(refname)%00%(upstream:short)%00%(objectname)%00%(upstream:track)%00%(upstream:remotename)%00%(upstream:remoteref) refs/heads/master refs/remotes/master [9ms]
2024-11-03 14:15:10.725 [info] > git status -z -uall [11ms]
2024-11-03 14:15:10.726 [info] > git for-each-ref --format %(refname) %(objectname) %(*objectname) refs/tags [21ms]
2024-11-03 14:15:10.745 [info] > git status -z -uall [10ms]
2024-11-03 14:15:10.745 [info] > git for-each-ref --sort -committerdate --format %(refname) %(objectname) %(*objectname) [21ms]
2024-11-03 14:15:10.748 [info] > git for-each-ref --sort -committerdate --format %(refname) %(objectname) %(*objectname) [2ms]
2024-11-03 14:15:11.010 [info] > git fetch [370ms]
2024-11-03 14:15:11.028 [info] > git symbolic-ref --short HEAD [10ms]
2024-11-03 14:15:11.028 [info] fatal: ref HEAD is not a symbolic ref
2024-11-03 14:15:11.036 [info] > git config --get commit.template [9ms]
2024-11-03 14:15:11.037 [info] > git rev-parse HEAD [2ms]
2024-11-03 14:15:11.047 [info] > git for-each-ref --format %(refname) %(objectname) %(*objectname) refs/tags [1ms]
2024-11-03 14:15:11.063 [info] > git status -z -uall [8ms]
2024-11-03 14:15:11.065 [info] > git for-each-ref --sort -committerdate --format %(refname) %(objectname) %(*objectname) [1ms]
2024-11-03 14:15:16.879 [info] > git check-ignore -v -z --stdin [1ms]
2024-11-03 14:15:17.088 [info] > git show --textconv :src/Counter.sol [11ms]
2024-11-03 14:15:17.111 [info] > git ls-files --stage -- /home/jvp/Desktop/projects/foundry-project/src/Counter.sol [23ms]
2024-11-03 14:15:17.122 [info] > git cat-file -s aded7997b0c359a8230744058a80043b99bf6857 [2ms]
2024-11-03 14:15:21.715 [info] > git check-ignore -v -z --stdin [1ms]
2024-11-03 14:15:21.820 [info] > git show --textconv :test/Counter.t.sol [13ms]
2024-11-03 14:15:21.821 [info] > git ls-files --stage -- /home/jvp/Desktop/projects/foundry-project/test/Counter.t.sol [2ms]
2024-11-03 14:15:21.834 [info] > git cat-file -s 54b724f7ae76648d64671d4119d85de8a95ec463 [2ms]
2024-11-03 14:16:56.421 [info] [Git][getRemotes] No remotes found in the git config file
2024-11-03 14:16:56.421 [info] > git config --get commit.template [10ms]
2024-11-03 14:16:56.422 [info] > git for-each-ref --format=%(refname)%00%(upstream:short)%00%(objectname)%00%(upstream:track)%00%(upstream:remotename)%00%(upstream:remoteref) refs/heads/master refs/remotes/master [1ms]
2024-11-03 14:16:56.439 [info] > git status -z -uall [9ms]
2024-11-03 14:16:56.440 [info] > git for-each-ref --sort -committerdate --format %(refname) %(objectname) %(*objectname) [1ms]
2024-11-03 14:16:58.429 [info] > git check-ignore -v -z --stdin [1ms]
2024-11-03 14:17:01.468 [info] [Git][getRemotes] No remotes found in the git config file
2024-11-03 14:17:01.468 [info] > git config --get commit.template [12ms]
2024-11-03 14:17:01.469 [info] > git for-each-ref --format=%(refname)%00%(upstream:short)%00%(objectname)%00%(upstream:track)%00%(upstream:remotename)%00%(upstream:remoteref) refs/heads/master refs/remotes/master [1ms]
2024-11-03 14:17:01.493 [info] > git status -z -uall [12ms]
2024-11-03 14:17:01.494 [info] > git for-each-ref --sort -committerdate --format %(refname) %(objectname) %(*objectname) [2ms]
2024-11-03 14:17:30.208 [info] > git fetch [4ms]
2024-11-03 14:17:30.233 [info] [Git][getRemotes] No remotes found in the git config file
2024-11-03 14:17:30.234 [info] > git config --get commit.template [14ms]
2024-11-03 14:17:30.234 [info] > git for-each-ref --format=%(refname)%00%(upstream:short)%00%(objectname)%00%(upstream:track)%00%(upstream:remotename)%00%(upstream:remoteref) refs/heads/master refs/remotes/master [1ms]
2024-11-03 14:17:30.257 [info] > git status -z -uall [12ms]
2024-11-03 14:17:30.258 [info] > git for-each-ref --sort -committerdate --format %(refname) %(objectname) %(*objectname) [1ms]
2024-11-03 14:17:30.890 [info] > git show --textconv :src/FundMe.sol [12ms]
2024-11-03 14:17:30.891 [info] > git ls-files --stage -- /home/jvp/Desktop/projects/foundry-project/src/FundMe.sol [1ms]
2024-11-03 14:17:31.161 [info] > git check-ignore -v -z --stdin [1ms]
2024-11-03 14:17:31.395 [info] > git ls-files --stage -- /home/jvp/Desktop/projects/foundry-project/src/FundMe.sol [1ms]
2024-11-03 14:17:31.407 [info] > git show --textconv :src/FundMe.sol [1ms]
2024-11-03 14:21:06.059 [info] > git fetch [11ms]
2024-11-03 14:21:06.070 [info] > git config --get commit.template [12ms]
2024-11-03 14:21:06.081 [info] [Git][getRemotes] No remotes found in the git config file
2024-11-03 14:21:06.081 [info] > git config --get commit.template [12ms]
2024-11-03 14:21:06.081 [info] [Git][getRemotes] No remotes found in the git config file
2024-11-03 14:21:06.091 [info] > git for-each-ref --format=%(refname)%00%(upstream:short)%00%(objectname)%00%(upstream:track)%00%(upstream:remotename)%00%(upstream:remoteref) refs/heads/master refs/remotes/master [10ms]
2024-11-03 14:21:06.092 [info] > git for-each-ref --format=%(refname)%00%(upstream:short)%00%(objectname)%00%(upstream:track)%00%(upstream:remotename)%00%(upstream:remoteref) refs/heads/master refs/remotes/master [1ms]
2024-11-03 14:21:06.114 [info] > git status -z -uall [12ms]
2024-11-03 14:21:06.115 [info] > git for-each-ref --sort -committerdate --format %(refname) %(objectname) %(*objectname) [2ms]
2024-11-03 14:21:06.451 [info] > git fetch [414ms]
2024-11-03 14:21:06.472 [info] > git symbolic-ref --short HEAD [9ms]
2024-11-03 14:21:06.472 [info] fatal: ref HEAD is not a symbolic ref
2024-11-03 14:21:06.480 [info] > git config --get commit.template [8ms]
2024-11-03 14:21:06.480 [info] > git rev-parse HEAD [1ms]
2024-11-03 14:21:06.489 [info] > git for-each-ref --format %(refname) %(objectname) %(*objectname) refs/tags [2ms]
2024-11-03 14:21:06.508 [info] > git status -z -uall [10ms]
2024-11-03 14:21:06.510 [info] > git for-each-ref --sort -committerdate --format %(refname) %(objectname) %(*objectname) [2ms]
2024-11-03 14:21:07.239 [info] > git ls-files --stage -- /home/jvp/Desktop/projects/foundry-project/src/FundMe.sol [1ms]
2024-11-03 14:21:07.253 [info] > git show --textconv :src/FundMe.sol [1ms]
2024-11-03 14:21:11.117 [info] [Git][getRemotes] No remotes found in the git config file
2024-11-03 14:21:11.117 [info] > git config --get commit.template [11ms]
2024-11-03 14:21:11.118 [info] > git for-each-ref --format=%(refname)%00%(upstream:short)%00%(objectname)%00%(upstream:track)%00%(upstream:remotename)%00%(upstream:remoteref) refs/heads/master refs/remotes/master [1ms]
2024-11-03 14:21:11.138 [info] > git status -z -uall [10ms]
2024-11-03 14:21:11.140 [info] > git for-each-ref --sort -committerdate --format %(refname) %(objectname) %(*objectname) [2ms]
2024-11-03 14:21:19.771 [info] [Git][getRemotes] No remotes found in the git config file
2024-11-03 14:21:19.771 [info] > git config --get commit.template [14ms]
2024-11-03 14:21:19.772 [info] > git for-each-ref --format=%(refname)%00%(upstream:short)%00%(objectname)%00%(upstream:track)%00%(upstream:remotename)%00%(upstream:remoteref) refs/heads/master refs/remotes/master [2ms]
2024-11-03 14:21:19.795 [info] > git status -z -uall [12ms]
2024-11-03 14:21:19.796 [info] > git for-each-ref --sort -committerdate --format %(refname) %(objectname) %(*objectname) [1ms]
2024-11-03 14:21:30.445 [info] > git show --textconv :src/PriceConverter.sol [13ms]
2024-11-03 14:21:30.446 [info] > git ls-files --stage -- /home/jvp/Desktop/projects/foundry-project/src/PriceConverter.sol [1ms]
2024-11-03 14:21:30.710 [info] > git check-ignore -v -z --stdin [1ms]
2024-11-03 14:21:32.244 [info] [Git][getRemotes] No remotes found in the git config file
2024-11-03 14:21:32.244 [info] > git config --get commit.template [14ms]
2024-11-03 14:21:32.245 [info] > git for-each-ref --format=%(refname)%00%(upstream:short)%00%(objectname)%00%(upstream:track)%00%(upstream:remotename)%00%(upstream:remoteref) refs/heads/master refs/remotes/master [1ms]
2024-11-03 14:21:32.267 [info] > git status -z -uall [12ms]
2024-11-03 14:21:32.268 [info] > git for-each-ref --sort -committerdate --format %(refname) %(objectname) %(*objectname) [2ms]
2024-11-03 14:22:49.353 [info] > git config --get commit.template [1ms]
2024-11-03 14:22:49.363 [info] [Git][getRemotes] No remotes found in the git config file
2024-11-03 14:22:49.365 [info] > git for-each-ref --format=%(refname)%00%(upstream:short)%00%(objectname)%00%(upstream:track)%00%(upstream:remotename)%00%(upstream:remoteref) refs/heads/master refs/remotes/master [1ms]
2024-11-03 14:22:49.384 [info] > git status -z -uall [9ms]
2024-11-03 14:22:49.384 [info] > git for-each-ref --sort -committerdate --format %(refname) %(objectname) %(*objectname) [1ms]
2024-11-03 14:24:12.361 [info] > git fetch [13ms]
2024-11-03 14:24:12.374 [info] > git config --get commit.template [1ms]
2024-11-03 14:24:12.385 [info] [Git][getRemotes] No remotes found in the git config file
2024-11-03 14:24:12.386 [info] > git for-each-ref --format=%(refname)%00%(upstream:short)%00%(objectname)%00%(upstream:track)%00%(upstream:remotename)%00%(upstream:remoteref) refs/heads/master refs/remotes/master [1ms]
2024-11-03 14:24:12.405 [info] > git status -z -uall [10ms]
2024-11-03 14:24:12.406 [info] > git for-each-ref --sort -committerdate --format %(refname) %(objectname) %(*objectname) [2ms]
2024-11-03 14:24:12.848 [info] > git fetch [488ms]
2024-11-03 14:24:12.866 [info] > git symbolic-ref --short HEAD [8ms]
2024-11-03 14:24:12.866 [info] fatal: ref HEAD is not a symbolic ref
2024-11-03 14:24:12.875 [info] > git config --get commit.template [10ms]
2024-11-03 14:24:12.876 [info] > git rev-parse HEAD [2ms]
2024-11-03 14:24:12.886 [info] > git for-each-ref --format %(refname) %(objectname) %(*objectname) refs/tags [2ms]
2024-11-03 14:24:12.903 [info] > git status -z -uall [9ms]
2024-11-03 14:24:12.904 [info] > git for-each-ref --sort -committerdate --format %(refname) %(objectname) %(*objectname) [2ms]
2024-11-03 14:24:13.450 [info] [Git][getRemotes] No remotes found in the git config file
2024-11-03 14:24:13.450 [info] > git config --get commit.template [12ms]
2024-11-03 14:24:13.451 [info] > git for-each-ref --format=%(refname)%00%(upstream:short)%00%(objectname)%00%(upstream:track)%00%(upstream:remotename)%00%(upstream:remoteref) refs/heads/master refs/remotes/master [1ms]
2024-11-03 14:24:13.471 [info] > git for-each-ref --sort -committerdate --format %(refname) %(objectname) %(*objectname) [1ms]
2024-11-03 14:24:13.472 [info] > git status -z -uall [10ms]
2024-11-03 14:24:13.537 [info] > git ls-files --stage -- /home/jvp/Desktop/projects/foundry-project/src/PriceConverter.sol [1ms]
2024-11-03 14:24:13.548 [info] > git show --textconv :src/PriceConverter.sol [1ms]
2024-11-03 14:25:36.040 [info] [Git][getRemotes] No remotes found in the git config file
2024-11-03 14:25:36.040 [info] > git config --get commit.template [8ms]
2024-11-03 14:25:36.041 [info] > git for-each-ref --format=%(refname)%00%(upstream:short)%00%(objectname)%00%(upstream:track)%00%(upstream:remotename)%00%(upstream:remoteref) refs/heads/master refs/remotes/master [1ms]
2024-11-03 14:25:36.060 [info] > git status -z -uall [9ms]
2024-11-03 14:25:36.061 [info] > git for-each-ref --sort -committerdate --format %(refname) %(objectname) %(*objectname) [1ms]
2024-11-03 14:25:41.876 [info] > git config --get commit.template [1ms]
2024-11-03 14:25:41.887 [info] [Git][getRemotes] No remotes found in the git config file
2024-11-03 14:25:41.888 [info] > git for-each-ref --format=%(refname)%00%(upstream:short)%00%(objectname)%00%(upstream:track)%00%(upstream:remotename)%00%(upstream:remoteref) refs/heads/master refs/remotes/master [1ms]
2024-11-03 14:25:41.913 [info] > git for-each-ref --sort -committerdate --format %(refname) %(objectname) %(*objectname) [1ms]
2024-11-03 14:25:41.976 [info] > git status -z -uall [76ms]
2024-11-03 14:25:41.978 [info] > git ls-files --stage -- /home/jvp/Desktop/projects/foundry-project/src/PriceConverter.sol [3ms]
2024-11-03 14:25:41.993 [info] > git show --textconv :src/PriceConverter.sol [2ms]
2024-11-03 14:25:42.488 [info] > git rev-parse --show-toplevel [1ms]
2024-11-03 14:25:42.497 [info] > git rev-parse --git-dir --git-common-dir [1ms]
2024-11-03 14:25:42.516 [info] [Model][openRepository] Opened repository: /home/jvp/Desktop/projects/foundry-project/lib/chainlink-brownie-contracts
2024-11-03 14:25:42.532 [info] > git config --get commit.template [5ms]
2024-11-03 14:25:42.544 [info] > git for-each-ref --format %(refname) %(objectname) %(*objectname) refs/tags [1ms]
2024-11-03 14:25:42.568 [info] > git for-each-ref --sort -committerdate --format %(refname) %(objectname) %(*objectname) [1ms]
2024-11-03 14:25:42.617 [info] > git status -z -uall [61ms]
2024-11-03 14:25:42.633 [info] > git config --get commit.template [2ms]
2024-11-03 14:25:42.647 [info] > git for-each-ref --format %(refname) %(objectname) %(*objectname) refs/tags [3ms]
2024-11-03 14:25:42.671 [info] > git for-each-ref --sort -committerdate --format %(refname) %(objectname) %(*objectname) [2ms]
2024-11-03 14:25:42.718 [info] > git status -z -uall [60ms]
2024-11-03 14:25:42.960 [info] > git fetch [444ms]
2024-11-03 14:25:42.982 [info] > git config --get commit.template [11ms]
2024-11-03 14:25:42.983 [info] > git for-each-ref --format %(refname) %(objectname) %(*objectname) refs/tags [1ms]
2024-11-03 14:25:43.008 [info] > git for-each-ref --sort -committerdate --format %(refname) %(objectname) %(*objectname) [3ms]
2024-11-03 14:25:43.040 [info] > git check-ignore -v -z --stdin [0ms]
2024-11-03 14:25:43.056 [info] > git status -z -uall [62ms]
2024-11-03 14:25:50.064 [info] > git check-ignore -v -z --stdin [12ms]
2024-11-03 14:25:50.064 [info] > git check-ignore -v -z --stdin [1ms]
2024-11-03 14:25:51.048 [info] > git check-ignore -v -z --stdin [2ms]
2024-11-03 14:25:53.761 [info] > git check-ignore -v -z --stdin [2ms]
2024-11-03 14:25:56.085 [info] > git check-ignore -v -z --stdin [2ms]
2024-11-03 14:26:00.812 [info] > git check-ignore -v -z --stdin [2ms]
2024-11-03 14:26:01.519 [info] > git show --textconv :contracts/scripts/native_solc6_compile [9ms]
2024-11-03 14:26:01.521 [info] > git ls-files --stage -- /home/jvp/Desktop/projects/foundry-project/lib/chainlink-brownie-contracts/contracts/scripts/native_solc6_compile [2ms]
2024-11-03 14:26:01.531 [info] > git cat-file -s ae3be9b56d0fabbe452199f746d9a34ff15968a6 [2ms]
2024-11-03 14:26:03.589 [info] > git show --textconv :contracts/scripts/native_solc7_compile [13ms]
2024-11-03 14:26:03.590 [info] > git ls-files --stage -- /home/jvp/Desktop/projects/foundry-project/lib/chainlink-brownie-contracts/contracts/scripts/native_solc7_compile [2ms]
2024-11-03 14:26:03.602 [info] > git cat-file -s dc4c08e72e70c90895ed3c9675a2c7e0e00ba220 [2ms]
2024-11-03 14:26:04.518 [info] > git show --textconv :contracts/scripts/native_solc8_compile [10ms]
2024-11-03 14:26:04.519 [info] > git ls-files --stage -- /home/jvp/Desktop/projects/foundry-project/lib/chainlink-brownie-contracts/contracts/scripts/native_solc8_compile [1ms]
2024-11-03 14:26:04.530 [info] > git cat-file -s c67e428c8908b430a409f008e3b0933e934cd8ef [1ms]
2024-11-03 14:26:04.921 [info] > git show --textconv :contracts/scripts/requirements.txt [11ms]
2024-11-03 14:26:04.957 [info] > git ls-files --stage -- /home/jvp/Desktop/projects/foundry-project/lib/chainlink-brownie-contracts/contracts/scripts/requirements.txt [37ms]
2024-11-03 14:26:04.984 [info] > git cat-file -s 38d247c9775ab47807701b9fd237d941a8eb814c [16ms]
2024-11-03 14:26:14.740 [info] > git check-ignore -v -z --stdin [2ms]
2024-11-03 14:26:16.025 [info] > git check-ignore -v -z --stdin [2ms]
2024-11-03 14:26:17.161 [info] > git check-ignore -v -z --stdin [1ms]
2024-11-03 14:26:25.227 [info] > git check-ignore -v -z --stdin [2ms]
2024-11-03 14:26:29.954 [info] > git check-ignore -v -z --stdin [2ms]
2024-11-03 14:26:31.835 [info] > git check-ignore -v -z --stdin [1ms]
2024-11-03 14:26:31.889 [info] > git show --textconv :contracts/src/v0.8/interfaces/AutomationRegistryInterface1_3.sol [9ms]
2024-11-03 14:26:31.891 [info] > git ls-files --stage -- /home/jvp/Desktop/projects/foundry-project/lib/chainlink-brownie-contracts/contracts/src/v0.8/interfaces/AutomationRegistryInterface1_3.sol [2ms]
2024-11-03 14:26:31.901 [info] > git cat-file -s 5f226f2dd16712d8d03f9630367256091f0385fd [1ms]
2024-11-03 14:26:39.136 [info] > git check-ignore -v -z --stdin [1ms]
2024-11-03 14:26:48.248 [info] > git show --textconv :foundry.toml [12ms]
2024-11-03 14:26:48.251 [info] > git ls-files --stage -- /home/jvp/Desktop/projects/foundry-project/foundry.toml [4ms]
2024-11-03 14:26:48.262 [info] > git cat-file -s 25b918f9c9a96afb107fd052f6aa5cbacc3d5111 [1ms]
2024-11-03 14:27:12.423 [info] > git fetch [2ms]
2024-11-03 14:27:12.447 [info] [Git][getRemotes] No remotes found in the git config file
2024-11-03 14:27:12.448 [info] > git config --get commit.template [12ms]
2024-11-03 14:27:12.448 [info] > git for-each-ref --format=%(refname)%00%(upstream:short)%00%(objectname)%00%(upstream:track)%00%(upstream:remotename)%00%(upstream:remoteref) refs/heads/master refs/remotes/master [1ms]
2024-11-03 14:27:12.468 [info] > git for-each-ref --sort -committerdate --format %(refname) %(objectname) %(*objectname) [1ms]
2024-11-03 14:27:12.531 [info] > git status -z -uall [73ms]
2024-11-03 14:27:13.347 [info] > git fetch [429ms]
2024-11-03 14:27:13.365 [info] > git symbolic-ref --short HEAD [8ms]
2024-11-03 14:27:13.365 [info] fatal: ref HEAD is not a symbolic ref
2024-11-03 14:27:13.374 [info] > git config --get commit.template [9ms]
2024-11-03 14:27:13.375 [info] > git rev-parse HEAD [1ms]
2024-11-03 14:27:13.385 [info] > git for-each-ref --format %(refname) %(objectname) %(*objectname) refs/tags [2ms]
2024-11-03 14:27:13.402 [info] > git status -z -uall [9ms]
2024-11-03 14:27:13.404 [info] > git for-each-ref --sort -committerdate --format %(refname) %(objectname) %(*objectname) [1ms]
2024-11-03 14:27:13.615 [info] > git ls-files --stage -- /home/jvp/Desktop/projects/foundry-project/foundry.toml [1ms]
2024-11-03 14:27:13.627 [info] > git cat-file -s 25b918f9c9a96afb107fd052f6aa5cbacc3d5111 [1ms]
2024-11-03 14:27:13.642 [info] > git show --textconv :foundry.toml [2ms]
2024-11-03 14:27:21.194 [info] [Git][getRemotes] No remotes found in the git config file
2024-11-03 14:27:21.204 [info] > git config --get commit.template [11ms]
2024-11-03 14:27:21.205 [info] > git for-each-ref --format=%(refname)%00%(upstream:short)%00%(objectname)%00%(upstream:track)%00%(upstream:remotename)%00%(upstream:remoteref) refs/heads/master refs/remotes/master [2ms]
2024-11-03 14:27:21.227 [info] > git for-each-ref --sort -committerdate --format %(refname) %(objectname) %(*objectname) [1ms]
2024-11-03 14:27:21.287 [info] > git status -z -uall [72ms]
2024-11-03 14:27:39.681 [info] [Git][getRemotes] No remotes found in the git config file
2024-11-03 14:27:39.682 [info] > git config --get commit.template [12ms]
2024-11-03 14:27:39.682 [info] > git for-each-ref --format=%(refname)%00%(upstream:short)%00%(objectname)%00%(upstream:track)%00%(upstream:remotename)%00%(upstream:remoteref) refs/heads/master refs/remotes/master [1ms]
2024-11-03 14:27:39.706 [info] > git for-each-ref --sort -committerdate --format %(refname) %(objectname) %(*objectname) [1ms]
2024-11-03 14:27:39.764 [info] > git status -z -uall [71ms]
2024-11-03 14:27:53.905 [info] [Git][getRemotes] No remotes found in the git config file
2024-11-03 14:27:53.906 [info] > git config --get commit.template [13ms]
2024-11-03 14:27:53.907 [info] > git for-each-ref --format=%(refname)%00%(upstream:short)%00%(objectname)%00%(upstream:track)%00%(upstream:remotename)%00%(upstream:remoteref) refs/heads/master refs/remotes/master [1ms]
2024-11-03 14:27:53.930 [info] > git for-each-ref --sort -committerdate --format %(refname) %(objectname) %(*objectname) [2ms]
2024-11-03 14:27:53.992 [info] > git status -z -uall [74ms]
2024-11-03 14:28:08.241 [info] [Git][getRemotes] No remotes found in the git config file
2024-11-03 14:28:08.242 [info] > git config --get commit.template [13ms]
2024-11-03 14:28:08.243 [info] > git for-each-ref --format=%(refname)%00%(upstream:short)%00%(objectname)%00%(upstream:track)%00%(upstream:remotename)%00%(upstream:remoteref) refs/heads/master refs/remotes/master [1ms]
2024-11-03 14:28:08.266 [info] > git for-each-ref --sort -committerdate --format %(refname) %(objectname) %(*objectname) [1ms]
2024-11-03 14:28:08.326 [info] > git status -z -uall [73ms]
2024-11-03 14:28:17.903 [info] > git config --get commit.template [12ms]
2024-11-03 14:28:17.914 [info] [Git][getRemotes] No remotes found in the git config file
2024-11-03 14:28:17.914 [info] > git check-ignore -v -z --stdin [12ms]
2024-11-03 14:28:17.915 [info] > git for-each-ref --format=%(refname)%00%(upstream:short)%00%(objectname)%00%(upstream:track)%00%(upstream:remotename)%00%(upstream:remoteref) refs/heads/master refs/remotes/master [1ms]
2024-11-03 14:28:17.938 [info] > git for-each-ref --sort -committerdate --format %(refname) %(objectname) %(*objectname) [1ms]
2024-11-03 14:28:17.995 [info] > git status -z -uall [69ms]
2024-11-03 14:28:19.584 [info] > git show --textconv :src/FundMe.sol [10ms]
2024-11-03 14:28:19.585 [info] > git ls-files --stage -- /home/jvp/Desktop/projects/foundry-project/src/FundMe.sol [2ms]
2024-11-03 14:28:21.810 [info] > git show --textconv :src/PriceConverter.sol [13ms]
2024-11-03 14:28:21.811 [info] > git ls-files --stage -- /home/jvp/Desktop/projects/foundry-project/src/PriceConverter.sol [2ms]
2024-11-03 14:28:36.873 [info] > git show --textconv :src/FundMe.sol [12ms]
2024-11-03 14:28:36.875 [info] > git ls-files --stage -- /home/jvp/Desktop/projects/foundry-project/src/FundMe.sol [3ms]
2024-11-03 14:28:43.171 [info] > git check-ignore -v -z --stdin [1ms]
2024-11-03 14:28:43.541 [info] > git fetch [473ms]
2024-11-03 14:28:43.560 [info] > git config --get commit.template [9ms]
2024-11-03 14:28:43.561 [info] > git for-each-ref --format %(refname) %(objectname) %(*objectname) refs/tags [1ms]
2024-11-03 14:28:43.579 [info] > git for-each-ref --sort -committerdate --format %(refname) %(objectname) %(*objectname) [2ms]
2024-11-03 14:28:43.632 [info] > git status -z -uall [63ms]
2024-11-03 14:29:00.593 [info] > git show --textconv :src/PriceConverter.sol [12ms]
2024-11-03 14:29:00.594 [info] > git ls-files --stage -- /home/jvp/Desktop/projects/foundry-project/src/PriceConverter.sol [2ms]
2024-11-03 14:29:00.948 [info] > git show --textconv :src/FundMe.sol [16ms]
2024-11-03 14:29:00.948 [info] > git ls-files --stage -- /home/jvp/Desktop/projects/foundry-project/src/FundMe.sol [1ms]
2024-11-03 14:30:00.940 [info] > git show --textconv :test/FundMeTest.t.sol [14ms]
2024-11-03 14:30:00.941 [info] > git ls-files --stage -- /home/jvp/Desktop/projects/foundry-project/test/FundMeTest.t.sol [2ms]
2024-11-03 14:30:01.207 [info] > git check-ignore -v -z --stdin [1ms]
2024-11-03 14:30:01.760 [info] > git config --get commit.template [2ms]
2024-11-03 14:30:01.772 [info] [Git][getRemotes] No remotes found in the git config file
2024-11-03 14:30:01.773 [info] > git for-each-ref --format=%(refname)%00%(upstream:short)%00%(objectname)%00%(upstream:track)%00%(upstream:remotename)%00%(upstream:remoteref) refs/heads/master refs/remotes/master [1ms]
2024-11-03 14:30:01.799 [info] > git for-each-ref --sort -committerdate --format %(refname) %(objectname) %(*objectname) [1ms]
2024-11-03 14:30:01.858 [info] > git status -z -uall [72ms]
2024-11-03 14:30:12.548 [info] > git fetch [3ms]
2024-11-03 14:30:12.572 [info] [Git][getRemotes] No remotes found in the git config file
2024-11-03 14:30:12.574 [info] > git config --get commit.template [13ms]
2024-11-03 14:30:12.574 [info] > git for-each-ref --format=%(refname)%00%(upstream:short)%00%(objectname)%00%(upstream:track)%00%(upstream:remotename)%00%(upstream:remoteref) refs/heads/master refs/remotes/master [2ms]
2024-11-03 14:30:12.603 [info] > git for-each-ref --sort -committerdate --format %(refname) %(objectname) %(*objectname) [1ms]
2024-11-03 14:30:12.666 [info] > git status -z -uall [78ms]
2024-11-03 14:30:13.788 [info] > git ls-files --stage -- /home/jvp/Desktop/projects/foundry-project/test/FundMeTest.t.sol [1ms]
2024-11-03 14:30:13.801 [info] > git show --textconv :test/FundMeTest.t.sol [1ms]
2024-11-03 14:30:13.810 [info] > git fetch [393ms]
2024-11-03 14:30:13.830 [info] > git symbolic-ref --short HEAD [11ms]
2024-11-03 14:30:13.830 [info] fatal: ref HEAD is not a symbolic ref
2024-11-03 14:30:13.839 [info] > git config --get commit.template [10ms]
2024-11-03 14:30:13.840 [info] > git rev-parse HEAD [1ms]
2024-11-03 14:30:13.849 [info] > git for-each-ref --format %(refname) %(objectname) %(*objectname) refs/tags [1ms]
2024-11-03 14:30:13.866 [info] > git status -z -uall [9ms]
2024-11-03 14:30:13.868 [info] > git for-each-ref --sort -committerdate --format %(refname) %(objectname) %(*objectname) [1ms]
2024-11-03 14:30:23.878 [info] [Git][getRemotes] No remotes found in the git config file
2024-11-03 14:30:23.878 [info] > git config --get commit.template [10ms]
2024-11-03 14:30:23.879 [info] > git for-each-ref --format=%(refname)%00%(upstream:short)%00%(objectname)%00%(upstream:track)%00%(upstream:remotename)%00%(upstream:remoteref) refs/heads/master refs/remotes/master [1ms]
2024-11-03 14:30:23.898 [info] > git for-each-ref --sort -committerdate --format %(refname) %(objectname) %(*objectname) [1ms]
2024-11-03 14:30:23.956 [info] > git status -z -uall [69ms]
2024-11-03 14:30:52.437 [info] [Git][getRemotes] No remotes found in the git config file
2024-11-03 14:30:52.437 [info] > git config --get commit.template [12ms]
2024-11-03 14:30:52.438 [info] > git for-each-ref --format=%(refname)%00%(upstream:short)%00%(objectname)%00%(upstream:track)%00%(upstream:remotename)%00%(upstream:remoteref) refs/heads/master refs/remotes/master [1ms]
2024-11-03 14:30:52.459 [info] > git for-each-ref --sort -committerdate --format %(refname) %(objectname) %(*objectname) [2ms]
2024-11-03 14:30:52.520 [info] > git status -z -uall [71ms]
2024-11-03 14:31:14.831 [info] [Git][getRemotes] No remotes found in the git config file
2024-11-03 14:31:14.831 [info] > git config --get commit.template [12ms]
2024-11-03 14:31:14.832 [info] > git for-each-ref --format=%(refname)%00%(upstream:short)%00%(objectname)%00%(upstream:track)%00%(upstream:remotename)%00%(upstream:remoteref) refs/heads/master refs/remotes/master [1ms]
2024-11-03 14:31:14.857 [info] > git for-each-ref --sort -committerdate --format %(refname) %(objectname) %(*objectname) [2ms]
2024-11-03 14:31:14.913 [info] > git status -z -uall [71ms]
2024-11-03 14:31:40.018 [info] [Git][getRemotes] No remotes found in the git config file
2024-11-03 14:31:40.028 [info] > git config --get commit.template [11ms]
2024-11-03 14:31:40.029 [info] > git for-each-ref --format=%(refname)%00%(upstream:short)%00%(objectname)%00%(upstream:track)%00%(upstream:remotename)%00%(upstream:remoteref) refs/heads/master refs/remotes/master [2ms]
2024-11-03 14:31:40.050 [info] > git for-each-ref --sort -committerdate --format %(refname) %(objectname) %(*objectname) [1ms]
2024-11-03 14:31:40.110 [info] > git status -z -uall [71ms]
2024-11-03 14:31:52.468 [info] [Git][getRemotes] No remotes found in the git config file
2024-11-03 14:31:52.469 [info] > git config --get commit.template [12ms]
2024-11-03 14:31:52.470 [info] > git for-each-ref --format=%(refname)%00%(upstream:short)%00%(objectname)%00%(upstream:track)%00%(upstream:remotename)%00%(upstream:remoteref) refs/heads/master refs/remotes/master [2ms]
2024-11-03 14:31:52.492 [info] > git for-each-ref --sort -committerdate --format %(refname) %(objectname) %(*objectname) [1ms]
2024-11-03 14:31:52.558 [info] > git status -z -uall [79ms]
2024-11-03 14:31:52.868 [info] > git fetch [425ms]
2024-11-03 14:31:52.894 [info] > git config --get commit.template [13ms]
2024-11-03 14:31:52.895 [info] > git for-each-ref --format %(refname) %(objectname) %(*objectname) refs/tags [2ms]
2024-11-03 14:31:52.920 [info] > git for-each-ref --sort -committerdate --format %(refname) %(objectname) %(*objectname) [2ms]
2024-11-03 14:31:52.970 [info] > git status -z -uall [63ms]
2024-11-03 14:32:52.658 [info] [Git][getRemotes] No remotes found in the git config file
2024-11-03 14:32:52.658 [info] > git config --get commit.template [11ms]
2024-11-03 14:32:52.659 [info] > git for-each-ref --format=%(refname)%00%(upstream:short)%00%(objectname)%00%(upstream:track)%00%(upstream:remotename)%00%(upstream:remoteref) refs/heads/master refs/remotes/master [1ms]
2024-11-03 14:32:52.681 [info] > git for-each-ref --sort -committerdate --format %(refname) %(objectname) %(*objectname) [1ms]
2024-11-03 14:32:52.745 [info] > git status -z -uall [76ms]
2024-11-03 14:33:12.683 [info] > git fetch [3ms]
2024-11-03 14:33:12.705 [info] [Git][getRemotes] No remotes found in the git config file
2024-11-03 14:33:12.705 [info] > git config --get commit.template [10ms]
2024-11-03 14:33:12.706 [info] > git for-each-ref --format=%(refname)%00%(upstream:short)%00%(objectname)%00%(upstream:track)%00%(upstream:remotename)%00%(upstream:remoteref) refs/heads/master refs/remotes/master [1ms]
2024-11-03 14:33:12.725 [info] > git for-each-ref --sort -committerdate --format %(refname) %(objectname) %(*objectname) [1ms]
2024-11-03 14:33:12.786 [info] > git status -z -uall [72ms]
2024-11-03 14:33:13.917 [info] > git ls-files --stage -- /home/jvp/Desktop/projects/foundry-project/test/FundMeTest.t.sol [1ms]
2024-11-03 14:33:13.931 [info] > git show --textconv :test/FundMeTest.t.sol [1ms]
2024-11-03 14:33:14.317 [info] > git fetch [436ms]
2024-11-03 14:33:14.337 [info] > git config --get commit.template [1ms]
2024-11-03 14:33:14.337 [info] > git symbolic-ref --short HEAD [11ms]
2024-11-03 14:33:14.337 [info] fatal: ref HEAD is not a symbolic ref
2024-11-03 14:33:14.346 [info] > git rev-parse HEAD [1ms]
2024-11-03 14:33:14.356 [info] > git for-each-ref --format %(refname) %(objectname) %(*objectname) refs/tags [2ms]
2024-11-03 14:33:14.374 [info] > git status -z -uall [9ms]
2024-11-03 14:33:14.375 [info] > git for-each-ref --sort -committerdate --format %(refname) %(objectname) %(*objectname) [2ms]
2024-11-03 14:34:50.763 [info] [Git][getRemotes] No remotes found in the git config file
2024-11-03 14:34:50.764 [info] > git config --get commit.template [13ms]
2024-11-03 14:34:50.765 [info] > git for-each-ref --format=%(refname)%00%(upstream:short)%00%(objectname)%00%(upstream:track)%00%(upstream:remotename)%00%(upstream:remoteref) refs/heads/master refs/remotes/master [2ms]
2024-11-03 14:34:50.789 [info] > git for-each-ref --sort -committerdate --format %(refname) %(objectname) %(*objectname) [2ms]
2024-11-03 14:34:50.850 [info] > git status -z -uall [73ms]
2024-11-03 14:34:57.453 [info] > git fetch [431ms]
2024-11-03 14:34:57.473 [info] > git config --get commit.template [10ms]
2024-11-03 14:34:57.474 [info] > git for-each-ref --format %(refname) %(objectname) %(*objectname) refs/tags [2ms]
2024-11-03 14:34:57.495 [info] > git for-each-ref --sort -committerdate --format %(refname) %(objectname) %(*objectname) [1ms]
2024-11-03 14:34:57.546 [info] > git status -z -uall [63ms]
2024-11-03 14:35:49.067 [info] > git show --textconv :src/FundMe.sol [10ms]
2024-11-03 14:35:49.068 [info] > git ls-files --stage -- /home/jvp/Desktop/projects/foundry-project/src/FundMe.sol [1ms]
2024-11-03 14:35:49.997 [info] [Git][getRemotes] No remotes found in the git config file
2024-11-03 14:35:49.997 [info] > git config --get commit.template [11ms]
2024-11-03 14:35:49.998 [info] > git for-each-ref --format=%(refname)%00%(upstream:short)%00%(objectname)%00%(upstream:track)%00%(upstream:remotename)%00%(upstream:remoteref) refs/heads/master refs/remotes/master [1ms]
2024-11-03 14:35:50.021 [info] > git for-each-ref --sort -committerdate --format %(refname) %(objectname) %(*objectname) [1ms]
2024-11-03 14:35:50.081 [info] > git status -z -uall [74ms]
2024-11-03 14:35:52.213 [info] > git show --textconv :test/FundMeTest.t.sol [10ms]
2024-11-03 14:35:52.214 [info] > git ls-files --stage -- /home/jvp/Desktop/projects/foundry-project/test/FundMeTest.t.sol [1ms]
2024-11-03 14:36:29.208 [info] > git fetch [15ms]
2024-11-03 14:36:29.231 [info] [Git][getRemotes] No remotes found in the git config file
2024-11-03 14:36:29.231 [info] > git config --get commit.template [12ms]
2024-11-03 14:36:29.232 [info] > git for-each-ref --format=%(refname)%00%(upstream:short)%00%(objectname)%00%(upstream:track)%00%(upstream:remotename)%00%(upstream:remoteref) refs/heads/master refs/remotes/master [1ms]
2024-11-03 14:36:29.256 [info] > git for-each-ref --sort -committerdate --format %(refname) %(objectname) %(*objectname) [2ms]
2024-11-03 14:36:29.317 [info] > git status -z -uall [75ms]
2024-11-03 14:36:29.690 [info] > git fetch [483ms]
2024-11-03 14:36:29.710 [info] > git symbolic-ref --short HEAD [10ms]
2024-11-03 14:36:29.710 [info] fatal: ref HEAD is not a symbolic ref
2024-11-03 14:36:29.720 [info] > git config --get commit.template [11ms]
2024-11-03 14:36:29.721 [info] > git rev-parse HEAD [1ms]
2024-11-03 14:36:29.732 [info] > git for-each-ref --format %(refname) %(objectname) %(*objectname) refs/tags [1ms]
2024-11-03 14:36:29.754 [info] > git status -z -uall [10ms]
2024-11-03 14:36:29.755 [info] > git for-each-ref --sort -committerdate --format %(refname) %(objectname) %(*objectname) [1ms]
2024-11-03 14:36:30.450 [info] > git ls-files --stage -- /home/jvp/Desktop/projects/foundry-project/test/FundMeTest.t.sol [2ms]
2024-11-03 14:36:30.466 [info] > git show --textconv :test/FundMeTest.t.sol [2ms]
2024-11-03 14:37:14.206 [info] > git config --get commit.template [2ms]
2024-11-03 14:37:14.218 [info] [Git][getRemotes] No remotes found in the git config file
2024-11-03 14:37:14.219 [info] > git for-each-ref --format=%(refname)%00%(upstream:short)%00%(objectname)%00%(upstream:track)%00%(upstream:remotename)%00%(upstream:remoteref) refs/heads/master refs/remotes/master [2ms]
2024-11-03 14:37:14.242 [info] > git for-each-ref --sort -committerdate --format %(refname) %(objectname) %(*objectname) [1ms]
2024-11-03 14:37:14.302 [info] > git status -z -uall [71ms]
2024-11-03 14:37:58.098 [info] > git fetch [541ms]
2024-11-03 14:37:58.115 [info] > git config --get commit.template [9ms]
2024-11-03 14:37:58.116 [info] > git for-each-ref --format %(refname) %(objectname) %(*objectname) refs/tags [1ms]
2024-11-03 14:37:58.136 [info] > git for-each-ref --sort -committerdate --format %(refname) %(objectname) %(*objectname) [2ms]
2024-11-03 14:37:58.185 [info] > git status -z -uall [60ms]
2024-11-03 14:38:01.453 [info] [Git][getRemotes] No remotes found in the git config file
2024-11-03 14:38:01.461 [info] > git config --get commit.template [9ms]
2024-11-03 14:38:01.462 [info] > git for-each-ref --format=%(refname)%00%(upstream:short)%00%(objectname)%00%(upstream:track)%00%(upstream:remotename)%00%(upstream:remoteref) refs/heads/master refs/remotes/master [1ms]
2024-11-03 14:38:01.483 [info] > git for-each-ref --sort -committerdate --format %(refname) %(objectname) %(*objectname) [2ms]
2024-11-03 14:38:01.542 [info] > git status -z -uall [70ms]
2024-11-03 14:38:15.173 [info] [Git][getRemotes] No remotes found in the git config file
2024-11-03 14:38:15.174 [info] > git config --get commit.template [14ms]
2024-11-03 14:38:15.174 [info] > git for-each-ref --format=%(refname)%00%(upstream:short)%00%(objectname)%00%(upstream:track)%00%(upstream:remotename)%00%(upstream:remoteref) refs/heads/master refs/remotes/master [1ms]
2024-11-03 14:38:15.199 [info] > git for-each-ref --sort -committerdate --format %(refname) %(objectname) %(*objectname) [1ms]
2024-11-03 14:38:15.260 [info] > git status -z -uall [74ms]
2024-11-03 14:38:20.838 [info] [Git][getRemotes] No remotes found in the git config file
2024-11-03 14:38:20.838 [info] > git config --get commit.template [12ms]
2024-11-03 14:38:20.839 [info] > git for-each-ref --format=%(refname)%00%(upstream:short)%00%(objectname)%00%(upstream:track)%00%(upstream:remotename)%00%(upstream:remoteref) refs/heads/master refs/remotes/master [1ms]
2024-11-03 14:38:20.861 [info] > git for-each-ref --sort -committerdate --format %(refname) %(objectname) %(*objectname) [1ms]
2024-11-03 14:38:20.926 [info] > git status -z -uall [77ms]
2024-11-03 14:39:01.264 [info] > git show --textconv :src/FundMe.sol [10ms]
2024-11-03 14:39:01.265 [info] > git ls-files --stage -- /home/jvp/Desktop/projects/foundry-project/src/FundMe.sol [2ms]
2024-11-03 14:39:22.993 [info] > git show --textconv :src/PriceConverter.sol [12ms]
2024-11-03 14:39:22.994 [info] > git ls-files --stage -- /home/jvp/Desktop/projects/foundry-project/src/PriceConverter.sol [1ms]
2024-11-03 14:39:25.136 [info] > git show --textconv :src/FundMe.sol [9ms]
2024-11-03 14:39:25.137 [info] > git ls-files --stage -- /home/jvp/Desktop/projects/foundry-project/src/FundMe.sol [1ms]
2024-11-03 14:39:26.839 [info] > git show --textconv :test/FundMeTest.t.sol [13ms]
2024-11-03 14:39:26.839 [info] > git ls-files --stage -- /home/jvp/Desktop/projects/foundry-project/test/FundMeTest.t.sol [1ms]
2024-11-03 14:39:29.334 [info] > git fetch [4ms]
2024-11-03 14:39:29.352 [info] [Git][getRemotes] No remotes found in the git config file
2024-11-03 14:39:29.352 [info] > git config --get commit.template [9ms]
2024-11-03 14:39:29.353 [info] > git for-each-ref --format=%(refname)%00%(upstream:short)%00%(objectname)%00%(upstream:track)%00%(upstream:remotename)%00%(upstream:remoteref) refs/heads/master refs/remotes/master [2ms]
2024-11-03 14:39:29.370 [info] > git for-each-ref --sort -committerdate --format %(refname) %(objectname) %(*objectname) [1ms]
2024-11-03 14:39:29.429 [info] > git status -z -uall [69ms]
2024-11-03 14:39:30.237 [info] > git fetch [469ms]
2024-11-03 14:39:30.259 [info] > git symbolic-ref --short HEAD [11ms]
2024-11-03 14:39:30.259 [info] fatal: ref HEAD is not a symbolic ref
2024-11-03 14:39:30.268 [info] > git config --get commit.template [9ms]
2024-11-03 14:39:30.269 [info] > git rev-parse HEAD [2ms]
2024-11-03 14:39:30.279 [info] > git for-each-ref --format %(refname) %(objectname) %(*objectname) refs/tags [2ms]
2024-11-03 14:39:30.296 [info] > git status -z -uall [9ms]
2024-11-03 14:39:30.298 [info] > git for-each-ref --sort -committerdate --format %(refname) %(objectname) %(*objectname) [2ms]
2024-11-03 14:39:30.522 [info] > git ls-files --stage -- /home/jvp/Desktop/projects/foundry-project/test/FundMeTest.t.sol [1ms]
2024-11-03 14:39:30.537 [info] > git show --textconv :test/FundMeTest.t.sol [1ms]
2024-11-03 14:39:32.386 [info] [Git][getRemotes] No remotes found in the git config file
2024-11-03 14:39:32.387 [info] > git config --get commit.template [12ms]
2024-11-03 14:39:32.387 [info] > git for-each-ref --format=%(refname)%00%(upstream:short)%00%(objectname)%00%(upstream:track)%00%(upstream:remotename)%00%(upstream:remoteref) refs/heads/master refs/remotes/master [1ms]
2024-11-03 14:39:32.407 [info] > git for-each-ref --sort -committerdate --format %(refname) %(objectname) %(*objectname) [1ms]
2024-11-03 14:39:32.467 [info] > git status -z -uall [70ms]
2024-11-03 14:40:58.668 [info] > git fetch [466ms]
2024-11-03 14:40:58.691 [info] > git config --get commit.template [14ms]
2024-11-03 14:40:58.692 [info] > git for-each-ref --format %(refname) %(objectname) %(*objectname) refs/tags [2ms]
2024-11-03 14:40:58.715 [info] > git for-each-ref --sort -committerdate --format %(refname) %(objectname) %(*objectname) [2ms]
2024-11-03 14:40:58.763 [info] > git status -z -uall [61ms]
2024-11-03 14:41:01.810 [info] > git show --textconv :src/FundMe.sol [10ms]
2024-11-03 14:41:01.811 [info] > git ls-files --stage -- /home/jvp/Desktop/projects/foundry-project/src/FundMe.sol [2ms]
2024-11-03 14:41:02.277 [info] [Git][getRemotes] No remotes found in the git config file
2024-11-03 14:41:02.277 [info] > git config --get commit.template [14ms]
2024-11-03 14:41:02.278 [info] > git for-each-ref --format=%(refname)%00%(upstream:short)%00%(objectname)%00%(upstream:track)%00%(upstream:remotename)%00%(upstream:remoteref) refs/heads/master refs/remotes/master [2ms]
2024-11-03 14:41:02.296 [info] > git for-each-ref --sort -committerdate --format %(refname) %(objectname) %(*objectname) [1ms]
2024-11-03 14:41:02.357 [info] > git status -z -uall [71ms]
2024-11-03 14:41:46.858 [info] > git show --textconv :test/FundMeTest.t.sol [10ms]
2024-11-03 14:41:46.859 [info] > git ls-files --stage -- /home/jvp/Desktop/projects/foundry-project/test/FundMeTest.t.sol [2ms]
2024-11-03 14:41:51.545 [info] > git show --textconv :src/FundMe.sol [12ms]
2024-11-03 14:41:51.546 [info] > git ls-files --stage -- /home/jvp/Desktop/projects/foundry-project/src/FundMe.sol [1ms]
2024-11-03 14:41:52.458 [info] [Git][getRemotes] No remotes found in the git config file
2024-11-03 14:41:52.458 [info] > git config --get commit.template [9ms]
2024-11-03 14:41:52.459 [info] > git for-each-ref --format=%(refname)%00%(upstream:short)%00%(objectname)%00%(upstream:track)%00%(upstream:remotename)%00%(upstream:remoteref) refs/heads/master refs/remotes/master [1ms]
2024-11-03 14:41:52.477 [info] > git for-each-ref --sort -committerdate --format %(refname) %(objectname) %(*objectname) [1ms]
2024-11-03 14:41:52.536 [info] > git status -z -uall [69ms]
2024-11-03 14:41:57.660 [info] > git show --textconv :test/FundMeTest.t.sol [12ms]
2024-11-03 14:41:57.661 [info] > git ls-files --stage -- /home/jvp/Desktop/projects/foundry-project/test/FundMeTest.t.sol [1ms]
2024-11-03 14:42:03.832 [info] [Git][getRemotes] No remotes found in the git config file
2024-11-03 14:42:03.832 [info] > git config --get commit.template [9ms]
2024-11-03 14:42:03.833 [info] > git for-each-ref --format=%(refname)%00%(upstream:short)%00%(objectname)%00%(upstream:track)%00%(upstream:remotename)%00%(upstream:remoteref) refs/heads/master refs/remotes/master [1ms]
2024-11-03 14:42:03.852 [info] > git for-each-ref --sort -committerdate --format %(refname) %(objectname) %(*objectname) [2ms]
2024-11-03 14:42:03.915 [info] > git status -z -uall [73ms]
2024-11-03 14:42:04.033 [info] > git show --textconv :src/FundMe.sol [12ms]
2024-11-03 14:42:04.034 [info] > git ls-files --stage -- /home/jvp/Desktop/projects/foundry-project/src/FundMe.sol [1ms]
2024-11-03 14:42:07.492 [info] > git show --textconv :test/FundMeTest.t.sol [14ms]
2024-11-03 14:42:07.493 [info] > git ls-files --stage -- /home/jvp/Desktop/projects/foundry-project/test/FundMeTest.t.sol [2ms]
2024-11-03 14:42:23.377 [info] > git show --textconv :src/FundMe.sol [15ms]
2024-11-03 14:42:23.378 [info] > git ls-files --stage -- /home/jvp/Desktop/projects/foundry-project/src/FundMe.sol [1ms]
2024-11-03 14:42:24.279 [info] [Git][getRemotes] No remotes found in the git config file
2024-11-03 14:42:24.280 [info] > git config --get commit.template [11ms]
2024-11-03 14:42:24.280 [info] > git for-each-ref --format=%(refname)%00%(upstream:short)%00%(objectname)%00%(upstream:track)%00%(upstream:remotename)%00%(upstream:remoteref) refs/heads/master refs/remotes/master [1ms]
2024-11-03 14:42:24.304 [info] > git for-each-ref --sort -committerdate --format %(refname) %(objectname) %(*objectname) [1ms]
2024-11-03 14:42:24.359 [info] > git status -z -uall [69ms]
2024-11-03 14:42:29.443 [info] > git fetch [3ms]
2024-11-03 14:42:29.470 [info] [Git][getRemotes] No remotes found in the git config file
2024-11-03 14:42:29.470 [info] > git config --get commit.template [13ms]
2024-11-03 14:42:29.471 [info] > git for-each-ref --format=%(refname)%00%(upstream:short)%00%(objectname)%00%(upstream:track)%00%(upstream:remotename)%00%(upstream:remoteref) refs/heads/master refs/remotes/master [1ms]
2024-11-03 14:42:29.488 [info] > git for-each-ref --sort -committerdate --format %(refname) %(objectname) %(*objectname) [1ms]
2024-11-03 14:42:29.549 [info] > git status -z -uall [70ms]
2024-11-03 14:42:30.664 [info] > git ls-files --stage -- /home/jvp/Desktop/projects/foundry-project/src/FundMe.sol [0ms]
2024-11-03 14:42:30.676 [info] > git show --textconv :src/FundMe.sol [1ms]
2024-11-03 14:42:30.724 [info] > git fetch [416ms]
2024-11-03 14:42:30.745 [info] > git symbolic-ref --short HEAD [11ms]
2024-11-03 14:42:30.745 [info] fatal: ref HEAD is not a symbolic ref
2024-11-03 14:42:30.753 [info] > git config --get commit.template [9ms]
2024-11-03 14:42:30.754 [info] > git rev-parse HEAD [1ms]
2024-11-03 14:42:30.763 [info] > git for-each-ref --format %(refname) %(objectname) %(*objectname) refs/tags [1ms]
2024-11-03 14:42:30.783 [info] > git status -z -uall [11ms]
2024-11-03 14:42:30.784 [info] > git for-each-ref --sort -committerdate --format %(refname) %(objectname) %(*objectname) [2ms]
2024-11-03 14:42:33.167 [info] > git show --textconv :test/FundMeTest.t.sol [11ms]
2024-11-03 14:42:33.169 [info] > git ls-files --stage -- /home/jvp/Desktop/projects/foundry-project/test/FundMeTest.t.sol [2ms]
2024-11-03 14:42:42.991 [info] [Git][getRemotes] No remotes found in the git config file
2024-11-03 14:42:42.992 [info] > git config --get commit.template [12ms]
2024-11-03 14:42:42.992 [info] > git for-each-ref --format=%(refname)%00%(upstream:short)%00%(objectname)%00%(upstream:track)%00%(upstream:remotename)%00%(upstream:remoteref) refs/heads/master refs/remotes/master [1ms]
2024-11-03 14:42:43.012 [info] > git for-each-ref --sort -committerdate --format %(refname) %(objectname) %(*objectname) [2ms]
2024-11-03 14:42:43.069 [info] > git status -z -uall [69ms]
2024-11-03 14:43:06.084 [info] > git show --textconv :src/FundMe.sol [12ms]
2024-11-03 14:43:06.085 [info] > git ls-files --stage -- /home/jvp/Desktop/projects/foundry-project/src/FundMe.sol [1ms]
2024-11-03 14:43:06.986 [info] > git config --get commit.template [1ms]
2024-11-03 14:43:06.995 [info] [Git][getRemotes] No remotes found in the git config file
2024-11-03 14:43:06.996 [info] > git for-each-ref --format=%(refname)%00%(upstream:short)%00%(objectname)%00%(upstream:track)%00%(upstream:remotename)%00%(upstream:remoteref) refs/heads/master refs/remotes/master [1ms]
2024-11-03 14:43:07.016 [info] > git for-each-ref --sort -committerdate --format %(refname) %(objectname) %(*objectname) [1ms]
2024-11-03 14:43:07.078 [info] > git status -z -uall [72ms]
2024-11-03 14:43:19.442 [info] > git show --textconv :test/FundMeTest.t.sol [12ms]
2024-11-03 14:43:19.443 [info] > git ls-files --stage -- /home/jvp/Desktop/projects/foundry-project/test/FundMeTest.t.sol [2ms]
2024-11-03 14:43:59.205 [info] > git fetch [426ms]
2024-11-03 14:43:59.224 [info] > git config --get commit.template [9ms]
2024-11-03 14:43:59.225 [info] > git for-each-ref --format %(refname) %(objectname) %(*objectname) refs/tags [2ms]
2024-11-03 14:43:59.248 [info] > git for-each-ref --sort -committerdate --format %(refname) %(objectname) %(*objectname) [1ms]
2024-11-03 14:43:59.299 [info] > git status -z -uall [62ms]
2024-11-03 14:45:29.565 [info] > git fetch [3ms]
2024-11-03 14:45:29.590 [info] [Git][getRemotes] No remotes found in the git config file
2024-11-03 14:45:29.590 [info] > git config --get commit.template [12ms]
2024-11-03 14:45:29.591 [info] > git for-each-ref --format=%(refname)%00%(upstream:short)%00%(objectname)%00%(upstream:track)%00%(upstream:remotename)%00%(upstream:remoteref) refs/heads/master refs/remotes/master [1ms]
2024-11-03 14:45:29.615 [info] > git for-each-ref --sort -committerdate --format %(refname) %(objectname) %(*objectname) [1ms]
2024-11-03 14:45:29.671 [info] > git status -z -uall [70ms]
2024-11-03 14:45:30.799 [info] > git ls-files --stage -- /home/jvp/Desktop/projects/foundry-project/test/FundMeTest.t.sol [9ms]
2024-11-03 14:45:30.811 [info] > git show --textconv :test/FundMeTest.t.sol [1ms]
2024-11-03 14:45:31.208 [info] > git fetch [409ms]
2024-11-03 14:45:31.227 [info] > git symbolic-ref --short HEAD [10ms]
2024-11-03 14:45:31.227 [info] fatal: ref HEAD is not a symbolic ref
2024-11-03 14:45:31.235 [info] > git config --get commit.template [8ms]
2024-11-03 14:45:31.236 [info] > git rev-parse HEAD [1ms]
2024-11-03 14:45:31.246 [info] > git for-each-ref --format %(refname) %(objectname) %(*objectname) refs/tags [1ms]
2024-11-03 14:45:31.263 [info] > git status -z -uall [8ms]
2024-11-03 14:45:31.265 [info] > git for-each-ref --sort -committerdate --format %(refname) %(objectname) %(*objectname) [2ms]
2024-11-03 14:45:48.088 [info] [Git][getRemotes] No remotes found in the git config file
2024-11-03 14:45:48.101 [info] > git config --get commit.template [13ms]
2024-11-03 14:45:48.102 [info] > git for-each-ref --format=%(refname)%00%(upstream:short)%00%(objectname)%00%(upstream:track)%00%(upstream:remotename)%00%(upstream:remoteref) refs/heads/master refs/remotes/master [1ms]
2024-11-03 14:45:48.120 [info] > git for-each-ref --sort -committerdate --format %(refname) %(objectname) %(*objectname) [1ms]
2024-11-03 14:45:48.178 [info] > git status -z -uall [69ms]
2024-11-03 14:46:09.729 [info] > git show --textconv :src/FundMe.sol [12ms]
2024-11-03 14:46:09.730 [info] > git ls-files --stage -- /home/jvp/Desktop/projects/foundry-project/src/FundMe.sol [1ms]
2024-11-03 14:46:29.975 [info] > git show --textconv :test/FundMeTest.t.sol [11ms]
2024-11-03 14:46:29.976 [info] > git ls-files --stage -- /home/jvp/Desktop/projects/foundry-project/test/FundMeTest.t.sol [1ms]
2024-11-03 14:46:35.767 [info] > git config --get commit.template [1ms]
2024-11-03 14:46:35.767 [info] [Git][getRemotes] No remotes found in the git config file
2024-11-03 14:46:35.776 [info] > git for-each-ref --format=%(refname)%00%(upstream:short)%00%(objectname)%00%(upstream:track)%00%(upstream:remotename)%00%(upstream:remoteref) refs/heads/master refs/remotes/master [1ms]
2024-11-03 14:46:35.795 [info] > git for-each-ref --sort -committerdate --format %(refname) %(objectname) %(*objectname) [2ms]
2024-11-03 14:46:35.858 [info] > git status -z -uall [74ms]
2024-11-03 14:46:46.691 [info] [Git][getRemotes] No remotes found in the git config file
2024-11-03 14:46:46.691 [info] > git config --get commit.template [12ms]
2024-11-03 14:46:46.691 [info] > git for-each-ref --format=%(refname)%00%(upstream:short)%00%(objectname)%00%(upstream:track)%00%(upstream:remotename)%00%(upstream:remoteref) refs/heads/master refs/remotes/master [1ms]
2024-11-03 14:46:46.716 [info] > git for-each-ref --sort -committerdate --format %(refname) %(objectname) %(*objectname) [1ms]
2024-11-03 14:46:46.774 [info] > git status -z -uall [72ms]
2024-11-03 14:46:47.105 [info] > git show --textconv :src/FundMe.sol [14ms]
2024-11-03 14:46:47.107 [info] > git ls-files --stage -- /home/jvp/Desktop/projects/foundry-project/src/FundMe.sol [2ms]
2024-11-03 14:46:58.422 [info] > git show --textconv :test/FundMeTest.t.sol [9ms]
2024-11-03 14:46:58.423 [info] > git ls-files --stage -- /home/jvp/Desktop/projects/foundry-project/test/FundMeTest.t.sol [1ms]
2024-11-03 14:46:59.771 [info] > git fetch [459ms]
2024-11-03 14:46:59.794 [info] > git config --get commit.template [9ms]
2024-11-03 14:46:59.795 [info] > git for-each-ref --format %(refname) %(objectname) %(*objectname) refs/tags [2ms]
2024-11-03 14:46:59.815 [info] > git for-each-ref --sort -committerdate --format %(refname) %(objectname) %(*objectname) [2ms]
2024-11-03 14:46:59.866 [info] > git status -z -uall [62ms]
2024-11-03 14:47:06.693 [info] > git config --get commit.template [1ms]
2024-11-03 14:47:06.693 [info] [Git][getRemotes] No remotes found in the git config file
2024-11-03 14:47:06.705 [info] > git for-each-ref --format=%(refname)%00%(upstream:short)%00%(objectname)%00%(upstream:track)%00%(upstream:remotename)%00%(upstream:remoteref) refs/heads/master refs/remotes/master [1ms]
2024-11-03 14:47:06.729 [info] > git for-each-ref --sort -committerdate --format %(refname) %(objectname) %(*objectname) [1ms]
2024-11-03 14:47:06.784 [info] > git status -z -uall [68ms]
2024-11-03 14:47:10.765 [info] > git show --textconv :src/FundMe.sol [9ms]
2024-11-03 14:47:10.766 [info] > git ls-files --stage -- /home/jvp/Desktop/projects/foundry-project/src/FundMe.sol [1ms]
2024-11-03 14:47:11.805 [info] [Git][getRemotes] No remotes found in the git config file
2024-11-03 14:47:11.805 [info] > git config --get commit.template [11ms]
2024-11-03 14:47:11.805 [info] > git for-each-ref --format=%(refname)%00%(upstream:short)%00%(objectname)%00%(upstream:track)%00%(upstream:remotename)%00%(upstream:remoteref) refs/heads/master refs/remotes/master [1ms]
2024-11-03 14:47:11.828 [info] > git for-each-ref --sort -committerdate --format %(refname) %(objectname) %(*objectname) [2ms]
2024-11-03 14:47:11.889 [info] > git status -z -uall [72ms]
2024-11-03 14:47:48.644 [info] > git show --textconv :test/FundMeTest.t.sol [12ms]
2024-11-03 14:47:48.644 [info] > git ls-files --stage -- /home/jvp/Desktop/projects/foundry-project/test/FundMeTest.t.sol [1ms]
2024-11-03 14:48:24.228 [info] [Git][getRemotes] No remotes found in the git config file
2024-11-03 14:48:24.229 [info] > git config --get commit.template [13ms]
2024-11-03 14:48:24.229 [info] > git for-each-ref --format=%(refname)%00%(upstream:short)%00%(objectname)%00%(upstream:track)%00%(upstream:remotename)%00%(upstream:remoteref) refs/heads/master refs/remotes/master [1ms]
2024-11-03 14:48:24.254 [info] > git for-each-ref --sort -committerdate --format %(refname) %(objectname) %(*objectname) [1ms]
2024-11-03 14:48:24.310 [info] > git status -z -uall [70ms]
2024-11-03 14:48:29.338 [info] [Git][getRemotes] No remotes found in the git config file
2024-11-03 14:48:29.339 [info] > git config --get commit.template [12ms]
2024-11-03 14:48:29.339 [info] > git for-each-ref --format=%(refname)%00%(upstream:short)%00%(objectname)%00%(upstream:track)%00%(upstream:remotename)%00%(upstream:remoteref) refs/heads/master refs/remotes/master [1ms]
2024-11-03 14:48:29.363 [info] > git for-each-ref --sort -committerdate --format %(refname) %(objectname) %(*objectname) [1ms]
2024-11-03 14:48:29.422 [info] > git status -z -uall [72ms]
2024-11-03 14:48:29.687 [info] > git fetch [3ms]
2024-11-03 14:48:29.707 [info] [Git][getRemotes] No remotes found in the git config file
2024-11-03 14:48:29.707 [info] > git config --get commit.template [8ms]
2024-11-03 14:48:29.708 [info] > git for-each-ref --format=%(refname)%00%(upstream:short)%00%(objectname)%00%(upstream:track)%00%(upstream:remotename)%00%(upstream:remoteref) refs/heads/master refs/remotes/master [1ms]
2024-11-03 14:48:29.727 [info] > git for-each-ref --sort -committerdate --format %(refname) %(objectname) %(*objectname) [1ms]
2024-11-03 14:48:29.787 [info] > git status -z -uall [70ms]
2024-11-03 14:48:30.876 [info] > git ls-files --stage -- /home/jvp/Desktop/projects/foundry-project/test/FundMeTest.t.sol [1ms]
2024-11-03 14:48:30.890 [info] > git show --textconv :test/FundMeTest.t.sol [2ms]
2024-11-03 14:48:31.684 [info] > git fetch [408ms]
2024-11-03 14:48:31.709 [info] > git symbolic-ref --short HEAD [14ms]
2024-11-03 14:48:31.710 [info] fatal: ref HEAD is not a symbolic ref
2024-11-03 14:48:31.723 [info] > git config --get commit.template [14ms]
2024-11-03 14:48:31.723 [info] > git rev-parse HEAD [1ms]
2024-11-03 14:48:31.733 [info] > git for-each-ref --format %(refname) %(objectname) %(*objectname) refs/tags [2ms]
2024-11-03 14:48:31.751 [info] > git status -z -uall [8ms]
2024-11-03 14:48:31.753 [info] > git for-each-ref --sort -committerdate --format %(refname) %(objectname) %(*objectname) [2ms]
2024-11-03 14:48:34.694 [info] [Git][getRemotes] No remotes found in the git config file
2024-11-03 14:48:34.705 [info] > git config --get commit.template [12ms]
2024-11-03 14:48:34.705 [info] > git for-each-ref --format=%(refname)%00%(upstream:short)%00%(objectname)%00%(upstream:track)%00%(upstream:remotename)%00%(upstream:remoteref) refs/heads/master refs/remotes/master [1ms]
2024-11-03 14:48:34.728 [info] > git for-each-ref --sort -committerdate --format %(refname) %(objectname) %(*objectname) [1ms]
2024-11-03 14:48:34.791 [info] > git status -z -uall [76ms]
2024-11-03 14:48:39.959 [info] [Git][getRemotes] No remotes found in the git config file
2024-11-03 14:48:39.960 [info] > git config --get commit.template [10ms]
2024-11-03 14:48:39.960 [info] > git for-each-ref --format=%(refname)%00%(upstream:short)%00%(objectname)%00%(upstream:track)%00%(upstream:remotename)%00%(upstream:remoteref) refs/heads/master refs/remotes/master [1ms]
2024-11-03 14:48:39.979 [info] > git for-each-ref --sort -committerdate --format %(refname) %(objectname) %(*objectname) [1ms]
2024-11-03 14:48:40.042 [info] > git status -z -uall [73ms]
2024-11-03 14:48:58.857 [info] [Git][getRemotes] No remotes found in the git config file
2024-11-03 14:48:58.870 [info] > git config --get commit.template [14ms]
2024-11-03 14:48:58.871 [info] > git for-each-ref --format=%(refname)%00%(upstream:short)%00%(objectname)%00%(upstream:track)%00%(upstream:remotename)%00%(upstream:remoteref) refs/heads/master refs/remotes/master [1ms]
2024-11-03 14:48:58.892 [info] > git for-each-ref --sort -committerdate --format %(refname) %(objectname) %(*objectname) [2ms]
2024-11-03 14:48:58.951 [info] > git status -z -uall [71ms]
2024-11-03 14:50:20.597 [info] > git fetch [434ms]
2024-11-03 14:50:20.619 [info] > git config --get commit.template [11ms]
2024-11-03 14:50:20.620 [info] > git for-each-ref --format %(refname) %(objectname) %(*objectname) refs/tags [2ms]
2024-11-03 14:50:20.640 [info] > git for-each-ref --sort -committerdate --format %(refname) %(objectname) %(*objectname) [2ms]
2024-11-03 14:50:20.693 [info] > git status -z -uall [64ms]
2024-11-03 14:50:21.321 [info] > git show --textconv :src/FundMe.sol [11ms]
2024-11-03 14:50:21.321 [info] > git ls-files --stage -- /home/jvp/Desktop/projects/foundry-project/src/FundMe.sol [1ms]
2024-11-03 14:50:57.390 [info] > git show --textconv :test/FundMeTest.t.sol [11ms]
2024-11-03 14:50:57.391 [info] > git ls-files --stage -- /home/jvp/Desktop/projects/foundry-project/test/FundMeTest.t.sol [2ms]
2024-11-03 14:51:26.611 [info] [Git][getRemotes] No remotes found in the git config file
2024-11-03 14:51:26.611 [info] > git config --get commit.template [10ms]
2024-11-03 14:51:26.612 [info] > git for-each-ref --format=%(refname)%00%(upstream:short)%00%(objectname)%00%(upstream:track)%00%(upstream:remotename)%00%(upstream:remoteref) refs/heads/master refs/remotes/master [1ms]
2024-11-03 14:51:26.633 [info] > git for-each-ref --sort -committerdate --format %(refname) %(objectname) %(*objectname) [1ms]
2024-11-03 14:51:26.689 [info] > git status -z -uall [68ms]
2024-11-03 14:51:29.801 [info] > git fetch [3ms]
2024-11-03 14:51:29.824 [info] [Git][getRemotes] No remotes found in the git config file
2024-11-03 14:51:29.825 [info] > git config --get commit.template [11ms]
2024-11-03 14:51:29.825 [info] > git for-each-ref --format=%(refname)%00%(upstream:short)%00%(objectname)%00%(upstream:track)%00%(upstream:remotename)%00%(upstream:remoteref) refs/heads/master refs/remotes/master [1ms]
2024-11-03 14:51:29.841 [info] > git for-each-ref --sort -committerdate --format %(refname) %(objectname) %(*objectname) [1ms]
2024-11-03 14:51:29.901 [info] > git status -z -uall [68ms]
2024-11-03 14:51:31.033 [info] > git ls-files --stage -- /home/jvp/Desktop/projects/foundry-project/test/FundMeTest.t.sol [1ms]
2024-11-03 14:51:31.048 [info] > git show --textconv :test/FundMeTest.t.sol [1ms]
2024-11-03 14:51:32.193 [info] > git fetch [428ms]
2024-11-03 14:51:32.221 [info] > git symbolic-ref --short HEAD [14ms]
2024-11-03 14:51:32.221 [info] fatal: ref HEAD is not a symbolic ref
2024-11-03 14:51:32.231 [info] > git config --get commit.template [10ms]
2024-11-03 14:51:32.231 [info] > git rev-parse HEAD [1ms]
2024-11-03 14:51:32.241 [info] > git for-each-ref --format %(refname) %(objectname) %(*objectname) refs/tags [2ms]
2024-11-03 14:51:32.262 [info] > git status -z -uall [11ms]
2024-11-03 14:51:32.263 [info] > git for-each-ref --sort -committerdate --format %(refname) %(objectname) %(*objectname) [2ms]
2024-11-03 14:52:44.818 [info] [Git][getRemotes] No remotes found in the git config file
2024-11-03 14:52:44.828 [info] > git config --get commit.template [10ms]
2024-11-03 14:52:44.828 [info] > git for-each-ref --format=%(refname)%00%(upstream:short)%00%(objectname)%00%(upstream:track)%00%(upstream:remotename)%00%(upstream:remoteref) refs/heads/master refs/remotes/master [1ms]
2024-11-03 14:52:44.848 [info] > git for-each-ref --sort -committerdate --format %(refname) %(objectname) %(*objectname) [2ms]
2024-11-03 14:52:44.908 [info] > git status -z -uall [69ms]
2024-11-03 14:52:51.303 [info] > git config --get commit.template [1ms]
2024-11-03 14:52:51.315 [info] [Git][getRemotes] No remotes found in the git config file
2024-11-03 14:52:51.316 [info] > git for-each-ref --format=%(refname)%00%(upstream:short)%00%(objectname)%00%(upstream:track)%00%(upstream:remotename)%00%(upstream:remoteref) refs/heads/master refs/remotes/master [1ms]
2024-11-03 14:52:51.342 [info] > git for-each-ref --sort -committerdate --format %(refname) %(objectname) %(*objectname) [1ms]
2024-11-03 14:52:51.399 [info] > git status -z -uall [69ms]
2024-11-03 14:53:26.366 [info] > git fetch [414ms]
2024-11-03 14:53:26.390 [info] > git config --get commit.template [11ms]
2024-11-03 14:53:26.391 [info] > git for-each-ref --format %(refname) %(objectname) %(*objectname) refs/tags [2ms]
2024-11-03 14:53:26.414 [info] > git for-each-ref --sort -committerdate --format %(refname) %(objectname) %(*objectname) [1ms]
2024-11-03 14:53:26.462 [info] > git status -z -uall [61ms]
2024-11-03 14:54:29.917 [info] > git fetch [3ms]
2024-11-03 14:54:29.938 [info] [Git][getRemotes] No remotes found in the git config file
2024-11-03 14:54:29.938 [info] > git config --get commit.template [11ms]
2024-11-03 14:54:29.939 [info] > git for-each-ref --format=%(refname)%00%(upstream:short)%00%(objectname)%00%(upstream:track)%00%(upstream:remotename)%00%(upstream:remoteref) refs/heads/master refs/remotes/master [1ms]
2024-11-03 14:54:29.957 [info] > git for-each-ref --sort -committerdate --format %(refname) %(objectname) %(*objectname) [1ms]
2024-11-03 14:54:30.021 [info] > git status -z -uall [74ms]
2024-11-03 14:54:31.143 [info] > git ls-files --stage -- /home/jvp/Desktop/projects/foundry-project/test/FundMeTest.t.sol [1ms]
2024-11-03 14:54:31.158 [info] > git show --textconv :test/FundMeTest.t.sol [2ms]
2024-11-03 14:54:32.715 [info] > git fetch [440ms]
2024-11-03 14:54:32.735 [info] > git symbolic-ref --short HEAD [10ms]
2024-11-03 14:54:32.735 [info] fatal: ref HEAD is not a symbolic ref
2024-11-03 14:54:32.743 [info] > git config --get commit.template [8ms]
2024-11-03 14:54:32.744 [info] > git rev-parse HEAD [1ms]
2024-11-03 14:54:32.754 [info] > git for-each-ref --format %(refname) %(objectname) %(*objectname) refs/tags [2ms]
2024-11-03 14:54:32.771 [info] > git status -z -uall [9ms]
2024-11-03 14:54:32.772 [info] > git for-each-ref --sort -committerdate --format %(refname) %(objectname) %(*objectname) [1ms]
2024-11-03 14:57:00.090 [info] > git fetch [463ms]
2024-11-03 14:57:00.110 [info] > git config --get commit.template [8ms]
2024-11-03 14:57:00.111 [info] > git for-each-ref --format %(refname) %(objectname) %(*objectname) refs/tags [1ms]
2024-11-03 14:57:00.134 [info] > git for-each-ref --sort -committerdate --format %(refname) %(objectname) %(*objectname) [2ms]
2024-11-03 14:57:00.185 [info] > git status -z -uall [61ms]
2024-11-03 14:57:30.038 [info] > git fetch [3ms]
2024-11-03 14:57:30.059 [info] [Git][getRemotes] No remotes found in the git config file
2024-11-03 14:57:30.059 [info] > git config --get commit.template [10ms]
2024-11-03 14:57:30.060 [info] > git for-each-ref --format=%(refname)%00%(upstream:short)%00%(objectname)%00%(upstream:track)%00%(upstream:remotename)%00%(upstream:remoteref) refs/heads/master refs/remotes/master [0ms]
2024-11-03 14:57:30.076 [info] > git for-each-ref --sort -committerdate --format %(refname) %(objectname) %(*objectname) [1ms]
2024-11-03 14:57:30.137 [info] > git status -z -uall [70ms]
2024-11-03 14:57:31.286 [info] > git ls-files --stage -- /home/jvp/Desktop/projects/foundry-project/test/FundMeTest.t.sol [1ms]
2024-11-03 14:57:31.297 [info] > git show --textconv :test/FundMeTest.t.sol [1ms]
2024-11-03 14:57:33.178 [info] > git fetch [393ms]
2024-11-03 14:57:33.202 [info] > git symbolic-ref --short HEAD [12ms]
2024-11-03 14:57:33.202 [info] fatal: ref HEAD is not a symbolic ref
2024-11-03 14:57:33.214 [info] > git config --get commit.template [12ms]
2024-11-03 14:57:33.215 [info] > git rev-parse HEAD [3ms]
2024-11-03 14:57:33.228 [info] > git for-each-ref --format %(refname) %(objectname) %(*objectname) refs/tags [2ms]
2024-11-03 14:57:33.250 [info] > git status -z -uall [11ms]
2024-11-03 14:57:33.251 [info] > git for-each-ref --sort -committerdate --format %(refname) %(objectname) %(*objectname) [1ms]
2024-11-03 15:00:00.604 [info] > git fetch [402ms]
2024-11-03 15:00:00.623 [info] > git config --get commit.template [9ms]
2024-11-03 15:00:00.624 [info] > git for-each-ref --format %(refname) %(objectname) %(*objectname) refs/tags [2ms]
2024-11-03 15:00:00.641 [info] > git for-each-ref --sort -committerdate --format %(refname) %(objectname) %(*objectname) [1ms]
2024-11-03 15:00:00.694 [info] > git status -z -uall [63ms]
2024-11-03 15:00:30.152 [info] > git fetch [3ms]
2024-11-03 15:00:30.175 [info] [Git][getRemotes] No remotes found in the git config file
2024-11-03 15:00:30.176 [info] > git config --get commit.template [12ms]
2024-11-03 15:00:30.176 [info] > git for-each-ref --format=%(refname)%00%(upstream:short)%00%(objectname)%00%(upstream:track)%00%(upstream:remotename)%00%(upstream:remoteref) refs/heads/master refs/remotes/master [1ms]
2024-11-03 15:00:30.199 [info] > git for-each-ref --sort -committerdate --format %(refname) %(objectname) %(*objectname) [1ms]
2024-11-03 15:00:30.258 [info] > git status -z -uall [69ms]
2024-11-03 15:00:31.343 [info] > git ls-files --stage -- /home/jvp/Desktop/projects/foundry-project/test/FundMeTest.t.sol [2ms]
2024-11-03 15:00:31.359 [info] > git show --textconv :test/FundMeTest.t.sol [1ms]
2024-11-03 15:00:33.681 [info] > git fetch [416ms]
2024-11-03 15:00:33.705 [info] > git symbolic-ref --short HEAD [14ms]
2024-11-03 15:00:33.705 [info] fatal: ref HEAD is not a symbolic ref
2024-11-03 15:00:33.715 [info] > git config --get commit.template [11ms]
2024-11-03 15:00:33.715 [info] > git rev-parse HEAD [1ms]
2024-11-03 15:00:33.726 [info] > git for-each-ref --format %(refname) %(objectname) %(*objectname) refs/tags [1ms]
2024-11-03 15:00:33.744 [info] > git status -z -uall [9ms]
2024-11-03 15:00:33.745 [info] > git for-each-ref --sort -committerdate --format %(refname) %(objectname) %(*objectname) [1ms]
2024-11-03 15:03:01.132 [info] > git fetch [425ms]
2024-11-03 15:03:01.153 [info] > git config --get commit.template [11ms]
2024-11-03 15:03:01.156 [info] > git for-each-ref --format %(refname) %(objectname) %(*objectname) refs/tags [3ms]
2024-11-03 15:03:01.175 [info] > git for-each-ref --sort -committerdate --format %(refname) %(objectname) %(*objectname) [2ms]
2024-11-03 15:03:01.226 [info] > git status -z -uall [62ms]
2024-11-03 15:03:30.272 [info] > git fetch [3ms]
2024-11-03 15:03:30.294 [info] [Git][getRemotes] No remotes found in the git config file
2024-11-03 15:03:30.295 [info] > git config --get commit.template [10ms]
2024-11-03 15:03:30.295 [info] > git for-each-ref --format=%(refname)%00%(upstream:short)%00%(objectname)%00%(upstream:track)%00%(upstream:remotename)%00%(upstream:remoteref) refs/heads/master refs/remotes/master [1ms]
2024-11-03 15:03:30.312 [info] > git for-each-ref --sort -committerdate --format %(refname) %(objectname) %(*objectname) [1ms]
2024-11-03 15:03:30.371 [info] > git status -z -uall [68ms]
2024-11-03 15:03:31.459 [info] > git ls-files --stage -- /home/jvp/Desktop/projects/foundry-project/test/FundMeTest.t.sol [1ms]
2024-11-03 15:03:31.470 [info] > git show --textconv :test/FundMeTest.t.sol [1ms]
2024-11-03 15:03:34.253 [info] > git fetch [494ms]
2024-11-03 15:03:34.275 [info] > git symbolic-ref --short HEAD [12ms]
2024-11-03 15:03:34.275 [info] fatal: ref HEAD is not a symbolic ref
2024-11-03 15:03:34.284 [info] > git config --get commit.template [9ms]
2024-11-03 15:03:34.285 [info] > git rev-parse HEAD [1ms]
2024-11-03 15:03:34.298 [info] > git for-each-ref --format %(refname) %(objectname) %(*objectname) refs/tags [2ms]
2024-11-03 15:03:34.319 [info] > git status -z -uall [12ms]
2024-11-03 15:03:34.320 [info] > git for-each-ref --sort -committerdate --format %(refname) %(objectname) %(*objectname) [1ms]
2024-11-03 15:06:01.688 [info] > git fetch [447ms]
2024-11-03 15:06:01.709 [info] > git config --get commit.template [9ms]
2024-11-03 15:06:01.710 [info] > git for-each-ref --format %(refname) %(objectname) %(*objectname) refs/tags [2ms]
2024-11-03 15:06:01.728 [info] > git for-each-ref --sort -committerdate --format %(refname) %(objectname) %(*objectname) [2ms]
2024-11-03 15:06:01.780 [info] > git status -z -uall [62ms]
2024-11-03 15:06:30.389 [info] > git fetch [4ms]
2024-11-03 15:06:30.413 [info] [Git][getRemotes] No remotes found in the git config file
2024-11-03 15:06:30.414 [info] > git config --get commit.template [12ms]
2024-11-03 15:06:30.414 [info] > git for-each-ref --format=%(refname)%00%(upstream:short)%00%(objectname)%00%(upstream:track)%00%(upstream:remotename)%00%(upstream:remoteref) refs/heads/master refs/remotes/master [1ms]
2024-11-03 15:06:30.439 [info] > git for-each-ref --sort -committerdate --format %(refname) %(objectname) %(*objectname) [1ms]
2024-11-03 15:06:30.492 [info] > git status -z -uall [67ms]
2024-11-03 15:06:31.576 [info] > git ls-files --stage -- /home/jvp/Desktop/projects/foundry-project/test/FundMeTest.t.sol [1ms]
2024-11-03 15:06:31.589 [info] > git show --textconv :test/FundMeTest.t.sol [1ms]
2024-11-03 15:06:34.755 [info] > git fetch [421ms]
2024-11-03 15:06:34.773 [info] > git symbolic-ref --short HEAD [9ms]
2024-11-03 15:06:34.773 [info] fatal: ref HEAD is not a symbolic ref
2024-11-03 15:06:34.781 [info] > git config --get commit.template [9ms]
2024-11-03 15:06:34.782 [info] > git rev-parse HEAD [1ms]
2024-11-03 15:06:34.793 [info] > git for-each-ref --format %(refname) %(objectname) %(*objectname) refs/tags [2ms]
2024-11-03 15:06:34.810 [info] > git status -z -uall [9ms]
2024-11-03 15:06:34.811 [info] > git for-each-ref --sort -committerdate --format %(refname) %(objectname) %(*objectname) [1ms]
2024-11-03 15:09:02.210 [info] > git fetch [417ms]
2024-11-03 15:09:02.229 [info] > git config --get commit.template [9ms]
2024-11-03 15:09:02.230 [info] > git for-each-ref --format %(refname) %(objectname) %(*objectname) refs/tags [1ms]
2024-11-03 15:09:02.250 [info] > git for-each-ref --sort -committerdate --format %(refname) %(objectname) %(*objectname) [2ms]
2024-11-03 15:09:02.300 [info] > git status -z -uall [61ms]
2024-11-03 15:09:30.510 [info] > git fetch [2ms]
2024-11-03 15:09:30.537 [info] [Git][getRemotes] No remotes found in the git config file
2024-11-03 15:09:30.538 [info] > git config --get commit.template [13ms]
2024-11-03 15:09:30.538 [info] > git for-each-ref --format=%(refname)%00%(upstream:short)%00%(objectname)%00%(upstream:track)%00%(upstream:remotename)%00%(upstream:remoteref) refs/heads/master refs/remotes/master [1ms]
2024-11-03 15:09:30.562 [info] > git for-each-ref --sort -committerdate --format %(refname) %(objectname) %(*objectname) [2ms]
2024-11-03 15:09:30.620 [info] > git status -z -uall [71ms]
2024-11-03 15:09:31.699 [info] > git ls-files --stage -- /home/jvp/Desktop/projects/foundry-project/test/FundMeTest.t.sol [1ms]
2024-11-03 15:09:31.709 [info] > git show --textconv :test/FundMeTest.t.sol [1ms]
2024-11-03 15:09:35.228 [info] > git fetch [404ms]
2024-11-03 15:09:35.247 [info] > git symbolic-ref --short HEAD [8ms]
2024-11-03 15:09:35.247 [info] fatal: ref HEAD is not a symbolic ref
2024-11-03 15:09:35.255 [info] > git config --get commit.template [9ms]
2024-11-03 15:09:35.256 [info] > git rev-parse HEAD [1ms]
2024-11-03 15:09:35.267 [info] > git for-each-ref --format %(refname) %(objectname) %(*objectname) refs/tags [2ms]
2024-11-03 15:09:35.286 [info] > git status -z -uall [9ms]
2024-11-03 15:09:35.287 [info] > git for-each-ref --sort -committerdate --format %(refname) %(objectname) %(*objectname) [2ms]
2024-11-03 15:12:02.734 [info] > git fetch [423ms]
2024-11-03 15:12:02.756 [info] > git config --get commit.template [11ms]
2024-11-03 15:12:02.757 [info] > git for-each-ref --format %(refname) %(objectname) %(*objectname) refs/tags [1ms]
2024-11-03 15:12:02.780 [info] > git for-each-ref --sort -committerdate --format %(refname) %(objectname) %(*objectname) [1ms]
2024-11-03 15:12:02.829 [info] > git status -z -uall [61ms]
2024-11-03 15:12:30.633 [info] > git fetch [3ms]
2024-11-03 15:12:30.653 [info] [Git][getRemotes] No remotes found in the git config file
2024-11-03 15:12:30.653 [info] > git config --get commit.template [9ms]
2024-11-03 15:12:30.653 [info] > git for-each-ref --format=%(refname)%00%(upstream:short)%00%(objectname)%00%(upstream:track)%00%(upstream:remotename)%00%(upstream:remoteref) refs/heads/master refs/remotes/master [1ms]
2024-11-03 15:12:30.675 [info] > git for-each-ref --sort -committerdate --format %(refname) %(objectname) %(*objectname) [1ms]
2024-11-03 15:12:30.732 [info] > git status -z -uall [68ms]
2024-11-03 15:12:31.820 [info] > git ls-files --stage -- /home/jvp/Desktop/projects/foundry-project/test/FundMeTest.t.sol [1ms]
2024-11-03 15:12:31.830 [info] > git show --textconv :test/FundMeTest.t.sol [1ms]
2024-11-03 15:12:35.695 [info] > git fetch [394ms]
2024-11-03 15:12:35.715 [info] > git symbolic-ref --short HEAD [9ms]
2024-11-03 15:12:35.715 [info] fatal: ref HEAD is not a symbolic ref
2024-11-03 15:12:35.724 [info] > git config --get commit.template [9ms]
2024-11-03 15:12:35.725 [info] > git rev-parse HEAD [1ms]
2024-11-03 15:12:35.736 [info] > git for-each-ref --format %(refname) %(objectname) %(*objectname) refs/tags [1ms]
2024-11-03 15:12:35.754 [info] > git status -z -uall [9ms]
2024-11-03 15:12:35.755 [info] > git for-each-ref --sort -committerdate --format %(refname) %(objectname) %(*objectname) [1ms]
2024-11-03 15:15:03.277 [info] > git fetch [434ms]
2024-11-03 15:15:03.296 [info] > git config --get commit.template [8ms]
2024-11-03 15:15:03.297 [info] > git for-each-ref --format %(refname) %(objectname) %(*objectname) refs/tags [1ms]
2024-11-03 15:15:03.317 [info] > git for-each-ref --sort -committerdate --format %(refname) %(objectname) %(*objectname) [1ms]
2024-11-03 15:15:03.371 [info] > git status -z -uall [62ms]
2024-11-03 15:15:30.747 [info] > git fetch [3ms]
2024-11-03 15:15:30.767 [info] [Git][getRemotes] No remotes found in the git config file
2024-11-03 15:15:30.767 [info] > git config --get commit.template [9ms]
2024-11-03 15:15:30.768 [info] > git for-each-ref --format=%(refname)%00%(upstream:short)%00%(objectname)%00%(upstream:track)%00%(upstream:remotename)%00%(upstream:remoteref) refs/heads/master refs/remotes/master [1ms]
2024-11-03 15:15:30.789 [info] > git for-each-ref --sort -committerdate --format %(refname) %(objectname) %(*objectname) [2ms]
2024-11-03 15:15:30.845 [info] > git status -z -uall [69ms]
2024-11-03 15:15:31.936 [info] > git ls-files --stage -- /home/jvp/Desktop/projects/foundry-project/test/FundMeTest.t.sol [1ms]
2024-11-03 15:15:31.948 [info] > git show --textconv :test/FundMeTest.t.sol [1ms]
2024-11-03 15:15:36.161 [info] > git fetch [393ms]
2024-11-03 15:15:36.182 [info] > git symbolic-ref --short HEAD [10ms]
2024-11-03 15:15:36.182 [info] fatal: ref HEAD is not a symbolic ref
2024-11-03 15:15:36.191 [info] > git config --get commit.template [9ms]
2024-11-03 15:15:36.192 [info] > git rev-parse HEAD [1ms]
2024-11-03 15:15:36.201 [info] > git for-each-ref --format %(refname) %(objectname) %(*objectname) refs/tags [1ms]
2024-11-03 15:15:36.222 [info] > git status -z -uall [9ms]
2024-11-03 15:15:36.223 [info] > git for-each-ref --sort -committerdate --format %(refname) %(objectname) %(*objectname) [1ms]
