(VSCode) 2024-11-05 14:06:06.660 [INFO]: No proxy settings found
(VSCode) 2024-11-05 14:06:07.422 [INFO]: Checking network connection...
(VSCode) 2024-11-05 14:06:07.993 [INFO]: No Network Issue connecting to https://server.codeium.com
(VSCode) 2024-11-05 14:06:09.406 [INFO]: Creating manager directory: /tmp/4a8c233a-9335-4f23-889e-35e7b8c6bde2/codeium/manager
(VSCode) 2024-11-05 14:06:09.911 [INFO]: Using cached LS with valid crc32: /home/jvp/.vscode/extensions/codeium.codeium-1.22.5/dist/1347d6f7fffdaec404d99b3f0ca3d8854448c787/language_server_linux_x64
(VSCode) 2024-11-05 14:06:09.922 [INFO]: Language server started
2024/11/05 14:06:09 maxprocs: Leaving GOMAXPROCS=12: CPU quota undefined
I1105 14:06:09.994931 18976 main.go:553] [Language Server Manager] Setting GOMAXPROCS to 12
I1105 14:06:09.994992 18976 main.go:667] [Language Server Manager] Release 1.22.5 (1347d6f7fffdaec404d99b3f0ca3d8854448c787)
I1105 14:06:09.995007 18976 main.go:746] [Language Server Manager] Starting language server manager with pid 18976
I1105 14:06:09.995081 18976 main.go:120] [Language Server Manager] Manager acquired its lock file /tmp/4a8c233a-9335-4f23-889e-35e7b8c6bde2/codeium/manager/locks/manager.lock
I1105 14:06:09.995500 18976 main.go:259] [Language Server Manager] Waiting for random port file in /tmp/4a8c233a-9335-4f23-889e-35e7b8c6bde2/codeium/manager/child_random_port_1730826369995165835_4626291490698350042 to be created
2024/11/05 14:06:10 maxprocs: Leaving GOMAXPROCS=12: CPU quota undefined
I1105 14:06:10.066749 18991 main.go:553] Setting GOMAXPROCS to 4
I1105 14:06:10.066839 18991 main.go:740] Starting language server process with pid 18991
I1105 14:06:10.066860 18991 server.go:183] Language server will attempt to listen on host 127.0.0.1
I1105 14:06:10.066982 18991 server.go:190] Language server listening on random port at 36453
I1105 14:06:10.637940 18991 unleash.go:93] Initializing Unleash
I1105 14:06:11.147436 18991 unleash.go:113] Successfully initialized Unleash
E1105 14:06:11.160764 18991 client_manager.go:275] Metadata is nil when trying to refresh user JWT
I1105 14:06:11.161314 18991 server.go:441] Successfully created API server client
I1105 14:06:11.196362 18991 server.go:456] Successfully initialized tokenizer
I1105 14:06:11.277864 18991 server.go:613] Local search is enabled, will index local files.
I1105 14:06:11.277887 18991 server.go:617] Using 3 indexer workers
I1105 14:06:11.289711 18991 sqlite_faiss_db_client.go:64] Successfully created embedding search database in 11ms
I1105 14:06:11.289930 18991 indexer.go:213] Using 4 embed workers
I1105 14:06:11.289955 18991 search_provider.go:274] Successfully created and started indexer
I1105 14:06:11.289971 18991 search_provider.go:304] Successfully created embedding search provider
I1105 14:06:11.295349 18991 server.go:703] Successfully created completion provider
I1105 14:06:11.295367 18991 server.go:752] Child process attempting to acquire lock file /tmp/4a8c233a-9335-4f23-889e-35e7b8c6bde2/codeium/manager/locks/child_lock_1730826369995212674_7895356723944711223
I1105 14:06:11.295401 18991 server.go:760] Child process acquired lock file /tmp/4a8c233a-9335-4f23-889e-35e7b8c6bde2/codeium/manager/locks/child_lock_1730826369995212674_7895356723944711223
I1105 14:06:11.304125 18991 server.go:265] LSP listening on random port at 40749
I1105 14:06:11.310352 18991 web_server.go:259] Chat Web Server listening at ws://127.0.0.1:45787
40749
I1105 14:06:11.401609 18976 main.go:295] [Language Server Manager] Found random server port 36453
I1105 14:06:11.401635 18976 main.go:296] [Language Server Manager] Found random lsp port 40749
I1105 14:06:11.401648 18976 main.go:303] [Language Server Manager] Attempting to connect to language server at 127.0.0.1:36453
I1105 14:06:11.413101 18976 main.go:174] [Language Server Manager] Fixing language server port at 36453
I1105 14:06:11.413119 18976 main.go:355] [Language Server Manager] Successfully connected to new language server at 127.0.0.1:36453
(VSCode) 2024-11-05 14:06:11.434 [INFO]: Found language server running on port 36453
I1105 14:06:11.452325 18991 utils.go:227] Analyzing workspace files for /home/jvp/Desktop/projects/foundry-project
I1105 14:06:11.542771 18991 utils.go:281] Done analyzing workspace files for /home/jvp/Desktop/projects/foundry-project
(VSCode) 2024-11-05 14:06:11.609 [INFO]: openAllTextDocuments took 6.368395000000419ms
I1105 14:06:11.966986 18991 lazy_model.go:31] Successfully created embedding store
(VSCode) 2024-11-05 14:07:19.481 [INFO]: Completion request was cancelled by token (37.49ms)
(VSCode) 2024-11-05 14:07:20.077 [INFO]: Completion request was cancelled by token (545.26ms)
(VSCode) 2024-11-05 14:07:20.312 [INFO]: Completion request was cancelled by token (110.71ms)
(VSCode) 2024-11-05 14:07:20.393 [INFO]: Completion request was cancelled by token (25.17ms)
(VSCode) 2024-11-05 14:07:20.558 [INFO]: Completion request was cancelled by token (113.82ms)
(VSCode) 2024-11-05 14:07:20.645 [INFO]: Completion request was cancelled by token (34.57ms)
(VSCode) 2024-11-05 14:07:20.728 [INFO]: Completion request was cancelled by token (29.4ms)
(VSCode) 2024-11-05 14:07:21.052 [INFO]: Completion request was cancelled by token (272.42ms)
(VSCode) 2024-11-05 14:07:21.160 [INFO]: Completion request was cancelled by token (53.72ms)
(VSCode) 2024-11-05 14:07:21.773 [INFO]: Completion request was cancelled by token (559.96ms)
(VSCode) 2024-11-05 14:07:21.958 [INFO]: Completion request was cancelled by token (56.87ms)
(VSCode) 2024-11-05 14:07:22.023 [INFO]: Completion request was cancelled by token (11.31ms)
(VSCode) 2024-11-05 14:07:22.116 [INFO]: Completion request was cancelled by token (38.9ms)
(VSCode) 2024-11-05 14:07:22.560 [INFO]: Completion request succeeded (390.8ms)
(VSCode) 2024-11-05 14:07:22.561 [INFO]: Generated 4 completions
(VSCode) 2024-11-05 14:07:22.562 [INFO]: provideInlineCompletionItems request succeeded (393.17ms)
(VSCode) 2024-11-05 14:07:22.952 [INFO]: Completion request was cancelled by token (335.47ms)
(VSCode) 2024-11-05 14:07:23.440 [INFO]: Completion request was cancelled by token (434.14ms)
(VSCode) 2024-11-05 14:07:23.607 [INFO]: Completion request was cancelled by token (112.13ms)
(VSCode) 2024-11-05 14:07:24.259 [INFO]: Completion request succeeded (599.62ms)
(VSCode) 2024-11-05 14:07:24.261 [INFO]: Generated 6 completions
(VSCode) 2024-11-05 14:07:24.261 [INFO]: provideInlineCompletionItems request succeeded (602.25ms)
(VSCode) 2024-11-05 14:07:24.553 [INFO]: Completion request succeeded (5.28ms)
(VSCode) 2024-11-05 14:07:24.554 [INFO]: Generated 6 completions
(VSCode) 2024-11-05 14:07:24.554 [INFO]: provideInlineCompletionItems request succeeded (6.74ms)
(VSCode) 2024-11-05 14:07:25.597 [INFO]: Completion request was cancelled by token (227.87ms)
(VSCode) 2024-11-05 14:07:25.741 [INFO]: Completion request was cancelled by token (66.96ms)
(VSCode) 2024-11-05 14:07:25.884 [INFO]: Completion request was cancelled by token (71.44ms)
(VSCode) 2024-11-05 14:07:26.001 [INFO]: Completion request was cancelled by token (44.27ms)
(VSCode) 2024-11-05 14:07:26.529 [INFO]: Completion request succeeded (448.91ms)
(VSCode) 2024-11-05 14:07:26.530 [INFO]: Generated 4 completions
(VSCode) 2024-11-05 14:07:26.530 [INFO]: provideInlineCompletionItems request succeeded (450.48ms)
(VSCode) 2024-11-05 14:07:28.302 [INFO]: Completion request was cancelled by token (460.89ms)
(VSCode) 2024-11-05 14:07:28.481 [INFO]: Completion request was cancelled by token (102.52ms)
(VSCode) 2024-11-05 14:07:28.648 [INFO]: Completion request was cancelled by token (87.53ms)
(VSCode) 2024-11-05 14:07:29.167 [INFO]: Completion request succeeded (440.16ms)
(VSCode) 2024-11-05 14:07:29.168 [INFO]: Generated 1 completion
(VSCode) 2024-11-05 14:07:29.168 [INFO]: provideInlineCompletionItems request succeeded (441.53ms)
(VSCode) 2024-11-05 14:07:29.571 [INFO]: Completion request was cancelled by token (39.75ms)
(VSCode) 2024-11-05 14:07:29.660 [INFO]: Completion request was cancelled by token (26.68ms)
(VSCode) 2024-11-05 14:07:30.206 [INFO]: Completion request succeeded (473.95ms)
(VSCode) 2024-11-05 14:07:30.207 [INFO]: Generated 3 completions
(VSCode) 2024-11-05 14:07:30.207 [INFO]: provideInlineCompletionItems request succeeded (475.11ms)
(VSCode) 2024-11-05 14:07:32.789 [INFO]: Completion request was cancelled by token (258.91ms)
(VSCode) 2024-11-05 14:07:32.938 [INFO]: Completion request was cancelled by token (78.02ms)
(VSCode) 2024-11-05 14:07:33.140 [INFO]: Completion request was cancelled by token (124.79ms)
(VSCode) 2024-11-05 14:07:33.263 [INFO]: Completion request was cancelled by token (49.34ms)
(VSCode) 2024-11-05 14:07:33.350 [INFO]: Completion request was cancelled by token (16.17ms)
(VSCode) 2024-11-05 14:07:33.836 [INFO]: Completion request succeeded (417.22ms)
(VSCode) 2024-11-05 14:07:33.837 [INFO]: Generated 1 completion
(VSCode) 2024-11-05 14:07:33.837 [INFO]: provideInlineCompletionItems request succeeded (418.3ms)
(VSCode) 2024-11-05 14:07:35.090 [INFO]: Completion request succeeded (4.27ms)
(VSCode) 2024-11-05 14:07:35.091 [INFO]: Generated 1 completion
(VSCode) 2024-11-05 14:07:35.091 [INFO]: provideInlineCompletionItems request succeeded (5.41ms)
(VSCode) 2024-11-05 14:07:36.126 [INFO]: Completion request was cancelled by token (178.09ms)
(VSCode) 2024-11-05 14:07:36.673 [INFO]: Completion request succeeded (468.83ms)
(VSCode) 2024-11-05 14:07:36.674 [INFO]: Generated 3 completions
(VSCode) 2024-11-05 14:07:36.674 [INFO]: provideInlineCompletionItems request succeeded (470.29ms)
(VSCode) 2024-11-05 14:07:37.718 [INFO]: Completion request succeeded (438.31ms)
(VSCode) 2024-11-05 14:07:37.719 [INFO]: Generated 2 completions
(VSCode) 2024-11-05 14:07:37.720 [INFO]: provideInlineCompletionItems request succeeded (440.11ms)
(VSCode) 2024-11-05 14:07:38.126 [INFO]: Completion request succeeded (4.16ms)
(VSCode) 2024-11-05 14:07:38.126 [INFO]: Generated 2 completions
(VSCode) 2024-11-05 14:07:38.127 [INFO]: provideInlineCompletionItems request succeeded (5.01ms)
(VSCode) 2024-11-05 14:07:39.391 [INFO]: Completion request was cancelled by token (56.2ms)
(VSCode) 2024-11-05 14:07:39.512 [INFO]: Completion request was cancelled by token (53.08ms)
(VSCode) 2024-11-05 14:07:40.383 [INFO]: Completion request succeeded (800.38ms)
(VSCode) 2024-11-05 14:07:40.383 [INFO]: Generated 1 completion
(VSCode) 2024-11-05 14:07:40.383 [INFO]: provideInlineCompletionItems request succeeded (801.45ms)
(VSCode) 2024-11-05 14:07:42.126 [INFO]: Completion request succeeded (797.26ms)
(VSCode) 2024-11-05 14:07:42.126 [INFO]: Generated 1 completion
(VSCode) 2024-11-05 14:07:42.126 [INFO]: provideInlineCompletionItems request succeeded (798.12ms)
(VSCode) 2024-11-05 14:07:43.367 [INFO]: Completion request succeeded (4.54ms)
(VSCode) 2024-11-05 14:07:43.368 [INFO]: Generated 4 completions
(VSCode) 2024-11-05 14:07:43.368 [INFO]: provideInlineCompletionItems request succeeded (5.75ms)
(VSCode) 2024-11-05 14:07:43.574 [INFO]: Completion request was cancelled by token (76.46ms)
(VSCode) 2024-11-05 14:07:44.034 [INFO]: Completion request was cancelled by token (399.78ms)
(VSCode) 2024-11-05 14:07:44.118 [INFO]: Completion request was cancelled by token (22.64ms)
(VSCode) 2024-11-05 14:07:44.817 [INFO]: Completion request succeeded (630.25ms)
(VSCode) 2024-11-05 14:07:44.817 [INFO]: Generated 2 completions
(VSCode) 2024-11-05 14:07:44.818 [INFO]: provideInlineCompletionItems request succeeded (631.76ms)
(VSCode) 2024-11-05 14:07:45.457 [INFO]: Completion request succeeded (7.99ms)
(VSCode) 2024-11-05 14:07:45.458 [INFO]: Generated 1 completion
(VSCode) 2024-11-05 14:07:45.458 [INFO]: provideInlineCompletionItems request succeeded (8.9ms)
(VSCode) 2024-11-05 14:07:45.546 [INFO]: Completion request succeeded (4.59ms)
(VSCode) 2024-11-05 14:07:45.546 [INFO]: Generated 1 completion
(VSCode) 2024-11-05 14:07:45.546 [INFO]: provideInlineCompletionItems request succeeded (5.25ms)
(VSCode) 2024-11-05 14:07:46.499 [INFO]: Completion request succeeded (3.76ms)
(VSCode) 2024-11-05 14:07:46.500 [INFO]: Generated 1 completion
(VSCode) 2024-11-05 14:07:46.500 [INFO]: provideInlineCompletionItems request succeeded (4.47ms)
(VSCode) 2024-11-05 14:07:47.140 [INFO]: Completion request succeeded (5.06ms)
(VSCode) 2024-11-05 14:07:47.141 [INFO]: Generated 4 completions
(VSCode) 2024-11-05 14:07:47.141 [INFO]: provideInlineCompletionItems request succeeded (5.93ms)
(VSCode) 2024-11-05 14:07:48.371 [INFO]: Completion request succeeded (496.55ms)
(VSCode) 2024-11-05 14:07:48.372 [INFO]: No completions were generated
(VSCode) 2024-11-05 14:07:48.373 [INFO]: provideInlineCompletionItems request succeeded (498.19ms)
(VSCode) 2024-11-05 14:07:53.971 [INFO]: Completion request succeeded (393.9ms)
(VSCode) 2024-11-05 14:07:53.971 [INFO]: Generated 1 completion
(VSCode) 2024-11-05 14:07:53.971 [INFO]: provideInlineCompletionItems request succeeded (394.94ms)
(VSCode) 2024-11-05 14:07:55.256 [INFO]: Completion request was cancelled by token (250.79ms)
(VSCode) 2024-11-05 14:07:55.855 [INFO]: Completion request was cancelled by token (341.9ms)
(VSCode) 2024-11-05 14:07:56.004 [INFO]: Completion request was cancelled by token (98.12ms)
(VSCode) 2024-11-05 14:07:56.139 [INFO]: Completion request was cancelled by token (84.95ms)
(VSCode) 2024-11-05 14:07:56.262 [INFO]: Completion request was cancelled by token (60.53ms)
(VSCode) 2024-11-05 14:07:56.397 [INFO]: Completion request was cancelled by token (83.71ms)
(VSCode) 2024-11-05 14:07:56.527 [INFO]: Completion request was cancelled by token (78.9ms)
(VSCode) 2024-11-05 14:07:56.657 [INFO]: Completion request was cancelled by token (79.5ms)
(VSCode) 2024-11-05 14:07:56.794 [INFO]: Completion request was cancelled by token (86.3ms)
(VSCode) 2024-11-05 14:07:56.932 [INFO]: Completion request was cancelled by token (87.56ms)
(VSCode) 2024-11-05 14:07:57.062 [INFO]: Completion request was cancelled by token (79.74ms)
(VSCode) 2024-11-05 14:07:57.660 [INFO]: Completion request succeeded (548.14ms)
(VSCode) 2024-11-05 14:07:57.661 [INFO]: Generated 6 completions
(VSCode) 2024-11-05 14:07:57.662 [INFO]: provideInlineCompletionItems request succeeded (549.89ms)
(VSCode) 2024-11-05 14:08:04.723 [INFO]: Completion request succeeded (4.4ms)
(VSCode) 2024-11-05 14:08:04.724 [INFO]: Generated 3 completions
(VSCode) 2024-11-05 14:08:04.725 [INFO]: provideInlineCompletionItems request succeeded (5.98ms)
(VSCode) 2024-11-05 14:08:05.065 [INFO]: Completion request succeeded (4.32ms)
(VSCode) 2024-11-05 14:08:05.066 [INFO]: Generated 3 completions
(VSCode) 2024-11-05 14:08:05.066 [INFO]: provideInlineCompletionItems request succeeded (5.49ms)
(VSCode) 2024-11-05 14:08:06.046 [INFO]: Completion request succeeded (432.32ms)
(VSCode) 2024-11-05 14:08:06.047 [INFO]: Generated 1 completion
(VSCode) 2024-11-05 14:08:06.047 [INFO]: provideInlineCompletionItems request succeeded (433.86ms)
(VSCode) 2024-11-05 14:08:07.629 [INFO]: Completion request succeeded (495.99ms)
(VSCode) 2024-11-05 14:08:07.630 [INFO]: Generated 1 completion
(VSCode) 2024-11-05 14:08:07.630 [INFO]: provideInlineCompletionItems request succeeded (497.73ms)
(VSCode) 2024-11-05 14:08:08.981 [INFO]: Completion request succeeded (751.59ms)
(VSCode) 2024-11-05 14:08:08.981 [INFO]: No completions were generated
(VSCode) 2024-11-05 14:08:08.981 [INFO]: provideInlineCompletionItems request succeeded (752.97ms)
(VSCode) 2024-11-05 14:18:02.395 [INFO]: Codeium is not enabled for the current document.
(VSCode) 2024-11-05 14:18:02.596 [INFO]: Codeium is not enabled for the current document.
(VSCode) 2024-11-05 14:18:02.700 [INFO]: Codeium is not enabled for the current document.
(VSCode) 2024-11-05 14:18:02.837 [INFO]: Codeium is not enabled for the current document.
(VSCode) 2024-11-05 14:18:02.992 [INFO]: Codeium is not enabled for the current document.
(VSCode) 2024-11-05 14:18:03.157 [INFO]: Codeium is not enabled for the current document.
(VSCode) 2024-11-05 14:18:03.256 [INFO]: Codeium is not enabled for the current document.
(VSCode) 2024-11-05 14:18:03.603 [INFO]: Codeium is not enabled for the current document.
(VSCode) 2024-11-05 14:18:04.229 [INFO]: Codeium is not enabled for the current document.
(VSCode) 2024-11-05 14:18:04.365 [INFO]: Codeium is not enabled for the current document.
(VSCode) 2024-11-05 14:18:04.511 [INFO]: Codeium is not enabled for the current document.
(VSCode) 2024-11-05 14:18:05.333 [INFO]: Codeium is not enabled for the current document.
(VSCode) 2024-11-05 14:18:05.973 [INFO]: Codeium is not enabled for the current document.
(VSCode) 2024-11-05 14:18:11.159 [INFO]: Codeium is not enabled for the current document.
(VSCode) 2024-11-05 14:18:11.762 [INFO]: Codeium is not enabled for the current document.
(VSCode) 2024-11-05 14:18:11.866 [INFO]: Codeium is not enabled for the current document.
(VSCode) 2024-11-05 14:18:12.009 [INFO]: Codeium is not enabled for the current document.
I1105 14:19:28.514622 18991 api.go:377] Handle set draft query: ""
(VSCode) 2024-11-05 14:21:08.196 [INFO]: Completion request succeeded (620.99ms)
(VSCode) 2024-11-05 14:21:08.197 [INFO]: Generated 3 completions
(VSCode) 2024-11-05 14:21:08.198 [INFO]: provideInlineCompletionItems request succeeded (624ms)
(VSCode) 2024-11-05 14:21:08.630 [INFO]: Completion request was cancelled by token (139.61ms)
(VSCode) 2024-11-05 14:21:08.697 [INFO]: Completion request was cancelled by token (10.76ms)
(VSCode) 2024-11-05 14:21:09.109 [INFO]: Completion request was cancelled by token (360.88ms)
(VSCode) 2024-11-05 14:21:09.206 [INFO]: Completion request was cancelled by token (46.32ms)
(VSCode) 2024-11-05 14:21:09.852 [INFO]: Completion request succeeded (595.18ms)
(VSCode) 2024-11-05 14:21:09.853 [INFO]: Generated 5 completions
(VSCode) 2024-11-05 14:21:09.853 [INFO]: provideInlineCompletionItems request succeeded (596.41ms)
(VSCode) 2024-11-05 14:21:09.971 [INFO]: Completion request succeeded (5.2ms)
(VSCode) 2024-11-05 14:21:09.972 [INFO]: Generated 5 completions
(VSCode) 2024-11-05 14:21:09.972 [INFO]: provideInlineCompletionItems request succeeded (6.46ms)
(VSCode) 2024-11-05 14:21:10.755 [INFO]: Completion request succeeded (5.59ms)
(VSCode) 2024-11-05 14:21:10.755 [INFO]: Generated 5 completions
(VSCode) 2024-11-05 14:21:10.756 [INFO]: provideInlineCompletionItems request succeeded (6.51ms)
(VSCode) 2024-11-05 14:21:11.267 [INFO]: Completion request succeeded (5.89ms)
(VSCode) 2024-11-05 14:21:11.267 [INFO]: Generated 5 completions
(VSCode) 2024-11-05 14:21:11.267 [INFO]: provideInlineCompletionItems request succeeded (6.77ms)
(VSCode) 2024-11-05 14:21:11.340 [INFO]: Completion request succeeded (3.7ms)
(VSCode) 2024-11-05 14:21:11.341 [INFO]: Generated 5 completions
(VSCode) 2024-11-05 14:21:11.341 [INFO]: provideInlineCompletionItems request succeeded (4.63ms)
(VSCode) 2024-11-05 14:21:12.476 [INFO]: Completion request succeeded (4.64ms)
(VSCode) 2024-11-05 14:21:12.477 [INFO]: Generated 5 completions
(VSCode) 2024-11-05 14:21:12.477 [INFO]: provideInlineCompletionItems request succeeded (6.12ms)
(VSCode) 2024-11-05 14:21:12.818 [INFO]: Completion request succeeded (7ms)
(VSCode) 2024-11-05 14:21:12.819 [INFO]: Generated 3 completions
(VSCode) 2024-11-05 14:21:12.819 [INFO]: provideInlineCompletionItems request succeeded (8.55ms)
(VSCode) 2024-11-05 14:21:12.883 [INFO]: Completion request succeeded (3.77ms)
(VSCode) 2024-11-05 14:21:12.883 [INFO]: Generated 3 completions
(VSCode) 2024-11-05 14:21:12.883 [INFO]: provideInlineCompletionItems request succeeded (4.56ms)
(VSCode) 2024-11-05 14:21:13.010 [INFO]: Completion request succeeded (5.67ms)
(VSCode) 2024-11-05 14:21:13.010 [INFO]: Generated 3 completions
(VSCode) 2024-11-05 14:21:13.011 [INFO]: provideInlineCompletionItems request succeeded (6.91ms)
(VSCode) 2024-11-05 14:21:13.185 [INFO]: Completion request succeeded (4.62ms)
(VSCode) 2024-11-05 14:21:13.185 [INFO]: Generated 3 completions
(VSCode) 2024-11-05 14:21:13.186 [INFO]: provideInlineCompletionItems request succeeded (5.51ms)
(VSCode) 2024-11-05 14:21:13.310 [INFO]: Completion request succeeded (5.08ms)
(VSCode) 2024-11-05 14:21:13.310 [INFO]: Generated 3 completions
(VSCode) 2024-11-05 14:21:13.310 [INFO]: provideInlineCompletionItems request succeeded (5.75ms)
(VSCode) 2024-11-05 14:21:13.604 [INFO]: Completion request succeeded (7.01ms)
(VSCode) 2024-11-05 14:21:13.604 [INFO]: Generated 3 completions
(VSCode) 2024-11-05 14:21:13.605 [INFO]: provideInlineCompletionItems request succeeded (8.28ms)
(VSCode) 2024-11-05 14:21:13.720 [INFO]: Completion request succeeded (6.78ms)
(VSCode) 2024-11-05 14:21:13.720 [INFO]: Generated 2 completions
(VSCode) 2024-11-05 14:21:13.721 [INFO]: provideInlineCompletionItems request succeeded (7.68ms)
(VSCode) 2024-11-05 14:21:14.280 [INFO]: Completion request succeeded (6.09ms)
(VSCode) 2024-11-05 14:21:14.281 [INFO]: Generated 2 completions
(VSCode) 2024-11-05 14:21:14.281 [INFO]: provideInlineCompletionItems request succeeded (6.98ms)
(VSCode) 2024-11-05 14:21:14.360 [INFO]: Completion request succeeded (3.57ms)
(VSCode) 2024-11-05 14:21:14.360 [INFO]: Generated 2 completions
(VSCode) 2024-11-05 14:21:14.360 [INFO]: provideInlineCompletionItems request succeeded (4.35ms)
(VSCode) 2024-11-05 14:21:15.089 [INFO]: Completion request succeeded (537.87ms)
(VSCode) 2024-11-05 14:21:15.090 [INFO]: Generated 3 completions
(VSCode) 2024-11-05 14:21:15.091 [INFO]: provideInlineCompletionItems request succeeded (539.67ms)
(VSCode) 2024-11-05 14:21:18.004 [INFO]: Completion request was cancelled by token (122.15ms)
(VSCode) 2024-11-05 14:21:18.927 [INFO]: Completion request was cancelled by token (872.12ms)
(VSCode) 2024-11-05 14:21:19.096 [INFO]: Completion request was cancelled by token (49.25ms)
(VSCode) 2024-11-05 14:21:19.554 [INFO]: Completion request succeeded (406.43ms)
(VSCode) 2024-11-05 14:21:19.554 [INFO]: Generated 1 completion
(VSCode) 2024-11-05 14:21:19.555 [INFO]: provideInlineCompletionItems request succeeded (407.65ms)
(VSCode) 2024-11-05 14:21:20.879 [INFO]: Completion request was cancelled by token (704.57ms)
(VSCode) 2024-11-05 14:21:21.732 [INFO]: Completion request succeeded (796.91ms)
(VSCode) 2024-11-05 14:21:21.733 [INFO]: Generated 1 completion
(VSCode) 2024-11-05 14:21:21.733 [INFO]: provideInlineCompletionItems request succeeded (799.38ms)
(VSCode) 2024-11-05 14:21:23.612 [INFO]: Completion request succeeded (532.62ms)
(VSCode) 2024-11-05 14:21:23.614 [INFO]: Generated 2 completions
(VSCode) 2024-11-05 14:21:23.614 [INFO]: provideInlineCompletionItems request succeeded (534.86ms)
(VSCode) 2024-11-05 14:21:28.991 [INFO]: Completion request succeeded (403.16ms)
(VSCode) 2024-11-05 14:21:28.991 [INFO]: Generated 3 completions
(VSCode) 2024-11-05 14:21:28.992 [INFO]: provideInlineCompletionItems request succeeded (404.9ms)
(VSCode) 2024-11-05 14:21:30.323 [INFO]: Completion request succeeded (384.81ms)
(VSCode) 2024-11-05 14:21:30.324 [INFO]: No completions were generated
(VSCode) 2024-11-05 14:21:30.324 [INFO]: provideInlineCompletionItems request succeeded (386.16ms)
(VSCode) 2024-11-05 14:21:32.781 [INFO]: Completion request was cancelled by token (580.8ms)
(VSCode) 2024-11-05 14:29:03.751 [INFO]: Completion request was cancelled by token (117.89ms)
(VSCode) 2024-11-05 14:29:03.877 [INFO]: Completion request was cancelled by token (72.7ms)
(VSCode) 2024-11-05 14:29:04.371 [INFO]: Completion request succeeded (442.75ms)
(VSCode) 2024-11-05 14:29:04.372 [INFO]: Generated 2 completions
(VSCode) 2024-11-05 14:29:04.372 [INFO]: provideInlineCompletionItems request succeeded (443.88ms)
(VSCode) 2024-11-05 14:29:04.954 [INFO]: Completion request succeeded (8.07ms)
(VSCode) 2024-11-05 14:29:04.954 [INFO]: Generated 2 completions
(VSCode) 2024-11-05 14:29:04.955 [INFO]: provideInlineCompletionItems request succeeded (9.41ms)
(VSCode) 2024-11-05 14:29:09.408 [INFO]: Completion request was cancelled by token (762.75ms)
(VSCode) 2024-11-05 14:29:09.554 [INFO]: Completion request was cancelled by token (95.4ms)
(VSCode) 2024-11-05 14:29:10.221 [INFO]: Completion request was cancelled by token (614.48ms)
(VSCode) 2024-11-05 14:29:10.395 [INFO]: Completion request was cancelled by token (75.1ms)
(VSCode) 2024-11-05 14:29:11.050 [INFO]: Completion request succeeded (600.45ms)
(VSCode) 2024-11-05 14:29:11.051 [INFO]: Generated 3 completions
(VSCode) 2024-11-05 14:29:11.052 [INFO]: provideInlineCompletionItems request succeeded (602.17ms)
(VSCode) 2024-11-05 14:29:11.273 [INFO]: Completion request was cancelled by token (20.21ms)
(VSCode) 2024-11-05 14:29:11.365 [INFO]: Completion request was cancelled by token (40.74ms)
(VSCode) 2024-11-05 14:29:11.856 [INFO]: Completion request succeeded (439.59ms)
(VSCode) 2024-11-05 14:29:11.857 [INFO]: Generated 2 completions
(VSCode) 2024-11-05 14:29:11.857 [INFO]: provideInlineCompletionItems request succeeded (441.19ms)
(VSCode) 2024-11-05 14:29:12.483 [INFO]: Completion request was cancelled by token (85.89ms)
(VSCode) 2024-11-05 14:29:12.848 [INFO]: Completion request was cancelled by token (312.85ms)
(VSCode) 2024-11-05 14:29:12.906 [INFO]: Completion request succeeded (5.27ms)
(VSCode) 2024-11-05 14:29:12.906 [INFO]: Generated 3 completions
(VSCode) 2024-11-05 14:29:12.906 [INFO]: provideInlineCompletionItems request succeeded (6.41ms)
(VSCode) 2024-11-05 14:29:13.509 [INFO]: Completion request succeeded (6.47ms)
(VSCode) 2024-11-05 14:29:13.510 [INFO]: Generated 3 completions
(VSCode) 2024-11-05 14:29:13.511 [INFO]: provideInlineCompletionItems request succeeded (7.92ms)
(VSCode) 2024-11-05 14:29:13.603 [INFO]: Completion request succeeded (4.19ms)
(VSCode) 2024-11-05 14:29:13.603 [INFO]: Generated 3 completions
(VSCode) 2024-11-05 14:29:13.604 [INFO]: provideInlineCompletionItems request succeeded (5.51ms)
(VSCode) 2024-11-05 14:29:13.677 [INFO]: Completion request succeeded (5.68ms)
(VSCode) 2024-11-05 14:29:13.677 [INFO]: Generated 3 completions
(VSCode) 2024-11-05 14:29:13.677 [INFO]: provideInlineCompletionItems request succeeded (6.76ms)
(VSCode) 2024-11-05 14:29:15.545 [INFO]: Completion request succeeded (6.6ms)
(VSCode) 2024-11-05 14:29:15.545 [INFO]: Generated 3 completions
(VSCode) 2024-11-05 14:29:15.546 [INFO]: provideInlineCompletionItems request succeeded (8.27ms)
(VSCode) 2024-11-05 14:29:15.908 [INFO]: Completion request succeeded (7.09ms)
(VSCode) 2024-11-05 14:29:15.908 [INFO]: Generated 3 completions
(VSCode) 2024-11-05 14:29:15.909 [INFO]: provideInlineCompletionItems request succeeded (7.91ms)
(VSCode) 2024-11-05 14:29:16.026 [INFO]: Completion request succeeded (5.1ms)
(VSCode) 2024-11-05 14:29:16.026 [INFO]: Generated 3 completions
(VSCode) 2024-11-05 14:29:16.026 [INFO]: provideInlineCompletionItems request succeeded (5.94ms)
(VSCode) 2024-11-05 14:29:16.204 [INFO]: Completion request succeeded (4.43ms)
(VSCode) 2024-11-05 14:29:16.205 [INFO]: Generated 3 completions
(VSCode) 2024-11-05 14:29:16.205 [INFO]: provideInlineCompletionItems request succeeded (5.88ms)
(VSCode) 2024-11-05 14:29:23.136 [INFO]: Completion request succeeded (603.6ms)
(VSCode) 2024-11-05 14:29:23.137 [INFO]: Generated 3 completions
(VSCode) 2024-11-05 14:29:23.137 [INFO]: provideInlineCompletionItems request succeeded (605.09ms)
(VSCode) 2024-11-05 14:29:24.652 [INFO]: Completion request succeeded (713.25ms)
(VSCode) 2024-11-05 14:29:24.652 [INFO]: Generated 3 completions
(VSCode) 2024-11-05 14:29:24.653 [INFO]: provideInlineCompletionItems request succeeded (715.19ms)
(VSCode) 2024-11-05 14:29:24.716 [INFO]: Completion request succeeded (4.6ms)
(VSCode) 2024-11-05 14:29:24.716 [INFO]: Generated 3 completions
(VSCode) 2024-11-05 14:29:24.717 [INFO]: provideInlineCompletionItems request succeeded (5.56ms)
(VSCode) 2024-11-05 14:29:26.296 [INFO]: Completion request succeeded (4.44ms)
(VSCode) 2024-11-05 14:29:26.297 [INFO]: Generated 3 completions
(VSCode) 2024-11-05 14:29:26.297 [INFO]: provideInlineCompletionItems request succeeded (5.62ms)
(VSCode) 2024-11-05 14:29:28.071 [INFO]: Completion request succeeded (784.19ms)
(VSCode) 2024-11-05 14:29:28.072 [INFO]: No completions were generated
(VSCode) 2024-11-05 14:29:28.072 [INFO]: provideInlineCompletionItems request succeeded (785.78ms)
(VSCode) 2024-11-05 14:29:31.798 [INFO]: Completion request was cancelled by token (92.07ms)
(VSCode) 2024-11-05 14:29:31.910 [INFO]: Completion request was cancelled by token (61.41ms)
(VSCode) 2024-11-05 14:29:32.153 [INFO]: Completion request was cancelled by token (192.61ms)
(VSCode) 2024-11-05 14:29:32.267 [INFO]: Completion request was cancelled by token (64.22ms)
(VSCode) 2024-11-05 14:29:32.627 [INFO]: Completion request was cancelled by token (308.72ms)
(VSCode) 2024-11-05 14:29:33.042 [INFO]: Completion request succeeded (365.17ms)
(VSCode) 2024-11-05 14:29:33.042 [INFO]: Generated 1 completion
(VSCode) 2024-11-05 14:29:33.042 [INFO]: provideInlineCompletionItems request succeeded (366.01ms)
(VSCode) 2024-11-05 14:29:33.287 [INFO]: Completion request succeeded (4.74ms)
(VSCode) 2024-11-05 14:29:33.287 [INFO]: Generated 1 completion
(VSCode) 2024-11-05 14:29:33.287 [INFO]: provideInlineCompletionItems request succeeded (5.81ms)
(VSCode) 2024-11-05 14:29:33.475 [INFO]: Completion request was cancelled by token (88.43ms)
(VSCode) 2024-11-05 14:29:33.635 [INFO]: Completion request was cancelled by token (107.28ms)
(VSCode) 2024-11-05 14:29:34.331 [INFO]: Completion request was cancelled by token (644.86ms)
(VSCode) 2024-11-05 14:29:34.781 [INFO]: Completion request succeeded (398.46ms)
(VSCode) 2024-11-05 14:29:34.781 [INFO]: No completions were generated
(VSCode) 2024-11-05 14:29:34.781 [INFO]: provideInlineCompletionItems request succeeded (399.8ms)
(VSCode) 2024-11-05 14:29:39.510 [INFO]: Completion request was cancelled by token (10.11ms)
(VSCode) 2024-11-05 14:29:39.990 [INFO]: Completion request succeeded (401.99ms)
(VSCode) 2024-11-05 14:29:39.991 [INFO]: No completions were generated
(VSCode) 2024-11-05 14:29:39.991 [INFO]: provideInlineCompletionItems request succeeded (403.09ms)
(VSCode) 2024-11-05 14:29:41.290 [INFO]: Completion request succeeded (899.28ms)
(VSCode) 2024-11-05 14:29:41.290 [INFO]: No completions were generated
(VSCode) 2024-11-05 14:29:41.291 [INFO]: provideInlineCompletionItems request succeeded (900.04ms)
(VSCode) 2024-11-05 14:29:45.284 [INFO]: Completion request succeeded (619.8ms)
(VSCode) 2024-11-05 14:29:45.284 [INFO]: Generated 1 completion
(VSCode) 2024-11-05 14:29:45.284 [INFO]: provideInlineCompletionItems request succeeded (620.72ms)
(VSCode) 2024-11-05 14:29:45.372 [INFO]: Completion request succeeded (5.7ms)
(VSCode) 2024-11-05 14:29:45.372 [INFO]: Generated 1 completion
(VSCode) 2024-11-05 14:29:45.373 [INFO]: provideInlineCompletionItems request succeeded (6.79ms)
(VSCode) 2024-11-05 14:29:46.729 [INFO]: Completion request succeeded (5.61ms)
(VSCode) 2024-11-05 14:29:46.729 [INFO]: Generated 1 completion
(VSCode) 2024-11-05 14:29:46.730 [INFO]: provideInlineCompletionItems request succeeded (6.28ms)
(VSCode) 2024-11-05 14:29:47.823 [INFO]: Completion request succeeded (5.47ms)
(VSCode) 2024-11-05 14:29:47.823 [INFO]: Generated 1 completion
(VSCode) 2024-11-05 14:29:47.824 [INFO]: provideInlineCompletionItems request succeeded (6.58ms)
(VSCode) 2024-11-05 14:30:12.830 [INFO]: Completion request succeeded (607.36ms)
(VSCode) 2024-11-05 14:30:12.831 [INFO]: Generated 5 completions
(VSCode) 2024-11-05 14:30:12.832 [INFO]: provideInlineCompletionItems request succeeded (609.27ms)
(VSCode) 2024-11-05 14:30:15.609 [INFO]: Completion request was cancelled by token (246.66ms)
(VSCode) 2024-11-05 14:30:15.687 [INFO]: Completion request was cancelled by token (27.77ms)
(VSCode) 2024-11-05 14:30:15.751 [INFO]: Completion request was cancelled by token (13.6ms)
(VSCode) 2024-11-05 14:30:16.330 [INFO]: Completion request was cancelled by token (528.32ms)
(VSCode) 2024-11-05 14:30:22.144 [INFO]: Completion request was cancelled by token (209.94ms)
(VSCode) 2024-11-05 14:30:22.424 [INFO]: Completion request was cancelled by token (229.23ms)
(VSCode) 2024-11-05 14:30:22.908 [INFO]: Completion request was cancelled by token (433.36ms)
(VSCode) 2024-11-05 14:30:46.317 [INFO]: Completion request succeeded (421.87ms)
(VSCode) 2024-11-05 14:30:46.318 [INFO]: Generated 3 completions
(VSCode) 2024-11-05 14:30:46.318 [INFO]: provideInlineCompletionItems request succeeded (423.75ms)
(VSCode) 2024-11-05 14:30:48.506 [INFO]: Completion request succeeded (398.93ms)
(VSCode) 2024-11-05 14:30:48.506 [INFO]: Generated 1 completion
(VSCode) 2024-11-05 14:30:48.507 [INFO]: provideInlineCompletionItems request succeeded (400.38ms)
(VSCode) 2024-11-05 14:30:48.790 [INFO]: Completion request succeeded (3.86ms)
(VSCode) 2024-11-05 14:30:48.790 [INFO]: Generated 1 completion
(VSCode) 2024-11-05 14:30:48.790 [INFO]: provideInlineCompletionItems request succeeded (4.66ms)
(VSCode) 2024-11-05 14:30:51.274 [INFO]: Completion request was cancelled by token (23.91ms)
(VSCode) 2024-11-05 14:30:51.429 [INFO]: Completion request was cancelled by token (101.94ms)
(VSCode) 2024-11-05 14:30:51.516 [INFO]: Completion request was cancelled by token (34.86ms)
(VSCode) 2024-11-05 14:30:51.710 [INFO]: Completion request was cancelled by token (140.8ms)
(VSCode) 2024-11-05 14:30:52.359 [INFO]: Completion request succeeded (596.7ms)
(VSCode) 2024-11-05 14:30:52.360 [INFO]: No completions were generated
(VSCode) 2024-11-05 14:30:52.360 [INFO]: provideInlineCompletionItems request succeeded (598.01ms)
(VSCode) 2024-11-05 14:30:53.347 [INFO]: Completion request succeeded (419.21ms)
(VSCode) 2024-11-05 14:30:53.347 [INFO]: No completions were generated
(VSCode) 2024-11-05 14:30:53.347 [INFO]: provideInlineCompletionItems request succeeded (419.98ms)
(VSCode) 2024-11-05 14:30:54.735 [INFO]: Completion request was cancelled by token (92.84ms)
(VSCode) 2024-11-05 14:30:54.878 [INFO]: Completion request was cancelled by token (74.07ms)
(VSCode) 2024-11-05 14:30:55.396 [INFO]: Completion request was cancelled by token (449.47ms)
(VSCode) 2024-11-05 14:31:05.321 [INFO]: Completion request was cancelled by token (368.69ms)
(VSCode) 2024-11-05 14:31:22.742 [INFO]: Completion request succeeded (473.81ms)
(VSCode) 2024-11-05 14:31:22.742 [INFO]: Generated 1 completion
(VSCode) 2024-11-05 14:31:22.743 [INFO]: provideInlineCompletionItems request succeeded (475.38ms)
(VSCode) 2024-11-05 14:31:24.623 [INFO]: Completion request succeeded (463.95ms)
(VSCode) 2024-11-05 14:31:24.623 [INFO]: No completions were generated
(VSCode) 2024-11-05 14:31:24.623 [INFO]: provideInlineCompletionItems request succeeded (465ms)
(VSCode) 2024-11-05 14:31:33.031 [INFO]: Completion request was cancelled by token (2.24ms)
(VSCode) 2024-11-05 14:31:33.188 [INFO]: Completion request was cancelled by token (105.4ms)
(VSCode) 2024-11-05 14:31:33.723 [INFO]: Completion request succeeded (482.98ms)
(VSCode) 2024-11-05 14:31:33.723 [INFO]: Generated 1 completion
(VSCode) 2024-11-05 14:31:33.723 [INFO]: provideInlineCompletionItems request succeeded (483.93ms)
(VSCode) 2024-11-05 14:31:34.117 [INFO]: Completion request was cancelled by token (99.57ms)
(VSCode) 2024-11-05 14:31:35.018 [INFO]: Completion request succeeded (848.65ms)
(VSCode) 2024-11-05 14:31:35.018 [INFO]: Generated 1 completion
(VSCode) 2024-11-05 14:31:35.019 [INFO]: provideInlineCompletionItems request succeeded (849.62ms)
(VSCode) 2024-11-05 14:31:35.098 [INFO]: Completion request succeeded (4.87ms)
(VSCode) 2024-11-05 14:31:35.099 [INFO]: Generated 1 completion
(VSCode) 2024-11-05 14:31:35.099 [INFO]: provideInlineCompletionItems request succeeded (6.17ms)
(VSCode) 2024-11-05 14:31:35.209 [INFO]: Completion request succeeded (4.37ms)
(VSCode) 2024-11-05 14:31:35.210 [INFO]: Generated 1 completion
(VSCode) 2024-11-05 14:31:35.210 [INFO]: provideInlineCompletionItems request succeeded (5.57ms)
(VSCode) 2024-11-05 14:31:35.308 [INFO]: Completion request succeeded (4.31ms)
(VSCode) 2024-11-05 14:31:35.308 [INFO]: Generated 1 completion
(VSCode) 2024-11-05 14:31:35.308 [INFO]: provideInlineCompletionItems request succeeded (5.06ms)
(VSCode) 2024-11-05 14:31:35.400 [INFO]: Completion request succeeded (4.39ms)
(VSCode) 2024-11-05 14:31:35.400 [INFO]: Generated 1 completion
(VSCode) 2024-11-05 14:31:35.400 [INFO]: provideInlineCompletionItems request succeeded (5.56ms)
(VSCode) 2024-11-05 14:31:35.889 [INFO]: Completion request succeeded (6.51ms)
(VSCode) 2024-11-05 14:31:35.889 [INFO]: Generated 1 completion
(VSCode) 2024-11-05 14:31:35.890 [INFO]: provideInlineCompletionItems request succeeded (7.47ms)
(VSCode) 2024-11-05 14:31:53.388 [INFO]: Completion request succeeded (423.84ms)
(VSCode) 2024-11-05 14:31:53.388 [INFO]: No completions were generated
(VSCode) 2024-11-05 14:31:53.388 [INFO]: provideInlineCompletionItems request succeeded (425.11ms)
(VSCode) 2024-11-05 14:31:54.565 [INFO]: Completion request was cancelled by token (209.64ms)
(VSCode) 2024-11-05 14:34:29.557 [INFO]: Completion request was cancelled by token (21.98ms)
(VSCode) 2024-11-05 14:34:29.854 [INFO]: Completion request was cancelled by token (244.93ms)
(VSCode) 2024-11-05 14:34:29.936 [INFO]: Completion request was cancelled by token (31.09ms)
(VSCode) 2024-11-05 14:34:30.804 [INFO]: Completion request succeeded (816.39ms)
(VSCode) 2024-11-05 14:34:30.805 [INFO]: Generated 4 completions
(VSCode) 2024-11-05 14:34:30.805 [INFO]: provideInlineCompletionItems request succeeded (818.02ms)
(VSCode) 2024-11-05 14:34:33.858 [INFO]: Completion request was cancelled by token (43.28ms)
(VSCode) 2024-11-05 14:34:37.056 [INFO]: Completion request succeeded (3146.99ms)
(VSCode) 2024-11-05 14:34:37.057 [INFO]: Generated 6 completions
(VSCode) 2024-11-05 14:34:37.058 [INFO]: provideInlineCompletionItems request succeeded (3149.53ms)
(VSCode) 2024-11-05 14:34:43.334 [INFO]: Completion request was cancelled by token (212.24ms)
(VSCode) 2024-11-05 14:34:43.482 [INFO]: Completion request was cancelled by token (63.42ms)
(VSCode) 2024-11-05 14:34:43.906 [INFO]: Completion request was cancelled by token (371.48ms)
(VSCode) 2024-11-05 14:34:44.679 [INFO]: Completion request succeeded (721.3ms)
(VSCode) 2024-11-05 14:34:44.680 [INFO]: Generated 8 completions
(VSCode) 2024-11-05 14:34:44.681 [INFO]: provideInlineCompletionItems request succeeded (723.6ms)
(VSCode) 2024-11-05 14:34:45.668 [INFO]: Completion request succeeded (543.45ms)
(VSCode) 2024-11-05 14:34:45.669 [INFO]: Generated 8 completions
(VSCode) 2024-11-05 14:34:45.670 [INFO]: provideInlineCompletionItems request succeeded (545.43ms)
(VSCode) 2024-11-05 14:34:48.967 [INFO]: Completion request was cancelled by token (473.09ms)
(VSCode) 2024-11-05 14:34:50.197 [INFO]: Completion request succeeded (1179.85ms)
(VSCode) 2024-11-05 14:34:50.198 [INFO]: Generated 8 completions
(VSCode) 2024-11-05 14:34:50.198 [INFO]: provideInlineCompletionItems request succeeded (1181.64ms)
(VSCode) 2024-11-05 14:34:53.007 [INFO]: Completion request was cancelled by token (73.47ms)
(VSCode) 2024-11-05 14:34:53.619 [INFO]: Completion request succeeded (560.47ms)
(VSCode) 2024-11-05 14:34:53.620 [INFO]: Generated 8 completions
(VSCode) 2024-11-05 14:34:53.621 [INFO]: provideInlineCompletionItems request succeeded (562.65ms)
(VSCode) 2024-11-05 14:34:55.756 [INFO]: Completion request succeeded (7.45ms)
(VSCode) 2024-11-05 14:34:55.757 [INFO]: Generated 8 completions
(VSCode) 2024-11-05 14:34:55.758 [INFO]: provideInlineCompletionItems request succeeded (9.5ms)
(VSCode) 2024-11-05 14:34:55.968 [INFO]: Completion request succeeded (4.81ms)
(VSCode) 2024-11-05 14:34:55.969 [INFO]: Generated 8 completions
(VSCode) 2024-11-05 14:34:55.970 [INFO]: provideInlineCompletionItems request succeeded (7.12ms)
(VSCode) 2024-11-05 14:34:56.048 [INFO]: Completion request succeeded (4.74ms)
(VSCode) 2024-11-05 14:34:56.049 [INFO]: Generated 8 completions
(VSCode) 2024-11-05 14:34:56.050 [INFO]: provideInlineCompletionItems request succeeded (6.53ms)
(VSCode) 2024-11-05 14:35:01.226 [INFO]: Completion request succeeded (5.77ms)
(VSCode) 2024-11-05 14:35:01.227 [INFO]: Generated 2 completions
(VSCode) 2024-11-05 14:35:01.227 [INFO]: provideInlineCompletionItems request succeeded (7.02ms)
(VSCode) 2024-11-05 14:35:01.475 [INFO]: Completion request succeeded (4ms)
(VSCode) 2024-11-05 14:35:01.475 [INFO]: Generated 2 completions
(VSCode) 2024-11-05 14:35:01.476 [INFO]: provideInlineCompletionItems request succeeded (5.02ms)
(VSCode) 2024-11-05 14:35:01.708 [INFO]: Completion request succeeded (4.64ms)
(VSCode) 2024-11-05 14:35:01.708 [INFO]: Generated 2 completions
(VSCode) 2024-11-05 14:35:01.709 [INFO]: provideInlineCompletionItems request succeeded (5.95ms)
(VSCode) 2024-11-05 14:35:01.987 [INFO]: Completion request succeeded (4.61ms)
(VSCode) 2024-11-05 14:35:01.988 [INFO]: Generated 2 completions
(VSCode) 2024-11-05 14:35:01.988 [INFO]: provideInlineCompletionItems request succeeded (6.05ms)
(VSCode) 2024-11-05 14:35:08.577 [INFO]: Completion request succeeded (4.51ms)
(VSCode) 2024-11-05 14:35:08.578 [INFO]: Generated 2 completions
(VSCode) 2024-11-05 14:35:08.578 [INFO]: provideInlineCompletionItems request succeeded (5.3ms)
(VSCode) 2024-11-05 14:35:09.000 [INFO]: Completion request succeeded (6.02ms)
(VSCode) 2024-11-05 14:35:09.001 [INFO]: Generated 2 completions
(VSCode) 2024-11-05 14:35:09.001 [INFO]: provideInlineCompletionItems request succeeded (7.06ms)
(VSCode) 2024-11-05 14:35:09.151 [INFO]: Completion request succeeded (4.54ms)
(VSCode) 2024-11-05 14:35:09.151 [INFO]: Generated 2 completions
(VSCode) 2024-11-05 14:35:09.152 [INFO]: provideInlineCompletionItems request succeeded (5.47ms)
(VSCode) 2024-11-05 14:35:12.081 [INFO]: Completion request was cancelled by token (536.8ms)
(VSCode) 2024-11-05 14:35:12.210 [INFO]: Completion request was cancelled by token (77.91ms)
(VSCode) 2024-11-05 14:35:13.209 [INFO]: Completion request succeeded (947.96ms)
(VSCode) 2024-11-05 14:35:13.209 [INFO]: Generated 7 completions
(VSCode) 2024-11-05 14:35:13.210 [INFO]: provideInlineCompletionItems request succeeded (949.32ms)
(VSCode) 2024-11-05 14:35:20.165 [INFO]: Completion request was cancelled by token (551.89ms)
(VSCode) 2024-11-05 14:35:20.263 [INFO]: Completion request was cancelled by token (46.72ms)
(VSCode) 2024-11-05 14:35:21.282 [INFO]: Completion request succeeded (966.75ms)
(VSCode) 2024-11-05 14:35:21.282 [INFO]: Generated 8 completions
(VSCode) 2024-11-05 14:35:21.283 [INFO]: provideInlineCompletionItems request succeeded (967.81ms)
(VSCode) 2024-11-05 14:35:24.373 [INFO]: Completion request succeeded (4.56ms)
(VSCode) 2024-11-05 14:35:24.374 [INFO]: Generated 4 completions
(VSCode) 2024-11-05 14:35:24.374 [INFO]: provideInlineCompletionItems request succeeded (5.92ms)
(VSCode) 2024-11-05 14:35:29.970 [INFO]: Completion request succeeded (5.94ms)
(VSCode) 2024-11-05 14:35:29.971 [INFO]: Generated 4 completions
(VSCode) 2024-11-05 14:35:29.971 [INFO]: provideInlineCompletionItems request succeeded (7.12ms)
(VSCode) 2024-11-05 14:35:30.112 [INFO]: Completion request succeeded (5.34ms)
(VSCode) 2024-11-05 14:35:30.113 [INFO]: Generated 4 completions
(VSCode) 2024-11-05 14:35:30.113 [INFO]: provideInlineCompletionItems request succeeded (6.75ms)
(VSCode) 2024-11-05 14:35:30.292 [INFO]: Completion request succeeded (6.38ms)
(VSCode) 2024-11-05 14:35:30.292 [INFO]: Generated 2 completions
(VSCode) 2024-11-05 14:35:30.293 [INFO]: provideInlineCompletionItems request succeeded (7.72ms)
(VSCode) 2024-11-05 14:35:32.226 [INFO]: Completion request succeeded (4.72ms)
(VSCode) 2024-11-05 14:35:32.227 [INFO]: Generated 2 completions
(VSCode) 2024-11-05 14:35:32.227 [INFO]: provideInlineCompletionItems request succeeded (5.94ms)
(VSCode) 2024-11-05 14:35:34.345 [INFO]: Completion request succeeded (599.79ms)
(VSCode) 2024-11-05 14:35:34.346 [INFO]: Generated 6 completions
(VSCode) 2024-11-05 14:35:34.346 [INFO]: provideInlineCompletionItems request succeeded (600.85ms)
(VSCode) 2024-11-05 14:35:35.914 [INFO]: Completion request succeeded (874.69ms)
(VSCode) 2024-11-05 14:35:35.915 [INFO]: Generated 5 completions
(VSCode) 2024-11-05 14:35:35.915 [INFO]: provideInlineCompletionItems request succeeded (875.77ms)
(VSCode) 2024-11-05 14:35:40.141 [INFO]: Completion request succeeded (4.26ms)
(VSCode) 2024-11-05 14:35:40.142 [INFO]: Generated 5 completions
(VSCode) 2024-11-05 14:35:40.143 [INFO]: provideInlineCompletionItems request succeeded (6.42ms)
(VSCode) 2024-11-05 14:35:41.092 [INFO]: Completion request succeeded (845.01ms)
(VSCode) 2024-11-05 14:35:41.092 [INFO]: Generated 5 completions
(VSCode) 2024-11-05 14:35:41.093 [INFO]: provideInlineCompletionItems request succeeded (846.88ms)
(VSCode) 2024-11-05 14:35:43.569 [INFO]: Completion request was cancelled by token (72.22ms)
(VSCode) 2024-11-05 14:35:44.465 [INFO]: Completion request succeeded (844.81ms)
(VSCode) 2024-11-05 14:35:44.466 [INFO]: Generated 6 completions
(VSCode) 2024-11-05 14:35:44.466 [INFO]: provideInlineCompletionItems request succeeded (846.34ms)
(VSCode) 2024-11-05 14:35:46.172 [INFO]: Completion request was cancelled by token (7.28ms)
(VSCode) 2024-11-05 14:35:46.827 [INFO]: Completion request was cancelled by token (603.83ms)
(VSCode) 2024-11-05 14:36:44.616 [INFO]: Completion request was cancelled by token (565.41ms)
(VSCode) 2024-11-05 14:36:44.803 [INFO]: Completion request was cancelled by token (119.22ms)
(VSCode) 2024-11-05 14:36:44.994 [INFO]: Completion request was cancelled by token (138.49ms)
(VSCode) 2024-11-05 14:36:45.110 [INFO]: Completion request was cancelled by token (63.19ms)
(VSCode) 2024-11-05 14:36:45.211 [INFO]: Completion request was cancelled by token (48.93ms)
(VSCode) 2024-11-05 14:36:45.358 [INFO]: Completion request was cancelled by token (94.84ms)
(VSCode) 2024-11-05 14:36:46.030 [INFO]: Completion request succeeded (620.39ms)
(VSCode) 2024-11-05 14:36:46.031 [INFO]: Generated 2 completions
(VSCode) 2024-11-05 14:36:46.031 [INFO]: provideInlineCompletionItems request succeeded (621.56ms)
(VSCode) 2024-11-05 14:36:46.963 [INFO]: Completion request succeeded (4.65ms)
(VSCode) 2024-11-05 14:36:46.964 [INFO]: Generated 2 completions
(VSCode) 2024-11-05 14:36:46.964 [INFO]: provideInlineCompletionItems request succeeded (5.52ms)
(VSCode) 2024-11-05 14:36:47.616 [INFO]: Completion request succeeded (563.68ms)
(VSCode) 2024-11-05 14:36:47.617 [INFO]: Generated 5 completions
(VSCode) 2024-11-05 14:36:47.617 [INFO]: provideInlineCompletionItems request succeeded (565.12ms)
(VSCode) 2024-11-05 14:36:49.060 [INFO]: Completion request was cancelled by token (236.55ms)
(VSCode) 2024-11-05 14:36:49.224 [INFO]: Completion request was cancelled by token (111.71ms)
(VSCode) 2024-11-05 14:36:49.316 [INFO]: Completion request was cancelled by token (39.97ms)
(VSCode) 2024-11-05 14:36:49.648 [INFO]: Completion request was cancelled by token (280.01ms)
(VSCode) 2024-11-05 14:36:50.401 [INFO]: Completion request succeeded (694.44ms)
(VSCode) 2024-11-05 14:36:50.402 [INFO]: Generated 2 completions
(VSCode) 2024-11-05 14:36:50.402 [INFO]: provideInlineCompletionItems request succeeded (695.52ms)
(VSCode) 2024-11-05 14:36:52.265 [INFO]: Completion request was cancelled by token (496.75ms)
(VSCode) 2024-11-05 14:36:52.438 [INFO]: Completion request was cancelled by token (102.95ms)
(VSCode) 2024-11-05 14:36:52.760 [INFO]: Completion request was cancelled by token (270.59ms)
(VSCode) 2024-11-05 14:36:52.864 [INFO]: Completion request was cancelled by token (52.58ms)
(VSCode) 2024-11-05 14:36:52.965 [INFO]: Completion request was cancelled by token (48.96ms)
(VSCode) 2024-11-05 14:36:53.575 [INFO]: Completion request succeeded (558.94ms)
(VSCode) 2024-11-05 14:36:53.577 [INFO]: Generated 3 completions
(VSCode) 2024-11-05 14:36:53.577 [INFO]: provideInlineCompletionItems request succeeded (560.98ms)
(VSCode) 2024-11-05 14:36:55.487 [INFO]: Completion request succeeded (456.37ms)
(VSCode) 2024-11-05 14:36:55.488 [INFO]: Generated 2 completions
(VSCode) 2024-11-05 14:36:55.488 [INFO]: provideInlineCompletionItems request succeeded (457.88ms)
(VSCode) 2024-11-05 14:36:57.358 [INFO]: Completion request succeeded (7.69ms)
(VSCode) 2024-11-05 14:36:57.358 [INFO]: Generated 2 completions
(VSCode) 2024-11-05 14:36:57.359 [INFO]: provideInlineCompletionItems request succeeded (8.5ms)
(VSCode) 2024-11-05 14:36:57.825 [INFO]: Completion request was cancelled by token (32.09ms)
(VSCode) 2024-11-05 14:36:58.471 [INFO]: Completion request was cancelled by token (577.67ms)
(VSCode) 2024-11-05 14:36:58.598 [INFO]: Completion request was cancelled by token (73.95ms)
(VSCode) 2024-11-05 14:36:59.173 [INFO]: Completion request was cancelled by token (523.72ms)
(VSCode) 2024-11-05 14:36:59.859 [INFO]: Completion request succeeded (632.78ms)
(VSCode) 2024-11-05 14:36:59.860 [INFO]: Generated 2 completions
(VSCode) 2024-11-05 14:36:59.861 [INFO]: provideInlineCompletionItems request succeeded (634.38ms)
(VSCode) 2024-11-05 14:37:01.350 [INFO]: Completion request succeeded (407.56ms)
(VSCode) 2024-11-05 14:37:01.350 [INFO]: No completions were generated
(VSCode) 2024-11-05 14:37:01.351 [INFO]: provideInlineCompletionItems request succeeded (408.89ms)
(VSCode) 2024-11-05 14:37:31.474 [INFO]: Completion request succeeded (398.47ms)
(VSCode) 2024-11-05 14:37:31.475 [INFO]: No completions were generated
(VSCode) 2024-11-05 14:37:31.476 [INFO]: provideInlineCompletionItems request succeeded (399.98ms)
(VSCode) 2024-11-05 14:37:50.569 [INFO]: Completion request was cancelled by token (174.63ms)
(VSCode) 2024-11-05 14:37:50.717 [INFO]: Completion request was cancelled by token (96.07ms)
(VSCode) 2024-11-05 14:37:51.357 [INFO]: Completion request succeeded (586.22ms)
(VSCode) 2024-11-05 14:37:51.358 [INFO]: Generated 2 completions
(VSCode) 2024-11-05 14:37:51.358 [INFO]: provideInlineCompletionItems request succeeded (588.18ms)
(VSCode) 2024-11-05 14:37:51.497 [INFO]: Completion request succeeded (6.22ms)
(VSCode) 2024-11-05 14:37:51.498 [INFO]: Generated 2 completions
(VSCode) 2024-11-05 14:37:51.498 [INFO]: provideInlineCompletionItems request succeeded (7.04ms)
(VSCode) 2024-11-05 14:37:54.142 [INFO]: Completion request succeeded (768.55ms)
(VSCode) 2024-11-05 14:37:54.143 [INFO]: Generated 6 completions
(VSCode) 2024-11-05 14:37:54.143 [INFO]: provideInlineCompletionItems request succeeded (770.56ms)
(VSCode) 2024-11-05 14:37:55.227 [INFO]: Completion request succeeded (376.33ms)
(VSCode) 2024-11-05 14:37:55.228 [INFO]: Generated 1 completion
(VSCode) 2024-11-05 14:37:55.228 [INFO]: provideInlineCompletionItems request succeeded (377.88ms)
(VSCode) 2024-11-05 14:37:56.559 [INFO]: Completion request succeeded (5.29ms)
(VSCode) 2024-11-05 14:37:56.560 [INFO]: Generated 6 completions
(VSCode) 2024-11-05 14:37:56.561 [INFO]: provideInlineCompletionItems request succeeded (7.13ms)
(VSCode) 2024-11-05 14:37:57.555 [INFO]: Completion request succeeded (855.85ms)
(VSCode) 2024-11-05 14:37:57.556 [INFO]: Generated 3 completions
(VSCode) 2024-11-05 14:37:57.556 [INFO]: provideInlineCompletionItems request succeeded (857.24ms)
(VSCode) 2024-11-05 14:37:59.310 [INFO]: Completion request succeeded (940.81ms)
(VSCode) 2024-11-05 14:37:59.310 [INFO]: Generated 3 completions
(VSCode) 2024-11-05 14:37:59.311 [INFO]: provideInlineCompletionItems request succeeded (942.59ms)
(VSCode) 2024-11-05 14:38:01.177 [INFO]: Completion request succeeded (818.16ms)
(VSCode) 2024-11-05 14:38:01.178 [INFO]: No completions were generated
(VSCode) 2024-11-05 14:38:01.178 [INFO]: provideInlineCompletionItems request succeeded (819.41ms)
(VSCode) 2024-11-05 14:38:02.491 [INFO]: Completion request was cancelled by token (29.48ms)
(VSCode) 2024-11-05 14:38:02.728 [INFO]: Completion request was cancelled by token (186.67ms)
(VSCode) 2024-11-05 14:38:02.903 [INFO]: Completion request was cancelled by token (121.85ms)
(VSCode) 2024-11-05 14:38:03.116 [INFO]: Completion request was cancelled by token (160.38ms)
(VSCode) 2024-11-05 14:38:03.355 [INFO]: Completion request was cancelled by token (187.47ms)
(VSCode) 2024-11-05 14:38:03.792 [INFO]: Completion request succeeded (384.61ms)
(VSCode) 2024-11-05 14:38:03.793 [INFO]: No completions were generated
(VSCode) 2024-11-05 14:38:03.793 [INFO]: provideInlineCompletionItems request succeeded (385.9ms)
(VSCode) 2024-11-05 14:38:13.155 [INFO]: Completion request was cancelled by token (643.27ms)
(VSCode) 2024-11-05 14:38:13.457 [INFO]: Completion request was cancelled by token (236.38ms)
(VSCode) 2024-11-05 14:38:13.601 [INFO]: Completion request was cancelled by token (90.06ms)
(VSCode) 2024-11-05 14:38:13.739 [INFO]: Completion request was cancelled by token (85.91ms)
(VSCode) 2024-11-05 14:38:14.413 [INFO]: Completion request was cancelled by token (621.36ms)
(VSCode) 2024-11-05 14:38:15.153 [INFO]: Completion request succeeded (688.35ms)
(VSCode) 2024-11-05 14:38:15.154 [INFO]: No completions were generated
(VSCode) 2024-11-05 14:38:15.155 [INFO]: provideInlineCompletionItems request succeeded (690.62ms)
(VSCode) 2024-11-05 14:38:15.836 [INFO]: Completion request was cancelled by token (319.7ms)
(VSCode) 2024-11-05 14:38:15.948 [INFO]: Completion request was cancelled by token (38.89ms)
(VSCode) 2024-11-05 14:38:16.072 [INFO]: Completion request was cancelled by token (70.94ms)
(VSCode) 2024-11-05 14:38:16.199 [INFO]: Completion request was cancelled by token (75.25ms)
(VSCode) 2024-11-05 14:38:16.556 [INFO]: Completion request was cancelled by token (304.15ms)
(VSCode) 2024-11-05 14:38:16.854 [INFO]: Completion request was cancelled by token (245.59ms)
(VSCode) 2024-11-05 14:38:17.266 [INFO]: Completion request succeeded (360.46ms)
(VSCode) 2024-11-05 14:38:17.266 [INFO]: Generated 1 completion
(VSCode) 2024-11-05 14:38:17.267 [INFO]: provideInlineCompletionItems request succeeded (362.06ms)
(VSCode) 2024-11-05 14:38:18.025 [INFO]: Completion request succeeded (6.02ms)
(VSCode) 2024-11-05 14:38:18.026 [INFO]: Generated 1 completion
(VSCode) 2024-11-05 14:38:18.026 [INFO]: provideInlineCompletionItems request succeeded (7.1ms)
(VSCode) 2024-11-05 14:38:18.589 [INFO]: Completion request was cancelled by token (240.87ms)
(VSCode) 2024-11-05 14:38:19.047 [INFO]: Completion request was cancelled by token (407.72ms)
(VSCode) 2024-11-05 14:38:19.646 [INFO]: Completion request was cancelled by token (547.45ms)
(VSCode) 2024-11-05 14:38:19.845 [INFO]: Completion request was cancelled by token (148.07ms)
(VSCode) 2024-11-05 14:38:19.926 [INFO]: Completion request was cancelled by token (29.48ms)
(VSCode) 2024-11-05 14:38:20.006 [INFO]: Completion request was cancelled by token (21.69ms)
(VSCode) 2024-11-05 14:38:20.624 [INFO]: Completion request succeeded (565.53ms)
(VSCode) 2024-11-05 14:38:20.624 [INFO]: No completions were generated
(VSCode) 2024-11-05 14:38:20.625 [INFO]: provideInlineCompletionItems request succeeded (566.66ms)
(VSCode) 2024-11-05 14:38:21.992 [INFO]: Completion request was cancelled by token (520.9ms)
(VSCode) 2024-11-05 14:38:22.072 [INFO]: Completion request was cancelled by token (29.12ms)
(VSCode) 2024-11-05 14:38:22.317 [INFO]: Completion request was cancelled by token (193.73ms)
(VSCode) 2024-11-05 14:38:22.469 [INFO]: Completion request was cancelled by token (98.63ms)
(VSCode) 2024-11-05 14:38:22.601 [INFO]: Completion request was cancelled by token (79.11ms)
(VSCode) 2024-11-05 14:38:23.349 [INFO]: Completion request succeeded (695.77ms)
(VSCode) 2024-11-05 14:38:23.350 [INFO]: No completions were generated
(VSCode) 2024-11-05 14:38:23.351 [INFO]: provideInlineCompletionItems request succeeded (697.4ms)
(VSCode) 2024-11-05 14:38:27.032 [INFO]: Completion request was cancelled by token (487.35ms)
(VSCode) 2024-11-05 14:38:27.781 [INFO]: Completion request succeeded (696.93ms)
(VSCode) 2024-11-05 14:38:27.782 [INFO]: No completions were generated
(VSCode) 2024-11-05 14:38:27.782 [INFO]: provideInlineCompletionItems request succeeded (697.88ms)
(VSCode) 2024-11-05 14:38:29.182 [INFO]: Completion request succeeded (335.13ms)
(VSCode) 2024-11-05 14:38:29.183 [INFO]: Generated 1 completion
(VSCode) 2024-11-05 14:38:29.183 [INFO]: provideInlineCompletionItems request succeeded (336.65ms)
(VSCode) 2024-11-05 14:38:30.877 [INFO]: Completion request succeeded (774.48ms)
(VSCode) 2024-11-05 14:38:30.877 [INFO]: No completions were generated
(VSCode) 2024-11-05 14:38:30.877 [INFO]: provideInlineCompletionItems request succeeded (775.41ms)
(VSCode) 2024-11-05 14:38:36.045 [INFO]: Completion request succeeded (381.32ms)
(VSCode) 2024-11-05 14:38:36.046 [INFO]: No completions were generated
(VSCode) 2024-11-05 14:38:36.046 [INFO]: provideInlineCompletionItems request succeeded (382.82ms)
(VSCode) 2024-11-05 14:38:38.503 [INFO]: Completion request was cancelled by token (534.61ms)
(VSCode) 2024-11-05 14:38:38.770 [INFO]: Completion request was cancelled by token (215.82ms)
(VSCode) 2024-11-05 14:38:39.075 [INFO]: Completion request was cancelled by token (254.3ms)
(VSCode) 2024-11-05 14:38:39.492 [INFO]: Completion request succeeded (366.58ms)
(VSCode) 2024-11-05 14:38:39.492 [INFO]: No completions were generated
(VSCode) 2024-11-05 14:38:39.493 [INFO]: provideInlineCompletionItems request succeeded (367.83ms)
(VSCode) 2024-11-05 14:38:42.595 [INFO]: Completion request was cancelled by token (487.66ms)
(VSCode) 2024-11-05 14:38:42.671 [INFO]: Completion request was cancelled by token (9.85ms)
(VSCode) 2024-11-05 14:38:42.851 [INFO]: Completion request was cancelled by token (127.31ms)
(VSCode) 2024-11-05 14:38:42.963 [INFO]: Completion request was cancelled by token (60.03ms)
(VSCode) 2024-11-05 14:38:43.084 [INFO]: Completion request was cancelled by token (70.47ms)
(VSCode) 2024-11-05 14:38:43.198 [INFO]: Completion request was cancelled by token (61.33ms)
(VSCode) 2024-11-05 14:38:43.357 [INFO]: Completion request was cancelled by token (107.59ms)
(VSCode) 2024-11-05 14:38:43.933 [INFO]: Completion request succeeded (524.45ms)
(VSCode) 2024-11-05 14:38:43.933 [INFO]: Generated 1 completion
(VSCode) 2024-11-05 14:38:43.933 [INFO]: provideInlineCompletionItems request succeeded (525.41ms)
(VSCode) 2024-11-05 14:38:44.703 [INFO]: Completion request succeeded (4.13ms)
(VSCode) 2024-11-05 14:38:44.703 [INFO]: Generated 1 completion
(VSCode) 2024-11-05 14:38:44.703 [INFO]: provideInlineCompletionItems request succeeded (4.89ms)
(VSCode) 2024-11-05 14:38:44.824 [INFO]: Completion request succeeded (6.21ms)
(VSCode) 2024-11-05 14:38:44.825 [INFO]: Generated 1 completion
(VSCode) 2024-11-05 14:38:44.825 [INFO]: provideInlineCompletionItems request succeeded (7.49ms)
(VSCode) 2024-11-05 14:38:44.955 [INFO]: Completion request succeeded (5.5ms)
(VSCode) 2024-11-05 14:38:44.955 [INFO]: Generated 1 completion
(VSCode) 2024-11-05 14:38:44.955 [INFO]: provideInlineCompletionItems request succeeded (6.55ms)
(VSCode) 2024-11-05 14:38:45.059 [INFO]: Completion request succeeded (4.69ms)
(VSCode) 2024-11-05 14:38:45.059 [INFO]: Generated 1 completion
(VSCode) 2024-11-05 14:38:45.060 [INFO]: provideInlineCompletionItems request succeeded (5.49ms)
(VSCode) 2024-11-05 14:38:45.466 [INFO]: Completion request succeeded (5.83ms)
(VSCode) 2024-11-05 14:38:45.467 [INFO]: Generated 1 completion
(VSCode) 2024-11-05 14:38:45.467 [INFO]: provideInlineCompletionItems request succeeded (6.89ms)
(VSCode) 2024-11-05 14:38:45.771 [INFO]: Completion request succeeded (7.22ms)
(VSCode) 2024-11-05 14:38:45.772 [INFO]: Generated 1 completion
(VSCode) 2024-11-05 14:38:45.772 [INFO]: provideInlineCompletionItems request succeeded (8.59ms)
(VSCode) 2024-11-05 14:38:46.956 [INFO]: Completion request succeeded (491.6ms)
(VSCode) 2024-11-05 14:38:46.956 [INFO]: No completions were generated
(VSCode) 2024-11-05 14:38:46.956 [INFO]: provideInlineCompletionItems request succeeded (492.42ms)
(VSCode) 2024-11-05 14:39:12.071 [INFO]: Completion request succeeded (365.53ms)
(VSCode) 2024-11-05 14:39:12.072 [INFO]: No completions were generated
(VSCode) 2024-11-05 14:39:12.072 [INFO]: provideInlineCompletionItems request succeeded (366.8ms)
(VSCode) 2024-11-05 14:39:16.745 [INFO]: Completion request was cancelled by token (53.33ms)
(VSCode) 2024-11-05 14:39:17.272 [INFO]: Completion request succeeded (425.74ms)
(VSCode) 2024-11-05 14:39:17.273 [INFO]: No completions were generated
(VSCode) 2024-11-05 14:39:17.273 [INFO]: provideInlineCompletionItems request succeeded (426.83ms)
(VSCode) 2024-11-05 14:39:18.274 [INFO]: Completion request succeeded (819.82ms)
(VSCode) 2024-11-05 14:39:18.274 [INFO]: No completions were generated
(VSCode) 2024-11-05 14:39:18.274 [INFO]: provideInlineCompletionItems request succeeded (820.73ms)
(VSCode) 2024-11-05 14:39:19.657 [INFO]: Completion request succeeded (1016.21ms)
(VSCode) 2024-11-05 14:39:19.658 [INFO]: Generated 4 completions
(VSCode) 2024-11-05 14:39:19.658 [INFO]: provideInlineCompletionItems request succeeded (1017.94ms)
(VSCode) 2024-11-05 14:39:21.788 [INFO]: Completion request was cancelled by token (629.54ms)
(VSCode) 2024-11-05 14:39:28.445 [INFO]: Completion request was cancelled by token (675.71ms)
(VSCode) 2024-11-05 14:39:28.520 [INFO]: Completion request was cancelled by token (5.1ms)
(VSCode) 2024-11-05 14:39:28.686 [INFO]: Completion request was cancelled by token (112.54ms)
(VSCode) 2024-11-05 14:39:28.771 [INFO]: Completion request was cancelled by token (28.77ms)
(VSCode) 2024-11-05 14:39:29.290 [INFO]: Completion request succeeded (466.4ms)
(VSCode) 2024-11-05 14:39:29.291 [INFO]: No completions were generated
(VSCode) 2024-11-05 14:39:29.291 [INFO]: provideInlineCompletionItems request succeeded (467.29ms)
(VSCode) 2024-11-05 14:39:30.095 [INFO]: Completion request was cancelled by token (259.45ms)
(VSCode) 2024-11-05 14:39:30.698 [INFO]: Completion request was cancelled by token (550.1ms)
(VSCode) 2024-11-05 14:39:30.864 [INFO]: Completion request was cancelled by token (115.18ms)
(VSCode) 2024-11-05 14:39:30.992 [INFO]: Completion request was cancelled by token (75.88ms)
(VSCode) 2024-11-05 14:39:31.498 [INFO]: Completion request succeeded (455.1ms)
(VSCode) 2024-11-05 14:39:31.499 [INFO]: No completions were generated
(VSCode) 2024-11-05 14:39:31.500 [INFO]: provideInlineCompletionItems request succeeded (456.81ms)
(VSCode) 2024-11-05 14:39:31.721 [INFO]: Completion request was cancelled by token (45.48ms)
(VSCode) 2024-11-05 14:39:32.238 [INFO]: Completion request succeeded (462.42ms)
(VSCode) 2024-11-05 14:39:32.238 [INFO]: No completions were generated
(VSCode) 2024-11-05 14:39:32.239 [INFO]: provideInlineCompletionItems request succeeded (463.63ms)
(VSCode) 2024-11-05 14:39:32.756 [INFO]: Completion request was cancelled by token (72.19ms)
(VSCode) 2024-11-05 14:39:33.598 [INFO]: Completion request succeeded (788.19ms)
(VSCode) 2024-11-05 14:39:33.598 [INFO]: No completions were generated
(VSCode) 2024-11-05 14:39:33.598 [INFO]: provideInlineCompletionItems request succeeded (789.19ms)
(VSCode) 2024-11-05 14:39:35.198 [INFO]: Completion request was cancelled by token (291.29ms)
(VSCode) 2024-11-05 14:39:37.996 [INFO]: Completion request succeeded (412.18ms)
(VSCode) 2024-11-05 14:39:37.996 [INFO]: No completions were generated
(VSCode) 2024-11-05 14:39:37.997 [INFO]: provideInlineCompletionItems request succeeded (413.61ms)
(VSCode) 2024-11-05 14:39:38.651 [INFO]: Completion request succeeded (456.35ms)
(VSCode) 2024-11-05 14:39:38.651 [INFO]: No completions were generated
(VSCode) 2024-11-05 14:39:38.651 [INFO]: provideInlineCompletionItems request succeeded (457.81ms)
(VSCode) 2024-11-05 14:39:40.191 [INFO]: Completion request succeeded (833.97ms)
(VSCode) 2024-11-05 14:39:40.191 [INFO]: No completions were generated
(VSCode) 2024-11-05 14:39:40.192 [INFO]: provideInlineCompletionItems request succeeded (835.16ms)
(VSCode) 2024-11-05 14:39:41.331 [INFO]: Completion request succeeded (809.04ms)
(VSCode) 2024-11-05 14:39:41.332 [INFO]: No completions were generated
(VSCode) 2024-11-05 14:39:41.332 [INFO]: provideInlineCompletionItems request succeeded (810.34ms)
(VSCode) 2024-11-05 14:40:47.456 [INFO]: Completion request was cancelled by token (24.3ms)
(VSCode) 2024-11-05 14:40:47.541 [INFO]: Completion request was cancelled by token (33.73ms)
(VSCode) 2024-11-05 14:40:47.705 [INFO]: Completion request was cancelled by token (110.56ms)
(VSCode) 2024-11-05 14:40:48.253 [INFO]: Completion request succeeded (495.99ms)
(VSCode) 2024-11-05 14:40:48.255 [INFO]: No completions were generated
(VSCode) 2024-11-05 14:40:48.255 [INFO]: provideInlineCompletionItems request succeeded (498.08ms)
(VSCode) 2024-11-05 14:40:50.011 [INFO]: Completion request was cancelled by token (214.29ms)
(VSCode) 2024-11-05 14:41:53.121 [INFO]: Completion request was cancelled by token (72.05ms)
(VSCode) 2024-11-05 14:41:53.567 [INFO]: Completion request succeeded (395.53ms)
(VSCode) 2024-11-05 14:41:53.568 [INFO]: No completions were generated
(VSCode) 2024-11-05 14:41:53.568 [INFO]: provideInlineCompletionItems request succeeded (397.06ms)
(VSCode) 2024-11-05 14:42:11.741 [INFO]: Completion request was cancelled by token (373.83ms)
(VSCode) 2024-11-05 14:42:12.275 [INFO]: Completion request succeeded (464.33ms)
(VSCode) 2024-11-05 14:42:12.276 [INFO]: No completions were generated
(VSCode) 2024-11-05 14:42:12.276 [INFO]: provideInlineCompletionItems request succeeded (465.62ms)
(VSCode) 2024-11-05 14:42:13.370 [INFO]: Completion request succeeded (678.58ms)
(VSCode) 2024-11-05 14:42:13.371 [INFO]: No completions were generated
(VSCode) 2024-11-05 14:42:13.371 [INFO]: provideInlineCompletionItems request succeeded (679.45ms)
(VSCode) 2024-11-05 14:44:04.638 [INFO]: Disposing language server process
(VSCode) 2024-11-05 14:44:04.638 [INFO]: Deleting manager directory: /tmp/4a8c233a-9335-4f23-889e-35e7b8c6bde2/codeium/manager
(VSCode) 2024-11-05 14:44:04.639 [INFO]: Successfully disposed language server
W1105 14:44:04.638727 18976 main.go:124] [Language Server Manager] Got signal terminated, shutting down
