2024-11-04 18:37:18.782 [info] Added views:workbench.view.search in workbench.view.search
2024-11-04 18:37:18.782 [info] Added views:workbench.scm in workbench.view.scm
2024-11-04 18:37:18.782 [info] Added views:workbench.panel.markers.view in workbench.panel.markers
2024-11-04 18:37:18.782 [info] Added views:workbench.panel.output in workbench.panel.output
2024-11-04 18:37:18.782 [info] Added views:terminal in terminal
2024-11-04 18:37:18.782 [info] Added views:workbench.explorer.fileView in workbench.view.explorer
2024-11-04 18:37:19.343 [info] Added views:workbench.debug.welcome in workbench.view.debug
2024-11-04 18:37:19.382 [info] Added views:workbench.panel.repl.view in workbench.panel.repl
2024-11-04 18:37:19.527 [info] Added views:~remote.forwardedPorts in ~remote.forwardedPortsContainer
2024-11-04 18:37:19.688 [info] Added views:workbench.scm.history in workbench.view.scm
2024-11-04 18:37:20.827 [info] Added views:workbench.views.extensions.installed,workbench.views.extensions.popular,extensions.recommendedList in workbench.view.extensions
2024-11-04 18:37:20.828 [info] Removed views:workbench.views.extensions.popular from workbench.view.extensions
2024-11-04 18:37:30.191 [info] Removed views:extensions.recommendedList,workbench.views.extensions.installed from workbench.view.extensions
2024-11-04 18:37:30.198 [info] Added views:workbench.views.extensions.marketplace in workbench.view.extensions
2024-11-04 18:37:44.060 [info] Removed views:workbench.views.extensions.marketplace from workbench.view.extensions
2024-11-04 18:37:44.071 [info] Added views:workbench.views.extensions.installed,extensions.recommendedList in workbench.view.extensions
2024-11-04 18:37:46.275 [info] Removed views:extensions.recommendedList,workbench.views.extensions.installed from workbench.view.extensions
2024-11-04 18:37:46.284 [info] Added views:workbench.views.extensions.marketplace in workbench.view.extensions
2024-11-04 18:37:56.821 [info] Removed views:workbench.views.extensions.marketplace from workbench.view.extensions
2024-11-04 18:37:56.832 [info] Added views:workbench.views.extensions.installed,extensions.recommendedList in workbench.view.extensions
2024-11-04 18:40:03.971 [info] Removed views:workbench.scm.history from workbench.view.scm
