2024-11-05 20:17:00.329 [info] Reading sessions from keychain...
2024-11-05 20:17:00.329 [info] Getting sessions for all scopes...
2024-11-05 20:17:00.329 [info] Getting sessions for all scopes...
2024-11-05 20:17:00.329 [info] Getting sessions for all scopes...
2024-11-05 20:17:00.329 [info] Got stored sessions!
2024-11-05 20:17:00.329 [info] Got 1 verified sessions.
2024-11-05 20:17:00.329 [info] Got 1 sessions for ...
2024-11-05 20:17:00.329 [info] Got 1 sessions for ...
2024-11-05 20:17:00.329 [info] Got 1 sessions for ...
2024-11-05 20:17:00.329 [info] Getting sessions for all scopes...
2024-11-05 20:17:00.329 [info] Got 1 sessions for ...
2024-11-05 20:17:00.329 [info] Getting sessions for read:user,repo,user:email,workflow...
2024-11-05 20:17:00.329 [info] Got 1 sessions for read:user,repo,user:email,workflow...
2024-11-05 20:17:00.329 [info] Getting sessions for read:user,repo,user:email...
2024-11-05 20:17:00.329 [info] Got 0 sessions for read:user,repo,user:email...
2024-11-05 20:17:00.661 [info] Getting sessions for read:user,repo,user:email,workflow...
2024-11-05 20:17:00.661 [info] Got 1 sessions for read:user,repo,user:email,workflow...
2024-11-05 20:17:00.926 [info] Getting sessions for all scopes...
2024-11-05 20:17:00.926 [info] Got 1 sessions for ...
2024-11-05 20:17:00.975 [info] Getting sessions for all scopes...
2024-11-05 20:17:00.975 [info] Got 1 sessions for ...
2024-11-05 20:22:23.690 [info] Getting sessions for all scopes...
2024-11-05 20:22:23.690 [info] Got 1 sessions for ...
