2024-11-05 20:14:58.862 [info] Reading sessions from keychain...
2024-11-05 20:14:58.862 [info] Getting sessions for all scopes...
2024-11-05 20:14:58.862 [info] Getting sessions for all scopes...
2024-11-05 20:14:58.862 [info] Getting sessions for all scopes...
2024-11-05 20:14:58.862 [info] Got stored sessions!
2024-11-05 20:14:58.862 [info] Got 1 verified sessions.
2024-11-05 20:14:58.862 [info] Got 1 sessions for ...
2024-11-05 20:14:58.862 [info] Got 1 sessions for ...
2024-11-05 20:14:58.862 [info] Got 1 sessions for ...
2024-11-05 20:14:58.862 [info] Getting sessions for read:user,repo,user:email,workflow...
2024-11-05 20:14:58.862 [info] Got 1 sessions for read:user,repo,user:email,workflow...
2024-11-05 20:14:59.001 [info] Getting sessions for all scopes...
2024-11-05 20:14:59.001 [info] Got 1 sessions for ...
2024-11-05 20:14:59.050 [info] Getting sessions for all scopes...
2024-11-05 20:14:59.050 [info] Got 1 sessions for ...
2024-11-05 20:14:59.152 [info] Getting sessions for all scopes...
2024-11-05 20:14:59.152 [info] Got 1 sessions for ...
2024-11-05 20:14:59.214 [info] Getting sessions for all scopes...
2024-11-05 20:14:59.215 [info] Got 1 sessions for ...
2024-11-05 20:14:59.261 [info] Getting sessions for read:user,repo,user:email,workflow...
2024-11-05 20:14:59.261 [info] Got 1 sessions for read:user,repo,user:email,workflow...
2024-11-05 20:14:59.598 [info] Getting sessions for all scopes...
2024-11-05 20:14:59.598 [info] Got 1 sessions for ...
2024-11-05 20:15:01.456 [info] Getting sessions for all scopes...
2024-11-05 20:15:01.456 [info] Got 1 sessions for ...
2024-11-05 20:15:01.463 [info] Getting sessions for all scopes...
2024-11-05 20:15:01.463 [info] Got 1 sessions for ...
